SF:/home/chad/git/mathjit/src/backends/cranelift.rs
FN:289,_RNvMs1_NtNtCsbIMKQJJAEYn_7mathjit8backends9craneliftNtB5_11JITFunction11call_single
FN:301,_RNvMs1_NtNtCsbIMKQJJAEYn_7mathjit8backends9craneliftNtB5_11JITFunction13call_two_vars
FN:313,_RNvMs1_NtNtCsbIMKQJJAEYn_7mathjit8backends9craneliftNtB5_11JITFunction15call_multi_vars
FN:510,_RNvMs2_NtNtCsbIMKQJJAEYn_7mathjit8backends9craneliftNtB5_11JITCompiler16compile_two_vars
FN:592,_RNvMs2_NtNtCsbIMKQJJAEYn_7mathjit8backends9craneliftNtB5_11JITCompiler18compile_multi_vars
FN:435,_RNvMs2_NtNtCsbIMKQJJAEYn_7mathjit8backends9craneliftNtB5_11JITCompiler18compile_single_var
FN:411,_RNvMs2_NtNtCsbIMKQJJAEYn_7mathjit8backends9craneliftNtB5_11JITCompiler3new
FN:90,_RNvNtNtCsbIMKQJJAEYn_7mathjit8backends9cranelift15generate_cos_ir
FN:69,_RNvNtNtCsbIMKQJJAEYn_7mathjit8backends9cranelift15generate_exp_ir
FN:105,_RNvNtNtCsbIMKQJJAEYn_7mathjit8backends9cranelift15generate_sin_ir
FN:685,_RNvNtNtCsbIMKQJJAEYn_7mathjit8backends9cranelift20generate_ir_for_expr
FN:49,_RNvNtNtCsbIMKQJJAEYn_7mathjit8backends9cranelift20generate_ln_1plus_ir
FN:36,_RNvNtNtCsbIMKQJJAEYn_7mathjit8backends9cranelift20generate_rational_ir
FN:17,_RNvNtNtCsbIMKQJJAEYn_7mathjit8backends9cranelift22generate_polynomial_ir
FN:115,_RNvNtNtCsbIMKQJJAEYn_7mathjit8backends9cranelift25generate_integer_power_ir
FN:784,_RNvNtNtNtCsbIMKQJJAEYn_7mathjit8backends9cranelift5testss_26test_jit_compiler_creation
FN:790,_RNvNtNtNtCsbIMKQJJAEYn_7mathjit8backends9cranelift5testss_27test_simple_jit_compilation
FN:806,_RNvNtNtNtCsbIMKQJJAEYn_7mathjit8backends9cranelift5testss_33test_two_variable_jit_compilation
FN:822,_RNvNtNtNtCsbIMKQJJAEYn_7mathjit8backends9cranelift5testss_35test_multi_variable_jit_compilation
FN:357,_RNvMs1_NtNtCsbIMKQJJAEYn_7mathjit8backends9craneliftNtB5_11JITFunction15call_data_param
FN:369,_RNvMs1_NtNtCsbIMKQJJAEYn_7mathjit8backends9craneliftNtB5_11JITFunction16call_data_params
FN:229,_RNvXNtNtCsbIMKQJJAEYn_7mathjit8backends9craneliftNtB2_8JITErrorNtNtCs264BKr10cB_4core3fmt7Display3fmt
FN:242,_RNvXs0_NtNtCsbIMKQJJAEYn_7mathjit8backends9craneliftNtNtB9_5error12MathJITErrorINtNtCs264BKr10cB_4core7convert4FromNtB5_8JITErrorE4from
FN:534,_RNCNvMs2_NtNtCsbIMKQJJAEYn_7mathjit8backends9craneliftNtB7_11JITCompiler16compile_two_vars0Bb_
FN:571,_RNCNvMs2_NtNtCsbIMKQJJAEYn_7mathjit8backends9craneliftNtB7_11JITCompiler16compile_two_varss0_0Bb_
FN:567,_RNCNvMs2_NtNtCsbIMKQJJAEYn_7mathjit8backends9craneliftNtB7_11JITCompiler16compile_two_varss_0Bb_
FN:627,_RNCNvMs2_NtNtCsbIMKQJJAEYn_7mathjit8backends9craneliftNtB7_11JITCompiler18compile_multi_vars0Bb_
FN:663,_RNCNvMs2_NtNtCsbIMKQJJAEYn_7mathjit8backends9craneliftNtB7_11JITCompiler18compile_multi_varss0_0Bb_
FN:659,_RNCNvMs2_NtNtCsbIMKQJJAEYn_7mathjit8backends9craneliftNtB7_11JITCompiler18compile_multi_varss_0Bb_
FN:455,_RNCNvMs2_NtNtCsbIMKQJJAEYn_7mathjit8backends9craneliftNtB7_11JITCompiler18compile_single_var0Bb_
FN:489,_RNCNvMs2_NtNtCsbIMKQJJAEYn_7mathjit8backends9craneliftNtB7_11JITCompiler18compile_single_vars0_0Bb_
FN:485,_RNCNvMs2_NtNtCsbIMKQJJAEYn_7mathjit8backends9craneliftNtB7_11JITCompiler18compile_single_vars_0Bb_
FN:415,_RNCNvMs2_NtNtCsbIMKQJJAEYn_7mathjit8backends9craneliftNtB7_11JITCompiler3new0Bb_
FN:420,_RNCNvMs2_NtNtCsbIMKQJJAEYn_7mathjit8backends9craneliftNtB7_11JITCompiler3news0_0Bb_
FN:422,_RNCNvMs2_NtNtCsbIMKQJJAEYn_7mathjit8backends9craneliftNtB7_11JITCompiler3news1_0Bb_
FN:418,_RNCNvMs2_NtNtCsbIMKQJJAEYn_7mathjit8backends9craneliftNtB7_11JITCompiler3news_0Bb_
FN:702,_RNCNvNtNtCsbIMKQJJAEYn_7mathjit8backends9cranelift20generate_ir_for_expr0B7_
FN:707,_RNCNvNtNtCsbIMKQJJAEYn_7mathjit8backends9cranelift20generate_ir_for_exprs_0B7_
FN:242,_RNvXs0_NtNtCs45Qm4wG2YD4_7mathjit8backends9craneliftNtNtB9_5error12MathJITErrorINtNtCs264BKr10cB_4core7convert4FromNtB5_8JITErrorE4from
FN:534,_RNCNvMs2_NtNtCs45Qm4wG2YD4_7mathjit8backends9craneliftNtB7_11JITCompiler16compile_two_vars0Bb_
FN:571,_RNCNvMs2_NtNtCs45Qm4wG2YD4_7mathjit8backends9craneliftNtB7_11JITCompiler16compile_two_varss0_0Bb_
FN:567,_RNCNvMs2_NtNtCs45Qm4wG2YD4_7mathjit8backends9craneliftNtB7_11JITCompiler16compile_two_varss_0Bb_
FN:627,_RNCNvMs2_NtNtCs45Qm4wG2YD4_7mathjit8backends9craneliftNtB7_11JITCompiler18compile_multi_vars0Bb_
FN:663,_RNCNvMs2_NtNtCs45Qm4wG2YD4_7mathjit8backends9craneliftNtB7_11JITCompiler18compile_multi_varss0_0Bb_
FN:659,_RNCNvMs2_NtNtCs45Qm4wG2YD4_7mathjit8backends9craneliftNtB7_11JITCompiler18compile_multi_varss_0Bb_
FN:455,_RNCNvMs2_NtNtCs45Qm4wG2YD4_7mathjit8backends9craneliftNtB7_11JITCompiler18compile_single_var0Bb_
FN:489,_RNCNvMs2_NtNtCs45Qm4wG2YD4_7mathjit8backends9craneliftNtB7_11JITCompiler18compile_single_vars0_0Bb_
FN:485,_RNCNvMs2_NtNtCs45Qm4wG2YD4_7mathjit8backends9craneliftNtB7_11JITCompiler18compile_single_vars_0Bb_
FN:415,_RNCNvMs2_NtNtCs45Qm4wG2YD4_7mathjit8backends9craneliftNtB7_11JITCompiler3new0Bb_
FN:420,_RNCNvMs2_NtNtCs45Qm4wG2YD4_7mathjit8backends9craneliftNtB7_11JITCompiler3news0_0Bb_
FN:422,_RNCNvMs2_NtNtCs45Qm4wG2YD4_7mathjit8backends9craneliftNtB7_11JITCompiler3news1_0Bb_
FN:418,_RNCNvMs2_NtNtCs45Qm4wG2YD4_7mathjit8backends9craneliftNtB7_11JITCompiler3news_0Bb_
FN:702,_RNCNvNtNtCs45Qm4wG2YD4_7mathjit8backends9cranelift20generate_ir_for_expr0B7_
FN:707,_RNCNvNtNtCs45Qm4wG2YD4_7mathjit8backends9cranelift20generate_ir_for_exprs_0B7_
FN:289,_RNvMs1_NtNtCs45Qm4wG2YD4_7mathjit8backends9craneliftNtB5_11JITFunction11call_single
FN:301,_RNvMs1_NtNtCs45Qm4wG2YD4_7mathjit8backends9craneliftNtB5_11JITFunction13call_two_vars
FN:357,_RNvMs1_NtNtCs45Qm4wG2YD4_7mathjit8backends9craneliftNtB5_11JITFunction15call_data_param
FN:313,_RNvMs1_NtNtCs45Qm4wG2YD4_7mathjit8backends9craneliftNtB5_11JITFunction15call_multi_vars
FN:369,_RNvMs1_NtNtCs45Qm4wG2YD4_7mathjit8backends9craneliftNtB5_11JITFunction16call_data_params
FN:510,_RNvMs2_NtNtCs45Qm4wG2YD4_7mathjit8backends9craneliftNtB5_11JITCompiler16compile_two_vars
FN:592,_RNvMs2_NtNtCs45Qm4wG2YD4_7mathjit8backends9craneliftNtB5_11JITCompiler18compile_multi_vars
FN:435,_RNvMs2_NtNtCs45Qm4wG2YD4_7mathjit8backends9craneliftNtB5_11JITCompiler18compile_single_var
FN:411,_RNvMs2_NtNtCs45Qm4wG2YD4_7mathjit8backends9craneliftNtB5_11JITCompiler3new
FN:90,_RNvNtNtCs45Qm4wG2YD4_7mathjit8backends9cranelift15generate_cos_ir
FN:69,_RNvNtNtCs45Qm4wG2YD4_7mathjit8backends9cranelift15generate_exp_ir
FN:105,_RNvNtNtCs45Qm4wG2YD4_7mathjit8backends9cranelift15generate_sin_ir
FN:685,_RNvNtNtCs45Qm4wG2YD4_7mathjit8backends9cranelift20generate_ir_for_expr
FN:49,_RNvNtNtCs45Qm4wG2YD4_7mathjit8backends9cranelift20generate_ln_1plus_ir
FN:36,_RNvNtNtCs45Qm4wG2YD4_7mathjit8backends9cranelift20generate_rational_ir
FN:17,_RNvNtNtCs45Qm4wG2YD4_7mathjit8backends9cranelift22generate_polynomial_ir
FN:115,_RNvNtNtCs45Qm4wG2YD4_7mathjit8backends9cranelift25generate_integer_power_ir
FN:229,_RNvXNtNtCs45Qm4wG2YD4_7mathjit8backends9craneliftNtB2_8JITErrorNtNtCs264BKr10cB_4core3fmt7Display3fmt
FNDA:2,_RNvMs1_NtNtCsbIMKQJJAEYn_7mathjit8backends9craneliftNtB5_11JITFunction11call_single
FNDA:1,_RNvMs1_NtNtCsbIMKQJJAEYn_7mathjit8backends9craneliftNtB5_11JITFunction13call_two_vars
FNDA:1,_RNvMs1_NtNtCsbIMKQJJAEYn_7mathjit8backends9craneliftNtB5_11JITFunction15call_multi_vars
FNDA:1,_RNvMs2_NtNtCsbIMKQJJAEYn_7mathjit8backends9craneliftNtB5_11JITCompiler16compile_two_vars
FNDA:1,_RNvMs2_NtNtCsbIMKQJJAEYn_7mathjit8backends9craneliftNtB5_11JITCompiler18compile_multi_vars
FNDA:2,_RNvMs2_NtNtCsbIMKQJJAEYn_7mathjit8backends9craneliftNtB5_11JITCompiler18compile_single_var
FNDA:5,_RNvMs2_NtNtCsbIMKQJJAEYn_7mathjit8backends9craneliftNtB5_11JITCompiler3new
FNDA:0,_RNvNtNtCsbIMKQJJAEYn_7mathjit8backends9cranelift15generate_cos_ir
FNDA:0,_RNvNtNtCsbIMKQJJAEYn_7mathjit8backends9cranelift15generate_exp_ir
FNDA:0,_RNvNtNtCsbIMKQJJAEYn_7mathjit8backends9cranelift15generate_sin_ir
FNDA:20,_RNvNtNtCsbIMKQJJAEYn_7mathjit8backends9cranelift20generate_ir_for_expr
FNDA:0,_RNvNtNtCsbIMKQJJAEYn_7mathjit8backends9cranelift20generate_ln_1plus_ir
FNDA:0,_RNvNtNtCsbIMKQJJAEYn_7mathjit8backends9cranelift20generate_rational_ir
FNDA:0,_RNvNtNtCsbIMKQJJAEYn_7mathjit8backends9cranelift22generate_polynomial_ir
FNDA:0,_RNvNtNtCsbIMKQJJAEYn_7mathjit8backends9cranelift25generate_integer_power_ir
FNDA:1,_RNvNtNtNtCsbIMKQJJAEYn_7mathjit8backends9cranelift5testss_26test_jit_compiler_creation
FNDA:1,_RNvNtNtNtCsbIMKQJJAEYn_7mathjit8backends9cranelift5testss_27test_simple_jit_compilation
FNDA:1,_RNvNtNtNtCsbIMKQJJAEYn_7mathjit8backends9cranelift5testss_33test_two_variable_jit_compilation
FNDA:1,_RNvNtNtNtCsbIMKQJJAEYn_7mathjit8backends9cranelift5testss_35test_multi_variable_jit_compilation
FNDA:0,_RNvMs1_NtNtCsbIMKQJJAEYn_7mathjit8backends9craneliftNtB5_11JITFunction15call_data_param
FNDA:0,_RNvMs1_NtNtCsbIMKQJJAEYn_7mathjit8backends9craneliftNtB5_11JITFunction16call_data_params
FNDA:0,_RNvXNtNtCsbIMKQJJAEYn_7mathjit8backends9craneliftNtB2_8JITErrorNtNtCs264BKr10cB_4core3fmt7Display3fmt
FNDA:0,_RNvXs0_NtNtCsbIMKQJJAEYn_7mathjit8backends9craneliftNtNtB9_5error12MathJITErrorINtNtCs264BKr10cB_4core7convert4FromNtB5_8JITErrorE4from
FNDA:0,_RNCNvMs2_NtNtCsbIMKQJJAEYn_7mathjit8backends9craneliftNtB7_11JITCompiler16compile_two_vars0Bb_
FNDA:0,_RNCNvMs2_NtNtCsbIMKQJJAEYn_7mathjit8backends9craneliftNtB7_11JITCompiler16compile_two_varss0_0Bb_
FNDA:0,_RNCNvMs2_NtNtCsbIMKQJJAEYn_7mathjit8backends9craneliftNtB7_11JITCompiler16compile_two_varss_0Bb_
FNDA:0,_RNCNvMs2_NtNtCsbIMKQJJAEYn_7mathjit8backends9craneliftNtB7_11JITCompiler18compile_multi_vars0Bb_
FNDA:0,_RNCNvMs2_NtNtCsbIMKQJJAEYn_7mathjit8backends9craneliftNtB7_11JITCompiler18compile_multi_varss0_0Bb_
FNDA:0,_RNCNvMs2_NtNtCsbIMKQJJAEYn_7mathjit8backends9craneliftNtB7_11JITCompiler18compile_multi_varss_0Bb_
FNDA:0,_RNCNvMs2_NtNtCsbIMKQJJAEYn_7mathjit8backends9craneliftNtB7_11JITCompiler18compile_single_var0Bb_
FNDA:0,_RNCNvMs2_NtNtCsbIMKQJJAEYn_7mathjit8backends9craneliftNtB7_11JITCompiler18compile_single_vars0_0Bb_
FNDA:0,_RNCNvMs2_NtNtCsbIMKQJJAEYn_7mathjit8backends9craneliftNtB7_11JITCompiler18compile_single_vars_0Bb_
FNDA:0,_RNCNvMs2_NtNtCsbIMKQJJAEYn_7mathjit8backends9craneliftNtB7_11JITCompiler3new0Bb_
FNDA:0,_RNCNvMs2_NtNtCsbIMKQJJAEYn_7mathjit8backends9craneliftNtB7_11JITCompiler3news0_0Bb_
FNDA:0,_RNCNvMs2_NtNtCsbIMKQJJAEYn_7mathjit8backends9craneliftNtB7_11JITCompiler3news1_0Bb_
FNDA:0,_RNCNvMs2_NtNtCsbIMKQJJAEYn_7mathjit8backends9craneliftNtB7_11JITCompiler3news_0Bb_
FNDA:0,_RNCNvNtNtCsbIMKQJJAEYn_7mathjit8backends9cranelift20generate_ir_for_expr0B7_
FNDA:0,_RNCNvNtNtCsbIMKQJJAEYn_7mathjit8backends9cranelift20generate_ir_for_exprs_0B7_
FNDA:0,_RNvXs0_NtNtCs45Qm4wG2YD4_7mathjit8backends9craneliftNtNtB9_5error12MathJITErrorINtNtCs264BKr10cB_4core7convert4FromNtB5_8JITErrorE4from
FNDA:0,_RNCNvMs2_NtNtCs45Qm4wG2YD4_7mathjit8backends9craneliftNtB7_11JITCompiler16compile_two_vars0Bb_
FNDA:0,_RNCNvMs2_NtNtCs45Qm4wG2YD4_7mathjit8backends9craneliftNtB7_11JITCompiler16compile_two_varss0_0Bb_
FNDA:0,_RNCNvMs2_NtNtCs45Qm4wG2YD4_7mathjit8backends9craneliftNtB7_11JITCompiler16compile_two_varss_0Bb_
FNDA:0,_RNCNvMs2_NtNtCs45Qm4wG2YD4_7mathjit8backends9craneliftNtB7_11JITCompiler18compile_multi_vars0Bb_
FNDA:0,_RNCNvMs2_NtNtCs45Qm4wG2YD4_7mathjit8backends9craneliftNtB7_11JITCompiler18compile_multi_varss0_0Bb_
FNDA:0,_RNCNvMs2_NtNtCs45Qm4wG2YD4_7mathjit8backends9craneliftNtB7_11JITCompiler18compile_multi_varss_0Bb_
FNDA:0,_RNCNvMs2_NtNtCs45Qm4wG2YD4_7mathjit8backends9craneliftNtB7_11JITCompiler18compile_single_var0Bb_
FNDA:0,_RNCNvMs2_NtNtCs45Qm4wG2YD4_7mathjit8backends9craneliftNtB7_11JITCompiler18compile_single_vars0_0Bb_
FNDA:0,_RNCNvMs2_NtNtCs45Qm4wG2YD4_7mathjit8backends9craneliftNtB7_11JITCompiler18compile_single_vars_0Bb_
FNDA:0,_RNCNvMs2_NtNtCs45Qm4wG2YD4_7mathjit8backends9craneliftNtB7_11JITCompiler3new0Bb_
FNDA:0,_RNCNvMs2_NtNtCs45Qm4wG2YD4_7mathjit8backends9craneliftNtB7_11JITCompiler3news0_0Bb_
FNDA:0,_RNCNvMs2_NtNtCs45Qm4wG2YD4_7mathjit8backends9craneliftNtB7_11JITCompiler3news1_0Bb_
FNDA:0,_RNCNvMs2_NtNtCs45Qm4wG2YD4_7mathjit8backends9craneliftNtB7_11JITCompiler3news_0Bb_
FNDA:0,_RNCNvNtNtCs45Qm4wG2YD4_7mathjit8backends9cranelift20generate_ir_for_expr0B7_
FNDA:0,_RNCNvNtNtCs45Qm4wG2YD4_7mathjit8backends9cranelift20generate_ir_for_exprs_0B7_
FNDA:0,_RNvMs1_NtNtCs45Qm4wG2YD4_7mathjit8backends9craneliftNtB5_11JITFunction11call_single
FNDA:0,_RNvMs1_NtNtCs45Qm4wG2YD4_7mathjit8backends9craneliftNtB5_11JITFunction13call_two_vars
FNDA:0,_RNvMs1_NtNtCs45Qm4wG2YD4_7mathjit8backends9craneliftNtB5_11JITFunction15call_data_param
FNDA:0,_RNvMs1_NtNtCs45Qm4wG2YD4_7mathjit8backends9craneliftNtB5_11JITFunction15call_multi_vars
FNDA:0,_RNvMs1_NtNtCs45Qm4wG2YD4_7mathjit8backends9craneliftNtB5_11JITFunction16call_data_params
FNDA:0,_RNvMs2_NtNtCs45Qm4wG2YD4_7mathjit8backends9craneliftNtB5_11JITCompiler16compile_two_vars
FNDA:0,_RNvMs2_NtNtCs45Qm4wG2YD4_7mathjit8backends9craneliftNtB5_11JITCompiler18compile_multi_vars
FNDA:0,_RNvMs2_NtNtCs45Qm4wG2YD4_7mathjit8backends9craneliftNtB5_11JITCompiler18compile_single_var
FNDA:0,_RNvMs2_NtNtCs45Qm4wG2YD4_7mathjit8backends9craneliftNtB5_11JITCompiler3new
FNDA:0,_RNvNtNtCs45Qm4wG2YD4_7mathjit8backends9cranelift15generate_cos_ir
FNDA:0,_RNvNtNtCs45Qm4wG2YD4_7mathjit8backends9cranelift15generate_exp_ir
FNDA:0,_RNvNtNtCs45Qm4wG2YD4_7mathjit8backends9cranelift15generate_sin_ir
FNDA:0,_RNvNtNtCs45Qm4wG2YD4_7mathjit8backends9cranelift20generate_ir_for_expr
FNDA:0,_RNvNtNtCs45Qm4wG2YD4_7mathjit8backends9cranelift20generate_ln_1plus_ir
FNDA:0,_RNvNtNtCs45Qm4wG2YD4_7mathjit8backends9cranelift20generate_rational_ir
FNDA:0,_RNvNtNtCs45Qm4wG2YD4_7mathjit8backends9cranelift22generate_polynomial_ir
FNDA:0,_RNvNtNtCs45Qm4wG2YD4_7mathjit8backends9cranelift25generate_integer_power_ir
FNDA:0,_RNvXNtNtCs45Qm4wG2YD4_7mathjit8backends9craneliftNtB2_8JITErrorNtNtCs264BKr10cB_4core3fmt7Display3fmt
FNF:38
FNH:12
DA:17,0
DA:18,0
DA:19,0
DA:20,0
DA:23,0
DA:26,0
DA:27,0
DA:28,0
DA:29,0
DA:30,0
DA:32,0
DA:33,0
DA:36,0
DA:37,0
DA:38,0
DA:39,0
DA:40,0
DA:41,0
DA:42,0
DA:43,0
DA:44,0
DA:45,0
DA:49,0
DA:50,0
DA:51,0
DA:52,0
DA:53,0
DA:54,0
DA:55,0
DA:56,0
DA:57,0
DA:58,0
DA:59,0
DA:60,0
DA:61,0
DA:62,0
DA:63,0
DA:64,0
DA:65,0
DA:69,0
DA:70,0
DA:71,0
DA:72,0
DA:73,0
DA:74,0
DA:75,0
DA:76,0
DA:77,0
DA:78,0
DA:79,0
DA:80,0
DA:81,0
DA:82,0
DA:83,0
DA:84,0
DA:85,0
DA:86,0
DA:90,0
DA:91,0
DA:92,0
DA:93,0
DA:94,0
DA:95,0
DA:96,0
DA:97,0
DA:98,0
DA:99,0
DA:100,0
DA:101,0
DA:105,0
DA:107,0
DA:108,0
DA:110,0
DA:111,0
DA:112,0
DA:115,0
DA:116,0
DA:117,0
DA:118,0
DA:120,0
DA:121,0
DA:123,0
DA:125,0
DA:126,0
DA:127,0
DA:130,0
DA:131,0
DA:134,0
DA:135,0
DA:138,0
DA:139,0
DA:140,0
DA:143,0
DA:144,0
DA:145,0
DA:148,0
DA:149,0
DA:150,0
DA:151,0
DA:154,0
DA:155,0
DA:156,0
DA:159,0
DA:160,0
DA:161,0
DA:162,0
DA:164,0
DA:166,0
DA:168,0
DA:169,0
DA:170,0
DA:171,0
DA:174,0
DA:175,0
DA:176,0
DA:177,0
DA:180,0
DA:181,0
DA:182,0
DA:183,0
DA:187,0
DA:188,0
DA:189,0
DA:191,0
DA:192,0
DA:193,0
DA:194,0
DA:195,0
DA:196,0
DA:198,0
DA:202,0
DA:204,0
DA:205,0
DA:206,0
DA:210,0
DA:213,0
DA:229,0
DA:230,0
DA:231,0
DA:232,0
DA:233,0
DA:234,0
DA:236,0
DA:242,0
DA:243,0
DA:244,0
DA:289,2
DA:290,2
DA:292,2
DA:293,2
DA:294,2
DA:296,0
DA:298,2
DA:301,1
DA:302,1
DA:304,1
DA:305,1
DA:306,1
DA:308,0
DA:310,1
DA:313,1
DA:314,1
DA:315,1
DA:316,1
DA:317,1
DA:318,0
DA:320,0
DA:323,1
DA:325,0
DA:326,0
DA:327,0
DA:330,0
DA:331,0
DA:332,0
DA:335,1
DA:336,1
DA:337,1
DA:340,0
DA:341,0
DA:342,0
DA:345,0
DA:346,0
DA:347,0
DA:349,0
DA:352,0
DA:354,1
DA:357,0
DA:358,0
DA:360,0
DA:361,0
DA:362,0
DA:364,0
DA:366,0
DA:369,0
DA:370,0
DA:371,0
DA:372,0
DA:373,0
DA:374,0
DA:376,0
DA:379,0
DA:381,0
DA:382,0
DA:383,0
DA:386,0
DA:387,0
DA:388,0
DA:391,0
DA:392,0
DA:393,0
DA:395,0
DA:398,0
DA:400,0
DA:411,5
DA:412,5
DA:413,5
DA:414,5
DA:415,5
DA:416,5
DA:417,5
DA:418,5
DA:419,5
DA:420,5
DA:421,5
DA:422,5
DA:424,5
DA:425,5
DA:426,5
DA:428,5
DA:429,5
DA:430,5
DA:431,5
DA:432,5
DA:435,2
DA:436,2
DA:437,2
DA:438,2
DA:439,2
DA:440,2
DA:443,2
DA:444,2
DA:447,2
DA:452,2
DA:453,2
DA:454,2
DA:455,2
DA:458,2
DA:459,2
DA:461,2
DA:462,2
DA:463,2
DA:464,2
DA:465,2
DA:468,2
DA:471,2
DA:472,2
DA:475,2
DA:478,2
DA:479,2
DA:483,2
DA:484,2
DA:485,2
DA:487,2
DA:488,2
DA:489,2
DA:491,2
DA:493,2
DA:494,2
DA:495,2
DA:496,2
DA:497,2
DA:498,2
DA:499,2
DA:501,2
DA:502,2
DA:503,2
DA:504,2
DA:505,2
DA:506,2
DA:507,2
DA:510,1
DA:511,1
DA:512,1
DA:513,1
DA:514,1
DA:515,1
DA:516,1
DA:519,1
DA:520,1
DA:523,1
DA:526,1
DA:531,1
DA:532,1
DA:533,1
DA:534,1
DA:537,1
DA:538,1
DA:540,1
DA:541,1
DA:542,1
DA:543,1
DA:544,1
DA:547,1
DA:548,1
DA:549,1
DA:552,1
DA:553,1
DA:554,1
DA:557,1
DA:560,1
DA:561,1
DA:565,1
DA:566,1
DA:567,1
DA:569,1
DA:570,1
DA:571,1
DA:573,1
DA:575,1
DA:576,1
DA:577,1
DA:578,1
DA:579,1
DA:580,1
DA:581,1
DA:583,1
DA:584,1
DA:585,1
DA:586,1
DA:587,1
DA:588,1
DA:589,1
DA:592,1
DA:593,1
DA:594,1
DA:595,1
DA:596,1
DA:597,1
DA:599,1
DA:600,0
DA:601,0
DA:602,0
DA:603,1
DA:605,1
DA:606,0
DA:607,0
DA:608,0
DA:609,0
DA:610,1
DA:613,1
DA:614,4
DA:615,3
DA:616,3
DA:617,3
DA:618,3
DA:619,1
DA:624,1
DA:625,1
DA:626,1
DA:627,1
DA:630,1
DA:631,1
DA:633,1
DA:634,1
DA:635,1
DA:636,1
DA:637,1
DA:640,1
DA:643,1
DA:644,3
DA:645,3
DA:646,3
DA:649,1
DA:652,1
DA:653,1
DA:657,1
DA:658,1
DA:659,1
DA:661,1
DA:662,1
DA:663,1
DA:665,1
DA:667,1
DA:668,1
DA:669,1
DA:670,1
DA:671,1
DA:672,1
DA:673,1
DA:675,1
DA:676,1
DA:677,1
DA:678,1
DA:679,1
DA:680,1
DA:681,1
DA:685,20
DA:686,20
DA:687,20
DA:688,20
DA:689,20
DA:690,20
DA:691,5
DA:692,0
DA:694,0
DA:695,0
DA:696,0
DA:697,0
DA:699,0
DA:700,0
DA:701,0
DA:702,0
DA:704,7
DA:705,7
DA:706,7
DA:707,7
DA:708,5
DA:709,5
DA:710,5
DA:711,5
DA:713,0
DA:714,0
DA:715,0
DA:716,0
DA:718,3
DA:719,3
DA:720,3
DA:721,3
DA:723,0
DA:724,0
DA:725,0
DA:726,0
DA:728,0
DA:729,0
DA:730,0
DA:732,0
DA:733,0
DA:734,0
DA:737,0
DA:738,0
DA:739,0
DA:740,0
DA:741,0
DA:742,0
DA:746,0
DA:747,0
DA:748,0
DA:749,0
DA:750,0
DA:752,0
DA:753,0
DA:755,0
DA:756,0
DA:757,0
DA:759,0
DA:760,0
DA:761,0
DA:763,0
DA:764,0
DA:765,0
DA:767,0
DA:768,0
DA:769,0
DA:771,0
DA:772,0
DA:773,0
DA:776,20
DA:784,1
DA:785,1
DA:786,1
DA:787,1
DA:790,1
DA:793,1
DA:794,1
DA:795,1
DA:798,1
DA:799,1
DA:801,1
DA:802,1
DA:803,1
DA:806,1
DA:809,1
DA:810,1
DA:811,1
DA:814,1
DA:815,1
DA:817,1
DA:818,1
DA:819,1
DA:822,1
DA:825,1
DA:826,1
DA:827,1
DA:830,1
DA:831,1
DA:832,1
DA:833,1
DA:835,1
DA:836,1
DA:837,1
BRF:0
BRH:0
LF:515
LH:251
end_of_record
SF:/home/chad/git/mathjit/src/backends/mod.rs
FN:46,_RNvXNtCsbIMKQJJAEYn_7mathjit8backendsNtB2_11BackendTypeNtNtCs264BKr10cB_4core7default7Default7default
FNDA:0,_RNvXNtCsbIMKQJJAEYn_7mathjit8backendsNtB2_11BackendTypeNtNtCs264BKr10cB_4core7default7Default7default
FNF:1
FNH:0
DA:46,0
DA:47,0
DA:48,0
BRF:0
BRH:0
LF:3
LH:0
end_of_record
SF:/home/chad/git/mathjit/src/backends/rust_codegen.rs
FN:218,_RNvMs0_NtNtCsbIMKQJJAEYn_7mathjit8backends12rust_codegenNtB5_17RustCodeGenerator15generate_module
FN:189,_RNvMs0_NtNtCsbIMKQJJAEYn_7mathjit8backends12rust_codegenNtB5_17RustCodeGenerator17generate_function
FN:325,_RNvMs0_NtNtCsbIMKQJJAEYn_7mathjit8backends12rust_codegenNtB5_17RustCodeGenerator30generate_integer_power_generic
FN:89,_RNvMs0_NtNtCsbIMKQJJAEYn_7mathjit8backends12rust_codegenNtB5_17RustCodeGenerator3new
FN:509,_RNvMs2_NtNtCsbIMKQJJAEYn_7mathjit8backends12rust_codegenNtB5_12RustCompiler12is_available
FN:518,_RNvMs2_NtNtCsbIMKQJJAEYn_7mathjit8backends12rust_codegenNtB5_12RustCompiler12version_info
FN:456,_RNvMs2_NtNtCsbIMKQJJAEYn_7mathjit8backends12rust_codegenNtB5_12RustCompiler14with_opt_level
FN:465,_RNvMs2_NtNtCsbIMKQJJAEYn_7mathjit8backends12rust_codegenNtB5_12RustCompiler16with_extra_flags
FN:444,_RNvMs2_NtNtCsbIMKQJJAEYn_7mathjit8backends12rust_codegenNtB5_12RustCompiler3new
FN:69,_RNvXs_NtNtCsbIMKQJJAEYn_7mathjit8backends12rust_codegenNtB4_17RustCodegenConfigNtNtCs264BKr10cB_4core7default7Default7default
FN:362,_RINvMs0_NtNtCsbIMKQJJAEYn_7mathjit8backends12rust_codegenNtB6_17RustCodeGenerator22find_variables_genericdEBa_
FN:314,_RINvMs0_NtNtCsbIMKQJJAEYn_7mathjit8backends12rust_codegenNtB6_17RustCodeGenerator22try_convert_to_integerdEBa_
FN:194,_RINvMs0_NtNtCsbIMKQJJAEYn_7mathjit8backends12rust_codegenNtB6_17RustCodeGenerator23generate_module_genericdEBa_
FN:377,_RINvMs0_NtNtCsbIMKQJJAEYn_7mathjit8backends12rust_codegenNtB6_17RustCodeGenerator25collect_variables_genericdEBa_
FN:126,_RINvMs0_NtNtCsbIMKQJJAEYn_7mathjit8backends12rust_codegenNtB6_17RustCodeGenerator25generate_function_genericdEBa_
FN:227,_RINvMs0_NtNtCsbIMKQJJAEYn_7mathjit8backends12rust_codegenNtB6_17RustCodeGenerator27generate_expression_genericdEBa_
FN:513,_RNCNvMs2_NtNtCsbIMKQJJAEYn_7mathjit8backends12rust_codegenNtB7_12RustCompiler12is_available0Bb_
FN:522,_RNCNvMs2_NtNtCsbIMKQJJAEYn_7mathjit8backends12rust_codegenNtB7_12RustCompiler12version_info0Bb_
FN:478,_RNCNvMs2_NtNtCsbIMKQJJAEYn_7mathjit8backends12rust_codegenNtB7_12RustCompiler13compile_dylib0Bb_
FN:495,_RNCNvMs2_NtNtCsbIMKQJJAEYn_7mathjit8backends12rust_codegenNtB7_12RustCompiler13compile_dylibs_0Bb_
FN:41,_RNvMNtNtCsbIMKQJJAEYn_7mathjit8backends12rust_codegenNtB2_12RustOptLevel7as_flag
FN:121,_RNvMs0_NtNtCsbIMKQJJAEYn_7mathjit8backends12rust_codegenNtB5_17RustCodeGenerator10set_config
FN:97,_RNvMs0_NtNtCsbIMKQJJAEYn_7mathjit8backends12rust_codegenNtB5_17RustCodeGenerator11with_config
FN:104,_RNvMs0_NtNtCsbIMKQJJAEYn_7mathjit8backends12rust_codegenNtB5_17RustCodeGenerator13with_settings
FN:372,_RNvMs0_NtNtCsbIMKQJJAEYn_7mathjit8backends12rust_codegenNtB5_17RustCodeGenerator14find_variables
FN:418,_RNvMs0_NtNtCsbIMKQJJAEYn_7mathjit8backends12rust_codegenNtB5_17RustCodeGenerator17collect_variables
FN:309,_RNvMs0_NtNtCsbIMKQJJAEYn_7mathjit8backends12rust_codegenNtB5_17RustCodeGenerator19generate_expression
FN:357,_RNvMs0_NtNtCsbIMKQJJAEYn_7mathjit8backends12rust_codegenNtB5_17RustCodeGenerator22generate_integer_power
FN:116,_RNvMs0_NtNtCsbIMKQJJAEYn_7mathjit8backends12rust_codegenNtB5_17RustCodeGenerator6config
FN:471,_RNvMs2_NtNtCsbIMKQJJAEYn_7mathjit8backends12rust_codegenNtB5_12RustCompiler13compile_dylib
FN:428,_RNvXs1_NtNtCsbIMKQJJAEYn_7mathjit8backends12rust_codegenNtB5_17RustCodeGeneratorNtNtCs264BKr10cB_4core7default7Default7default
FN:535,_RNvXs3_NtNtCsbIMKQJJAEYn_7mathjit8backends12rust_codegenNtB5_12RustCompilerNtNtCs264BKr10cB_4core7default7Default7default
FN:609,_RNvNtNtNtCsbIMKQJJAEYn_7mathjit8backends12rust_codegen5testss_22test_module_generation
FN:546,_RNvNtNtNtCsbIMKQJJAEYn_7mathjit8backends12rust_codegen5testss_25test_rust_code_generation
FN:652,_RNvNtNtNtCsbIMKQJJAEYn_7mathjit8backends12rust_codegen5testss_27test_rust_compiler_creation
FN:592,_RNvNtNtNtCsbIMKQJJAEYn_7mathjit8backends12rust_codegen5testss_29test_transcendental_functions
FN:579,_RNvNtNtNtCsbIMKQJJAEYn_7mathjit8backends12rust_codegen5testss_31test_integer_power_optimization
FN:639,_RNvNtNtNtCsbIMKQJJAEYn_7mathjit8backends12rust_codegen5testss_31test_rust_compiler_availability
FN:559,_RNvNtNtNtCsbIMKQJJAEYn_7mathjit8backends12rust_codegen5testss_34test_complex_expression_generation
FN:41,_RNvMNtNtCs45Qm4wG2YD4_7mathjit8backends12rust_codegenNtB2_12RustOptLevel7as_flag
FN:121,_RNvMs0_NtNtCs45Qm4wG2YD4_7mathjit8backends12rust_codegenNtB5_17RustCodeGenerator10set_config
FN:97,_RNvMs0_NtNtCs45Qm4wG2YD4_7mathjit8backends12rust_codegenNtB5_17RustCodeGenerator11with_config
FN:104,_RNvMs0_NtNtCs45Qm4wG2YD4_7mathjit8backends12rust_codegenNtB5_17RustCodeGenerator13with_settings
FN:218,_RNvMs0_NtNtCs45Qm4wG2YD4_7mathjit8backends12rust_codegenNtB5_17RustCodeGenerator15generate_module
FN:189,_RNvMs0_NtNtCs45Qm4wG2YD4_7mathjit8backends12rust_codegenNtB5_17RustCodeGenerator17generate_function
FN:325,_RNvMs0_NtNtCs45Qm4wG2YD4_7mathjit8backends12rust_codegenNtB5_17RustCodeGenerator30generate_integer_power_generic
FN:89,_RNvMs0_NtNtCs45Qm4wG2YD4_7mathjit8backends12rust_codegenNtB5_17RustCodeGenerator3new
FN:116,_RNvMs0_NtNtCs45Qm4wG2YD4_7mathjit8backends12rust_codegenNtB5_17RustCodeGenerator6config
FN:509,_RNvMs2_NtNtCs45Qm4wG2YD4_7mathjit8backends12rust_codegenNtB5_12RustCompiler12is_available
FN:518,_RNvMs2_NtNtCs45Qm4wG2YD4_7mathjit8backends12rust_codegenNtB5_12RustCompiler12version_info
FN:471,_RNvMs2_NtNtCs45Qm4wG2YD4_7mathjit8backends12rust_codegenNtB5_12RustCompiler13compile_dylib
FN:456,_RNvMs2_NtNtCs45Qm4wG2YD4_7mathjit8backends12rust_codegenNtB5_12RustCompiler14with_opt_level
FN:465,_RNvMs2_NtNtCs45Qm4wG2YD4_7mathjit8backends12rust_codegenNtB5_12RustCompiler16with_extra_flags
FN:444,_RNvMs2_NtNtCs45Qm4wG2YD4_7mathjit8backends12rust_codegenNtB5_12RustCompiler3new
FN:428,_RNvXs1_NtNtCs45Qm4wG2YD4_7mathjit8backends12rust_codegenNtB5_17RustCodeGeneratorNtNtCs264BKr10cB_4core7default7Default7default
FN:535,_RNvXs3_NtNtCs45Qm4wG2YD4_7mathjit8backends12rust_codegenNtB5_12RustCompilerNtNtCs264BKr10cB_4core7default7Default7default
FN:69,_RNvXs_NtNtCs45Qm4wG2YD4_7mathjit8backends12rust_codegenNtB4_17RustCodegenConfigNtNtCs264BKr10cB_4core7default7Default7default
FN:362,_RINvMs0_NtNtCs45Qm4wG2YD4_7mathjit8backends12rust_codegenNtB6_17RustCodeGenerator22find_variables_genericdEBa_
FN:314,_RINvMs0_NtNtCs45Qm4wG2YD4_7mathjit8backends12rust_codegenNtB6_17RustCodeGenerator22try_convert_to_integerdEBa_
FN:194,_RINvMs0_NtNtCs45Qm4wG2YD4_7mathjit8backends12rust_codegenNtB6_17RustCodeGenerator23generate_module_genericdEBa_
FN:377,_RINvMs0_NtNtCs45Qm4wG2YD4_7mathjit8backends12rust_codegenNtB6_17RustCodeGenerator25collect_variables_genericdEBa_
FN:126,_RINvMs0_NtNtCs45Qm4wG2YD4_7mathjit8backends12rust_codegenNtB6_17RustCodeGenerator25generate_function_genericdEBa_
FN:227,_RINvMs0_NtNtCs45Qm4wG2YD4_7mathjit8backends12rust_codegenNtB6_17RustCodeGenerator27generate_expression_genericdEBa_
FN:513,_RNCNvMs2_NtNtCs45Qm4wG2YD4_7mathjit8backends12rust_codegenNtB7_12RustCompiler12is_available0Bb_
FN:522,_RNCNvMs2_NtNtCs45Qm4wG2YD4_7mathjit8backends12rust_codegenNtB7_12RustCompiler12version_info0Bb_
FN:478,_RNCNvMs2_NtNtCs45Qm4wG2YD4_7mathjit8backends12rust_codegenNtB7_12RustCompiler13compile_dylib0Bb_
FN:495,_RNCNvMs2_NtNtCs45Qm4wG2YD4_7mathjit8backends12rust_codegenNtB7_12RustCompiler13compile_dylibs_0Bb_
FN:372,_RNvMs0_NtNtCs45Qm4wG2YD4_7mathjit8backends12rust_codegenNtB5_17RustCodeGenerator14find_variables
FN:418,_RNvMs0_NtNtCs45Qm4wG2YD4_7mathjit8backends12rust_codegenNtB5_17RustCodeGenerator17collect_variables
FN:309,_RNvMs0_NtNtCs45Qm4wG2YD4_7mathjit8backends12rust_codegenNtB5_17RustCodeGenerator19generate_expression
FN:357,_RNvMs0_NtNtCs45Qm4wG2YD4_7mathjit8backends12rust_codegenNtB5_17RustCodeGenerator22generate_integer_power
FNDA:1,_RNvMs0_NtNtCsbIMKQJJAEYn_7mathjit8backends12rust_codegenNtB5_17RustCodeGenerator15generate_module
FNDA:6,_RNvMs0_NtNtCsbIMKQJJAEYn_7mathjit8backends12rust_codegenNtB5_17RustCodeGenerator17generate_function
FNDA:3,_RNvMs0_NtNtCsbIMKQJJAEYn_7mathjit8backends12rust_codegenNtB5_17RustCodeGenerator30generate_integer_power_generic
FNDA:7,_RNvMs0_NtNtCsbIMKQJJAEYn_7mathjit8backends12rust_codegenNtB5_17RustCodeGenerator3new
FNDA:1,_RNvMs2_NtNtCsbIMKQJJAEYn_7mathjit8backends12rust_codegenNtB5_12RustCompiler12is_available
FNDA:1,_RNvMs2_NtNtCsbIMKQJJAEYn_7mathjit8backends12rust_codegenNtB5_12RustCompiler12version_info
FNDA:1,_RNvMs2_NtNtCsbIMKQJJAEYn_7mathjit8backends12rust_codegenNtB5_12RustCompiler14with_opt_level
FNDA:1,_RNvMs2_NtNtCsbIMKQJJAEYn_7mathjit8backends12rust_codegenNtB5_12RustCompiler16with_extra_flags
FNDA:2,_RNvMs2_NtNtCsbIMKQJJAEYn_7mathjit8backends12rust_codegenNtB5_12RustCompiler3new
FNDA:7,_RNvXs_NtNtCsbIMKQJJAEYn_7mathjit8backends12rust_codegenNtB4_17RustCodegenConfigNtNtCs264BKr10cB_4core7default7Default7default
FNDA:8,_RINvMs0_NtNtCsbIMKQJJAEYn_7mathjit8backends12rust_codegenNtB6_17RustCodeGenerator22find_variables_genericdEBa_
FNDA:3,_RINvMs0_NtNtCsbIMKQJJAEYn_7mathjit8backends12rust_codegenNtB6_17RustCodeGenerator22try_convert_to_integerdEBa_
FNDA:1,_RINvMs0_NtNtCsbIMKQJJAEYn_7mathjit8backends12rust_codegenNtB6_17RustCodeGenerator23generate_module_genericdEBa_
FNDA:36,_RINvMs0_NtNtCsbIMKQJJAEYn_7mathjit8backends12rust_codegenNtB6_17RustCodeGenerator25collect_variables_genericdEBa_
FNDA:8,_RINvMs0_NtNtCsbIMKQJJAEYn_7mathjit8backends12rust_codegenNtB6_17RustCodeGenerator25generate_function_genericdEBa_
FNDA:36,_RINvMs0_NtNtCsbIMKQJJAEYn_7mathjit8backends12rust_codegenNtB6_17RustCodeGenerator27generate_expression_genericdEBa_
FNDA:1,_RNCNvMs2_NtNtCsbIMKQJJAEYn_7mathjit8backends12rust_codegenNtB7_12RustCompiler12is_available0Bb_
FNDA:0,_RNCNvMs2_NtNtCsbIMKQJJAEYn_7mathjit8backends12rust_codegenNtB7_12RustCompiler12version_info0Bb_
FNDA:0,_RNCNvMs2_NtNtCsbIMKQJJAEYn_7mathjit8backends12rust_codegenNtB7_12RustCompiler13compile_dylib0Bb_
FNDA:0,_RNCNvMs2_NtNtCsbIMKQJJAEYn_7mathjit8backends12rust_codegenNtB7_12RustCompiler13compile_dylibs_0Bb_
FNDA:0,_RNvMNtNtCsbIMKQJJAEYn_7mathjit8backends12rust_codegenNtB2_12RustOptLevel7as_flag
FNDA:0,_RNvMs0_NtNtCsbIMKQJJAEYn_7mathjit8backends12rust_codegenNtB5_17RustCodeGenerator10set_config
FNDA:0,_RNvMs0_NtNtCsbIMKQJJAEYn_7mathjit8backends12rust_codegenNtB5_17RustCodeGenerator11with_config
FNDA:0,_RNvMs0_NtNtCsbIMKQJJAEYn_7mathjit8backends12rust_codegenNtB5_17RustCodeGenerator13with_settings
FNDA:0,_RNvMs0_NtNtCsbIMKQJJAEYn_7mathjit8backends12rust_codegenNtB5_17RustCodeGenerator14find_variables
FNDA:0,_RNvMs0_NtNtCsbIMKQJJAEYn_7mathjit8backends12rust_codegenNtB5_17RustCodeGenerator17collect_variables
FNDA:0,_RNvMs0_NtNtCsbIMKQJJAEYn_7mathjit8backends12rust_codegenNtB5_17RustCodeGenerator19generate_expression
FNDA:0,_RNvMs0_NtNtCsbIMKQJJAEYn_7mathjit8backends12rust_codegenNtB5_17RustCodeGenerator22generate_integer_power
FNDA:0,_RNvMs0_NtNtCsbIMKQJJAEYn_7mathjit8backends12rust_codegenNtB5_17RustCodeGenerator6config
FNDA:0,_RNvMs2_NtNtCsbIMKQJJAEYn_7mathjit8backends12rust_codegenNtB5_12RustCompiler13compile_dylib
FNDA:0,_RNvXs1_NtNtCsbIMKQJJAEYn_7mathjit8backends12rust_codegenNtB5_17RustCodeGeneratorNtNtCs264BKr10cB_4core7default7Default7default
FNDA:0,_RNvXs3_NtNtCsbIMKQJJAEYn_7mathjit8backends12rust_codegenNtB5_12RustCompilerNtNtCs264BKr10cB_4core7default7Default7default
FNDA:1,_RNvNtNtNtCsbIMKQJJAEYn_7mathjit8backends12rust_codegen5testss_22test_module_generation
FNDA:1,_RNvNtNtNtCsbIMKQJJAEYn_7mathjit8backends12rust_codegen5testss_25test_rust_code_generation
FNDA:1,_RNvNtNtNtCsbIMKQJJAEYn_7mathjit8backends12rust_codegen5testss_27test_rust_compiler_creation
FNDA:1,_RNvNtNtNtCsbIMKQJJAEYn_7mathjit8backends12rust_codegen5testss_29test_transcendental_functions
FNDA:1,_RNvNtNtNtCsbIMKQJJAEYn_7mathjit8backends12rust_codegen5testss_31test_integer_power_optimization
FNDA:1,_RNvNtNtNtCsbIMKQJJAEYn_7mathjit8backends12rust_codegen5testss_31test_rust_compiler_availability
FNDA:1,_RNvNtNtNtCsbIMKQJJAEYn_7mathjit8backends12rust_codegen5testss_34test_complex_expression_generation
FNDA:1,_RNvMNtNtCs45Qm4wG2YD4_7mathjit8backends12rust_codegenNtB2_12RustOptLevel7as_flag
FNDA:0,_RNvMs0_NtNtCs45Qm4wG2YD4_7mathjit8backends12rust_codegenNtB5_17RustCodeGenerator10set_config
FNDA:0,_RNvMs0_NtNtCs45Qm4wG2YD4_7mathjit8backends12rust_codegenNtB5_17RustCodeGenerator11with_config
FNDA:0,_RNvMs0_NtNtCs45Qm4wG2YD4_7mathjit8backends12rust_codegenNtB5_17RustCodeGenerator13with_settings
FNDA:0,_RNvMs0_NtNtCs45Qm4wG2YD4_7mathjit8backends12rust_codegenNtB5_17RustCodeGenerator15generate_module
FNDA:0,_RNvMs0_NtNtCs45Qm4wG2YD4_7mathjit8backends12rust_codegenNtB5_17RustCodeGenerator17generate_function
FNDA:0,_RNvMs0_NtNtCs45Qm4wG2YD4_7mathjit8backends12rust_codegenNtB5_17RustCodeGenerator30generate_integer_power_generic
FNDA:0,_RNvMs0_NtNtCs45Qm4wG2YD4_7mathjit8backends12rust_codegenNtB5_17RustCodeGenerator3new
FNDA:0,_RNvMs0_NtNtCs45Qm4wG2YD4_7mathjit8backends12rust_codegenNtB5_17RustCodeGenerator6config
FNDA:0,_RNvMs2_NtNtCs45Qm4wG2YD4_7mathjit8backends12rust_codegenNtB5_12RustCompiler12is_available
FNDA:0,_RNvMs2_NtNtCs45Qm4wG2YD4_7mathjit8backends12rust_codegenNtB5_12RustCompiler12version_info
FNDA:0,_RNvMs2_NtNtCs45Qm4wG2YD4_7mathjit8backends12rust_codegenNtB5_12RustCompiler13compile_dylib
FNDA:0,_RNvMs2_NtNtCs45Qm4wG2YD4_7mathjit8backends12rust_codegenNtB5_12RustCompiler14with_opt_level
FNDA:0,_RNvMs2_NtNtCs45Qm4wG2YD4_7mathjit8backends12rust_codegenNtB5_12RustCompiler16with_extra_flags
FNDA:0,_RNvMs2_NtNtCs45Qm4wG2YD4_7mathjit8backends12rust_codegenNtB5_12RustCompiler3new
FNDA:0,_RNvXs1_NtNtCs45Qm4wG2YD4_7mathjit8backends12rust_codegenNtB5_17RustCodeGeneratorNtNtCs264BKr10cB_4core7default7Default7default
FNDA:0,_RNvXs3_NtNtCs45Qm4wG2YD4_7mathjit8backends12rust_codegenNtB5_12RustCompilerNtNtCs264BKr10cB_4core7default7Default7default
FNDA:0,_RNvXs_NtNtCs45Qm4wG2YD4_7mathjit8backends12rust_codegenNtB4_17RustCodegenConfigNtNtCs264BKr10cB_4core7default7Default7default
FNDA:0,_RINvMs0_NtNtCs45Qm4wG2YD4_7mathjit8backends12rust_codegenNtB6_17RustCodeGenerator22find_variables_genericdEBa_
FNDA:0,_RINvMs0_NtNtCs45Qm4wG2YD4_7mathjit8backends12rust_codegenNtB6_17RustCodeGenerator22try_convert_to_integerdEBa_
FNDA:0,_RINvMs0_NtNtCs45Qm4wG2YD4_7mathjit8backends12rust_codegenNtB6_17RustCodeGenerator23generate_module_genericdEBa_
FNDA:0,_RINvMs0_NtNtCs45Qm4wG2YD4_7mathjit8backends12rust_codegenNtB6_17RustCodeGenerator25collect_variables_genericdEBa_
FNDA:0,_RINvMs0_NtNtCs45Qm4wG2YD4_7mathjit8backends12rust_codegenNtB6_17RustCodeGenerator25generate_function_genericdEBa_
FNDA:0,_RINvMs0_NtNtCs45Qm4wG2YD4_7mathjit8backends12rust_codegenNtB6_17RustCodeGenerator27generate_expression_genericdEBa_
FNDA:0,_RNCNvMs2_NtNtCs45Qm4wG2YD4_7mathjit8backends12rust_codegenNtB7_12RustCompiler12is_available0Bb_
FNDA:0,_RNCNvMs2_NtNtCs45Qm4wG2YD4_7mathjit8backends12rust_codegenNtB7_12RustCompiler12version_info0Bb_
FNDA:0,_RNCNvMs2_NtNtCs45Qm4wG2YD4_7mathjit8backends12rust_codegenNtB7_12RustCompiler13compile_dylib0Bb_
FNDA:0,_RNCNvMs2_NtNtCs45Qm4wG2YD4_7mathjit8backends12rust_codegenNtB7_12RustCompiler13compile_dylibs_0Bb_
FNDA:0,_RNvMs0_NtNtCs45Qm4wG2YD4_7mathjit8backends12rust_codegenNtB5_17RustCodeGenerator14find_variables
FNDA:0,_RNvMs0_NtNtCs45Qm4wG2YD4_7mathjit8backends12rust_codegenNtB5_17RustCodeGenerator17collect_variables
FNDA:0,_RNvMs0_NtNtCs45Qm4wG2YD4_7mathjit8backends12rust_codegenNtB5_17RustCodeGenerator19generate_expression
FNDA:0,_RNvMs0_NtNtCs45Qm4wG2YD4_7mathjit8backends12rust_codegenNtB5_17RustCodeGenerator22generate_integer_power
FNF:39
FNH:25
DA:41,1
DA:42,1
DA:43,0
DA:44,0
DA:45,1
DA:46,0
DA:47,0
DA:48,0
DA:50,1
DA:69,7
DA:70,7
DA:71,7
DA:72,7
DA:73,7
DA:74,7
DA:75,7
DA:76,7
DA:77,7
DA:89,7
DA:90,7
DA:91,7
DA:92,7
DA:93,7
DA:97,0
DA:98,0
DA:99,0
DA:104,0
DA:105,0
DA:106,0
DA:107,0
DA:108,0
DA:109,0
DA:110,0
DA:111,0
DA:112,0
DA:116,0
DA:117,0
DA:118,0
DA:121,0
DA:122,0
DA:123,0
DA:126,8
DA:127,8
DA:128,8
DA:129,8
DA:130,8
DA:131,8
DA:132,8
DA:133,8
DA:136,8
DA:137,1
DA:138,1
DA:139,1
DA:140,1
DA:141,1
DA:142,1
DA:144,7
DA:145,7
DA:146,7
DA:147,7
DA:148,7
DA:149,7
DA:153,8
DA:154,8
DA:155,8
DA:156,8
DA:157,8
DA:158,0
DA:159,0
DA:161,8
DA:162,8
DA:163,8
DA:164,8
DA:165,8
DA:166,8
DA:167,8
DA:168,8
DA:169,8
DA:170,8
DA:171,8
DA:172,8
DA:173,8
DA:174,8
DA:175,8
DA:176,8
DA:177,8
DA:178,8
DA:179,8
DA:180,8
DA:181,8
DA:182,8
DA:183,8
DA:184,8
DA:185,8
DA:186,8
DA:189,6
DA:190,6
DA:191,6
DA:194,1
DA:195,1
DA:196,1
DA:197,1
DA:198,1
DA:199,1
DA:200,1
DA:201,1
DA:202,1
DA:203,1
DA:204,1
DA:205,1
DA:208,3
DA:209,2
DA:210,2
DA:211,2
DA:214,1
DA:215,1
DA:218,1
DA:219,1
DA:220,1
DA:221,1
DA:222,1
DA:223,1
DA:224,1
DA:227,36
DA:228,36
DA:229,36
DA:230,36
DA:231,36
DA:232,10
DA:234,10
DA:236,0
DA:238,0
DA:239,0
DA:240,0
DA:241,0
DA:244,11
DA:245,7
DA:246,7
DA:247,7
DA:248,7
DA:250,0
DA:251,0
DA:252,0
DA:253,0
DA:255,3
DA:256,3
DA:257,3
DA:258,3
DA:260,0
DA:261,0
DA:262,0
DA:263,0
DA:265,3
DA:266,3
DA:267,3
DA:270,3
DA:272,3
DA:273,3
DA:274,3
DA:275,0
DA:276,0
DA:277,0
DA:279,0
DA:281,0
DA:282,0
DA:283,0
DA:285,0
DA:286,0
DA:287,0
DA:289,0
DA:290,0
DA:291,0
DA:293,1
DA:294,1
DA:295,1
DA:297,1
DA:298,1
DA:299,1
DA:301,0
DA:302,0
DA:303,0
DA:306,36
DA:309,0
DA:310,0
DA:311,0
DA:314,3
DA:316,3
DA:317,3
DA:318,3
DA:320,0
DA:322,3
DA:325,3
DA:326,0
DA:327,0
DA:328,0
DA:329,0
DA:330,2
DA:331,0
DA:332,1
DA:334,0
DA:335,0
DA:337,0
DA:340,0
DA:341,0
DA:342,0
DA:343,0
DA:345,0
DA:346,0
DA:348,0
DA:349,0
DA:350,0
DA:352,0
DA:354,3
DA:357,0
DA:358,0
DA:359,0
DA:362,8
DA:363,8
DA:364,8
DA:365,8
DA:366,8
DA:367,8
DA:368,8
DA:369,8
DA:372,0
DA:373,0
DA:374,0
DA:377,36
DA:378,36
DA:379,36
DA:380,36
DA:381,36
DA:382,36
DA:383,0
DA:385,0
DA:386,0
DA:387,0
DA:388,0
DA:390,0
DA:392,11
DA:393,11
DA:394,11
DA:395,7
DA:396,0
DA:397,3
DA:398,0
DA:399,13
DA:400,13
DA:401,13
DA:402,13
DA:403,0
DA:404,0
DA:405,0
DA:406,1
DA:407,1
DA:408,2
DA:409,2
DA:410,2
DA:411,10
DA:412,10
DA:413,10
DA:415,36
DA:418,0
DA:419,0
DA:420,0
DA:421,0
DA:422,0
DA:423,0
DA:424,0
DA:428,0
DA:429,0
DA:430,0
DA:444,2
DA:445,2
DA:446,2
DA:447,2
DA:448,2
DA:449,2
DA:450,2
DA:451,2
DA:452,2
DA:456,1
DA:457,1
DA:458,1
DA:459,1
DA:460,1
DA:461,1
DA:465,1
DA:466,1
DA:467,1
DA:468,1
DA:471,0
DA:472,0
DA:473,0
DA:474,0
DA:475,0
DA:476,0
DA:478,0
DA:479,0
DA:480,0
DA:483,0
DA:484,0
DA:485,0
DA:486,0
DA:487,0
DA:488,0
DA:489,0
DA:490,0
DA:491,0
DA:492,0
DA:493,0
DA:494,0
DA:495,0
DA:497,0
DA:498,0
DA:499,0
DA:500,0
DA:501,0
DA:502,0
DA:504,0
DA:505,0
DA:509,1
DA:510,1
DA:511,1
DA:512,1
DA:513,1
DA:514,1
DA:515,1
DA:518,1
DA:519,1
DA:520,1
DA:521,1
DA:522,1
DA:524,1
DA:525,1
DA:527,0
DA:528,0
DA:529,0
DA:531,1
DA:535,0
DA:536,0
DA:537,0
DA:546,1
DA:547,1
DA:550,1
DA:551,1
DA:553,1
DA:554,1
DA:555,1
DA:556,1
DA:559,1
DA:560,1
DA:563,1
DA:564,1
DA:565,1
DA:566,1
DA:568,1
DA:571,1
DA:573,1
DA:574,1
DA:575,1
DA:576,1
DA:579,1
DA:580,1
DA:583,1
DA:584,1
DA:587,1
DA:588,1
DA:589,1
DA:592,1
DA:593,1
DA:596,1
DA:597,1
DA:598,1
DA:601,1
DA:603,1
DA:604,1
DA:605,1
DA:606,1
DA:609,1
DA:610,1
DA:612,1
DA:613,1
DA:614,1
DA:615,1
DA:616,1
DA:617,1
DA:618,1
DA:619,1
DA:620,1
DA:623,1
DA:624,1
DA:625,1
DA:627,1
DA:628,1
DA:629,1
DA:632,1
DA:633,1
DA:634,1
DA:635,1
DA:636,1
DA:639,1
DA:642,1
DA:643,1
DA:644,1
DA:645,1
DA:646,0
DA:647,0
DA:648,0
DA:649,1
DA:652,1
DA:653,1
DA:654,1
DA:656,1
DA:657,1
DA:659,1
DA:660,1
DA:661,1
DA:663,1
DA:664,1
BRF:0
BRH:0
LF:425
LH:279
end_of_record
SF:/home/chad/git/mathjit/src/egglog_integration.rs
FN:221,_RNvNtNtCsbIMKQJJAEYn_7mathjit18egglog_integration5testss_23test_basic_optimization
FN:189,_RNvNtNtCsbIMKQJJAEYn_7mathjit18egglog_integration5testss_30test_egglog_optimizer_creation
FN:241,_RNvNtNtCsbIMKQJJAEYn_7mathjit18egglog_integration5testss_34test_complex_expression_conversion
FN:198,_RNvNtNtCsbIMKQJJAEYn_7mathjit18egglog_integration5testss_34test_jit_repr_to_egglog_conversion
FN:53,_RNCNvMNtCsbIMKQJJAEYn_7mathjit18egglog_integrationNtB4_15EgglogOptimizer8optimize0B6_
FN:58,_RNCNvMNtCsbIMKQJJAEYn_7mathjit18egglog_integrationNtB4_15EgglogOptimizer8optimizes_0B6_
FN:68,_RNvMNtCsbIMKQJJAEYn_7mathjit18egglog_integrationNtB2_15EgglogOptimizer18jit_repr_to_egglog
FN:134,_RNvMNtCsbIMKQJJAEYn_7mathjit18egglog_integrationNtB2_15EgglogOptimizer22extract_optimized_expr
FN:31,_RNvMNtCsbIMKQJJAEYn_7mathjit18egglog_integrationNtB2_15EgglogOptimizer3new
FN:42,_RNvMNtCsbIMKQJJAEYn_7mathjit18egglog_integrationNtB2_15EgglogOptimizer8optimize
FN:178,_RNvNtCsbIMKQJJAEYn_7mathjit18egglog_integration20optimize_with_egglog
FN:152,_RNvMNtCsbIMKQJJAEYn_7mathjit18egglog_integrationNtB2_15EgglogOptimizer18egglog_to_jit_repr
FN:53,_RNCNvMNtCs45Qm4wG2YD4_7mathjit18egglog_integrationNtB4_15EgglogOptimizer8optimize0B6_
FN:58,_RNCNvMNtCs45Qm4wG2YD4_7mathjit18egglog_integrationNtB4_15EgglogOptimizer8optimizes_0B6_
FN:68,_RNvMNtCs45Qm4wG2YD4_7mathjit18egglog_integrationNtB2_15EgglogOptimizer18jit_repr_to_egglog
FN:134,_RNvMNtCs45Qm4wG2YD4_7mathjit18egglog_integrationNtB2_15EgglogOptimizer22extract_optimized_expr
FN:31,_RNvMNtCs45Qm4wG2YD4_7mathjit18egglog_integrationNtB2_15EgglogOptimizer3new
FN:42,_RNvMNtCs45Qm4wG2YD4_7mathjit18egglog_integrationNtB2_15EgglogOptimizer8optimize
FN:178,_RNvNtCs45Qm4wG2YD4_7mathjit18egglog_integration20optimize_with_egglog
FN:152,_RNvMNtCs45Qm4wG2YD4_7mathjit18egglog_integrationNtB2_15EgglogOptimizer18egglog_to_jit_repr
FNDA:1,_RNvNtNtCsbIMKQJJAEYn_7mathjit18egglog_integration5testss_23test_basic_optimization
FNDA:1,_RNvNtNtCsbIMKQJJAEYn_7mathjit18egglog_integration5testss_30test_egglog_optimizer_creation
FNDA:1,_RNvNtNtCsbIMKQJJAEYn_7mathjit18egglog_integration5testss_34test_complex_expression_conversion
FNDA:1,_RNvNtNtCsbIMKQJJAEYn_7mathjit18egglog_integration5testss_34test_jit_repr_to_egglog_conversion
FNDA:2,_RNCNvMNtCsbIMKQJJAEYn_7mathjit18egglog_integrationNtB4_15EgglogOptimizer8optimize0B6_
FNDA:0,_RNCNvMNtCsbIMKQJJAEYn_7mathjit18egglog_integrationNtB4_15EgglogOptimizer8optimizes_0B6_
FNDA:17,_RNvMNtCsbIMKQJJAEYn_7mathjit18egglog_integrationNtB2_15EgglogOptimizer18jit_repr_to_egglog
FNDA:0,_RNvMNtCsbIMKQJJAEYn_7mathjit18egglog_integrationNtB2_15EgglogOptimizer22extract_optimized_expr
FNDA:5,_RNvMNtCsbIMKQJJAEYn_7mathjit18egglog_integrationNtB2_15EgglogOptimizer3new
FNDA:2,_RNvMNtCsbIMKQJJAEYn_7mathjit18egglog_integrationNtB2_15EgglogOptimizer8optimize
FNDA:2,_RNvNtCsbIMKQJJAEYn_7mathjit18egglog_integration20optimize_with_egglog
FNDA:0,_RNvMNtCsbIMKQJJAEYn_7mathjit18egglog_integrationNtB2_15EgglogOptimizer18egglog_to_jit_repr
FNDA:10,_RNCNvMNtCs45Qm4wG2YD4_7mathjit18egglog_integrationNtB4_15EgglogOptimizer8optimize0B6_
FNDA:0,_RNCNvMNtCs45Qm4wG2YD4_7mathjit18egglog_integrationNtB4_15EgglogOptimizer8optimizes_0B6_
FNDA:33,_RNvMNtCs45Qm4wG2YD4_7mathjit18egglog_integrationNtB2_15EgglogOptimizer18jit_repr_to_egglog
FNDA:0,_RNvMNtCs45Qm4wG2YD4_7mathjit18egglog_integrationNtB2_15EgglogOptimizer22extract_optimized_expr
FNDA:10,_RNvMNtCs45Qm4wG2YD4_7mathjit18egglog_integrationNtB2_15EgglogOptimizer3new
FNDA:10,_RNvMNtCs45Qm4wG2YD4_7mathjit18egglog_integrationNtB2_15EgglogOptimizer8optimize
FNDA:10,_RNvNtCs45Qm4wG2YD4_7mathjit18egglog_integration20optimize_with_egglog
FNDA:0,_RNvMNtCs45Qm4wG2YD4_7mathjit18egglog_integrationNtB2_15EgglogOptimizer18egglog_to_jit_repr
FNF:12
FNH:9
DA:31,15
DA:34,15
DA:35,15
DA:36,15
DA:37,15
DA:38,15
DA:39,15
DA:42,12
DA:44,12
DA:47,12
DA:48,12
DA:50,12
DA:51,12
DA:52,12
DA:53,12
DA:56,0
DA:57,0
DA:58,0
DA:63,0
DA:64,12
DA:68,50
DA:69,50
DA:70,8
DA:71,0
DA:73,0
DA:74,0
DA:75,0
DA:76,0
DA:78,0
DA:80,24
DA:81,12
DA:82,12
DA:83,12
DA:84,12
DA:86,0
DA:87,0
DA:88,0
DA:89,0
DA:91,1
DA:92,1
DA:93,1
DA:94,1
DA:96,0
DA:97,0
DA:98,0
DA:99,0
DA:101,3
DA:102,3
DA:103,3
DA:104,3
DA:106,0
DA:107,0
DA:108,0
DA:110,0
DA:111,0
DA:112,0
DA:114,1
DA:115,1
DA:116,1
DA:118,1
DA:119,1
DA:120,1
DA:122,0
DA:123,0
DA:124,0
DA:126,0
DA:127,0
DA:128,0
DA:131,50
DA:134,0
DA:139,0
DA:146,0
DA:147,0
DA:148,0
DA:149,0
DA:152,0
DA:155,0
DA:156,0
DA:157,0
DA:158,0
DA:178,12
DA:179,12
DA:180,12
DA:181,12
DA:189,1
DA:190,1
DA:192,1
DA:195,1
DA:198,1
DA:201,1
DA:204,1
DA:205,1
DA:206,1
DA:209,1
DA:210,1
DA:211,1
DA:214,1
DA:215,1
DA:216,1
DA:218,1
DA:221,1
DA:223,1
DA:224,1
DA:230,1
DA:238,1
DA:241,1
DA:244,1
DA:247,1
DA:248,1
DA:249,1
DA:252,1
DA:253,1
DA:254,1
DA:255,1
DA:256,1
DA:258,1
BRF:0
BRH:0
LF:118
LH:73
end_of_record
SF:/home/chad/git/mathjit/src/error.rs
FN:44,_RNvXNtCsbIMKQJJAEYn_7mathjit5errorNtB2_12MathJITErrorNtNtCs264BKr10cB_4core3fmt7Display3fmt
FN:73,_RNvXs0_NtCsbIMKQJJAEYn_7mathjit5errorNtB5_12MathJITErrorINtNtCs264BKr10cB_4core7convert4FromNtNtCs26ZtgXyxV3x_5alloc6string6StringE4from
FN:79,_RNvXs1_NtCsbIMKQJJAEYn_7mathjit5errorNtB5_12MathJITErrorINtNtCs264BKr10cB_4core7convert4FromReE4from
FN:65,_RNvXs_NtCsbIMKQJJAEYn_7mathjit5errorNtB4_12MathJITErrorNtNtCs264BKr10cB_4core5error5Error6source
FN:163,_RNvNtNtCsbIMKQJJAEYn_7mathjit5error5testss_16test_error_clone
FN:131,_RNvNtNtCsbIMKQJJAEYn_7mathjit5error5testss_17test_error_source
FN:112,_RNvNtNtCsbIMKQJJAEYn_7mathjit5error5testss_22test_jit_error_display
FN:187,_RNvNtNtCsbIMKQJJAEYn_7mathjit5error5testss_22test_result_error_case
FN:176,_RNvNtNtCsbIMKQJJAEYn_7mathjit5error5testss_22test_result_type_alias
FN:146,_RNvNtNtCsbIMKQJJAEYn_7mathjit5error5testss_24test_from_str_conversion
FN:155,_RNvNtNtCsbIMKQJJAEYn_7mathjit5error5testss_27test_error_debug_formatting
FN:137,_RNvNtNtCsbIMKQJJAEYn_7mathjit5error5testss_27test_from_string_conversion
FN:90,_RNvNtNtCsbIMKQJJAEYn_7mathjit5error5testss_29test_error_display_formatting
FN:122,_RNvNtNtCsbIMKQJJAEYn_7mathjit5error5testss_31test_optimization_error_display
FN:188,_RNvNvNtNtCsbIMKQJJAEYn_7mathjit5error5testss_22test_result_error_case16failing_function
FN:177,_RNvNvNtNtCsbIMKQJJAEYn_7mathjit5error5testss_22test_result_type_alias13test_function
FN:44,_RNvXNtCs45Qm4wG2YD4_7mathjit5errorNtB2_12MathJITErrorNtNtCs264BKr10cB_4core3fmt7Display3fmt
FN:73,_RNvXs0_NtCs45Qm4wG2YD4_7mathjit5errorNtB5_12MathJITErrorINtNtCs264BKr10cB_4core7convert4FromNtNtCs26ZtgXyxV3x_5alloc6string6StringE4from
FN:79,_RNvXs1_NtCs45Qm4wG2YD4_7mathjit5errorNtB5_12MathJITErrorINtNtCs264BKr10cB_4core7convert4FromReE4from
FN:65,_RNvXs_NtCs45Qm4wG2YD4_7mathjit5errorNtB4_12MathJITErrorNtNtCs264BKr10cB_4core5error5Error6source
FNDA:7,_RNvXNtCsbIMKQJJAEYn_7mathjit5errorNtB2_12MathJITErrorNtNtCs264BKr10cB_4core3fmt7Display3fmt
FNDA:1,_RNvXs0_NtCsbIMKQJJAEYn_7mathjit5errorNtB5_12MathJITErrorINtNtCs264BKr10cB_4core7convert4FromNtNtCs26ZtgXyxV3x_5alloc6string6StringE4from
FNDA:1,_RNvXs1_NtCsbIMKQJJAEYn_7mathjit5errorNtB5_12MathJITErrorINtNtCs264BKr10cB_4core7convert4FromReE4from
FNDA:1,_RNvXs_NtCsbIMKQJJAEYn_7mathjit5errorNtB4_12MathJITErrorNtNtCs264BKr10cB_4core5error5Error6source
FNDA:1,_RNvNtNtCsbIMKQJJAEYn_7mathjit5error5testss_16test_error_clone
FNDA:1,_RNvNtNtCsbIMKQJJAEYn_7mathjit5error5testss_17test_error_source
FNDA:1,_RNvNtNtCsbIMKQJJAEYn_7mathjit5error5testss_22test_jit_error_display
FNDA:1,_RNvNtNtCsbIMKQJJAEYn_7mathjit5error5testss_22test_result_error_case
FNDA:1,_RNvNtNtCsbIMKQJJAEYn_7mathjit5error5testss_22test_result_type_alias
FNDA:1,_RNvNtNtCsbIMKQJJAEYn_7mathjit5error5testss_24test_from_str_conversion
FNDA:1,_RNvNtNtCsbIMKQJJAEYn_7mathjit5error5testss_27test_error_debug_formatting
FNDA:1,_RNvNtNtCsbIMKQJJAEYn_7mathjit5error5testss_27test_from_string_conversion
FNDA:1,_RNvNtNtCsbIMKQJJAEYn_7mathjit5error5testss_29test_error_display_formatting
FNDA:1,_RNvNtNtCsbIMKQJJAEYn_7mathjit5error5testss_31test_optimization_error_display
FNDA:1,_RNvNvNtNtCsbIMKQJJAEYn_7mathjit5error5testss_22test_result_error_case16failing_function
FNDA:1,_RNvNvNtNtCsbIMKQJJAEYn_7mathjit5error5testss_22test_result_type_alias13test_function
FNDA:0,_RNvXNtCs45Qm4wG2YD4_7mathjit5errorNtB2_12MathJITErrorNtNtCs264BKr10cB_4core3fmt7Display3fmt
FNDA:0,_RNvXs0_NtCs45Qm4wG2YD4_7mathjit5errorNtB5_12MathJITErrorINtNtCs264BKr10cB_4core7convert4FromNtNtCs26ZtgXyxV3x_5alloc6string6StringE4from
FNDA:0,_RNvXs1_NtCs45Qm4wG2YD4_7mathjit5errorNtB5_12MathJITErrorINtNtCs264BKr10cB_4core7convert4FromReE4from
FNDA:0,_RNvXs_NtCs45Qm4wG2YD4_7mathjit5errorNtB4_12MathJITErrorNtNtCs264BKr10cB_4core5error5Error6source
FNF:16
FNH:16
DA:44,7
DA:45,7
DA:47,1
DA:49,0
DA:52,1
DA:54,1
DA:55,1
DA:56,1
DA:57,1
DA:58,0
DA:59,1
DA:61,7
DA:65,1
DA:66,1
DA:67,1
DA:73,1
DA:74,1
DA:75,1
DA:79,1
DA:80,1
DA:81,1
DA:90,1
DA:91,1
DA:92,1
DA:94,1
DA:95,1
DA:96,1
DA:100,1
DA:101,1
DA:103,1
DA:104,1
DA:106,1
DA:107,1
DA:108,1
DA:112,1
DA:113,1
DA:114,1
DA:115,1
DA:118,1
DA:122,1
DA:123,1
DA:124,1
DA:125,1
DA:128,1
DA:131,1
DA:132,1
DA:133,1
DA:134,1
DA:137,1
DA:138,1
DA:139,1
DA:140,1
DA:141,0
DA:143,1
DA:146,1
DA:147,1
DA:148,1
DA:149,1
DA:150,0
DA:152,1
DA:155,1
DA:156,1
DA:157,1
DA:158,1
DA:159,1
DA:160,1
DA:163,1
DA:164,1
DA:165,1
DA:167,1
DA:168,1
DA:169,1
DA:171,0
DA:173,1
DA:176,1
DA:177,1
DA:178,1
DA:179,1
DA:181,1
DA:182,1
DA:183,1
DA:184,1
DA:187,1
DA:188,1
DA:189,1
DA:190,1
DA:192,1
DA:193,1
DA:194,1
DA:195,1
DA:196,0
DA:198,1
BRF:0
BRH:0
LF:92
LH:86
end_of_record
SF:/home/chad/git/mathjit/src/final_tagless.rs
FN:899,_RINvMs6_NtCsbIMKQJJAEYn_7mathjit13final_taglessNtB6_7ASTEval11var_by_namedEB8_
FN:465,_RINvMs_NtCsbIMKQJJAEYn_7mathjit13final_taglessNtB5_10DirectEval14eval_with_varsdEB7_
FN:474,_RINvMs_NtCsbIMKQJJAEYn_7mathjit13final_taglessNtB5_10DirectEval21eval_two_vars_genericdEB7_
FN:459,_RINvMs_NtCsbIMKQJJAEYn_7mathjit13final_taglessNtB5_10DirectEval3vardEB7_
FN:574,_RINvXs0_NtCsbIMKQJJAEYn_7mathjit13final_taglessNtB6_10DirectEvalNtB6_8MathExpr2lndEB8_
FN:530,_RINvXs0_NtCsbIMKQJJAEYn_7mathjit13final_taglessNtB6_10DirectEvalNtB6_8MathExpr3adddddEB8_
FN:590,_RINvXs0_NtCsbIMKQJJAEYn_7mathjit13final_taglessNtB6_10DirectEvalNtB6_8MathExpr3cosdEB8_
FN:557,_RINvXs0_NtCsbIMKQJJAEYn_7mathjit13final_taglessNtB6_10DirectEvalNtB6_8MathExpr3divdddEB8_
FN:578,_RINvXs0_NtCsbIMKQJJAEYn_7mathjit13final_taglessNtB6_10DirectEvalNtB6_8MathExpr3expdEB8_
FN:548,_RINvXs0_NtCsbIMKQJJAEYn_7mathjit13final_taglessNtB6_10DirectEvalNtB6_8MathExpr3muldddEB8_
FN:570,_RINvXs0_NtCsbIMKQJJAEYn_7mathjit13final_taglessNtB6_10DirectEvalNtB6_8MathExpr3negdEB8_
FN:586,_RINvXs0_NtCsbIMKQJJAEYn_7mathjit13final_taglessNtB6_10DirectEvalNtB6_8MathExpr3sindEB8_
FN:539,_RINvXs0_NtCsbIMKQJJAEYn_7mathjit13final_taglessNtB6_10DirectEvalNtB6_8MathExpr3subdddEB8_
FN:582,_RINvXs0_NtCsbIMKQJJAEYn_7mathjit13final_taglessNtB6_10DirectEvalNtB6_8MathExpr4sqrtdEB8_
FN:522,_RINvXs0_NtCsbIMKQJJAEYn_7mathjit13final_taglessNtB6_10DirectEvalNtB6_8MathExpr8constantdEB8_
FN:716,_RINvXs3_NtCsbIMKQJJAEYn_7mathjit13final_taglessNtB6_11PrettyPrintNtB6_8MathExpr3adddddEB8_
FN:734,_RINvXs3_NtCsbIMKQJJAEYn_7mathjit13final_taglessNtB6_11PrettyPrintNtB6_8MathExpr3muldddEB8_
FN:752,_RINvXs3_NtCsbIMKQJJAEYn_7mathjit13final_taglessNtB6_11PrettyPrintNtB6_8MathExpr3powdEB8_
FN:712,_RINvXs3_NtCsbIMKQJJAEYn_7mathjit13final_taglessNtB6_11PrettyPrintNtB6_8MathExpr3vardEB8_
FN:708,_RINvXs3_NtCsbIMKQJJAEYn_7mathjit13final_taglessNtB6_11PrettyPrintNtB6_8MathExpr8constantdEB8_
FN:598,_RINvYNtNtCsbIMKQJJAEYn_7mathjit13final_tagless10DirectEvalNtB5_15StatisticalExpr8logisticdEB7_
FN:481,_RNCINvMs_NtCsbIMKQJJAEYn_7mathjit13final_taglessNtB7_10DirectEval21eval_two_vars_genericdE0B9_
FN:485,_RNCINvMs_NtCsbIMKQJJAEYn_7mathjit13final_taglessNtB7_10DirectEval21eval_two_vars_genericdEs0_0B9_
FN:484,_RNCINvMs_NtCsbIMKQJJAEYn_7mathjit13final_taglessNtB7_10DirectEval21eval_two_vars_genericdEs_0B9_
FN:875,_RNvMs5_NtCsbIMKQJJAEYn_7mathjit13final_taglessINtB5_7ASTReprdE13variable_nameB7_
FN:867,_RNvMs5_NtCsbIMKQJJAEYn_7mathjit13final_taglessINtB5_7ASTReprdE14variable_indexB7_
FN:849,_RNvMs5_NtCsbIMKQJJAEYn_7mathjit13final_taglessINtB5_7ASTReprdE16count_operationsB7_
FN:1196,_RINvNvNtNtCsbIMKQJJAEYn_7mathjit13final_tagless5testss_16test_direct_eval6linearNtB6_10DirectEvalEB8_
FN:1216,_RINvNvNtNtCsbIMKQJJAEYn_7mathjit13final_tagless5testss_17test_pretty_print9quadraticNtB6_11PrettyPrintEB8_
FN:1206,_RINvNvNtNtCsbIMKQJJAEYn_7mathjit13final_tagless5testss_26test_statistical_extension13logistic_exprNtB6_10DirectEvalEB8_
FN:1195,_RNvNtNtCsbIMKQJJAEYn_7mathjit13final_tagless5testss_16test_direct_eval
FN:1215,_RNvNtNtCsbIMKQJJAEYn_7mathjit13final_tagless5testss_17test_pretty_print
FN:1238,_RNvNtNtCsbIMKQJJAEYn_7mathjit13final_tagless5testss_22test_horner_polynomial
FN:1308,_RNvNtNtCsbIMKQJJAEYn_7mathjit13final_tagless5testss_23test_pretty_print_basic
FN:1271,_RNvNtNtCsbIMKQJJAEYn_7mathjit13final_tagless5testss_24test_division_operations
FN:1248,_RNvNtNtCsbIMKQJJAEYn_7mathjit13final_tagless5testss_24test_horner_pretty_print
FN:1343,_RNvNtNtCsbIMKQJJAEYn_7mathjit13final_tagless5testss_25test_mixed_variable_types
FN:1256,_RNvNtNtCsbIMKQJJAEYn_7mathjit13final_tagless5testss_26test_polynomial_from_roots
FN:1205,_RNvNtNtCsbIMKQJJAEYn_7mathjit13final_tagless5testss_26test_statistical_extension
FN:1354,_RNvNtNtCsbIMKQJJAEYn_7mathjit13final_tagless5testss_26test_variable_index_access
FN:1285,_RNvNtNtCsbIMKQJJAEYn_7mathjit13final_tagless5testss_29test_transcendental_functions
FN:1324,_RNvNtNtCsbIMKQJJAEYn_7mathjit13final_tagless5testss_32test_efficient_variable_indexing
FN:1364,_RNvNtNtCsbIMKQJJAEYn_7mathjit13final_tagless5testss_33test_out_of_bounds_variable_index
FN:700,_RNvMs2_NtCsbIMKQJJAEYn_7mathjit13final_taglessNtB5_11PrettyPrint3var
FN:514,_RNvMs_NtCsbIMKQJJAEYn_7mathjit13final_taglessNtB4_10DirectEval13eval_two_vars
FN:985,_RNvXs7_NtCsbIMKQJJAEYn_7mathjit13final_taglessNtB5_7ASTEvalNtB5_11ASTMathExpr2ln
FN:961,_RNvXs7_NtCsbIMKQJJAEYn_7mathjit13final_taglessNtB5_7ASTEvalNtB5_11ASTMathExpr3add
FN:1001,_RNvXs7_NtCsbIMKQJJAEYn_7mathjit13final_taglessNtB5_7ASTEvalNtB5_11ASTMathExpr3cos
FN:989,_RNvXs7_NtCsbIMKQJJAEYn_7mathjit13final_taglessNtB5_7ASTEvalNtB5_11ASTMathExpr3exp
FN:969,_RNvXs7_NtCsbIMKQJJAEYn_7mathjit13final_taglessNtB5_7ASTEvalNtB5_11ASTMathExpr3mul
FN:977,_RNvXs7_NtCsbIMKQJJAEYn_7mathjit13final_taglessNtB5_7ASTEvalNtB5_11ASTMathExpr3pow
FN:997,_RNvXs7_NtCsbIMKQJJAEYn_7mathjit13final_taglessNtB5_7ASTEvalNtB5_11ASTMathExpr3sin
FN:965,_RNvXs7_NtCsbIMKQJJAEYn_7mathjit13final_taglessNtB5_7ASTEvalNtB5_11ASTMathExpr3sub
FN:957,_RNvXs7_NtCsbIMKQJJAEYn_7mathjit13final_taglessNtB5_7ASTEvalNtB5_11ASTMathExpr3var
FN:953,_RNvXs7_NtCsbIMKQJJAEYn_7mathjit13final_taglessNtB5_7ASTEvalNtB5_11ASTMathExpr8constant
FN:893,_RINvMs6_NtCsbIMKQJJAEYn_7mathjit13final_taglessNtB6_7ASTEval3varpEB8_
FN:270,_RINvNtNtCsbIMKQJJAEYn_7mathjit13final_tagless10polynomial11horner_exprppEB6_
FN:348,_RINvNtNtCsbIMKQJJAEYn_7mathjit13final_tagless10polynomial17horner_derivativeppEB6_
FN:566,_RINvXs0_NtCsbIMKQJJAEYn_7mathjit13final_taglessNtB6_10DirectEvalNtB6_8MathExpr3powpEB8_
FN:526,_RINvXs0_NtCsbIMKQJJAEYn_7mathjit13final_taglessNtB6_10DirectEvalNtB6_8MathExpr3varpEB8_
FN:760,_RINvXs3_NtCsbIMKQJJAEYn_7mathjit13final_taglessNtB6_11PrettyPrintNtB6_8MathExpr2lnpEB8_
FN:776,_RINvXs3_NtCsbIMKQJJAEYn_7mathjit13final_taglessNtB6_11PrettyPrintNtB6_8MathExpr3cospEB8_
FN:743,_RINvXs3_NtCsbIMKQJJAEYn_7mathjit13final_taglessNtB6_11PrettyPrintNtB6_8MathExpr3divpppEB8_
FN:764,_RINvXs3_NtCsbIMKQJJAEYn_7mathjit13final_taglessNtB6_11PrettyPrintNtB6_8MathExpr3exppEB8_
FN:756,_RINvXs3_NtCsbIMKQJJAEYn_7mathjit13final_taglessNtB6_11PrettyPrintNtB6_8MathExpr3negpEB8_
FN:772,_RINvXs3_NtCsbIMKQJJAEYn_7mathjit13final_taglessNtB6_11PrettyPrintNtB6_8MathExpr3sinpEB8_
FN:725,_RINvXs3_NtCsbIMKQJJAEYn_7mathjit13final_taglessNtB6_11PrettyPrintNtB6_8MathExpr3subpppEB8_
FN:768,_RINvXs3_NtCsbIMKQJJAEYn_7mathjit13final_taglessNtB6_11PrettyPrintNtB6_8MathExpr4sqrtpEB8_
FN:1065,_RINvXs8_NtCsbIMKQJJAEYn_7mathjit13final_taglessNtB6_7ASTEvalNtB6_8MathExpr2lnpEB8_
FN:1019,_RINvXs8_NtCsbIMKQJJAEYn_7mathjit13final_taglessNtB6_7ASTEvalNtB6_8MathExpr3addpppEB8_
FN:1081,_RINvXs8_NtCsbIMKQJJAEYn_7mathjit13final_taglessNtB6_7ASTEvalNtB6_8MathExpr3cospEB8_
FN:1048,_RINvXs8_NtCsbIMKQJJAEYn_7mathjit13final_taglessNtB6_7ASTEvalNtB6_8MathExpr3divpppEB8_
FN:1069,_RINvXs8_NtCsbIMKQJJAEYn_7mathjit13final_taglessNtB6_7ASTEvalNtB6_8MathExpr3exppEB8_
FN:1039,_RINvXs8_NtCsbIMKQJJAEYn_7mathjit13final_taglessNtB6_7ASTEvalNtB6_8MathExpr3mulpppEB8_
FN:1061,_RINvXs8_NtCsbIMKQJJAEYn_7mathjit13final_taglessNtB6_7ASTEvalNtB6_8MathExpr3negpEB8_
FN:1057,_RINvXs8_NtCsbIMKQJJAEYn_7mathjit13final_taglessNtB6_7ASTEvalNtB6_8MathExpr3powpEB8_
FN:1077,_RINvXs8_NtCsbIMKQJJAEYn_7mathjit13final_taglessNtB6_7ASTEvalNtB6_8MathExpr3sinpEB8_
FN:1030,_RINvXs8_NtCsbIMKQJJAEYn_7mathjit13final_taglessNtB6_7ASTEvalNtB6_8MathExpr3subpppEB8_
FN:1015,_RINvXs8_NtCsbIMKQJJAEYn_7mathjit13final_taglessNtB6_7ASTEvalNtB6_8MathExpr3varpEB8_
FN:1073,_RINvXs8_NtCsbIMKQJJAEYn_7mathjit13final_taglessNtB6_7ASTEvalNtB6_8MathExpr4sqrtpEB8_
FN:1011,_RINvXs8_NtCsbIMKQJJAEYn_7mathjit13final_taglessNtB6_7ASTEvalNtB6_8MathExpr8constantpEB8_
FN:615,_RINvYpNtNtCsbIMKQJJAEYn_7mathjit13final_tagless15StatisticalExpr7sigmoidpEB8_
FN:607,_RINvYpNtNtCsbIMKQJJAEYn_7mathjit13final_tagless15StatisticalExpr8softpluspEB8_
FN:361,_RNCINvNtNtCsbIMKQJJAEYn_7mathjit13final_tagless10polynomial17horner_derivativeppE0B8_
FN:973,_RNvXs7_NtCsbIMKQJJAEYn_7mathjit13final_taglessNtB5_7ASTEvalNtB5_11ASTMathExpr3div
FN:981,_RNvXs7_NtCsbIMKQJJAEYn_7mathjit13final_taglessNtB5_7ASTEvalNtB5_11ASTMathExpr3neg
FN:993,_RNvXs7_NtCsbIMKQJJAEYn_7mathjit13final_taglessNtB5_7ASTEvalNtB5_11ASTMathExpr4sqrt
FN:1169,_RNvXsa_NtCsbIMKQJJAEYn_7mathjit13final_taglessNtB5_7ASTEvalNtB5_14ASTMathExprf642ln
FN:1145,_RNvXsa_NtCsbIMKQJJAEYn_7mathjit13final_taglessNtB5_7ASTEvalNtB5_14ASTMathExprf643add
FN:1185,_RNvXsa_NtCsbIMKQJJAEYn_7mathjit13final_taglessNtB5_7ASTEvalNtB5_14ASTMathExprf643cos
FN:1157,_RNvXsa_NtCsbIMKQJJAEYn_7mathjit13final_taglessNtB5_7ASTEvalNtB5_14ASTMathExprf643div
FN:1173,_RNvXsa_NtCsbIMKQJJAEYn_7mathjit13final_taglessNtB5_7ASTEvalNtB5_14ASTMathExprf643exp
FN:1153,_RNvXsa_NtCsbIMKQJJAEYn_7mathjit13final_taglessNtB5_7ASTEvalNtB5_14ASTMathExprf643mul
FN:1165,_RNvXsa_NtCsbIMKQJJAEYn_7mathjit13final_taglessNtB5_7ASTEvalNtB5_14ASTMathExprf643neg
FN:1161,_RNvXsa_NtCsbIMKQJJAEYn_7mathjit13final_taglessNtB5_7ASTEvalNtB5_14ASTMathExprf643pow
FN:1181,_RNvXsa_NtCsbIMKQJJAEYn_7mathjit13final_taglessNtB5_7ASTEvalNtB5_14ASTMathExprf643sin
FN:1149,_RNvXsa_NtCsbIMKQJJAEYn_7mathjit13final_taglessNtB5_7ASTEvalNtB5_14ASTMathExprf643sub
FN:1141,_RNvXsa_NtCsbIMKQJJAEYn_7mathjit13final_taglessNtB5_7ASTEvalNtB5_14ASTMathExprf643var
FN:1177,_RNvXsa_NtCsbIMKQJJAEYn_7mathjit13final_taglessNtB5_7ASTEvalNtB5_14ASTMathExprf644sqrt
FN:1137,_RNvXsa_NtCsbIMKQJJAEYn_7mathjit13final_taglessNtB5_7ASTEvalNtB5_14ASTMathExprf648constant
FN:311,_RINvNtNtCsbIMKQJJAEYn_7mathjit13final_tagless10polynomial10from_rootsNtB4_10DirectEvaldEB6_
FN:226,_RINvNtNtCsbIMKQJJAEYn_7mathjit13final_tagless10polynomial6hornerNtB4_10DirectEvaldEB6_
FN:226,_RINvNtNtCsbIMKQJJAEYn_7mathjit13final_tagless10polynomial6hornerNtB4_11PrettyPrintdEB6_
FN:700,_RNvMs2_NtCs45Qm4wG2YD4_7mathjit13final_taglessNtB5_11PrettyPrint3var
FN:514,_RNvMs_NtCs45Qm4wG2YD4_7mathjit13final_taglessNtB4_10DirectEval13eval_two_vars
FN:985,_RNvXs7_NtCs45Qm4wG2YD4_7mathjit13final_taglessNtB5_7ASTEvalNtB5_11ASTMathExpr2ln
FN:961,_RNvXs7_NtCs45Qm4wG2YD4_7mathjit13final_taglessNtB5_7ASTEvalNtB5_11ASTMathExpr3add
FN:1001,_RNvXs7_NtCs45Qm4wG2YD4_7mathjit13final_taglessNtB5_7ASTEvalNtB5_11ASTMathExpr3cos
FN:973,_RNvXs7_NtCs45Qm4wG2YD4_7mathjit13final_taglessNtB5_7ASTEvalNtB5_11ASTMathExpr3div
FN:989,_RNvXs7_NtCs45Qm4wG2YD4_7mathjit13final_taglessNtB5_7ASTEvalNtB5_11ASTMathExpr3exp
FN:969,_RNvXs7_NtCs45Qm4wG2YD4_7mathjit13final_taglessNtB5_7ASTEvalNtB5_11ASTMathExpr3mul
FN:981,_RNvXs7_NtCs45Qm4wG2YD4_7mathjit13final_taglessNtB5_7ASTEvalNtB5_11ASTMathExpr3neg
FN:977,_RNvXs7_NtCs45Qm4wG2YD4_7mathjit13final_taglessNtB5_7ASTEvalNtB5_11ASTMathExpr3pow
FN:997,_RNvXs7_NtCs45Qm4wG2YD4_7mathjit13final_taglessNtB5_7ASTEvalNtB5_11ASTMathExpr3sin
FN:965,_RNvXs7_NtCs45Qm4wG2YD4_7mathjit13final_taglessNtB5_7ASTEvalNtB5_11ASTMathExpr3sub
FN:957,_RNvXs7_NtCs45Qm4wG2YD4_7mathjit13final_taglessNtB5_7ASTEvalNtB5_11ASTMathExpr3var
FN:993,_RNvXs7_NtCs45Qm4wG2YD4_7mathjit13final_taglessNtB5_7ASTEvalNtB5_11ASTMathExpr4sqrt
FN:953,_RNvXs7_NtCs45Qm4wG2YD4_7mathjit13final_taglessNtB5_7ASTEvalNtB5_11ASTMathExpr8constant
FN:1169,_RNvXsa_NtCs45Qm4wG2YD4_7mathjit13final_taglessNtB5_7ASTEvalNtB5_14ASTMathExprf642ln
FN:1145,_RNvXsa_NtCs45Qm4wG2YD4_7mathjit13final_taglessNtB5_7ASTEvalNtB5_14ASTMathExprf643add
FN:1185,_RNvXsa_NtCs45Qm4wG2YD4_7mathjit13final_taglessNtB5_7ASTEvalNtB5_14ASTMathExprf643cos
FN:1157,_RNvXsa_NtCs45Qm4wG2YD4_7mathjit13final_taglessNtB5_7ASTEvalNtB5_14ASTMathExprf643div
FN:1173,_RNvXsa_NtCs45Qm4wG2YD4_7mathjit13final_taglessNtB5_7ASTEvalNtB5_14ASTMathExprf643exp
FN:1153,_RNvXsa_NtCs45Qm4wG2YD4_7mathjit13final_taglessNtB5_7ASTEvalNtB5_14ASTMathExprf643mul
FN:1165,_RNvXsa_NtCs45Qm4wG2YD4_7mathjit13final_taglessNtB5_7ASTEvalNtB5_14ASTMathExprf643neg
FN:1161,_RNvXsa_NtCs45Qm4wG2YD4_7mathjit13final_taglessNtB5_7ASTEvalNtB5_14ASTMathExprf643pow
FN:1181,_RNvXsa_NtCs45Qm4wG2YD4_7mathjit13final_taglessNtB5_7ASTEvalNtB5_14ASTMathExprf643sin
FN:1149,_RNvXsa_NtCs45Qm4wG2YD4_7mathjit13final_taglessNtB5_7ASTEvalNtB5_14ASTMathExprf643sub
FN:1141,_RNvXsa_NtCs45Qm4wG2YD4_7mathjit13final_taglessNtB5_7ASTEvalNtB5_14ASTMathExprf643var
FN:1177,_RNvXsa_NtCs45Qm4wG2YD4_7mathjit13final_taglessNtB5_7ASTEvalNtB5_14ASTMathExprf644sqrt
FN:1137,_RNvXsa_NtCs45Qm4wG2YD4_7mathjit13final_taglessNtB5_7ASTEvalNtB5_14ASTMathExprf648constant
FN:899,_RINvMs6_NtCs45Qm4wG2YD4_7mathjit13final_taglessNtB6_7ASTEval11var_by_namedEB8_
FN:474,_RINvMs_NtCs45Qm4wG2YD4_7mathjit13final_taglessNtB5_10DirectEval21eval_two_vars_genericdEB7_
FN:481,_RNCINvMs_NtCs45Qm4wG2YD4_7mathjit13final_taglessNtB7_10DirectEval21eval_two_vars_genericdE0B9_
FN:485,_RNCINvMs_NtCs45Qm4wG2YD4_7mathjit13final_taglessNtB7_10DirectEval21eval_two_vars_genericdEs0_0B9_
FN:484,_RNCINvMs_NtCs45Qm4wG2YD4_7mathjit13final_taglessNtB7_10DirectEval21eval_two_vars_genericdEs_0B9_
FN:849,_RNvMs5_NtCs45Qm4wG2YD4_7mathjit13final_taglessINtB5_7ASTReprdE16count_operationsB7_
FN:893,_RINvMs6_NtCs45Qm4wG2YD4_7mathjit13final_taglessNtB6_7ASTEval3varpEB8_
FN:465,_RINvMs_NtCs45Qm4wG2YD4_7mathjit13final_taglessNtB5_10DirectEval14eval_with_varspEB7_
FN:459,_RINvMs_NtCs45Qm4wG2YD4_7mathjit13final_taglessNtB5_10DirectEval3varpEB7_
FN:311,_RINvNtNtCs45Qm4wG2YD4_7mathjit13final_tagless10polynomial10from_rootsppEB6_
FN:270,_RINvNtNtCs45Qm4wG2YD4_7mathjit13final_tagless10polynomial11horner_exprppEB6_
FN:348,_RINvNtNtCs45Qm4wG2YD4_7mathjit13final_tagless10polynomial17horner_derivativeppEB6_
FN:226,_RINvNtNtCs45Qm4wG2YD4_7mathjit13final_tagless10polynomial6hornerppEB6_
FN:574,_RINvXs0_NtCs45Qm4wG2YD4_7mathjit13final_taglessNtB6_10DirectEvalNtB6_8MathExpr2lnpEB8_
FN:530,_RINvXs0_NtCs45Qm4wG2YD4_7mathjit13final_taglessNtB6_10DirectEvalNtB6_8MathExpr3addpppEB8_
FN:590,_RINvXs0_NtCs45Qm4wG2YD4_7mathjit13final_taglessNtB6_10DirectEvalNtB6_8MathExpr3cospEB8_
FN:557,_RINvXs0_NtCs45Qm4wG2YD4_7mathjit13final_taglessNtB6_10DirectEvalNtB6_8MathExpr3divpppEB8_
FN:578,_RINvXs0_NtCs45Qm4wG2YD4_7mathjit13final_taglessNtB6_10DirectEvalNtB6_8MathExpr3exppEB8_
FN:548,_RINvXs0_NtCs45Qm4wG2YD4_7mathjit13final_taglessNtB6_10DirectEvalNtB6_8MathExpr3mulpppEB8_
FN:570,_RINvXs0_NtCs45Qm4wG2YD4_7mathjit13final_taglessNtB6_10DirectEvalNtB6_8MathExpr3negpEB8_
FN:566,_RINvXs0_NtCs45Qm4wG2YD4_7mathjit13final_taglessNtB6_10DirectEvalNtB6_8MathExpr3powpEB8_
FN:586,_RINvXs0_NtCs45Qm4wG2YD4_7mathjit13final_taglessNtB6_10DirectEvalNtB6_8MathExpr3sinpEB8_
FN:539,_RINvXs0_NtCs45Qm4wG2YD4_7mathjit13final_taglessNtB6_10DirectEvalNtB6_8MathExpr3subpppEB8_
FN:526,_RINvXs0_NtCs45Qm4wG2YD4_7mathjit13final_taglessNtB6_10DirectEvalNtB6_8MathExpr3varpEB8_
FN:582,_RINvXs0_NtCs45Qm4wG2YD4_7mathjit13final_taglessNtB6_10DirectEvalNtB6_8MathExpr4sqrtpEB8_
FN:522,_RINvXs0_NtCs45Qm4wG2YD4_7mathjit13final_taglessNtB6_10DirectEvalNtB6_8MathExpr8constantpEB8_
FN:760,_RINvXs3_NtCs45Qm4wG2YD4_7mathjit13final_taglessNtB6_11PrettyPrintNtB6_8MathExpr2lnpEB8_
FN:716,_RINvXs3_NtCs45Qm4wG2YD4_7mathjit13final_taglessNtB6_11PrettyPrintNtB6_8MathExpr3addpppEB8_
FN:776,_RINvXs3_NtCs45Qm4wG2YD4_7mathjit13final_taglessNtB6_11PrettyPrintNtB6_8MathExpr3cospEB8_
FN:743,_RINvXs3_NtCs45Qm4wG2YD4_7mathjit13final_taglessNtB6_11PrettyPrintNtB6_8MathExpr3divpppEB8_
FN:764,_RINvXs3_NtCs45Qm4wG2YD4_7mathjit13final_taglessNtB6_11PrettyPrintNtB6_8MathExpr3exppEB8_
FN:734,_RINvXs3_NtCs45Qm4wG2YD4_7mathjit13final_taglessNtB6_11PrettyPrintNtB6_8MathExpr3mulpppEB8_
FN:756,_RINvXs3_NtCs45Qm4wG2YD4_7mathjit13final_taglessNtB6_11PrettyPrintNtB6_8MathExpr3negpEB8_
FN:752,_RINvXs3_NtCs45Qm4wG2YD4_7mathjit13final_taglessNtB6_11PrettyPrintNtB6_8MathExpr3powpEB8_
FN:772,_RINvXs3_NtCs45Qm4wG2YD4_7mathjit13final_taglessNtB6_11PrettyPrintNtB6_8MathExpr3sinpEB8_
FN:725,_RINvXs3_NtCs45Qm4wG2YD4_7mathjit13final_taglessNtB6_11PrettyPrintNtB6_8MathExpr3subpppEB8_
FN:712,_RINvXs3_NtCs45Qm4wG2YD4_7mathjit13final_taglessNtB6_11PrettyPrintNtB6_8MathExpr3varpEB8_
FN:768,_RINvXs3_NtCs45Qm4wG2YD4_7mathjit13final_taglessNtB6_11PrettyPrintNtB6_8MathExpr4sqrtpEB8_
FN:708,_RINvXs3_NtCs45Qm4wG2YD4_7mathjit13final_taglessNtB6_11PrettyPrintNtB6_8MathExpr8constantpEB8_
FN:1065,_RINvXs8_NtCs45Qm4wG2YD4_7mathjit13final_taglessNtB6_7ASTEvalNtB6_8MathExpr2lnpEB8_
FN:1019,_RINvXs8_NtCs45Qm4wG2YD4_7mathjit13final_taglessNtB6_7ASTEvalNtB6_8MathExpr3addpppEB8_
FN:1081,_RINvXs8_NtCs45Qm4wG2YD4_7mathjit13final_taglessNtB6_7ASTEvalNtB6_8MathExpr3cospEB8_
FN:1048,_RINvXs8_NtCs45Qm4wG2YD4_7mathjit13final_taglessNtB6_7ASTEvalNtB6_8MathExpr3divpppEB8_
FN:1069,_RINvXs8_NtCs45Qm4wG2YD4_7mathjit13final_taglessNtB6_7ASTEvalNtB6_8MathExpr3exppEB8_
FN:1039,_RINvXs8_NtCs45Qm4wG2YD4_7mathjit13final_taglessNtB6_7ASTEvalNtB6_8MathExpr3mulpppEB8_
FN:1061,_RINvXs8_NtCs45Qm4wG2YD4_7mathjit13final_taglessNtB6_7ASTEvalNtB6_8MathExpr3negpEB8_
FN:1057,_RINvXs8_NtCs45Qm4wG2YD4_7mathjit13final_taglessNtB6_7ASTEvalNtB6_8MathExpr3powpEB8_
FN:1077,_RINvXs8_NtCs45Qm4wG2YD4_7mathjit13final_taglessNtB6_7ASTEvalNtB6_8MathExpr3sinpEB8_
FN:1030,_RINvXs8_NtCs45Qm4wG2YD4_7mathjit13final_taglessNtB6_7ASTEvalNtB6_8MathExpr3subpppEB8_
FN:1015,_RINvXs8_NtCs45Qm4wG2YD4_7mathjit13final_taglessNtB6_7ASTEvalNtB6_8MathExpr3varpEB8_
FN:1073,_RINvXs8_NtCs45Qm4wG2YD4_7mathjit13final_taglessNtB6_7ASTEvalNtB6_8MathExpr4sqrtpEB8_
FN:1011,_RINvXs8_NtCs45Qm4wG2YD4_7mathjit13final_taglessNtB6_7ASTEvalNtB6_8MathExpr8constantpEB8_
FN:615,_RINvYpNtNtCs45Qm4wG2YD4_7mathjit13final_tagless15StatisticalExpr7sigmoidpEB8_
FN:598,_RINvYpNtNtCs45Qm4wG2YD4_7mathjit13final_tagless15StatisticalExpr8logisticpEB8_
FN:607,_RINvYpNtNtCs45Qm4wG2YD4_7mathjit13final_tagless15StatisticalExpr8softpluspEB8_
FN:361,_RNCINvNtNtCs45Qm4wG2YD4_7mathjit13final_tagless10polynomial17horner_derivativeppE0B8_
FN:875,_RNvMs5_NtCs45Qm4wG2YD4_7mathjit13final_taglessINtB5_7ASTReprpE13variable_nameB7_
FN:867,_RNvMs5_NtCs45Qm4wG2YD4_7mathjit13final_taglessINtB5_7ASTReprpE14variable_indexB7_
FNDA:98,_RINvMs6_NtCsbIMKQJJAEYn_7mathjit13final_taglessNtB6_7ASTEval11var_by_namedEB8_
FNDA:4,_RINvMs_NtCsbIMKQJJAEYn_7mathjit13final_taglessNtB5_10DirectEval14eval_with_varsdEB7_
FNDA:66,_RINvMs_NtCsbIMKQJJAEYn_7mathjit13final_taglessNtB5_10DirectEval21eval_two_vars_genericdEB7_
FNDA:13,_RINvMs_NtCsbIMKQJJAEYn_7mathjit13final_taglessNtB5_10DirectEval3vardEB7_
FNDA:2,_RINvXs0_NtCsbIMKQJJAEYn_7mathjit13final_taglessNtB6_10DirectEvalNtB6_8MathExpr2lndEB8_
FNDA:11,_RINvXs0_NtCsbIMKQJJAEYn_7mathjit13final_taglessNtB6_10DirectEvalNtB6_8MathExpr3adddddEB8_
FNDA:2,_RINvXs0_NtCsbIMKQJJAEYn_7mathjit13final_taglessNtB6_10DirectEvalNtB6_8MathExpr3cosdEB8_
FNDA:4,_RINvXs0_NtCsbIMKQJJAEYn_7mathjit13final_taglessNtB6_10DirectEvalNtB6_8MathExpr3divdddEB8_
FNDA:3,_RINvXs0_NtCsbIMKQJJAEYn_7mathjit13final_taglessNtB6_10DirectEvalNtB6_8MathExpr3expdEB8_
FNDA:15,_RINvXs0_NtCsbIMKQJJAEYn_7mathjit13final_taglessNtB6_10DirectEvalNtB6_8MathExpr3muldddEB8_
FNDA:4,_RINvXs0_NtCsbIMKQJJAEYn_7mathjit13final_taglessNtB6_10DirectEvalNtB6_8MathExpr3negdEB8_
FNDA:2,_RINvXs0_NtCsbIMKQJJAEYn_7mathjit13final_taglessNtB6_10DirectEvalNtB6_8MathExpr3sindEB8_
FNDA:7,_RINvXs0_NtCsbIMKQJJAEYn_7mathjit13final_taglessNtB6_10DirectEvalNtB6_8MathExpr3subdddEB8_
FNDA:1,_RINvXs0_NtCsbIMKQJJAEYn_7mathjit13final_taglessNtB6_10DirectEvalNtB6_8MathExpr4sqrtdEB8_
FNDA:30,_RINvXs0_NtCsbIMKQJJAEYn_7mathjit13final_taglessNtB6_10DirectEvalNtB6_8MathExpr8constantdEB8_
FNDA:6,_RINvXs3_NtCsbIMKQJJAEYn_7mathjit13final_taglessNtB6_11PrettyPrintNtB6_8MathExpr3adddddEB8_
FNDA:5,_RINvXs3_NtCsbIMKQJJAEYn_7mathjit13final_taglessNtB6_11PrettyPrintNtB6_8MathExpr3muldddEB8_
FNDA:1,_RINvXs3_NtCsbIMKQJJAEYn_7mathjit13final_taglessNtB6_11PrettyPrintNtB6_8MathExpr3powdEB8_
FNDA:1,_RINvXs3_NtCsbIMKQJJAEYn_7mathjit13final_taglessNtB6_11PrettyPrintNtB6_8MathExpr3vardEB8_
FNDA:11,_RINvXs3_NtCsbIMKQJJAEYn_7mathjit13final_taglessNtB6_11PrettyPrintNtB6_8MathExpr8constantdEB8_
FNDA:1,_RINvYNtNtCsbIMKQJJAEYn_7mathjit13final_tagless10DirectEvalNtB5_15StatisticalExpr8logisticdEB7_
FNDA:1,_RNCINvMs_NtCsbIMKQJJAEYn_7mathjit13final_taglessNtB7_10DirectEval21eval_two_vars_genericdE0B9_
FNDA:0,_RNCINvMs_NtCsbIMKQJJAEYn_7mathjit13final_taglessNtB7_10DirectEval21eval_two_vars_genericdEs0_0B9_
FNDA:0,_RNCINvMs_NtCsbIMKQJJAEYn_7mathjit13final_taglessNtB7_10DirectEval21eval_two_vars_genericdEs_0B9_
FNDA:1,_RNvMs5_NtCsbIMKQJJAEYn_7mathjit13final_taglessINtB5_7ASTReprdE13variable_nameB7_
FNDA:2,_RNvMs5_NtCsbIMKQJJAEYn_7mathjit13final_taglessINtB5_7ASTReprdE14variable_indexB7_
FNDA:626,_RNvMs5_NtCsbIMKQJJAEYn_7mathjit13final_taglessINtB5_7ASTReprdE16count_operationsB7_
FNDA:1,_RINvNvNtNtCsbIMKQJJAEYn_7mathjit13final_tagless5testss_16test_direct_eval6linearNtB6_10DirectEvalEB8_
FNDA:1,_RINvNvNtNtCsbIMKQJJAEYn_7mathjit13final_tagless5testss_17test_pretty_print9quadraticNtB6_11PrettyPrintEB8_
FNDA:1,_RINvNvNtNtCsbIMKQJJAEYn_7mathjit13final_tagless5testss_26test_statistical_extension13logistic_exprNtB6_10DirectEvalEB8_
FNDA:1,_RNvNtNtCsbIMKQJJAEYn_7mathjit13final_tagless5testss_16test_direct_eval
FNDA:1,_RNvNtNtCsbIMKQJJAEYn_7mathjit13final_tagless5testss_17test_pretty_print
FNDA:1,_RNvNtNtCsbIMKQJJAEYn_7mathjit13final_tagless5testss_22test_horner_polynomial
FNDA:1,_RNvNtNtCsbIMKQJJAEYn_7mathjit13final_tagless5testss_23test_pretty_print_basic
FNDA:1,_RNvNtNtCsbIMKQJJAEYn_7mathjit13final_tagless5testss_24test_division_operations
FNDA:1,_RNvNtNtCsbIMKQJJAEYn_7mathjit13final_tagless5testss_24test_horner_pretty_print
FNDA:1,_RNvNtNtCsbIMKQJJAEYn_7mathjit13final_tagless5testss_25test_mixed_variable_types
FNDA:1,_RNvNtNtCsbIMKQJJAEYn_7mathjit13final_tagless5testss_26test_polynomial_from_roots
FNDA:1,_RNvNtNtCsbIMKQJJAEYn_7mathjit13final_tagless5testss_26test_statistical_extension
FNDA:1,_RNvNtNtCsbIMKQJJAEYn_7mathjit13final_tagless5testss_26test_variable_index_access
FNDA:1,_RNvNtNtCsbIMKQJJAEYn_7mathjit13final_tagless5testss_29test_transcendental_functions
FNDA:1,_RNvNtNtCsbIMKQJJAEYn_7mathjit13final_tagless5testss_32test_efficient_variable_indexing
FNDA:1,_RNvNtNtCsbIMKQJJAEYn_7mathjit13final_tagless5testss_33test_out_of_bounds_variable_index
FNDA:4,_RNvMs2_NtCsbIMKQJJAEYn_7mathjit13final_taglessNtB5_11PrettyPrint3var
FNDA:6,_RNvMs_NtCsbIMKQJJAEYn_7mathjit13final_taglessNtB4_10DirectEval13eval_two_vars
FNDA:1,_RNvXs7_NtCsbIMKQJJAEYn_7mathjit13final_taglessNtB5_7ASTEvalNtB5_11ASTMathExpr2ln
FNDA:95,_RNvXs7_NtCsbIMKQJJAEYn_7mathjit13final_taglessNtB5_7ASTEvalNtB5_11ASTMathExpr3add
FNDA:1,_RNvXs7_NtCsbIMKQJJAEYn_7mathjit13final_taglessNtB5_7ASTEvalNtB5_11ASTMathExpr3cos
FNDA:1,_RNvXs7_NtCsbIMKQJJAEYn_7mathjit13final_taglessNtB5_7ASTEvalNtB5_11ASTMathExpr3exp
FNDA:77,_RNvXs7_NtCsbIMKQJJAEYn_7mathjit13final_taglessNtB5_7ASTEvalNtB5_11ASTMathExpr3mul
FNDA:10,_RNvXs7_NtCsbIMKQJJAEYn_7mathjit13final_taglessNtB5_7ASTEvalNtB5_11ASTMathExpr3pow
FNDA:62,_RNvXs7_NtCsbIMKQJJAEYn_7mathjit13final_taglessNtB5_7ASTEvalNtB5_11ASTMathExpr3sin
FNDA:1,_RNvXs7_NtCsbIMKQJJAEYn_7mathjit13final_taglessNtB5_7ASTEvalNtB5_11ASTMathExpr3sub
FNDA:7,_RNvXs7_NtCsbIMKQJJAEYn_7mathjit13final_taglessNtB5_7ASTEvalNtB5_11ASTMathExpr3var
FNDA:112,_RNvXs7_NtCsbIMKQJJAEYn_7mathjit13final_taglessNtB5_7ASTEvalNtB5_11ASTMathExpr8constant
FNDA:0,_RINvMs6_NtCsbIMKQJJAEYn_7mathjit13final_taglessNtB6_7ASTEval3varpEB8_
FNDA:0,_RINvNtNtCsbIMKQJJAEYn_7mathjit13final_tagless10polynomial11horner_exprppEB6_
FNDA:0,_RINvNtNtCsbIMKQJJAEYn_7mathjit13final_tagless10polynomial17horner_derivativeppEB6_
FNDA:0,_RINvXs0_NtCsbIMKQJJAEYn_7mathjit13final_taglessNtB6_10DirectEvalNtB6_8MathExpr3powpEB8_
FNDA:0,_RINvXs0_NtCsbIMKQJJAEYn_7mathjit13final_taglessNtB6_10DirectEvalNtB6_8MathExpr3varpEB8_
FNDA:0,_RINvXs3_NtCsbIMKQJJAEYn_7mathjit13final_taglessNtB6_11PrettyPrintNtB6_8MathExpr2lnpEB8_
FNDA:0,_RINvXs3_NtCsbIMKQJJAEYn_7mathjit13final_taglessNtB6_11PrettyPrintNtB6_8MathExpr3cospEB8_
FNDA:0,_RINvXs3_NtCsbIMKQJJAEYn_7mathjit13final_taglessNtB6_11PrettyPrintNtB6_8MathExpr3divpppEB8_
FNDA:0,_RINvXs3_NtCsbIMKQJJAEYn_7mathjit13final_taglessNtB6_11PrettyPrintNtB6_8MathExpr3exppEB8_
FNDA:0,_RINvXs3_NtCsbIMKQJJAEYn_7mathjit13final_taglessNtB6_11PrettyPrintNtB6_8MathExpr3negpEB8_
FNDA:0,_RINvXs3_NtCsbIMKQJJAEYn_7mathjit13final_taglessNtB6_11PrettyPrintNtB6_8MathExpr3sinpEB8_
FNDA:0,_RINvXs3_NtCsbIMKQJJAEYn_7mathjit13final_taglessNtB6_11PrettyPrintNtB6_8MathExpr3subpppEB8_
FNDA:0,_RINvXs3_NtCsbIMKQJJAEYn_7mathjit13final_taglessNtB6_11PrettyPrintNtB6_8MathExpr4sqrtpEB8_
FNDA:0,_RINvXs8_NtCsbIMKQJJAEYn_7mathjit13final_taglessNtB6_7ASTEvalNtB6_8MathExpr2lnpEB8_
FNDA:0,_RINvXs8_NtCsbIMKQJJAEYn_7mathjit13final_taglessNtB6_7ASTEvalNtB6_8MathExpr3addpppEB8_
FNDA:0,_RINvXs8_NtCsbIMKQJJAEYn_7mathjit13final_taglessNtB6_7ASTEvalNtB6_8MathExpr3cospEB8_
FNDA:0,_RINvXs8_NtCsbIMKQJJAEYn_7mathjit13final_taglessNtB6_7ASTEvalNtB6_8MathExpr3divpppEB8_
FNDA:0,_RINvXs8_NtCsbIMKQJJAEYn_7mathjit13final_taglessNtB6_7ASTEvalNtB6_8MathExpr3exppEB8_
FNDA:0,_RINvXs8_NtCsbIMKQJJAEYn_7mathjit13final_taglessNtB6_7ASTEvalNtB6_8MathExpr3mulpppEB8_
FNDA:0,_RINvXs8_NtCsbIMKQJJAEYn_7mathjit13final_taglessNtB6_7ASTEvalNtB6_8MathExpr3negpEB8_
FNDA:0,_RINvXs8_NtCsbIMKQJJAEYn_7mathjit13final_taglessNtB6_7ASTEvalNtB6_8MathExpr3powpEB8_
FNDA:0,_RINvXs8_NtCsbIMKQJJAEYn_7mathjit13final_taglessNtB6_7ASTEvalNtB6_8MathExpr3sinpEB8_
FNDA:0,_RINvXs8_NtCsbIMKQJJAEYn_7mathjit13final_taglessNtB6_7ASTEvalNtB6_8MathExpr3subpppEB8_
FNDA:0,_RINvXs8_NtCsbIMKQJJAEYn_7mathjit13final_taglessNtB6_7ASTEvalNtB6_8MathExpr3varpEB8_
FNDA:0,_RINvXs8_NtCsbIMKQJJAEYn_7mathjit13final_taglessNtB6_7ASTEvalNtB6_8MathExpr4sqrtpEB8_
FNDA:0,_RINvXs8_NtCsbIMKQJJAEYn_7mathjit13final_taglessNtB6_7ASTEvalNtB6_8MathExpr8constantpEB8_
FNDA:0,_RINvYpNtNtCsbIMKQJJAEYn_7mathjit13final_tagless15StatisticalExpr7sigmoidpEB8_
FNDA:0,_RINvYpNtNtCsbIMKQJJAEYn_7mathjit13final_tagless15StatisticalExpr8softpluspEB8_
FNDA:0,_RNCINvNtNtCsbIMKQJJAEYn_7mathjit13final_tagless10polynomial17horner_derivativeppE0B8_
FNDA:0,_RNvXs7_NtCsbIMKQJJAEYn_7mathjit13final_taglessNtB5_7ASTEvalNtB5_11ASTMathExpr3div
FNDA:0,_RNvXs7_NtCsbIMKQJJAEYn_7mathjit13final_taglessNtB5_7ASTEvalNtB5_11ASTMathExpr3neg
FNDA:0,_RNvXs7_NtCsbIMKQJJAEYn_7mathjit13final_taglessNtB5_7ASTEvalNtB5_11ASTMathExpr4sqrt
FNDA:0,_RNvXsa_NtCsbIMKQJJAEYn_7mathjit13final_taglessNtB5_7ASTEvalNtB5_14ASTMathExprf642ln
FNDA:0,_RNvXsa_NtCsbIMKQJJAEYn_7mathjit13final_taglessNtB5_7ASTEvalNtB5_14ASTMathExprf643add
FNDA:0,_RNvXsa_NtCsbIMKQJJAEYn_7mathjit13final_taglessNtB5_7ASTEvalNtB5_14ASTMathExprf643cos
FNDA:0,_RNvXsa_NtCsbIMKQJJAEYn_7mathjit13final_taglessNtB5_7ASTEvalNtB5_14ASTMathExprf643div
FNDA:0,_RNvXsa_NtCsbIMKQJJAEYn_7mathjit13final_taglessNtB5_7ASTEvalNtB5_14ASTMathExprf643exp
FNDA:0,_RNvXsa_NtCsbIMKQJJAEYn_7mathjit13final_taglessNtB5_7ASTEvalNtB5_14ASTMathExprf643mul
FNDA:0,_RNvXsa_NtCsbIMKQJJAEYn_7mathjit13final_taglessNtB5_7ASTEvalNtB5_14ASTMathExprf643neg
FNDA:0,_RNvXsa_NtCsbIMKQJJAEYn_7mathjit13final_taglessNtB5_7ASTEvalNtB5_14ASTMathExprf643pow
FNDA:0,_RNvXsa_NtCsbIMKQJJAEYn_7mathjit13final_taglessNtB5_7ASTEvalNtB5_14ASTMathExprf643sin
FNDA:0,_RNvXsa_NtCsbIMKQJJAEYn_7mathjit13final_taglessNtB5_7ASTEvalNtB5_14ASTMathExprf643sub
FNDA:0,_RNvXsa_NtCsbIMKQJJAEYn_7mathjit13final_taglessNtB5_7ASTEvalNtB5_14ASTMathExprf643var
FNDA:0,_RNvXsa_NtCsbIMKQJJAEYn_7mathjit13final_taglessNtB5_7ASTEvalNtB5_14ASTMathExprf644sqrt
FNDA:0,_RNvXsa_NtCsbIMKQJJAEYn_7mathjit13final_taglessNtB5_7ASTEvalNtB5_14ASTMathExprf648constant
FNDA:2,_RINvNtNtCsbIMKQJJAEYn_7mathjit13final_tagless10polynomial10from_rootsNtB4_10DirectEvaldEB6_
FNDA:1,_RINvNtNtCsbIMKQJJAEYn_7mathjit13final_tagless10polynomial6hornerNtB4_10DirectEvaldEB6_
FNDA:1,_RINvNtNtCsbIMKQJJAEYn_7mathjit13final_tagless10polynomial6hornerNtB4_11PrettyPrintdEB6_
FNDA:0,_RNvMs2_NtCs45Qm4wG2YD4_7mathjit13final_taglessNtB5_11PrettyPrint3var
FNDA:0,_RNvMs_NtCs45Qm4wG2YD4_7mathjit13final_taglessNtB4_10DirectEval13eval_two_vars
FNDA:3,_RNvXs7_NtCs45Qm4wG2YD4_7mathjit13final_taglessNtB5_7ASTEvalNtB5_11ASTMathExpr2ln
FNDA:10,_RNvXs7_NtCs45Qm4wG2YD4_7mathjit13final_taglessNtB5_7ASTEvalNtB5_11ASTMathExpr3add
FNDA:1,_RNvXs7_NtCs45Qm4wG2YD4_7mathjit13final_taglessNtB5_7ASTEvalNtB5_11ASTMathExpr3cos
FNDA:0,_RNvXs7_NtCs45Qm4wG2YD4_7mathjit13final_taglessNtB5_7ASTEvalNtB5_11ASTMathExpr3div
FNDA:5,_RNvXs7_NtCs45Qm4wG2YD4_7mathjit13final_taglessNtB5_7ASTEvalNtB5_11ASTMathExpr3exp
FNDA:7,_RNvXs7_NtCs45Qm4wG2YD4_7mathjit13final_taglessNtB5_7ASTEvalNtB5_11ASTMathExpr3mul
FNDA:0,_RNvXs7_NtCs45Qm4wG2YD4_7mathjit13final_taglessNtB5_7ASTEvalNtB5_11ASTMathExpr3neg
FNDA:4,_RNvXs7_NtCs45Qm4wG2YD4_7mathjit13final_taglessNtB5_7ASTEvalNtB5_11ASTMathExpr3pow
FNDA:1,_RNvXs7_NtCs45Qm4wG2YD4_7mathjit13final_taglessNtB5_7ASTEvalNtB5_11ASTMathExpr3sin
FNDA:1,_RNvXs7_NtCs45Qm4wG2YD4_7mathjit13final_taglessNtB5_7ASTEvalNtB5_11ASTMathExpr3sub
FNDA:0,_RNvXs7_NtCs45Qm4wG2YD4_7mathjit13final_taglessNtB5_7ASTEvalNtB5_11ASTMathExpr3var
FNDA:0,_RNvXs7_NtCs45Qm4wG2YD4_7mathjit13final_taglessNtB5_7ASTEvalNtB5_11ASTMathExpr4sqrt
FNDA:14,_RNvXs7_NtCs45Qm4wG2YD4_7mathjit13final_taglessNtB5_7ASTEvalNtB5_11ASTMathExpr8constant
FNDA:0,_RNvXsa_NtCs45Qm4wG2YD4_7mathjit13final_taglessNtB5_7ASTEvalNtB5_14ASTMathExprf642ln
FNDA:0,_RNvXsa_NtCs45Qm4wG2YD4_7mathjit13final_taglessNtB5_7ASTEvalNtB5_14ASTMathExprf643add
FNDA:0,_RNvXsa_NtCs45Qm4wG2YD4_7mathjit13final_taglessNtB5_7ASTEvalNtB5_14ASTMathExprf643cos
FNDA:0,_RNvXsa_NtCs45Qm4wG2YD4_7mathjit13final_taglessNtB5_7ASTEvalNtB5_14ASTMathExprf643div
FNDA:0,_RNvXsa_NtCs45Qm4wG2YD4_7mathjit13final_taglessNtB5_7ASTEvalNtB5_14ASTMathExprf643exp
FNDA:0,_RNvXsa_NtCs45Qm4wG2YD4_7mathjit13final_taglessNtB5_7ASTEvalNtB5_14ASTMathExprf643mul
FNDA:0,_RNvXsa_NtCs45Qm4wG2YD4_7mathjit13final_taglessNtB5_7ASTEvalNtB5_14ASTMathExprf643neg
FNDA:0,_RNvXsa_NtCs45Qm4wG2YD4_7mathjit13final_taglessNtB5_7ASTEvalNtB5_14ASTMathExprf643pow
FNDA:0,_RNvXsa_NtCs45Qm4wG2YD4_7mathjit13final_taglessNtB5_7ASTEvalNtB5_14ASTMathExprf643sin
FNDA:0,_RNvXsa_NtCs45Qm4wG2YD4_7mathjit13final_taglessNtB5_7ASTEvalNtB5_14ASTMathExprf643sub
FNDA:0,_RNvXsa_NtCs45Qm4wG2YD4_7mathjit13final_taglessNtB5_7ASTEvalNtB5_14ASTMathExprf643var
FNDA:0,_RNvXsa_NtCs45Qm4wG2YD4_7mathjit13final_taglessNtB5_7ASTEvalNtB5_14ASTMathExprf644sqrt
FNDA:0,_RNvXsa_NtCs45Qm4wG2YD4_7mathjit13final_taglessNtB5_7ASTEvalNtB5_14ASTMathExprf648constant
FNDA:18,_RINvMs6_NtCs45Qm4wG2YD4_7mathjit13final_taglessNtB6_7ASTEval11var_by_namedEB8_
FNDA:0,_RINvMs_NtCs45Qm4wG2YD4_7mathjit13final_taglessNtB5_10DirectEval21eval_two_vars_genericdEB7_
FNDA:0,_RNCINvMs_NtCs45Qm4wG2YD4_7mathjit13final_taglessNtB7_10DirectEval21eval_two_vars_genericdE0B9_
FNDA:0,_RNCINvMs_NtCs45Qm4wG2YD4_7mathjit13final_taglessNtB7_10DirectEval21eval_two_vars_genericdEs0_0B9_
FNDA:0,_RNCINvMs_NtCs45Qm4wG2YD4_7mathjit13final_taglessNtB7_10DirectEval21eval_two_vars_genericdEs_0B9_
FNDA:8,_RNvMs5_NtCs45Qm4wG2YD4_7mathjit13final_taglessINtB5_7ASTReprdE16count_operationsB7_
FNDA:0,_RINvMs6_NtCs45Qm4wG2YD4_7mathjit13final_taglessNtB6_7ASTEval3varpEB8_
FNDA:0,_RINvMs_NtCs45Qm4wG2YD4_7mathjit13final_taglessNtB5_10DirectEval14eval_with_varspEB7_
FNDA:0,_RINvMs_NtCs45Qm4wG2YD4_7mathjit13final_taglessNtB5_10DirectEval3varpEB7_
FNDA:0,_RINvNtNtCs45Qm4wG2YD4_7mathjit13final_tagless10polynomial10from_rootsppEB6_
FNDA:0,_RINvNtNtCs45Qm4wG2YD4_7mathjit13final_tagless10polynomial11horner_exprppEB6_
FNDA:0,_RINvNtNtCs45Qm4wG2YD4_7mathjit13final_tagless10polynomial17horner_derivativeppEB6_
FNDA:0,_RINvNtNtCs45Qm4wG2YD4_7mathjit13final_tagless10polynomial6hornerppEB6_
FNDA:0,_RINvXs0_NtCs45Qm4wG2YD4_7mathjit13final_taglessNtB6_10DirectEvalNtB6_8MathExpr2lnpEB8_
FNDA:0,_RINvXs0_NtCs45Qm4wG2YD4_7mathjit13final_taglessNtB6_10DirectEvalNtB6_8MathExpr3addpppEB8_
FNDA:0,_RINvXs0_NtCs45Qm4wG2YD4_7mathjit13final_taglessNtB6_10DirectEvalNtB6_8MathExpr3cospEB8_
FNDA:0,_RINvXs0_NtCs45Qm4wG2YD4_7mathjit13final_taglessNtB6_10DirectEvalNtB6_8MathExpr3divpppEB8_
FNDA:0,_RINvXs0_NtCs45Qm4wG2YD4_7mathjit13final_taglessNtB6_10DirectEvalNtB6_8MathExpr3exppEB8_
FNDA:0,_RINvXs0_NtCs45Qm4wG2YD4_7mathjit13final_taglessNtB6_10DirectEvalNtB6_8MathExpr3mulpppEB8_
FNDA:0,_RINvXs0_NtCs45Qm4wG2YD4_7mathjit13final_taglessNtB6_10DirectEvalNtB6_8MathExpr3negpEB8_
FNDA:0,_RINvXs0_NtCs45Qm4wG2YD4_7mathjit13final_taglessNtB6_10DirectEvalNtB6_8MathExpr3powpEB8_
FNDA:0,_RINvXs0_NtCs45Qm4wG2YD4_7mathjit13final_taglessNtB6_10DirectEvalNtB6_8MathExpr3sinpEB8_
FNDA:0,_RINvXs0_NtCs45Qm4wG2YD4_7mathjit13final_taglessNtB6_10DirectEvalNtB6_8MathExpr3subpppEB8_
FNDA:0,_RINvXs0_NtCs45Qm4wG2YD4_7mathjit13final_taglessNtB6_10DirectEvalNtB6_8MathExpr3varpEB8_
FNDA:0,_RINvXs0_NtCs45Qm4wG2YD4_7mathjit13final_taglessNtB6_10DirectEvalNtB6_8MathExpr4sqrtpEB8_
FNDA:0,_RINvXs0_NtCs45Qm4wG2YD4_7mathjit13final_taglessNtB6_10DirectEvalNtB6_8MathExpr8constantpEB8_
FNDA:0,_RINvXs3_NtCs45Qm4wG2YD4_7mathjit13final_taglessNtB6_11PrettyPrintNtB6_8MathExpr2lnpEB8_
FNDA:0,_RINvXs3_NtCs45Qm4wG2YD4_7mathjit13final_taglessNtB6_11PrettyPrintNtB6_8MathExpr3addpppEB8_
[...]
DA:201,5
DA:202,5
DA:203,5
DA:204,5
DA:205,5
DA:206,5
DA:207,5
DA:208,5
DA:209,5
DA:210,5
DA:211,5
DA:212,5
DA:213,5
DA:214,5
DA:215,5
DA:216,5
DA:217,5
DA:218,5
DA:219,5
DA:220,5
DA:221,5
DA:222,5
DA:223,5
DA:224,5
DA:225,5
DA:226,5
DA:230,27
DA:231,27
DA:232,7
DA:234,7
DA:235,7
DA:237,0
DA:240,0
DA:242,0
DA:243,0
DA:244,0
DA:245,0
DA:248,8
DA:250,8
DA:251,8
DA:252,2
DA:253,0
DA:256,6
DA:257,6
DA:258,6
DA:259,6
DA:261,0
DA:262,0
DA:263,0
DA:264,0
DA:266,2
DA:267,2
DA:268,2
DA:269,2
DA:271,0
DA:272,0
DA:273,0
DA:274,0
DA:276,2
DA:277,2
DA:278,2
DA:279,2
DA:281,0
DA:282,0
DA:283,0
DA:285,0
DA:286,0
DA:287,0
DA:289,0
DA:290,0
DA:291,0
DA:293,1
DA:294,1
DA:295,1
DA:297,1
DA:298,1
DA:299,1
DA:301,0
DA:302,0
DA:303,0
DA:306,27
DA:309,1
DA:310,1
DA:311,1
DA:312,1
DA:313,1
DA:314,1
DA:315,1
DA:317,1
DA:318,0
DA:319,0
DA:320,0
DA:321,0
DA:324,1
DA:327,1
DA:328,1
DA:329,1
DA:330,1
DA:331,1
DA:332,1
DA:333,1
DA:334,1
DA:335,1
DA:336,1
DA:337,1
DA:338,1
DA:339,1
DA:340,0
DA:341,0
DA:343,1
DA:344,0
DA:345,0
DA:346,0
DA:347,0
DA:348,1
DA:350,1
DA:351,1
DA:355,2
DA:356,2
DA:358,2
DA:360,1
DA:361,1
DA:363,0
DA:364,0
DA:365,0
DA:366,0
DA:369,1
DA:370,1
DA:371,1
DA:372,1
DA:373,1
DA:375,2
DA:378,24
DA:379,24
DA:380,24
DA:383,135
DA:384,125
DA:387,125
DA:388,125
DA:391,125
DA:393,125
DA:394,125
DA:395,0
DA:398,125
DA:401,11
DA:402,0
DA:405,11
DA:415,114
DA:418,125
DA:419,14
DA:420,111
DA:422,111
DA:425,24
DA:426,24
DA:429,1223
DA:430,1223
DA:432,145
DA:433,145
DA:434,145
DA:436,145
DA:437,48
DA:438,9
DA:439,122
DA:442,285
DA:443,285
DA:444,285
DA:446,285
DA:447,17
DA:448,142
DA:449,12
DA:450,140
DA:451,263
DA:454,2
DA:455,2
DA:456,2
DA:458,2
DA:459,2
DA:460,0
DA:461,0
DA:464,42
DA:465,42
DA:466,42
DA:468,42
DA:469,0
DA:470,42
DA:473,67
DA:474,67
DA:475,67
DA:477,67
DA:478,64
DA:479,64
DA:480,0
DA:481,66
DA:485,0
DA:486,0
DA:487,0
DA:489,10
DA:490,10
DA:491,10
DA:492,0
DA:493,10
DA:496,6
DA:497,6
DA:498,6
DA:499,0
DA:500,6
DA:503,0
DA:504,0
DA:505,0
DA:506,0
DA:507,0
DA:510,0
DA:511,0
DA:512,0
DA:513,0
DA:514,0
DA:517,0
DA:518,0
DA:519,0
DA:522,666
DA:524,1223
DA:527,1115
DA:530,1115
DA:531,122
DA:532,122
DA:533,122
DA:534,122
DA:536,261
DA:537,261
DA:538,261
DA:539,261
DA:541,0
DA:542,0
DA:543,0
DA:544,0
DA:546,42
DA:547,42
DA:548,42
DA:549,42
DA:551,65
DA:552,65
DA:553,65
DA:554,65
DA:556,0
DA:557,0
DA:558,0
DA:560,4
DA:561,4
DA:562,4
DA:564,6
DA:565,6
DA:566,6
DA:568,0
DA:569,0
DA:570,0
DA:572,0
DA:573,0
DA:574,0
DA:576,0
DA:577,0
DA:578,0
DA:580,615
DA:582,1115
DA:585,1082
DA:586,1082
DA:587,121
DA:588,121
DA:589,121
DA:591,121
DA:592,0
DA:593,121
DA:596,255
DA:597,255
DA:598,255
DA:600,255
DA:601,0
DA:602,255
DA:605,0
DA:606,0
DA:607,0
DA:609,0
DA:610,0
DA:611,0
DA:614,40
DA:615,40
DA:616,40
DA:618,40
DA:619,0
DA:620,0
DA:622,40
DA:625,62
DA:626,62
DA:627,62
DA:629,62
DA:630,0
DA:631,0
DA:633,62
DA:637,0
DA:638,0
DA:639,0
DA:640,0
DA:641,0
DA:644,0
DA:645,0
DA:646,0
DA:647,0
DA:648,0
DA:651,1
DA:652,1
DA:653,1
DA:654,0
DA:655,1
DA:658,0
DA:659,0
DA:660,0
DA:661,0
DA:662,0
DA:665,0
DA:666,0
DA:667,0
DA:668,0
DA:669,0
DA:672,0
DA:673,0
DA:674,0
DA:675,0
DA:676,0
DA:679,603
DA:681,1082
DA:690,11
DA:693,11
DA:694,11
DA:699,1151
DA:700,1151
DA:701,131
DA:702,131
DA:703,131
DA:705,131
DA:707,36
DA:708,2
DA:710,1
DA:712,128
DA:713,0
DA:714,0
DA:715,0
DA:717,40
DA:718,40
DA:720,0
DA:721,0
DA:722,0
DA:724,40
DA:729,0
DA:731,88
DA:734,0
DA:735,0
DA:736,0
DA:738,0
DA:740,0
DA:742,0
DA:744,0
DA:745,0
DA:748,0
DA:749,0
DA:752,262
DA:753,262
DA:754,262
DA:756,262
DA:758,130
DA:759,4
DA:762,6
DA:763,130
DA:765,6
DA:766,130
DA:768,0
DA:770,258
DA:771,60
DA:772,60
DA:773,60
DA:775,1
DA:776,1
DA:777,1
DA:780,1
DA:781,1
DA:783,1
DA:784,1
DA:788,0
DA:791,0
DA:792,0
DA:793,0
DA:794,0
DA:797,20
DA:798,20
DA:800,0
DA:801,0
DA:802,0
DA:804,20
DA:807,176
DA:810,42
DA:811,42
DA:812,42
DA:814,42
DA:816,42
DA:818,0
DA:820,40
DA:821,0
DA:824,0
DA:825,0
DA:827,40
DA:830,67
DA:831,67
DA:832,67
DA:834,67
DA:836,62
DA:838,62
DA:840,0
DA:841,0
DA:844,0
DA:846,62
DA:847,62
DA:850,0
DA:851,0
DA:854,0
DA:855,0
DA:856,0
DA:858,5
DA:861,0
DA:862,0
DA:864,0
DA:866,0
DA:868,0
DA:870,0
DA:872,0
DA:873,0
DA:874,0
DA:875,0
DA:878,0
DA:879,0
DA:882,4
DA:883,4
DA:885,0
DA:887,0
DA:889,0
DA:890,0
DA:893,4
DA:895,0
DA:896,0
DA:897,0
DA:898,0
DA:901,0
DA:902,0
DA:903,0
DA:904,0
DA:907,0
DA:908,0
DA:909,0
DA:912,0
DA:913,0
DA:916,7
DA:917,7
DA:919,7
DA:921,0
DA:923,0
DA:925,0
DA:927,1
DA:928,1
DA:929,1
DA:930,1
DA:933,0
DA:934,0
DA:935,0
DA:936,0
DA:939,0
DA:940,6
DA:943,0
DA:944,0
DA:946,0
DA:948,0
DA:950,0
DA:951,0
DA:954,0
DA:955,0
DA:958,0
DA:959,0
DA:960,0
DA:963,0
DA:964,0
DA:967,0
DA:968,0
DA:970,0
DA:972,0
DA:974,0
DA:975,0
DA:978,0
DA:979,0
DA:982,0
DA:984,0
DA:985,0
DA:988,0
DA:989,0
DA:991,0
DA:993,0
DA:995,0
DA:997,0
DA:998,0
DA:1001,0
DA:1003,0
DA:1004,0
DA:1007,638
DA:1009,1151
DA:1012,885
DA:1013,885
DA:1014,64
DA:1015,0
DA:1016,124
DA:1017,119
DA:1018,119
DA:1020,150
DA:1021,150
DA:1023,0
DA:1024,0
DA:1026,0
DA:1027,0
DA:1029,2
DA:1030,2
DA:1032,0
DA:1033,0
DA:1034,3
DA:1035,0
DA:1036,0
DA:1037,0
DA:1038,423
DA:1040,885
DA:1059,30
DA:1060,30
DA:1061,30
DA:1062,30
DA:1063,30
DA:1064,30
DA:1065,30
DA:1066,30
DA:1067,30
DA:1104,1
DA:1105,1
DA:1106,1
DA:1107,1
DA:1110,1
DA:1111,1
DA:1114,1
DA:1115,1
DA:1117,1
DA:1118,1
DA:1119,0
DA:1121,1
DA:1124,1
DA:1125,1
DA:1128,1
DA:1129,1
DA:1131,1
DA:1132,1
DA:1133,0
DA:1135,1
DA:1138,1
DA:1139,1
DA:1142,1
DA:1143,1
DA:1145,1
DA:1146,1
DA:1147,0
DA:1149,1
DA:1152,1
DA:1153,1
DA:1156,1
DA:1157,1
DA:1159,1
DA:1160,1
DA:1161,0
DA:1163,1
DA:1166,1
DA:1167,1
DA:1168,1
DA:1170,1
DA:1171,1
DA:1172,1
DA:1173,1
DA:1174,1
DA:1176,1
DA:1177,1
DA:1178,1
DA:1180,0
DA:1182,1
DA:1185,1
DA:1186,1
DA:1187,1
DA:1190,1
DA:1191,1
DA:1194,1
DA:1195,1
DA:1196,1
DA:1197,1
DA:1199,1
DA:1200,1
DA:1203,151
DA:1204,150
DA:1205,150
DA:1207,1
DA:1208,1
DA:1209,1
DA:1212,1
DA:1213,1
DA:1216,1
DA:1217,1
DA:1219,1
DA:1220,1
DA:1221,1
DA:1222,1
DA:1225,1
DA:1227,1
DA:1228,1
DA:1229,1
DA:1232,1
DA:1233,1
DA:1235,60
DA:1236,59
DA:1237,59
DA:1238,59
DA:1239,59
DA:1240,59
DA:1241,59
DA:1242,59
DA:1243,59
DA:1244,1
DA:1247,1
DA:1248,1
DA:1249,0
DA:1250,0
DA:1251,0
DA:1252,1
DA:1253,1
DA:1254,1
DA:1255,0
DA:1257,1
DA:1260,1
DA:1261,1
DA:1262,1
DA:1265,1
DA:1266,1
DA:1269,1
DA:1270,1
DA:1271,1
DA:1273,1
DA:1274,1
DA:1276,1
DA:1277,1
DA:1278,1
DA:1281,1
DA:1282,1
DA:1283,1
DA:1284,1
DA:1285,1
DA:1286,1
DA:1287,1
DA:1288,1
DA:1291,1
DA:1292,1
DA:1295,1
DA:1296,1
DA:1297,1
DA:1300,1
DA:1301,1
DA:1302,1
DA:1303,1
DA:1304,1
DA:1305,1
DA:1306,1
DA:1307,1
DA:1309,1
DA:1311,1
DA:1312,1
DA:1313,1
DA:1316,1
DA:1319,1
DA:1320,1
DA:1321,1
DA:1322,1
DA:1323,0
DA:1324,0
DA:1325,0
DA:1326,0
DA:1328,1
BRF:0
BRH:0
LF:771
LH:496
end_of_record
SF:/home/chad/git/mathjit/src/symbolic_ad.rs
FN:670,_RNvNtNtCsbIMKQJJAEYn_7mathjit11symbolic_ad5testss_15test_chain_rule
FN:650,_RNvNtNtCsbIMKQJJAEYn_7mathjit11symbolic_ad5testss_17test_product_rule
FN:717,_RNvNtNtCsbIMKQJJAEYn_7mathjit11symbolic_ad5testss_18test_full_pipeline
FN:751,_RNvNtNtCsbIMKQJJAEYn_7mathjit11symbolic_ad5testss_24test_cache_functionality
FN:589,_RNvNtNtCsbIMKQJJAEYn_7mathjit11symbolic_ad5testss_25test_symbolic_ad_creation
FN:688,_RNvNtNtCsbIMKQJJAEYn_7mathjit11symbolic_ad5testss_26test_convenience_functions
FN:603,_RNvNtNtCsbIMKQJJAEYn_7mathjit11symbolic_ad5testss_27test_basic_derivative_rules
FN:632,_RNvNtNtCsbIMKQJJAEYn_7mathjit11symbolic_ad5testss_32test_arithmetic_derivative_rules
FN:491,_RNvMs0_NtCsbIMKQJJAEYn_7mathjit11symbolic_adNtB5_10SymbolicAD11cache_stats
FN:485,_RNvMs0_NtCsbIMKQJJAEYn_7mathjit11symbolic_adNtB5_10SymbolicAD11clear_cache
FN:156,_RNvMs0_NtCsbIMKQJJAEYn_7mathjit11symbolic_adNtB5_10SymbolicAD11with_config
FN:284,_RNvMs0_NtCsbIMKQJJAEYn_7mathjit11symbolic_adNtB5_10SymbolicAD19symbolic_derivative
FN:166,_RNvMs0_NtCsbIMKQJJAEYn_7mathjit11symbolic_adNtB5_10SymbolicAD24compute_with_derivatives
FN:300,_RNvMs0_NtCsbIMKQJJAEYn_7mathjit11symbolic_adNtB5_10SymbolicAD28compute_derivative_recursive
FN:433,_RNvMs0_NtCsbIMKQJJAEYn_7mathjit11symbolic_adNtB5_10SymbolicAD35optimize_with_subexpression_sharing
FN:151,_RNvMs0_NtCsbIMKQJJAEYn_7mathjit11symbolic_adNtB5_10SymbolicAD3new
FN:116,_RNvMs_NtCsbIMKQJJAEYn_7mathjit11symbolic_adNtB4_15SymbolicADStats13total_time_us
FN:96,_RNvMs_NtCsbIMKQJJAEYn_7mathjit11symbolic_adNtB4_15SymbolicADStats27function_optimization_ratio
FN:50,_RNvXNtCsbIMKQJJAEYn_7mathjit11symbolic_adNtB2_16SymbolicADConfigNtNtCs264BKr10cB_4core7default7Default7default
FN:516,_RNCNvNtNtCsbIMKQJJAEYn_7mathjit11symbolic_ad11convenience8gradient0B7_
FN:556,_RNvNtNtCsbIMKQJJAEYn_7mathjit11symbolic_ad11convenience19bivariate_quadratic
FN:511,_RNvNtNtCsbIMKQJJAEYn_7mathjit11symbolic_ad11convenience8gradient
FN:541,_RNvNtNtCsbIMKQJJAEYn_7mathjit11symbolic_ad11convenience9quadratic
FN:530,_RNCNvNtNtCsbIMKQJJAEYn_7mathjit11symbolic_ad11convenience7hessian0B7_
FN:480,_RNvMs0_NtCsbIMKQJJAEYn_7mathjit11symbolic_adNtB5_10SymbolicAD10set_config
FN:475,_RNvMs0_NtCsbIMKQJJAEYn_7mathjit11symbolic_adNtB5_10SymbolicAD6config
FN:134,_RNvMs_NtCsbIMKQJJAEYn_7mathjit11symbolic_adNtB4_15SymbolicADStats16operations_after
FN:128,_RNvMs_NtCsbIMKQJJAEYn_7mathjit11symbolic_adNtB4_15SymbolicADStats17operations_before
FN:122,_RNvMs_NtCsbIMKQJJAEYn_7mathjit11symbolic_adNtB4_15SymbolicADStats18optimization_ratio
FN:106,_RNvMs_NtCsbIMKQJJAEYn_7mathjit11symbolic_adNtB4_15SymbolicADStats24total_optimization_ratio
FN:525,_RNvNtNtCsbIMKQJJAEYn_7mathjit11symbolic_ad11convenience7hessian
FN:500,_RNvXs1_NtCsbIMKQJJAEYn_7mathjit11symbolic_adNtB5_10SymbolicADNtNtCs264BKr10cB_4core7default7Default7default
FN:530,_RNCNvNtNtCs45Qm4wG2YD4_7mathjit11symbolic_ad11convenience7hessian0B7_
FN:516,_RNCNvNtNtCs45Qm4wG2YD4_7mathjit11symbolic_ad11convenience8gradient0B7_
FNDA:1,_RNvNtNtCsbIMKQJJAEYn_7mathjit11symbolic_ad5testss_15test_chain_rule
FNDA:1,_RNvNtNtCsbIMKQJJAEYn_7mathjit11symbolic_ad5testss_17test_product_rule
FNDA:1,_RNvNtNtCsbIMKQJJAEYn_7mathjit11symbolic_ad5testss_18test_full_pipeline
FNDA:1,_RNvNtNtCsbIMKQJJAEYn_7mathjit11symbolic_ad5testss_24test_cache_functionality
FNDA:1,_RNvNtNtCsbIMKQJJAEYn_7mathjit11symbolic_ad5testss_25test_symbolic_ad_creation
FNDA:1,_RNvNtNtCsbIMKQJJAEYn_7mathjit11symbolic_ad5testss_26test_convenience_functions
FNDA:1,_RNvNtNtCsbIMKQJJAEYn_7mathjit11symbolic_ad5testss_27test_basic_derivative_rules
FNDA:1,_RNvNtNtCsbIMKQJJAEYn_7mathjit11symbolic_ad5testss_32test_arithmetic_derivative_rules
FNDA:3,_RNvMs0_NtCsbIMKQJJAEYn_7mathjit11symbolic_adNtB5_10SymbolicAD11cache_stats
FNDA:1,_RNvMs0_NtCsbIMKQJJAEYn_7mathjit11symbolic_adNtB5_10SymbolicAD11clear_cache
FNDA:10,_RNvMs0_NtCsbIMKQJJAEYn_7mathjit11symbolic_adNtB5_10SymbolicAD11with_config
FNDA:12,_RNvMs0_NtCsbIMKQJJAEYn_7mathjit11symbolic_adNtB5_10SymbolicAD19symbolic_derivative
FNDA:3,_RNvMs0_NtCsbIMKQJJAEYn_7mathjit11symbolic_adNtB5_10SymbolicAD24compute_with_derivatives
FNDA:54,_RNvMs0_NtCsbIMKQJJAEYn_7mathjit11symbolic_adNtB5_10SymbolicAD28compute_derivative_recursive
FNDA:3,_RNvMs0_NtCsbIMKQJJAEYn_7mathjit11symbolic_adNtB5_10SymbolicAD35optimize_with_subexpression_sharing
FNDA:7,_RNvMs0_NtCsbIMKQJJAEYn_7mathjit11symbolic_adNtB5_10SymbolicAD3new
FNDA:1,_RNvMs_NtCsbIMKQJJAEYn_7mathjit11symbolic_adNtB4_15SymbolicADStats13total_time_us
FNDA:1,_RNvMs_NtCsbIMKQJJAEYn_7mathjit11symbolic_adNtB4_15SymbolicADStats27function_optimization_ratio
FNDA:10,_RNvXNtCsbIMKQJJAEYn_7mathjit11symbolic_adNtB2_16SymbolicADConfigNtNtCs264BKr10cB_4core7default7Default7default
FNDA:3,_RNCNvNtNtCsbIMKQJJAEYn_7mathjit11symbolic_ad11convenience8gradient0B7_
FNDA:1,_RNvNtNtCsbIMKQJJAEYn_7mathjit11symbolic_ad11convenience19bivariate_quadratic
FNDA:2,_RNvNtNtCsbIMKQJJAEYn_7mathjit11symbolic_ad11convenience8gradient
FNDA:1,_RNvNtNtCsbIMKQJJAEYn_7mathjit11symbolic_ad11convenience9quadratic
FNDA:0,_RNCNvNtNtCsbIMKQJJAEYn_7mathjit11symbolic_ad11convenience7hessian0B7_
FNDA:0,_RNvMs0_NtCsbIMKQJJAEYn_7mathjit11symbolic_adNtB5_10SymbolicAD10set_config
FNDA:0,_RNvMs0_NtCsbIMKQJJAEYn_7mathjit11symbolic_adNtB5_10SymbolicAD6config
FNDA:0,_RNvMs_NtCsbIMKQJJAEYn_7mathjit11symbolic_adNtB4_15SymbolicADStats16operations_after
FNDA:0,_RNvMs_NtCsbIMKQJJAEYn_7mathjit11symbolic_adNtB4_15SymbolicADStats17operations_before
FNDA:0,_RNvMs_NtCsbIMKQJJAEYn_7mathjit11symbolic_adNtB4_15SymbolicADStats18optimization_ratio
FNDA:0,_RNvMs_NtCsbIMKQJJAEYn_7mathjit11symbolic_adNtB4_15SymbolicADStats24total_optimization_ratio
FNDA:0,_RNvNtNtCsbIMKQJJAEYn_7mathjit11symbolic_ad11convenience7hessian
FNDA:0,_RNvXs1_NtCsbIMKQJJAEYn_7mathjit11symbolic_adNtB5_10SymbolicADNtNtCs264BKr10cB_4core7default7Default7default
FNDA:0,_RNCNvNtNtCs45Qm4wG2YD4_7mathjit11symbolic_ad11convenience7hessian0B7_
FNDA:0,_RNCNvNtNtCs45Qm4wG2YD4_7mathjit11symbolic_ad11convenience8gradient0B7_
FNF:32
FNH:23
DA:50,10
DA:51,10
DA:52,10
DA:53,10
DA:54,10
DA:55,10
DA:56,10
DA:57,10
DA:58,10
DA:96,1
DA:97,1
DA:98,0
DA:100,1
DA:102,1
DA:106,0
DA:107,0
DA:108,0
DA:110,0
DA:112,0
DA:116,1
DA:117,1
DA:118,1
DA:122,0
DA:123,0
DA:124,0
DA:128,0
DA:129,0
DA:130,0
DA:134,0
DA:135,0
DA:136,0
DA:151,7
DA:152,7
DA:153,7
DA:156,10
DA:157,10
DA:158,10
DA:159,10
DA:160,10
DA:161,10
DA:162,10
DA:163,10
DA:166,3
DA:167,3
DA:168,3
DA:169,3
DA:170,3
DA:171,3
DA:172,3
DA:173,3
DA:176,3
DA:177,3
DA:178,3
DA:180,0
DA:182,3
DA:185,3
DA:186,3
DA:187,3
DA:190,3
DA:193,7
DA:194,4
DA:195,4
DA:199,3
DA:200,0
DA:201,0
DA:202,0
DA:203,0
DA:204,0
DA:205,0
DA:208,3
DA:211,3
DA:212,3
DA:213,3
DA:214,3
DA:215,3
DA:216,3
DA:217,3
DA:218,3
DA:219,3
DA:221,3
DA:224,3
DA:226,3
DA:227,3
DA:228,3
DA:229,3
DA:230,3
DA:231,3
DA:232,3
DA:233,3
DA:234,3
DA:235,0
DA:236,0
DA:238,0
DA:239,0
DA:240,0
DA:241,0
DA:243,0
DA:244,0
DA:245,0
DA:246,0
DA:247,0
DA:250,0
DA:252,0
DA:253,0
DA:254,0
DA:255,0
DA:256,0
DA:257,0
DA:259,3
DA:262,3
DA:263,3
DA:264,3
DA:265,3
DA:266,3
DA:267,3
DA:268,3
DA:269,3
DA:270,3
DA:271,3
DA:272,3
DA:274,3
DA:275,3
DA:276,3
DA:277,3
DA:278,3
DA:279,3
DA:280,3
DA:281,3
DA:284,12
DA:286,12
DA:287,12
DA:288,1
DA:289,11
DA:291,11
DA:294,11
DA:296,11
DA:297,12
DA:300,54
DA:301,54
DA:303,14
DA:306,0
DA:309,0
DA:310,0
DA:311,0
DA:312,0
DA:314,0
DA:315,0
DA:317,0
DA:322,18
DA:323,18
DA:324,13
DA:326,5
DA:331,7
DA:332,7
DA:333,7
DA:334,7
DA:338,0
DA:339,0
DA:340,0
DA:341,0
DA:345,7
DA:346,7
DA:347,7
DA:349,7
DA:350,7
DA:352,7
DA:356,0
DA:357,0
DA:358,0
DA:360,0
DA:361,0
DA:362,0
DA:364,0
DA:366,0
DA:370,7
DA:371,7
DA:372,7
DA:375,7
DA:376,7
DA:378,7
DA:379,7
DA:381,7
DA:382,7
DA:384,7
DA:388,0
DA:389,0
DA:390,0
DA:394,0
DA:395,0
DA:396,0
DA:400,0
DA:401,0
DA:402,0
DA:403,0
DA:407,0
DA:408,0
DA:409,0
DA:410,0
DA:411,0
DA:412,0
DA:416,1
DA:417,1
DA:418,1
DA:419,1
DA:423,0
DA:424,0
DA:425,0
DA:426,0
DA:427,0
DA:430,54
DA:433,3
DA:434,3
DA:435,3
DA:436,3
DA:437,3
DA:438,3
DA:439,3
DA:440,3
DA:441,3
DA:442,3
DA:443,3
DA:447,3
DA:449,3
DA:450,7
DA:451,4
DA:454,3
DA:455,3
DA:456,0
DA:457,0
DA:458,0
DA:463,3
DA:465,3
DA:466,3
DA:467,3
DA:468,3
DA:469,3
DA:470,3
DA:471,3
DA:475,0
DA:476,0
DA:477,0
DA:480,0
DA:481,0
DA:482,0
DA:485,1
DA:486,1
DA:487,1
DA:491,3
DA:492,3
DA:493,3
DA:494,3
DA:495,3
DA:496,3
DA:500,0
DA:501,0
DA:502,0
DA:511,2
DA:512,2
DA:513,2
DA:514,2
DA:515,2
DA:516,3
DA:518,2
DA:519,2
DA:521,2
DA:522,2
DA:525,0
DA:526,0
DA:527,0
DA:528,0
DA:529,0
DA:530,0
DA:531,0
DA:533,0
DA:534,0
DA:536,0
DA:537,0
DA:541,1
DA:542,1
DA:543,1
DA:545,1
DA:546,1
DA:547,1
DA:548,1
DA:550,1
DA:552,1
DA:556,1
DA:557,1
DA:558,1
DA:560,1
DA:561,1
DA:562,1
DA:564,1
DA:565,1
DA:566,1
DA:567,1
DA:568,1
DA:569,1
DA:570,1
DA:572,1
DA:574,1
DA:576,1
DA:578,1
DA:580,1
DA:589,1
DA:590,1
DA:591,1
DA:593,1
DA:594,1
DA:595,1
DA:596,1
DA:597,1
DA:598,1
DA:599,1
DA:600,1
DA:603,1
DA:604,1
DA:607,1
DA:608,1
DA:609,1
DA:610,1
DA:611,0
DA:615,1
DA:616,1
DA:617,1
DA:618,1
DA:619,0
DA:623,1
DA:624,1
DA:625,1
DA:626,1
DA:627,0
DA:629,1
DA:632,1
DA:633,1
DA:636,1
DA:637,1
DA:640,1
DA:641,1
DA:642,1
DA:643,0
DA:645,0
DA:647,1
DA:650,1
DA:651,1
DA:654,1
DA:655,1
DA:656,1
DA:659,1
DA:662,1
DA:663,1
DA:665,0
DA:667,1
DA:670,1
DA:671,1
DA:674,1
DA:675,1
DA:677,1
DA:678,1
DA:679,1
DA:680,0
DA:681,0
DA:683,0
DA:685,1
DA:688,1
DA:690,1
DA:691,1
DA:693,1
DA:696,1
DA:697,1
DA:698,1
DA:701,1
DA:702,1
DA:704,1
DA:705,1
DA:709,1
DA:710,1
DA:712,1
DA:713,1
DA:714,1
DA:717,1
DA:718,1
DA:721,1
DA:722,1
DA:723,1
DA:726,1
DA:729,1
DA:732,1
DA:733,1
DA:735,1
DA:736,1
DA:739,1
DA:740,1
DA:743,1
DA:744,1
DA:745,1
DA:747,1
DA:748,1
DA:751,1
DA:752,1
DA:754,1
DA:757,1
DA:758,1
DA:761,1
DA:762,1
DA:764,1
DA:767,1
DA:768,1
DA:769,1
DA:770,1
BRF:0
BRH:0
LF:412
LH:298
end_of_record
SF:/home/chad/git/mathjit/src/transcendental.rs
FN:124,_RNvNtCsbIMKQJJAEYn_7mathjit14transcendental10cos_approxB3_
FN:54,_RNvNtCsbIMKQJJAEYn_7mathjit14transcendental10exp_approxB3_
FN:90,_RNvNtCsbIMKQJJAEYn_7mathjit14transcendental10sin_approxB3_
FN:248,_RNvNtCsbIMKQJJAEYn_7mathjit14transcendental15generate_cos_ir
FN:210,_RNvNtCsbIMKQJJAEYn_7mathjit14transcendental15generate_exp_ir
FN:230,_RNvNtCsbIMKQJJAEYn_7mathjit14transcendental15generate_sin_ir
FN:17,_RNvNtCsbIMKQJJAEYn_7mathjit14transcendental15ln_1plus_approxB3_
FN:189,_RNvNtCsbIMKQJJAEYn_7mathjit14transcendental20generate_ln_1plus_ir
FN:175,_RNvNtCsbIMKQJJAEYn_7mathjit14transcendental20generate_rational_ir
FN:155,_RNvNtCsbIMKQJJAEYn_7mathjit14transcendental22generate_polynomial_ir
FN:124,_RNvNtCs45Qm4wG2YD4_7mathjit14transcendental10cos_approxB3_
FN:54,_RNvNtCs45Qm4wG2YD4_7mathjit14transcendental10exp_approxB3_
FN:90,_RNvNtCs45Qm4wG2YD4_7mathjit14transcendental10sin_approxB3_
FN:17,_RNvNtCs45Qm4wG2YD4_7mathjit14transcendental15ln_1plus_approxB3_
FNDA:0,_RNvNtCsbIMKQJJAEYn_7mathjit14transcendental10cos_approxB3_
FNDA:0,_RNvNtCsbIMKQJJAEYn_7mathjit14transcendental10exp_approxB3_
FNDA:0,_RNvNtCsbIMKQJJAEYn_7mathjit14transcendental10sin_approxB3_
FNDA:0,_RNvNtCsbIMKQJJAEYn_7mathjit14transcendental15generate_cos_ir
FNDA:0,_RNvNtCsbIMKQJJAEYn_7mathjit14transcendental15generate_exp_ir
FNDA:0,_RNvNtCsbIMKQJJAEYn_7mathjit14transcendental15generate_sin_ir
FNDA:0,_RNvNtCsbIMKQJJAEYn_7mathjit14transcendental15ln_1plus_approxB3_
FNDA:0,_RNvNtCsbIMKQJJAEYn_7mathjit14transcendental20generate_ln_1plus_ir
FNDA:0,_RNvNtCsbIMKQJJAEYn_7mathjit14transcendental20generate_rational_ir
FNDA:0,_RNvNtCsbIMKQJJAEYn_7mathjit14transcendental22generate_polynomial_ir
FNDA:0,_RNvNtCs45Qm4wG2YD4_7mathjit14transcendental10cos_approxB3_
FNDA:0,_RNvNtCs45Qm4wG2YD4_7mathjit14transcendental10exp_approxB3_
FNDA:0,_RNvNtCs45Qm4wG2YD4_7mathjit14transcendental10sin_approxB3_
FNDA:0,_RNvNtCs45Qm4wG2YD4_7mathjit14transcendental15ln_1plus_approxB3_
FNF:10
FNH:0
DA:17,0
DA:19,0
DA:20,0
DA:21,0
DA:22,0
DA:23,0
DA:24,0
DA:25,0
DA:28,0
DA:29,0
DA:30,0
DA:31,0
DA:32,0
DA:33,0
DA:34,0
DA:37,0
DA:38,0
DA:39,0
DA:40,0
DA:43,0
DA:44,0
DA:45,0
DA:46,0
DA:48,0
DA:49,0
DA:54,0
DA:56,0
DA:57,0
DA:58,0
DA:59,0
DA:60,0
DA:61,0
DA:64,0
DA:65,0
DA:66,0
DA:67,0
DA:68,0
DA:69,0
DA:70,0
DA:73,0
DA:74,0
DA:75,0
DA:76,0
DA:79,0
DA:80,0
DA:81,0
DA:82,0
DA:84,0
DA:85,0
DA:90,0
DA:92,0
DA:93,0
DA:94,0
DA:95,0
DA:96,0
DA:97,0
DA:98,0
DA:99,0
DA:100,0
DA:101,0
DA:104,0
DA:107,0
DA:108,0
DA:109,0
DA:110,0
DA:113,0
DA:114,0
DA:115,0
DA:116,0
DA:118,0
DA:119,0
DA:124,0
DA:126,0
DA:127,0
DA:128,0
DA:129,0
DA:130,0
DA:131,0
DA:132,0
DA:133,0
DA:136,0
DA:139,0
DA:140,0
DA:141,0
DA:142,0
DA:145,0
DA:146,0
DA:147,0
DA:148,0
DA:150,0
DA:151,0
DA:155,0
DA:156,0
DA:157,0
DA:158,0
DA:161,0
DA:164,0
DA:165,0
DA:166,0
DA:167,0
DA:168,0
DA:170,0
DA:171,0
DA:175,0
DA:176,0
DA:177,0
DA:178,0
DA:179,0
DA:180,0
DA:181,0
DA:182,0
DA:183,0
DA:184,0
DA:189,0
DA:190,0
DA:191,0
DA:192,0
DA:193,0
DA:194,0
DA:195,0
DA:196,0
DA:197,0
DA:198,0
DA:199,0
DA:200,0
DA:201,0
DA:202,0
DA:203,0
DA:204,0
DA:205,0
DA:210,0
DA:211,0
DA:212,0
DA:213,0
DA:214,0
DA:215,0
DA:216,0
DA:217,0
DA:218,0
DA:219,0
DA:220,0
DA:221,0
DA:222,0
DA:223,0
DA:224,0
DA:225,0
DA:230,0
DA:231,0
DA:232,0
DA:233,0
DA:234,0
DA:235,0
DA:236,0
DA:237,0
DA:238,0
DA:239,0
DA:240,0
DA:241,0
DA:242,0
DA:243,0
DA:248,0
DA:249,0
DA:250,0
DA:251,0
DA:252,0
DA:253,0
DA:254,0
DA:255,0
DA:256,0
DA:257,0
DA:258,0
DA:259,0
BRF:0
BRH:0
LF:172
LH:0
end_of_record