SF:/home/chad/git/mathjit/src/backends/cranelift.rs
FN:289,_RNvMs1_NtNtCsbIMKQJJAEYn_7mathjit8backends9craneliftNtB5_11JITFunction11call_single
FN:301,_RNvMs1_NtNtCsbIMKQJJAEYn_7mathjit8backends9craneliftNtB5_11JITFunction13call_two_vars
FN:313,_RNvMs1_NtNtCsbIMKQJJAEYn_7mathjit8backends9craneliftNtB5_11JITFunction15call_multi_vars
FN:510,_RNvMs2_NtNtCsbIMKQJJAEYn_7mathjit8backends9craneliftNtB5_11JITCompiler16compile_two_vars
FN:592,_RNvMs2_NtNtCsbIMKQJJAEYn_7mathjit8backends9craneliftNtB5_11JITCompiler18compile_multi_vars
FN:435,_RNvMs2_NtNtCsbIMKQJJAEYn_7mathjit8backends9craneliftNtB5_11JITCompiler18compile_single_var
FN:411,_RNvMs2_NtNtCsbIMKQJJAEYn_7mathjit8backends9craneliftNtB5_11JITCompiler3new
FN:90,_RNvNtNtCsbIMKQJJAEYn_7mathjit8backends9cranelift15generate_cos_ir
FN:69,_RNvNtNtCsbIMKQJJAEYn_7mathjit8backends9cranelift15generate_exp_ir
FN:105,_RNvNtNtCsbIMKQJJAEYn_7mathjit8backends9cranelift15generate_sin_ir
FN:685,_RNvNtNtCsbIMKQJJAEYn_7mathjit8backends9cranelift20generate_ir_for_expr
FN:49,_RNvNtNtCsbIMKQJJAEYn_7mathjit8backends9cranelift20generate_ln_1plus_ir
FN:36,_RNvNtNtCsbIMKQJJAEYn_7mathjit8backends9cranelift20generate_rational_ir
FN:17,_RNvNtNtCsbIMKQJJAEYn_7mathjit8backends9cranelift22generate_polynomial_ir
FN:115,_RNvNtNtCsbIMKQJJAEYn_7mathjit8backends9cranelift25generate_integer_power_ir
FN:788,_RNvNtNtNtCsbIMKQJJAEYn_7mathjit8backends9cranelift5testss_26test_jit_compiler_creation
FN:794,_RNvNtNtNtCsbIMKQJJAEYn_7mathjit8backends9cranelift5testss_27test_simple_jit_compilation
FN:810,_RNvNtNtNtCsbIMKQJJAEYn_7mathjit8backends9cranelift5testss_33test_two_variable_jit_compilation
FN:826,_RNvNtNtNtCsbIMKQJJAEYn_7mathjit8backends9cranelift5testss_35test_multi_variable_jit_compilation
FN:357,_RNvMs1_NtNtCsbIMKQJJAEYn_7mathjit8backends9craneliftNtB5_11JITFunction15call_data_param
FN:369,_RNvMs1_NtNtCsbIMKQJJAEYn_7mathjit8backends9craneliftNtB5_11JITFunction16call_data_params
FN:229,_RNvXNtNtCsbIMKQJJAEYn_7mathjit8backends9craneliftNtB2_8JITErrorNtNtCs264BKr10cB_4core3fmt7Display3fmt
FN:242,_RNvXs0_NtNtCsbIMKQJJAEYn_7mathjit8backends9craneliftNtNtB9_5error12MathJITErrorINtNtCs264BKr10cB_4core7convert4FromNtB5_8JITErrorE4from
FN:534,_RNCNvMs2_NtNtCsbIMKQJJAEYn_7mathjit8backends9craneliftNtB7_11JITCompiler16compile_two_vars0Bb_
FN:571,_RNCNvMs2_NtNtCsbIMKQJJAEYn_7mathjit8backends9craneliftNtB7_11JITCompiler16compile_two_varss0_0Bb_
FN:567,_RNCNvMs2_NtNtCsbIMKQJJAEYn_7mathjit8backends9craneliftNtB7_11JITCompiler16compile_two_varss_0Bb_
FN:627,_RNCNvMs2_NtNtCsbIMKQJJAEYn_7mathjit8backends9craneliftNtB7_11JITCompiler18compile_multi_vars0Bb_
FN:663,_RNCNvMs2_NtNtCsbIMKQJJAEYn_7mathjit8backends9craneliftNtB7_11JITCompiler18compile_multi_varss0_0Bb_
FN:659,_RNCNvMs2_NtNtCsbIMKQJJAEYn_7mathjit8backends9craneliftNtB7_11JITCompiler18compile_multi_varss_0Bb_
FN:455,_RNCNvMs2_NtNtCsbIMKQJJAEYn_7mathjit8backends9craneliftNtB7_11JITCompiler18compile_single_var0Bb_
FN:489,_RNCNvMs2_NtNtCsbIMKQJJAEYn_7mathjit8backends9craneliftNtB7_11JITCompiler18compile_single_vars0_0Bb_
FN:485,_RNCNvMs2_NtNtCsbIMKQJJAEYn_7mathjit8backends9craneliftNtB7_11JITCompiler18compile_single_vars_0Bb_
FN:415,_RNCNvMs2_NtNtCsbIMKQJJAEYn_7mathjit8backends9craneliftNtB7_11JITCompiler3new0Bb_
FN:420,_RNCNvMs2_NtNtCsbIMKQJJAEYn_7mathjit8backends9craneliftNtB7_11JITCompiler3news0_0Bb_
FN:422,_RNCNvMs2_NtNtCsbIMKQJJAEYn_7mathjit8backends9craneliftNtB7_11JITCompiler3news1_0Bb_
FN:418,_RNCNvMs2_NtNtCsbIMKQJJAEYn_7mathjit8backends9craneliftNtB7_11JITCompiler3news_0Bb_
FN:706,_RNCNvNtNtCsbIMKQJJAEYn_7mathjit8backends9cranelift20generate_ir_for_expr0B7_
FN:711,_RNCNvNtNtCsbIMKQJJAEYn_7mathjit8backends9cranelift20generate_ir_for_exprs_0B7_
FN:242,_RNvXs0_NtNtCs45Qm4wG2YD4_7mathjit8backends9craneliftNtNtB9_5error12MathJITErrorINtNtCs264BKr10cB_4core7convert4FromNtB5_8JITErrorE4from
FN:534,_RNCNvMs2_NtNtCs45Qm4wG2YD4_7mathjit8backends9craneliftNtB7_11JITCompiler16compile_two_vars0Bb_
FN:571,_RNCNvMs2_NtNtCs45Qm4wG2YD4_7mathjit8backends9craneliftNtB7_11JITCompiler16compile_two_varss0_0Bb_
FN:567,_RNCNvMs2_NtNtCs45Qm4wG2YD4_7mathjit8backends9craneliftNtB7_11JITCompiler16compile_two_varss_0Bb_
FN:627,_RNCNvMs2_NtNtCs45Qm4wG2YD4_7mathjit8backends9craneliftNtB7_11JITCompiler18compile_multi_vars0Bb_
FN:663,_RNCNvMs2_NtNtCs45Qm4wG2YD4_7mathjit8backends9craneliftNtB7_11JITCompiler18compile_multi_varss0_0Bb_
FN:659,_RNCNvMs2_NtNtCs45Qm4wG2YD4_7mathjit8backends9craneliftNtB7_11JITCompiler18compile_multi_varss_0Bb_
FN:455,_RNCNvMs2_NtNtCs45Qm4wG2YD4_7mathjit8backends9craneliftNtB7_11JITCompiler18compile_single_var0Bb_
FN:489,_RNCNvMs2_NtNtCs45Qm4wG2YD4_7mathjit8backends9craneliftNtB7_11JITCompiler18compile_single_vars0_0Bb_
FN:485,_RNCNvMs2_NtNtCs45Qm4wG2YD4_7mathjit8backends9craneliftNtB7_11JITCompiler18compile_single_vars_0Bb_
FN:415,_RNCNvMs2_NtNtCs45Qm4wG2YD4_7mathjit8backends9craneliftNtB7_11JITCompiler3new0Bb_
FN:420,_RNCNvMs2_NtNtCs45Qm4wG2YD4_7mathjit8backends9craneliftNtB7_11JITCompiler3news0_0Bb_
FN:422,_RNCNvMs2_NtNtCs45Qm4wG2YD4_7mathjit8backends9craneliftNtB7_11JITCompiler3news1_0Bb_
FN:418,_RNCNvMs2_NtNtCs45Qm4wG2YD4_7mathjit8backends9craneliftNtB7_11JITCompiler3news_0Bb_
FN:706,_RNCNvNtNtCs45Qm4wG2YD4_7mathjit8backends9cranelift20generate_ir_for_expr0B7_
FN:711,_RNCNvNtNtCs45Qm4wG2YD4_7mathjit8backends9cranelift20generate_ir_for_exprs_0B7_
FN:289,_RNvMs1_NtNtCs45Qm4wG2YD4_7mathjit8backends9craneliftNtB5_11JITFunction11call_single
FN:301,_RNvMs1_NtNtCs45Qm4wG2YD4_7mathjit8backends9craneliftNtB5_11JITFunction13call_two_vars
FN:357,_RNvMs1_NtNtCs45Qm4wG2YD4_7mathjit8backends9craneliftNtB5_11JITFunction15call_data_param
FN:313,_RNvMs1_NtNtCs45Qm4wG2YD4_7mathjit8backends9craneliftNtB5_11JITFunction15call_multi_vars
FN:369,_RNvMs1_NtNtCs45Qm4wG2YD4_7mathjit8backends9craneliftNtB5_11JITFunction16call_data_params
FN:510,_RNvMs2_NtNtCs45Qm4wG2YD4_7mathjit8backends9craneliftNtB5_11JITCompiler16compile_two_vars
FN:592,_RNvMs2_NtNtCs45Qm4wG2YD4_7mathjit8backends9craneliftNtB5_11JITCompiler18compile_multi_vars
FN:435,_RNvMs2_NtNtCs45Qm4wG2YD4_7mathjit8backends9craneliftNtB5_11JITCompiler18compile_single_var
FN:411,_RNvMs2_NtNtCs45Qm4wG2YD4_7mathjit8backends9craneliftNtB5_11JITCompiler3new
FN:90,_RNvNtNtCs45Qm4wG2YD4_7mathjit8backends9cranelift15generate_cos_ir
FN:69,_RNvNtNtCs45Qm4wG2YD4_7mathjit8backends9cranelift15generate_exp_ir
FN:105,_RNvNtNtCs45Qm4wG2YD4_7mathjit8backends9cranelift15generate_sin_ir
FN:685,_RNvNtNtCs45Qm4wG2YD4_7mathjit8backends9cranelift20generate_ir_for_expr
FN:49,_RNvNtNtCs45Qm4wG2YD4_7mathjit8backends9cranelift20generate_ln_1plus_ir
FN:36,_RNvNtNtCs45Qm4wG2YD4_7mathjit8backends9cranelift20generate_rational_ir
FN:17,_RNvNtNtCs45Qm4wG2YD4_7mathjit8backends9cranelift22generate_polynomial_ir
FN:115,_RNvNtNtCs45Qm4wG2YD4_7mathjit8backends9cranelift25generate_integer_power_ir
FN:229,_RNvXNtNtCs45Qm4wG2YD4_7mathjit8backends9craneliftNtB2_8JITErrorNtNtCs264BKr10cB_4core3fmt7Display3fmt
FNDA:2,_RNvMs1_NtNtCsbIMKQJJAEYn_7mathjit8backends9craneliftNtB5_11JITFunction11call_single
FNDA:1,_RNvMs1_NtNtCsbIMKQJJAEYn_7mathjit8backends9craneliftNtB5_11JITFunction13call_two_vars
FNDA:1,_RNvMs1_NtNtCsbIMKQJJAEYn_7mathjit8backends9craneliftNtB5_11JITFunction15call_multi_vars
FNDA:1,_RNvMs2_NtNtCsbIMKQJJAEYn_7mathjit8backends9craneliftNtB5_11JITCompiler16compile_two_vars
FNDA:1,_RNvMs2_NtNtCsbIMKQJJAEYn_7mathjit8backends9craneliftNtB5_11JITCompiler18compile_multi_vars
FNDA:2,_RNvMs2_NtNtCsbIMKQJJAEYn_7mathjit8backends9craneliftNtB5_11JITCompiler18compile_single_var
FNDA:5,_RNvMs2_NtNtCsbIMKQJJAEYn_7mathjit8backends9craneliftNtB5_11JITCompiler3new
FNDA:0,_RNvNtNtCsbIMKQJJAEYn_7mathjit8backends9cranelift15generate_cos_ir
FNDA:0,_RNvNtNtCsbIMKQJJAEYn_7mathjit8backends9cranelift15generate_exp_ir
FNDA:0,_RNvNtNtCsbIMKQJJAEYn_7mathjit8backends9cranelift15generate_sin_ir
FNDA:20,_RNvNtNtCsbIMKQJJAEYn_7mathjit8backends9cranelift20generate_ir_for_expr
FNDA:0,_RNvNtNtCsbIMKQJJAEYn_7mathjit8backends9cranelift20generate_ln_1plus_ir
FNDA:0,_RNvNtNtCsbIMKQJJAEYn_7mathjit8backends9cranelift20generate_rational_ir
FNDA:0,_RNvNtNtCsbIMKQJJAEYn_7mathjit8backends9cranelift22generate_polynomial_ir
FNDA:0,_RNvNtNtCsbIMKQJJAEYn_7mathjit8backends9cranelift25generate_integer_power_ir
FNDA:1,_RNvNtNtNtCsbIMKQJJAEYn_7mathjit8backends9cranelift5testss_26test_jit_compiler_creation
FNDA:1,_RNvNtNtNtCsbIMKQJJAEYn_7mathjit8backends9cranelift5testss_27test_simple_jit_compilation
FNDA:1,_RNvNtNtNtCsbIMKQJJAEYn_7mathjit8backends9cranelift5testss_33test_two_variable_jit_compilation
FNDA:1,_RNvNtNtNtCsbIMKQJJAEYn_7mathjit8backends9cranelift5testss_35test_multi_variable_jit_compilation
FNDA:0,_RNvMs1_NtNtCsbIMKQJJAEYn_7mathjit8backends9craneliftNtB5_11JITFunction15call_data_param
FNDA:0,_RNvMs1_NtNtCsbIMKQJJAEYn_7mathjit8backends9craneliftNtB5_11JITFunction16call_data_params
FNDA:0,_RNvXNtNtCsbIMKQJJAEYn_7mathjit8backends9craneliftNtB2_8JITErrorNtNtCs264BKr10cB_4core3fmt7Display3fmt
FNDA:0,_RNvXs0_NtNtCsbIMKQJJAEYn_7mathjit8backends9craneliftNtNtB9_5error12MathJITErrorINtNtCs264BKr10cB_4core7convert4FromNtB5_8JITErrorE4from
FNDA:0,_RNCNvMs2_NtNtCsbIMKQJJAEYn_7mathjit8backends9craneliftNtB7_11JITCompiler16compile_two_vars0Bb_
FNDA:0,_RNCNvMs2_NtNtCsbIMKQJJAEYn_7mathjit8backends9craneliftNtB7_11JITCompiler16compile_two_varss0_0Bb_
FNDA:0,_RNCNvMs2_NtNtCsbIMKQJJAEYn_7mathjit8backends9craneliftNtB7_11JITCompiler16compile_two_varss_0Bb_
FNDA:0,_RNCNvMs2_NtNtCsbIMKQJJAEYn_7mathjit8backends9craneliftNtB7_11JITCompiler18compile_multi_vars0Bb_
FNDA:0,_RNCNvMs2_NtNtCsbIMKQJJAEYn_7mathjit8backends9craneliftNtB7_11JITCompiler18compile_multi_varss0_0Bb_
FNDA:0,_RNCNvMs2_NtNtCsbIMKQJJAEYn_7mathjit8backends9craneliftNtB7_11JITCompiler18compile_multi_varss_0Bb_
FNDA:0,_RNCNvMs2_NtNtCsbIMKQJJAEYn_7mathjit8backends9craneliftNtB7_11JITCompiler18compile_single_var0Bb_
FNDA:0,_RNCNvMs2_NtNtCsbIMKQJJAEYn_7mathjit8backends9craneliftNtB7_11JITCompiler18compile_single_vars0_0Bb_
FNDA:0,_RNCNvMs2_NtNtCsbIMKQJJAEYn_7mathjit8backends9craneliftNtB7_11JITCompiler18compile_single_vars_0Bb_
FNDA:0,_RNCNvMs2_NtNtCsbIMKQJJAEYn_7mathjit8backends9craneliftNtB7_11JITCompiler3new0Bb_
FNDA:0,_RNCNvMs2_NtNtCsbIMKQJJAEYn_7mathjit8backends9craneliftNtB7_11JITCompiler3news0_0Bb_
FNDA:0,_RNCNvMs2_NtNtCsbIMKQJJAEYn_7mathjit8backends9craneliftNtB7_11JITCompiler3news1_0Bb_
FNDA:0,_RNCNvMs2_NtNtCsbIMKQJJAEYn_7mathjit8backends9craneliftNtB7_11JITCompiler3news_0Bb_
FNDA:0,_RNCNvNtNtCsbIMKQJJAEYn_7mathjit8backends9cranelift20generate_ir_for_expr0B7_
FNDA:0,_RNCNvNtNtCsbIMKQJJAEYn_7mathjit8backends9cranelift20generate_ir_for_exprs_0B7_
FNDA:0,_RNvXs0_NtNtCs45Qm4wG2YD4_7mathjit8backends9craneliftNtNtB9_5error12MathJITErrorINtNtCs264BKr10cB_4core7convert4FromNtB5_8JITErrorE4from
FNDA:0,_RNCNvMs2_NtNtCs45Qm4wG2YD4_7mathjit8backends9craneliftNtB7_11JITCompiler16compile_two_vars0Bb_
FNDA:0,_RNCNvMs2_NtNtCs45Qm4wG2YD4_7mathjit8backends9craneliftNtB7_11JITCompiler16compile_two_varss0_0Bb_
FNDA:0,_RNCNvMs2_NtNtCs45Qm4wG2YD4_7mathjit8backends9craneliftNtB7_11JITCompiler16compile_two_varss_0Bb_
FNDA:0,_RNCNvMs2_NtNtCs45Qm4wG2YD4_7mathjit8backends9craneliftNtB7_11JITCompiler18compile_multi_vars0Bb_
FNDA:0,_RNCNvMs2_NtNtCs45Qm4wG2YD4_7mathjit8backends9craneliftNtB7_11JITCompiler18compile_multi_varss0_0Bb_
FNDA:0,_RNCNvMs2_NtNtCs45Qm4wG2YD4_7mathjit8backends9craneliftNtB7_11JITCompiler18compile_multi_varss_0Bb_
FNDA:0,_RNCNvMs2_NtNtCs45Qm4wG2YD4_7mathjit8backends9craneliftNtB7_11JITCompiler18compile_single_var0Bb_
FNDA:0,_RNCNvMs2_NtNtCs45Qm4wG2YD4_7mathjit8backends9craneliftNtB7_11JITCompiler18compile_single_vars0_0Bb_
FNDA:0,_RNCNvMs2_NtNtCs45Qm4wG2YD4_7mathjit8backends9craneliftNtB7_11JITCompiler18compile_single_vars_0Bb_
FNDA:0,_RNCNvMs2_NtNtCs45Qm4wG2YD4_7mathjit8backends9craneliftNtB7_11JITCompiler3new0Bb_
FNDA:0,_RNCNvMs2_NtNtCs45Qm4wG2YD4_7mathjit8backends9craneliftNtB7_11JITCompiler3news0_0Bb_
FNDA:0,_RNCNvMs2_NtNtCs45Qm4wG2YD4_7mathjit8backends9craneliftNtB7_11JITCompiler3news1_0Bb_
FNDA:0,_RNCNvMs2_NtNtCs45Qm4wG2YD4_7mathjit8backends9craneliftNtB7_11JITCompiler3news_0Bb_
FNDA:0,_RNCNvNtNtCs45Qm4wG2YD4_7mathjit8backends9cranelift20generate_ir_for_expr0B7_
FNDA:0,_RNCNvNtNtCs45Qm4wG2YD4_7mathjit8backends9cranelift20generate_ir_for_exprs_0B7_
FNDA:0,_RNvMs1_NtNtCs45Qm4wG2YD4_7mathjit8backends9craneliftNtB5_11JITFunction11call_single
FNDA:0,_RNvMs1_NtNtCs45Qm4wG2YD4_7mathjit8backends9craneliftNtB5_11JITFunction13call_two_vars
FNDA:0,_RNvMs1_NtNtCs45Qm4wG2YD4_7mathjit8backends9craneliftNtB5_11JITFunction15call_data_param
FNDA:0,_RNvMs1_NtNtCs45Qm4wG2YD4_7mathjit8backends9craneliftNtB5_11JITFunction15call_multi_vars
FNDA:0,_RNvMs1_NtNtCs45Qm4wG2YD4_7mathjit8backends9craneliftNtB5_11JITFunction16call_data_params
FNDA:0,_RNvMs2_NtNtCs45Qm4wG2YD4_7mathjit8backends9craneliftNtB5_11JITCompiler16compile_two_vars
FNDA:0,_RNvMs2_NtNtCs45Qm4wG2YD4_7mathjit8backends9craneliftNtB5_11JITCompiler18compile_multi_vars
FNDA:0,_RNvMs2_NtNtCs45Qm4wG2YD4_7mathjit8backends9craneliftNtB5_11JITCompiler18compile_single_var
FNDA:0,_RNvMs2_NtNtCs45Qm4wG2YD4_7mathjit8backends9craneliftNtB5_11JITCompiler3new
FNDA:0,_RNvNtNtCs45Qm4wG2YD4_7mathjit8backends9cranelift15generate_cos_ir
FNDA:0,_RNvNtNtCs45Qm4wG2YD4_7mathjit8backends9cranelift15generate_exp_ir
FNDA:0,_RNvNtNtCs45Qm4wG2YD4_7mathjit8backends9cranelift15generate_sin_ir
FNDA:0,_RNvNtNtCs45Qm4wG2YD4_7mathjit8backends9cranelift20generate_ir_for_expr
FNDA:0,_RNvNtNtCs45Qm4wG2YD4_7mathjit8backends9cranelift20generate_ln_1plus_ir
FNDA:0,_RNvNtNtCs45Qm4wG2YD4_7mathjit8backends9cranelift20generate_rational_ir
FNDA:0,_RNvNtNtCs45Qm4wG2YD4_7mathjit8backends9cranelift22generate_polynomial_ir
FNDA:0,_RNvNtNtCs45Qm4wG2YD4_7mathjit8backends9cranelift25generate_integer_power_ir
FNDA:0,_RNvXNtNtCs45Qm4wG2YD4_7mathjit8backends9craneliftNtB2_8JITErrorNtNtCs264BKr10cB_4core3fmt7Display3fmt
FNF:38
FNH:12
DA:17,0
DA:18,0
DA:19,0
DA:20,0
DA:23,0
DA:26,0
DA:27,0
DA:28,0
DA:29,0
DA:30,0
DA:32,0
DA:33,0
DA:36,0
DA:37,0
DA:38,0
DA:39,0
DA:40,0
DA:41,0
DA:42,0
DA:43,0
DA:44,0
DA:45,0
DA:49,0
DA:50,0
DA:51,0
DA:52,0
DA:53,0
DA:54,0
DA:55,0
DA:56,0
DA:57,0
DA:58,0
DA:59,0
DA:60,0
DA:61,0
DA:62,0
DA:63,0
DA:64,0
DA:65,0
DA:69,0
DA:70,0
DA:71,0
DA:72,0
DA:73,0
DA:74,0
DA:75,0
DA:76,0
DA:77,0
DA:78,0
DA:79,0
DA:80,0
DA:81,0
DA:82,0
DA:83,0
DA:84,0
DA:85,0
DA:86,0
DA:90,0
DA:91,0
DA:92,0
DA:93,0
DA:94,0
DA:95,0
DA:96,0
DA:97,0
DA:98,0
DA:99,0
DA:100,0
DA:101,0
DA:105,0
DA:107,0
DA:108,0
DA:110,0
DA:111,0
DA:112,0
DA:115,0
DA:116,0
DA:117,0
DA:118,0
DA:120,0
DA:121,0
DA:123,0
DA:125,0
DA:126,0
DA:127,0
DA:130,0
DA:131,0
DA:134,0
DA:135,0
DA:138,0
DA:139,0
DA:140,0
DA:143,0
DA:144,0
DA:145,0
DA:148,0
DA:149,0
DA:150,0
DA:151,0
DA:154,0
DA:155,0
DA:156,0
DA:159,0
DA:160,0
DA:161,0
DA:162,0
DA:164,0
DA:166,0
DA:168,0
DA:169,0
DA:170,0
DA:171,0
DA:174,0
DA:175,0
DA:176,0
DA:177,0
DA:180,0
DA:181,0
DA:182,0
DA:183,0
DA:187,0
DA:188,0
DA:189,0
DA:191,0
DA:192,0
DA:193,0
DA:194,0
DA:195,0
DA:196,0
DA:198,0
DA:202,0
DA:204,0
DA:205,0
DA:206,0
DA:210,0
DA:213,0
DA:229,0
DA:230,0
DA:231,0
DA:232,0
DA:233,0
DA:234,0
DA:236,0
DA:242,0
DA:243,0
DA:244,0
DA:289,2
DA:290,2
DA:292,2
DA:293,2
DA:294,2
DA:296,0
DA:298,2
DA:301,1
DA:302,1
DA:304,1
DA:305,1
DA:306,1
DA:308,0
DA:310,1
DA:313,1
DA:314,1
DA:315,1
DA:316,1
DA:317,1
DA:318,0
DA:320,0
DA:323,1
DA:325,0
DA:326,0
DA:327,0
DA:330,0
DA:331,0
DA:332,0
DA:335,1
DA:336,1
DA:337,1
DA:340,0
DA:341,0
DA:342,0
DA:345,0
DA:346,0
DA:347,0
DA:349,0
DA:352,0
DA:354,1
DA:357,0
DA:358,0
DA:360,0
DA:361,0
DA:362,0
DA:364,0
DA:366,0
DA:369,0
DA:370,0
DA:371,0
DA:372,0
DA:373,0
DA:374,0
DA:376,0
DA:379,0
DA:381,0
DA:382,0
DA:383,0
DA:386,0
DA:387,0
DA:388,0
DA:391,0
DA:392,0
DA:393,0
DA:395,0
DA:398,0
DA:400,0
DA:411,5
DA:412,5
DA:413,5
DA:414,5
DA:415,5
DA:416,5
DA:417,5
DA:418,5
DA:419,5
DA:420,5
DA:421,5
DA:422,5
DA:424,5
DA:425,5
DA:426,5
DA:428,5
DA:429,5
DA:430,5
DA:431,5
DA:432,5
DA:435,2
DA:436,2
DA:437,2
DA:438,2
DA:439,2
DA:440,2
DA:443,2
DA:444,2
DA:447,2
DA:452,2
DA:453,2
DA:454,2
DA:455,2
DA:458,2
DA:459,2
DA:461,2
DA:462,2
DA:463,2
DA:464,2
DA:465,2
DA:468,2
DA:471,2
DA:472,2
DA:475,2
DA:478,2
DA:479,2
DA:483,2
DA:484,2
DA:485,2
DA:487,2
DA:488,2
DA:489,2
DA:491,2
DA:493,2
DA:494,2
DA:495,2
DA:496,2
DA:497,2
DA:498,2
DA:499,2
DA:501,2
DA:502,2
DA:503,2
DA:504,2
DA:505,2
DA:506,2
DA:507,2
DA:510,1
DA:511,1
DA:512,1
DA:513,1
DA:514,1
DA:515,1
DA:516,1
DA:519,1
DA:520,1
DA:523,1
DA:526,1
DA:531,1
DA:532,1
DA:533,1
DA:534,1
DA:537,1
DA:538,1
DA:540,1
DA:541,1
DA:542,1
DA:543,1
DA:544,1
DA:547,1
DA:548,1
DA:549,1
DA:552,1
DA:553,1
DA:554,1
DA:557,1
DA:560,1
DA:561,1
DA:565,1
DA:566,1
DA:567,1
DA:569,1
DA:570,1
DA:571,1
DA:573,1
DA:575,1
DA:576,1
DA:577,1
DA:578,1
DA:579,1
DA:580,1
DA:581,1
DA:583,1
DA:584,1
DA:585,1
DA:586,1
DA:587,1
DA:588,1
DA:589,1
DA:592,1
DA:593,1
DA:594,1
DA:595,1
DA:596,1
DA:597,1
DA:599,1
DA:600,0
DA:601,0
DA:602,0
DA:603,1
DA:605,1
DA:606,0
DA:607,0
DA:608,0
DA:609,0
DA:610,1
DA:613,1
DA:614,4
DA:615,3
DA:616,3
DA:617,3
DA:618,3
DA:619,1
DA:624,1
DA:625,1
DA:626,1
DA:627,1
DA:630,1
DA:631,1
DA:633,1
DA:634,1
DA:635,1
DA:636,1
DA:637,1
DA:640,1
DA:643,1
DA:644,3
DA:645,3
DA:646,3
DA:649,1
DA:652,1
DA:653,1
DA:657,1
DA:658,1
DA:659,1
DA:661,1
DA:662,1
DA:663,1
DA:665,1
DA:667,1
DA:668,1
DA:669,1
DA:670,1
DA:671,1
DA:672,1
DA:673,1
DA:675,1
DA:676,1
DA:677,1
DA:678,1
DA:679,1
DA:680,1
DA:681,1
DA:685,20
DA:686,20
DA:687,20
DA:688,20
DA:689,20
DA:690,20
DA:691,5
DA:692,0
DA:694,0
DA:695,0
DA:696,0
DA:698,0
DA:699,0
DA:700,0
DA:703,0
DA:704,0
DA:705,0
DA:706,0
DA:708,7
DA:709,7
DA:710,7
DA:711,7
DA:712,5
DA:713,5
DA:714,5
DA:715,5
DA:717,0
DA:718,0
DA:719,0
DA:720,0
DA:722,3
DA:723,3
DA:724,3
DA:725,3
DA:727,0
DA:728,0
DA:729,0
DA:730,0
DA:732,0
DA:733,0
DA:734,0
DA:736,0
DA:737,0
DA:738,0
DA:741,0
DA:742,0
DA:743,0
DA:744,0
DA:745,0
DA:746,0
DA:750,0
DA:751,0
DA:752,0
DA:753,0
DA:754,0
DA:756,0
DA:757,0
DA:759,0
DA:760,0
DA:761,0
DA:763,0
DA:764,0
DA:765,0
DA:767,0
DA:768,0
DA:769,0
DA:771,0
DA:772,0
DA:773,0
DA:775,0
DA:776,0
DA:777,0
DA:780,20
DA:788,1
DA:789,1
DA:790,1
DA:791,1
DA:794,1
DA:797,1
DA:798,1
DA:799,1
DA:802,1
DA:803,1
DA:805,1
DA:806,1
DA:807,1
DA:810,1
DA:813,1
DA:814,1
DA:815,1
DA:818,1
DA:819,1
DA:821,1
DA:822,1
DA:823,1
DA:826,1
DA:829,1
DA:830,1
DA:831,1
DA:834,1
DA:835,1
DA:836,1
DA:837,1
DA:839,1
DA:840,1
DA:841,1
BRF:0
BRH:0
LF:517
LH:251
end_of_record
SF:/home/chad/git/mathjit/src/backends/mod.rs
FN:46,_RNvXNtCsbIMKQJJAEYn_7mathjit8backendsNtB2_11BackendTypeNtNtCs264BKr10cB_4core7default7Default7default
FNDA:0,_RNvXNtCsbIMKQJJAEYn_7mathjit8backendsNtB2_11BackendTypeNtNtCs264BKr10cB_4core7default7Default7default
FNF:1
FNH:0
DA:46,0
DA:47,0
DA:48,0
BRF:0
BRH:0
LF:3
LH:0
end_of_record
SF:/home/chad/git/mathjit/src/backends/rust_codegen.rs
FN:218,_RNvMs0_NtNtCsbIMKQJJAEYn_7mathjit8backends12rust_codegenNtB5_17RustCodeGenerator15generate_module
FN:189,_RNvMs0_NtNtCsbIMKQJJAEYn_7mathjit8backends12rust_codegenNtB5_17RustCodeGenerator17generate_function
FN:333,_RNvMs0_NtNtCsbIMKQJJAEYn_7mathjit8backends12rust_codegenNtB5_17RustCodeGenerator30generate_integer_power_generic
FN:89,_RNvMs0_NtNtCsbIMKQJJAEYn_7mathjit8backends12rust_codegenNtB5_17RustCodeGenerator3new
FN:517,_RNvMs2_NtNtCsbIMKQJJAEYn_7mathjit8backends12rust_codegenNtB5_12RustCompiler12is_available
FN:526,_RNvMs2_NtNtCsbIMKQJJAEYn_7mathjit8backends12rust_codegenNtB5_12RustCompiler12version_info
FN:464,_RNvMs2_NtNtCsbIMKQJJAEYn_7mathjit8backends12rust_codegenNtB5_12RustCompiler14with_opt_level
FN:473,_RNvMs2_NtNtCsbIMKQJJAEYn_7mathjit8backends12rust_codegenNtB5_12RustCompiler16with_extra_flags
FN:452,_RNvMs2_NtNtCsbIMKQJJAEYn_7mathjit8backends12rust_codegenNtB5_12RustCompiler3new
FN:69,_RNvXs_NtNtCsbIMKQJJAEYn_7mathjit8backends12rust_codegenNtB4_17RustCodegenConfigNtNtCs264BKr10cB_4core7default7Default7default
FN:370,_RINvMs0_NtNtCsbIMKQJJAEYn_7mathjit8backends12rust_codegenNtB6_17RustCodeGenerator22find_variables_genericdEBa_
FN:322,_RINvMs0_NtNtCsbIMKQJJAEYn_7mathjit8backends12rust_codegenNtB6_17RustCodeGenerator22try_convert_to_integerdEBa_
FN:194,_RINvMs0_NtNtCsbIMKQJJAEYn_7mathjit8backends12rust_codegenNtB6_17RustCodeGenerator23generate_module_genericdEBa_
FN:385,_RINvMs0_NtNtCsbIMKQJJAEYn_7mathjit8backends12rust_codegenNtB6_17RustCodeGenerator25collect_variables_genericdEBa_
FN:126,_RINvMs0_NtNtCsbIMKQJJAEYn_7mathjit8backends12rust_codegenNtB6_17RustCodeGenerator25generate_function_genericdEBa_
FN:227,_RINvMs0_NtNtCsbIMKQJJAEYn_7mathjit8backends12rust_codegenNtB6_17RustCodeGenerator27generate_expression_genericdEBa_
FN:521,_RNCNvMs2_NtNtCsbIMKQJJAEYn_7mathjit8backends12rust_codegenNtB7_12RustCompiler12is_available0Bb_
FN:530,_RNCNvMs2_NtNtCsbIMKQJJAEYn_7mathjit8backends12rust_codegenNtB7_12RustCompiler12version_info0Bb_
FN:486,_RNCNvMs2_NtNtCsbIMKQJJAEYn_7mathjit8backends12rust_codegenNtB7_12RustCompiler13compile_dylib0Bb_
FN:503,_RNCNvMs2_NtNtCsbIMKQJJAEYn_7mathjit8backends12rust_codegenNtB7_12RustCompiler13compile_dylibs_0Bb_
FN:41,_RNvMNtNtCsbIMKQJJAEYn_7mathjit8backends12rust_codegenNtB2_12RustOptLevel7as_flag
FN:121,_RNvMs0_NtNtCsbIMKQJJAEYn_7mathjit8backends12rust_codegenNtB5_17RustCodeGenerator10set_config
FN:97,_RNvMs0_NtNtCsbIMKQJJAEYn_7mathjit8backends12rust_codegenNtB5_17RustCodeGenerator11with_config
FN:104,_RNvMs0_NtNtCsbIMKQJJAEYn_7mathjit8backends12rust_codegenNtB5_17RustCodeGenerator13with_settings
FN:380,_RNvMs0_NtNtCsbIMKQJJAEYn_7mathjit8backends12rust_codegenNtB5_17RustCodeGenerator14find_variables
FN:426,_RNvMs0_NtNtCsbIMKQJJAEYn_7mathjit8backends12rust_codegenNtB5_17RustCodeGenerator17collect_variables
FN:317,_RNvMs0_NtNtCsbIMKQJJAEYn_7mathjit8backends12rust_codegenNtB5_17RustCodeGenerator19generate_expression
FN:365,_RNvMs0_NtNtCsbIMKQJJAEYn_7mathjit8backends12rust_codegenNtB5_17RustCodeGenerator22generate_integer_power
FN:116,_RNvMs0_NtNtCsbIMKQJJAEYn_7mathjit8backends12rust_codegenNtB5_17RustCodeGenerator6config
FN:479,_RNvMs2_NtNtCsbIMKQJJAEYn_7mathjit8backends12rust_codegenNtB5_12RustCompiler13compile_dylib
FN:436,_RNvXs1_NtNtCsbIMKQJJAEYn_7mathjit8backends12rust_codegenNtB5_17RustCodeGeneratorNtNtCs264BKr10cB_4core7default7Default7default
FN:543,_RNvXs3_NtNtCsbIMKQJJAEYn_7mathjit8backends12rust_codegenNtB5_12RustCompilerNtNtCs264BKr10cB_4core7default7Default7default
FN:617,_RNvNtNtNtCsbIMKQJJAEYn_7mathjit8backends12rust_codegen5testss_22test_module_generation
FN:554,_RNvNtNtNtCsbIMKQJJAEYn_7mathjit8backends12rust_codegen5testss_25test_rust_code_generation
FN:660,_RNvNtNtNtCsbIMKQJJAEYn_7mathjit8backends12rust_codegen5testss_27test_rust_compiler_creation
FN:600,_RNvNtNtNtCsbIMKQJJAEYn_7mathjit8backends12rust_codegen5testss_29test_transcendental_functions
FN:587,_RNvNtNtNtCsbIMKQJJAEYn_7mathjit8backends12rust_codegen5testss_31test_integer_power_optimization
FN:647,_RNvNtNtNtCsbIMKQJJAEYn_7mathjit8backends12rust_codegen5testss_31test_rust_compiler_availability
FN:567,_RNvNtNtNtCsbIMKQJJAEYn_7mathjit8backends12rust_codegen5testss_34test_complex_expression_generation
FN:41,_RNvMNtNtCs45Qm4wG2YD4_7mathjit8backends12rust_codegenNtB2_12RustOptLevel7as_flag
FN:121,_RNvMs0_NtNtCs45Qm4wG2YD4_7mathjit8backends12rust_codegenNtB5_17RustCodeGenerator10set_config
FN:97,_RNvMs0_NtNtCs45Qm4wG2YD4_7mathjit8backends12rust_codegenNtB5_17RustCodeGenerator11with_config
FN:104,_RNvMs0_NtNtCs45Qm4wG2YD4_7mathjit8backends12rust_codegenNtB5_17RustCodeGenerator13with_settings
FN:218,_RNvMs0_NtNtCs45Qm4wG2YD4_7mathjit8backends12rust_codegenNtB5_17RustCodeGenerator15generate_module
FN:189,_RNvMs0_NtNtCs45Qm4wG2YD4_7mathjit8backends12rust_codegenNtB5_17RustCodeGenerator17generate_function
FN:333,_RNvMs0_NtNtCs45Qm4wG2YD4_7mathjit8backends12rust_codegenNtB5_17RustCodeGenerator30generate_integer_power_generic
FN:89,_RNvMs0_NtNtCs45Qm4wG2YD4_7mathjit8backends12rust_codegenNtB5_17RustCodeGenerator3new
FN:116,_RNvMs0_NtNtCs45Qm4wG2YD4_7mathjit8backends12rust_codegenNtB5_17RustCodeGenerator6config
FN:517,_RNvMs2_NtNtCs45Qm4wG2YD4_7mathjit8backends12rust_codegenNtB5_12RustCompiler12is_available
FN:526,_RNvMs2_NtNtCs45Qm4wG2YD4_7mathjit8backends12rust_codegenNtB5_12RustCompiler12version_info
FN:479,_RNvMs2_NtNtCs45Qm4wG2YD4_7mathjit8backends12rust_codegenNtB5_12RustCompiler13compile_dylib
FN:464,_RNvMs2_NtNtCs45Qm4wG2YD4_7mathjit8backends12rust_codegenNtB5_12RustCompiler14with_opt_level
FN:473,_RNvMs2_NtNtCs45Qm4wG2YD4_7mathjit8backends12rust_codegenNtB5_12RustCompiler16with_extra_flags
FN:452,_RNvMs2_NtNtCs45Qm4wG2YD4_7mathjit8backends12rust_codegenNtB5_12RustCompiler3new
FN:436,_RNvXs1_NtNtCs45Qm4wG2YD4_7mathjit8backends12rust_codegenNtB5_17RustCodeGeneratorNtNtCs264BKr10cB_4core7default7Default7default
FN:543,_RNvXs3_NtNtCs45Qm4wG2YD4_7mathjit8backends12rust_codegenNtB5_12RustCompilerNtNtCs264BKr10cB_4core7default7Default7default
FN:69,_RNvXs_NtNtCs45Qm4wG2YD4_7mathjit8backends12rust_codegenNtB4_17RustCodegenConfigNtNtCs264BKr10cB_4core7default7Default7default
FN:370,_RINvMs0_NtNtCs45Qm4wG2YD4_7mathjit8backends12rust_codegenNtB6_17RustCodeGenerator22find_variables_genericdEBa_
FN:322,_RINvMs0_NtNtCs45Qm4wG2YD4_7mathjit8backends12rust_codegenNtB6_17RustCodeGenerator22try_convert_to_integerdEBa_
FN:194,_RINvMs0_NtNtCs45Qm4wG2YD4_7mathjit8backends12rust_codegenNtB6_17RustCodeGenerator23generate_module_genericdEBa_
FN:385,_RINvMs0_NtNtCs45Qm4wG2YD4_7mathjit8backends12rust_codegenNtB6_17RustCodeGenerator25collect_variables_genericdEBa_
FN:126,_RINvMs0_NtNtCs45Qm4wG2YD4_7mathjit8backends12rust_codegenNtB6_17RustCodeGenerator25generate_function_genericdEBa_
FN:227,_RINvMs0_NtNtCs45Qm4wG2YD4_7mathjit8backends12rust_codegenNtB6_17RustCodeGenerator27generate_expression_genericdEBa_
FN:521,_RNCNvMs2_NtNtCs45Qm4wG2YD4_7mathjit8backends12rust_codegenNtB7_12RustCompiler12is_available0Bb_
FN:530,_RNCNvMs2_NtNtCs45Qm4wG2YD4_7mathjit8backends12rust_codegenNtB7_12RustCompiler12version_info0Bb_
FN:486,_RNCNvMs2_NtNtCs45Qm4wG2YD4_7mathjit8backends12rust_codegenNtB7_12RustCompiler13compile_dylib0Bb_
FN:503,_RNCNvMs2_NtNtCs45Qm4wG2YD4_7mathjit8backends12rust_codegenNtB7_12RustCompiler13compile_dylibs_0Bb_
FN:380,_RNvMs0_NtNtCs45Qm4wG2YD4_7mathjit8backends12rust_codegenNtB5_17RustCodeGenerator14find_variables
FN:426,_RNvMs0_NtNtCs45Qm4wG2YD4_7mathjit8backends12rust_codegenNtB5_17RustCodeGenerator17collect_variables
FN:317,_RNvMs0_NtNtCs45Qm4wG2YD4_7mathjit8backends12rust_codegenNtB5_17RustCodeGenerator19generate_expression
FN:365,_RNvMs0_NtNtCs45Qm4wG2YD4_7mathjit8backends12rust_codegenNtB5_17RustCodeGenerator22generate_integer_power
FNDA:1,_RNvMs0_NtNtCsbIMKQJJAEYn_7mathjit8backends12rust_codegenNtB5_17RustCodeGenerator15generate_module
FNDA:6,_RNvMs0_NtNtCsbIMKQJJAEYn_7mathjit8backends12rust_codegenNtB5_17RustCodeGenerator17generate_function
FNDA:3,_RNvMs0_NtNtCsbIMKQJJAEYn_7mathjit8backends12rust_codegenNtB5_17RustCodeGenerator30generate_integer_power_generic
FNDA:7,_RNvMs0_NtNtCsbIMKQJJAEYn_7mathjit8backends12rust_codegenNtB5_17RustCodeGenerator3new
FNDA:1,_RNvMs2_NtNtCsbIMKQJJAEYn_7mathjit8backends12rust_codegenNtB5_12RustCompiler12is_available
FNDA:1,_RNvMs2_NtNtCsbIMKQJJAEYn_7mathjit8backends12rust_codegenNtB5_12RustCompiler12version_info
FNDA:1,_RNvMs2_NtNtCsbIMKQJJAEYn_7mathjit8backends12rust_codegenNtB5_12RustCompiler14with_opt_level
FNDA:1,_RNvMs2_NtNtCsbIMKQJJAEYn_7mathjit8backends12rust_codegenNtB5_12RustCompiler16with_extra_flags
FNDA:2,_RNvMs2_NtNtCsbIMKQJJAEYn_7mathjit8backends12rust_codegenNtB5_12RustCompiler3new
FNDA:7,_RNvXs_NtNtCsbIMKQJJAEYn_7mathjit8backends12rust_codegenNtB4_17RustCodegenConfigNtNtCs264BKr10cB_4core7default7Default7default
FNDA:8,_RINvMs0_NtNtCsbIMKQJJAEYn_7mathjit8backends12rust_codegenNtB6_17RustCodeGenerator22find_variables_genericdEBa_
FNDA:3,_RINvMs0_NtNtCsbIMKQJJAEYn_7mathjit8backends12rust_codegenNtB6_17RustCodeGenerator22try_convert_to_integerdEBa_
FNDA:1,_RINvMs0_NtNtCsbIMKQJJAEYn_7mathjit8backends12rust_codegenNtB6_17RustCodeGenerator23generate_module_genericdEBa_
FNDA:36,_RINvMs0_NtNtCsbIMKQJJAEYn_7mathjit8backends12rust_codegenNtB6_17RustCodeGenerator25collect_variables_genericdEBa_
FNDA:8,_RINvMs0_NtNtCsbIMKQJJAEYn_7mathjit8backends12rust_codegenNtB6_17RustCodeGenerator25generate_function_genericdEBa_
FNDA:36,_RINvMs0_NtNtCsbIMKQJJAEYn_7mathjit8backends12rust_codegenNtB6_17RustCodeGenerator27generate_expression_genericdEBa_
FNDA:1,_RNCNvMs2_NtNtCsbIMKQJJAEYn_7mathjit8backends12rust_codegenNtB7_12RustCompiler12is_available0Bb_
FNDA:0,_RNCNvMs2_NtNtCsbIMKQJJAEYn_7mathjit8backends12rust_codegenNtB7_12RustCompiler12version_info0Bb_
FNDA:0,_RNCNvMs2_NtNtCsbIMKQJJAEYn_7mathjit8backends12rust_codegenNtB7_12RustCompiler13compile_dylib0Bb_
FNDA:0,_RNCNvMs2_NtNtCsbIMKQJJAEYn_7mathjit8backends12rust_codegenNtB7_12RustCompiler13compile_dylibs_0Bb_
FNDA:0,_RNvMNtNtCsbIMKQJJAEYn_7mathjit8backends12rust_codegenNtB2_12RustOptLevel7as_flag
FNDA:0,_RNvMs0_NtNtCsbIMKQJJAEYn_7mathjit8backends12rust_codegenNtB5_17RustCodeGenerator10set_config
FNDA:0,_RNvMs0_NtNtCsbIMKQJJAEYn_7mathjit8backends12rust_codegenNtB5_17RustCodeGenerator11with_config
FNDA:0,_RNvMs0_NtNtCsbIMKQJJAEYn_7mathjit8backends12rust_codegenNtB5_17RustCodeGenerator13with_settings
FNDA:0,_RNvMs0_NtNtCsbIMKQJJAEYn_7mathjit8backends12rust_codegenNtB5_17RustCodeGenerator14find_variables
FNDA:0,_RNvMs0_NtNtCsbIMKQJJAEYn_7mathjit8backends12rust_codegenNtB5_17RustCodeGenerator17collect_variables
FNDA:0,_RNvMs0_NtNtCsbIMKQJJAEYn_7mathjit8backends12rust_codegenNtB5_17RustCodeGenerator19generate_expression
FNDA:0,_RNvMs0_NtNtCsbIMKQJJAEYn_7mathjit8backends12rust_codegenNtB5_17RustCodeGenerator22generate_integer_power
FNDA:0,_RNvMs0_NtNtCsbIMKQJJAEYn_7mathjit8backends12rust_codegenNtB5_17RustCodeGenerator6config
FNDA:0,_RNvMs2_NtNtCsbIMKQJJAEYn_7mathjit8backends12rust_codegenNtB5_12RustCompiler13compile_dylib
FNDA:0,_RNvXs1_NtNtCsbIMKQJJAEYn_7mathjit8backends12rust_codegenNtB5_17RustCodeGeneratorNtNtCs264BKr10cB_4core7default7Default7default
FNDA:0,_RNvXs3_NtNtCsbIMKQJJAEYn_7mathjit8backends12rust_codegenNtB5_12RustCompilerNtNtCs264BKr10cB_4core7default7Default7default
FNDA:1,_RNvNtNtNtCsbIMKQJJAEYn_7mathjit8backends12rust_codegen5testss_22test_module_generation
FNDA:1,_RNvNtNtNtCsbIMKQJJAEYn_7mathjit8backends12rust_codegen5testss_25test_rust_code_generation
FNDA:1,_RNvNtNtNtCsbIMKQJJAEYn_7mathjit8backends12rust_codegen5testss_27test_rust_compiler_creation
FNDA:1,_RNvNtNtNtCsbIMKQJJAEYn_7mathjit8backends12rust_codegen5testss_29test_transcendental_functions
FNDA:1,_RNvNtNtNtCsbIMKQJJAEYn_7mathjit8backends12rust_codegen5testss_31test_integer_power_optimization
FNDA:1,_RNvNtNtNtCsbIMKQJJAEYn_7mathjit8backends12rust_codegen5testss_31test_rust_compiler_availability
FNDA:1,_RNvNtNtNtCsbIMKQJJAEYn_7mathjit8backends12rust_codegen5testss_34test_complex_expression_generation
FNDA:1,_RNvMNtNtCs45Qm4wG2YD4_7mathjit8backends12rust_codegenNtB2_12RustOptLevel7as_flag
FNDA:0,_RNvMs0_NtNtCs45Qm4wG2YD4_7mathjit8backends12rust_codegenNtB5_17RustCodeGenerator10set_config
FNDA:0,_RNvMs0_NtNtCs45Qm4wG2YD4_7mathjit8backends12rust_codegenNtB5_17RustCodeGenerator11with_config
FNDA:0,_RNvMs0_NtNtCs45Qm4wG2YD4_7mathjit8backends12rust_codegenNtB5_17RustCodeGenerator13with_settings
FNDA:0,_RNvMs0_NtNtCs45Qm4wG2YD4_7mathjit8backends12rust_codegenNtB5_17RustCodeGenerator15generate_module
FNDA:0,_RNvMs0_NtNtCs45Qm4wG2YD4_7mathjit8backends12rust_codegenNtB5_17RustCodeGenerator17generate_function
FNDA:0,_RNvMs0_NtNtCs45Qm4wG2YD4_7mathjit8backends12rust_codegenNtB5_17RustCodeGenerator30generate_integer_power_generic
FNDA:0,_RNvMs0_NtNtCs45Qm4wG2YD4_7mathjit8backends12rust_codegenNtB5_17RustCodeGenerator3new
FNDA:0,_RNvMs0_NtNtCs45Qm4wG2YD4_7mathjit8backends12rust_codegenNtB5_17RustCodeGenerator6config
FNDA:0,_RNvMs2_NtNtCs45Qm4wG2YD4_7mathjit8backends12rust_codegenNtB5_12RustCompiler12is_available
FNDA:0,_RNvMs2_NtNtCs45Qm4wG2YD4_7mathjit8backends12rust_codegenNtB5_12RustCompiler12version_info
FNDA:0,_RNvMs2_NtNtCs45Qm4wG2YD4_7mathjit8backends12rust_codegenNtB5_12RustCompiler13compile_dylib
FNDA:0,_RNvMs2_NtNtCs45Qm4wG2YD4_7mathjit8backends12rust_codegenNtB5_12RustCompiler14with_opt_level
FNDA:0,_RNvMs2_NtNtCs45Qm4wG2YD4_7mathjit8backends12rust_codegenNtB5_12RustCompiler16with_extra_flags
FNDA:0,_RNvMs2_NtNtCs45Qm4wG2YD4_7mathjit8backends12rust_codegenNtB5_12RustCompiler3new
FNDA:0,_RNvXs1_NtNtCs45Qm4wG2YD4_7mathjit8backends12rust_codegenNtB5_17RustCodeGeneratorNtNtCs264BKr10cB_4core7default7Default7default
FNDA:0,_RNvXs3_NtNtCs45Qm4wG2YD4_7mathjit8backends12rust_codegenNtB5_12RustCompilerNtNtCs264BKr10cB_4core7default7Default7default
FNDA:0,_RNvXs_NtNtCs45Qm4wG2YD4_7mathjit8backends12rust_codegenNtB4_17RustCodegenConfigNtNtCs264BKr10cB_4core7default7Default7default
FNDA:0,_RINvMs0_NtNtCs45Qm4wG2YD4_7mathjit8backends12rust_codegenNtB6_17RustCodeGenerator22find_variables_genericdEBa_
FNDA:0,_RINvMs0_NtNtCs45Qm4wG2YD4_7mathjit8backends12rust_codegenNtB6_17RustCodeGenerator22try_convert_to_integerdEBa_
FNDA:0,_RINvMs0_NtNtCs45Qm4wG2YD4_7mathjit8backends12rust_codegenNtB6_17RustCodeGenerator23generate_module_genericdEBa_
FNDA:0,_RINvMs0_NtNtCs45Qm4wG2YD4_7mathjit8backends12rust_codegenNtB6_17RustCodeGenerator25collect_variables_genericdEBa_
FNDA:0,_RINvMs0_NtNtCs45Qm4wG2YD4_7mathjit8backends12rust_codegenNtB6_17RustCodeGenerator25generate_function_genericdEBa_
FNDA:0,_RINvMs0_NtNtCs45Qm4wG2YD4_7mathjit8backends12rust_codegenNtB6_17RustCodeGenerator27generate_expression_genericdEBa_
FNDA:0,_RNCNvMs2_NtNtCs45Qm4wG2YD4_7mathjit8backends12rust_codegenNtB7_12RustCompiler12is_available0Bb_
FNDA:0,_RNCNvMs2_NtNtCs45Qm4wG2YD4_7mathjit8backends12rust_codegenNtB7_12RustCompiler12version_info0Bb_
FNDA:0,_RNCNvMs2_NtNtCs45Qm4wG2YD4_7mathjit8backends12rust_codegenNtB7_12RustCompiler13compile_dylib0Bb_
FNDA:0,_RNCNvMs2_NtNtCs45Qm4wG2YD4_7mathjit8backends12rust_codegenNtB7_12RustCompiler13compile_dylibs_0Bb_
FNDA:0,_RNvMs0_NtNtCs45Qm4wG2YD4_7mathjit8backends12rust_codegenNtB5_17RustCodeGenerator14find_variables
FNDA:0,_RNvMs0_NtNtCs45Qm4wG2YD4_7mathjit8backends12rust_codegenNtB5_17RustCodeGenerator17collect_variables
FNDA:0,_RNvMs0_NtNtCs45Qm4wG2YD4_7mathjit8backends12rust_codegenNtB5_17RustCodeGenerator19generate_expression
FNDA:0,_RNvMs0_NtNtCs45Qm4wG2YD4_7mathjit8backends12rust_codegenNtB5_17RustCodeGenerator22generate_integer_power
FNF:39
FNH:25
DA:41,1
DA:42,1
DA:43,0
DA:44,0
DA:45,1
DA:46,0
DA:47,0
DA:48,0
DA:50,1
DA:69,7
DA:70,7
DA:71,7
DA:72,7
DA:73,7
DA:74,7
DA:75,7
DA:76,7
DA:77,7
DA:89,7
DA:90,7
DA:91,7
DA:92,7
DA:93,7
DA:97,0
DA:98,0
DA:99,0
DA:104,0
DA:105,0
DA:106,0
DA:107,0
DA:108,0
DA:109,0
DA:110,0
DA:111,0
DA:112,0
DA:116,0
DA:117,0
DA:118,0
DA:121,0
DA:122,0
DA:123,0
DA:126,8
DA:127,8
DA:128,8
DA:129,8
DA:130,8
DA:131,8
DA:132,8
DA:133,8
DA:136,8
DA:137,1
DA:138,1
DA:139,1
DA:140,1
DA:141,1
DA:142,1
DA:144,7
DA:145,7
DA:146,7
DA:147,7
DA:148,7
DA:149,7
DA:153,8
DA:154,8
DA:155,8
DA:156,8
DA:157,8
DA:158,0
DA:159,0
DA:161,8
DA:162,8
DA:163,8
DA:164,8
DA:165,8
DA:166,8
DA:167,8
DA:168,8
DA:169,8
DA:170,8
DA:171,8
DA:172,8
DA:173,8
DA:174,8
DA:175,8
DA:176,8
DA:177,8
DA:178,8
DA:179,8
DA:180,8
DA:181,8
DA:182,8
DA:183,8
DA:184,8
DA:185,8
DA:186,8
DA:189,6
DA:190,6
DA:191,6
DA:194,1
DA:195,1
DA:196,1
DA:197,1
DA:198,1
DA:199,1
DA:200,1
DA:201,1
DA:202,1
DA:203,1
DA:204,1
DA:205,1
DA:208,3
DA:209,2
DA:210,2
DA:211,2
DA:214,1
DA:215,1
DA:218,1
DA:219,1
DA:220,1
DA:221,1
DA:222,1
DA:223,1
DA:224,1
DA:227,36
DA:228,36
DA:229,36
DA:230,36
DA:231,36
DA:232,10
DA:235,10
DA:236,10
DA:238,10
DA:241,0
DA:244,0
DA:246,0
DA:247,0
DA:248,0
DA:249,0
DA:252,11
DA:253,7
DA:254,7
DA:255,7
DA:256,7
DA:258,0
DA:259,0
DA:260,0
DA:261,0
DA:263,3
DA:264,3
DA:265,3
DA:266,3
DA:268,0
DA:269,0
DA:270,0
DA:271,0
DA:273,3
DA:274,3
DA:275,3
DA:278,3
DA:280,3
DA:281,3
DA:282,3
DA:283,0
DA:284,0
DA:285,0
DA:287,0
DA:289,0
DA:290,0
DA:291,0
DA:293,0
DA:294,0
DA:295,0
DA:297,0
DA:298,0
DA:299,0
DA:301,1
DA:302,1
DA:303,1
DA:305,1
DA:306,1
DA:307,1
DA:309,0
DA:310,0
DA:311,0
DA:314,36
DA:317,0
DA:318,0
DA:319,0
DA:322,3
DA:324,3
DA:325,3
DA:326,3
DA:328,0
DA:330,3
DA:333,3
DA:334,0
DA:335,0
DA:336,0
DA:337,0
DA:338,2
DA:339,0
DA:340,1
DA:342,0
DA:343,0
DA:345,0
DA:348,0
DA:349,0
DA:350,0
DA:351,0
DA:353,0
DA:354,0
DA:356,0
DA:357,0
DA:358,0
DA:360,0
DA:362,3
DA:365,0
DA:366,0
DA:367,0
DA:370,8
DA:371,8
DA:372,8
DA:373,8
DA:374,8
DA:375,8
DA:376,8
DA:377,8
DA:380,0
DA:381,0
DA:382,0
DA:385,36
DA:386,36
DA:387,36
DA:388,36
DA:389,36
DA:390,36
DA:391,0
DA:393,0
DA:394,0
DA:395,0
DA:396,0
DA:398,0
DA:400,11
DA:401,11
DA:402,11
DA:403,7
DA:404,0
DA:405,3
DA:406,0
DA:407,13
DA:408,13
DA:409,13
DA:410,13
DA:411,0
DA:412,0
DA:413,0
DA:414,1
DA:415,1
DA:416,2
DA:417,2
DA:418,2
DA:419,10
DA:420,10
DA:421,10
DA:423,36
DA:426,0
DA:427,0
DA:428,0
DA:429,0
DA:430,0
DA:431,0
DA:432,0
DA:436,0
DA:437,0
DA:438,0
DA:452,2
DA:453,2
DA:454,2
DA:455,2
DA:456,2
DA:457,2
DA:458,2
DA:459,2
DA:460,2
DA:464,1
DA:465,1
DA:466,1
DA:467,1
DA:468,1
DA:469,1
DA:473,1
DA:474,1
DA:475,1
DA:476,1
DA:479,0
DA:480,0
DA:481,0
DA:482,0
DA:483,0
DA:484,0
DA:486,0
DA:487,0
DA:488,0
DA:491,0
DA:492,0
DA:493,0
DA:494,0
DA:495,0
DA:496,0
DA:497,0
DA:498,0
DA:499,0
DA:500,0
DA:501,0
DA:502,0
DA:503,0
DA:505,0
DA:506,0
DA:507,0
DA:508,0
DA:509,0
DA:510,0
DA:512,0
DA:513,0
DA:517,1
DA:518,1
DA:519,1
DA:520,1
DA:521,1
DA:522,1
DA:523,1
DA:526,1
DA:527,1
DA:528,1
DA:529,1
DA:530,1
DA:532,1
DA:533,1
DA:535,0
DA:536,0
DA:537,0
DA:539,1
DA:543,0
DA:544,0
DA:545,0
DA:554,1
DA:555,1
DA:558,1
DA:559,1
DA:561,1
DA:562,1
DA:563,1
DA:564,1
DA:567,1
DA:568,1
DA:571,1
DA:572,1
DA:573,1
DA:574,1
DA:576,1
DA:579,1
DA:581,1
DA:582,1
DA:583,1
DA:584,1
DA:587,1
DA:588,1
DA:591,1
DA:592,1
DA:595,1
DA:596,1
DA:597,1
DA:600,1
DA:601,1
DA:604,1
DA:605,1
DA:606,1
DA:609,1
DA:611,1
DA:612,1
DA:613,1
DA:614,1
DA:617,1
DA:618,1
DA:620,1
DA:621,1
DA:622,1
DA:623,1
DA:624,1
DA:625,1
DA:626,1
DA:627,1
DA:628,1
DA:631,1
DA:632,1
DA:633,1
DA:635,1
DA:636,1
DA:637,1
DA:640,1
DA:641,1
DA:642,1
DA:643,1
DA:644,1
DA:647,1
DA:650,1
DA:651,1
DA:652,1
DA:653,1
DA:654,0
DA:655,0
DA:656,0
DA:657,1
DA:660,1
DA:661,1
DA:662,1
DA:664,1
DA:665,1
DA:667,1
DA:668,1
DA:669,1
DA:670,1
BRF:0
BRH:0
LF:427
LH:280
end_of_record
SF:/home/chad/git/mathjit/src/egglog_integration.rs
FN:1008,_RNvNtNtCsbIMKQJJAEYn_7mathjit18egglog_integration5testss_18test_sexpr_parsing
FN:948,_RNvNtNtCsbIMKQJJAEYn_7mathjit18egglog_integration5testss_23test_basic_optimization
FN:989,_RNvNtNtCsbIMKQJJAEYn_7mathjit18egglog_integration5testss_29test_egglog_rules_application
FN:916,_RNvNtNtCsbIMKQJJAEYn_7mathjit18egglog_integration5testss_30test_egglog_optimizer_creation
FN:969,_RNvNtNtCsbIMKQJJAEYn_7mathjit18egglog_integration5testss_34test_complex_expression_conversion
FN:925,_RNvNtNtCsbIMKQJJAEYn_7mathjit18egglog_integration5testss_34test_jit_repr_to_egglog_conversion
FN:138,_RNCNvMNtCsbIMKQJJAEYn_7mathjit18egglog_integrationNtB4_15EgglogOptimizer3new0B6_
FN:549,_RNvMNtCsbIMKQJJAEYn_7mathjit18egglog_integrationNtB2_15EgglogOptimizer15optimize_exp_ln
FN:529,_RNvMNtCsbIMKQJJAEYn_7mathjit18egglog_integrationNtB2_15EgglogOptimizer15optimize_ln_exp
FN:206,_RNvMNtCsbIMKQJJAEYn_7mathjit18egglog_integrationNtB2_15EgglogOptimizer16collect_patterns
FN:505,_RNvMNtCsbIMKQJJAEYn_7mathjit18egglog_integrationNtB2_15EgglogOptimizer16optimize_mul_one
FN:590,_RNvMNtCsbIMKQJJAEYn_7mathjit18egglog_integrationNtB2_15EgglogOptimizer16optimize_pow_one
FN:458,_RNvMNtCsbIMKQJJAEYn_7mathjit18egglog_integrationNtB2_15EgglogOptimizer17optimize_add_same
FN:434,_RNvMNtCsbIMKQJJAEYn_7mathjit18egglog_integrationNtB2_15EgglogOptimizer17optimize_add_zero
FN:482,_RNvMNtCsbIMKQJJAEYn_7mathjit18egglog_integrationNtB2_15EgglogOptimizer17optimize_mul_zero
FN:569,_RNvMNtCsbIMKQJJAEYn_7mathjit18egglog_integrationNtB2_15EgglogOptimizer17optimize_pow_zero
FN:833,_RNvMNtCsbIMKQJJAEYn_7mathjit18egglog_integrationNtB2_15EgglogOptimizer17parse_sexpr_parts
FN:612,_RNvMNtCsbIMKQJJAEYn_7mathjit18egglog_integrationNtB2_15EgglogOptimizer18jit_repr_to_egglog
FN:319,_RNvMNtCsbIMKQJJAEYn_7mathjit18egglog_integrationNtB2_15EgglogOptimizer26apply_pattern_optimization
FN:199,_RNvMNtCsbIMKQJJAEYn_7mathjit18egglog_integrationNtB2_15EgglogOptimizer29extract_optimization_patterns
FN:347,_RNvMNtCsbIMKQJJAEYn_7mathjit18egglog_integrationNtB2_15EgglogOptimizer30apply_optimization_recursively
FN:303,_RNvMNtCsbIMKQJJAEYn_7mathjit18egglog_integrationNtB2_15EgglogOptimizer30apply_pattern_based_extraction
FN:410,_RNvMNtCsbIMKQJJAEYn_7mathjit18egglog_integrationNtB2_15EgglogOptimizer30expressions_structurally_equal
FN:57,_RNvMNtCsbIMKQJJAEYn_7mathjit18egglog_integrationNtB2_15EgglogOptimizer3new
FN:150,_RNvMNtCsbIMKQJJAEYn_7mathjit18egglog_integrationNtB2_15EgglogOptimizer8optimize
FN:905,_RNvNtCsbIMKQJJAEYn_7mathjit18egglog_integration20optimize_with_egglog
FN:708,_RNCNvMNtCsbIMKQJJAEYn_7mathjit18egglog_integrationNtB4_15EgglogOptimizer18egglog_to_jit_repr0B6_
FN:677,_RNvMNtCsbIMKQJJAEYn_7mathjit18egglog_integrationNtB2_15EgglogOptimizer18egglog_to_jit_repr
FN:138,_RNCNvMNtCs45Qm4wG2YD4_7mathjit18egglog_integrationNtB4_15EgglogOptimizer3new0B6_
FN:549,_RNvMNtCs45Qm4wG2YD4_7mathjit18egglog_integrationNtB2_15EgglogOptimizer15optimize_exp_ln
FN:529,_RNvMNtCs45Qm4wG2YD4_7mathjit18egglog_integrationNtB2_15EgglogOptimizer15optimize_ln_exp
FN:206,_RNvMNtCs45Qm4wG2YD4_7mathjit18egglog_integrationNtB2_15EgglogOptimizer16collect_patterns
FN:505,_RNvMNtCs45Qm4wG2YD4_7mathjit18egglog_integrationNtB2_15EgglogOptimizer16optimize_mul_one
FN:590,_RNvMNtCs45Qm4wG2YD4_7mathjit18egglog_integrationNtB2_15EgglogOptimizer16optimize_pow_one
FN:458,_RNvMNtCs45Qm4wG2YD4_7mathjit18egglog_integrationNtB2_15EgglogOptimizer17optimize_add_same
FN:434,_RNvMNtCs45Qm4wG2YD4_7mathjit18egglog_integrationNtB2_15EgglogOptimizer17optimize_add_zero
FN:482,_RNvMNtCs45Qm4wG2YD4_7mathjit18egglog_integrationNtB2_15EgglogOptimizer17optimize_mul_zero
FN:569,_RNvMNtCs45Qm4wG2YD4_7mathjit18egglog_integrationNtB2_15EgglogOptimizer17optimize_pow_zero
FN:612,_RNvMNtCs45Qm4wG2YD4_7mathjit18egglog_integrationNtB2_15EgglogOptimizer18jit_repr_to_egglog
FN:319,_RNvMNtCs45Qm4wG2YD4_7mathjit18egglog_integrationNtB2_15EgglogOptimizer26apply_pattern_optimization
FN:199,_RNvMNtCs45Qm4wG2YD4_7mathjit18egglog_integrationNtB2_15EgglogOptimizer29extract_optimization_patterns
FN:347,_RNvMNtCs45Qm4wG2YD4_7mathjit18egglog_integrationNtB2_15EgglogOptimizer30apply_optimization_recursively
FN:303,_RNvMNtCs45Qm4wG2YD4_7mathjit18egglog_integrationNtB2_15EgglogOptimizer30apply_pattern_based_extraction
FN:410,_RNvMNtCs45Qm4wG2YD4_7mathjit18egglog_integrationNtB2_15EgglogOptimizer30expressions_structurally_equal
FN:57,_RNvMNtCs45Qm4wG2YD4_7mathjit18egglog_integrationNtB2_15EgglogOptimizer3new
FN:150,_RNvMNtCs45Qm4wG2YD4_7mathjit18egglog_integrationNtB2_15EgglogOptimizer8optimize
FN:905,_RNvNtCs45Qm4wG2YD4_7mathjit18egglog_integration20optimize_with_egglog
FN:708,_RNCNvMNtCs45Qm4wG2YD4_7mathjit18egglog_integrationNtB4_15EgglogOptimizer18egglog_to_jit_repr0B6_
FN:833,_RNvMNtCs45Qm4wG2YD4_7mathjit18egglog_integrationNtB2_15EgglogOptimizer17parse_sexpr_parts
FN:677,_RNvMNtCs45Qm4wG2YD4_7mathjit18egglog_integrationNtB2_15EgglogOptimizer18egglog_to_jit_repr
FNDA:1,_RNvNtNtCsbIMKQJJAEYn_7mathjit18egglog_integration5testss_18test_sexpr_parsing
FNDA:1,_RNvNtNtCsbIMKQJJAEYn_7mathjit18egglog_integration5testss_23test_basic_optimization
FNDA:1,_RNvNtNtCsbIMKQJJAEYn_7mathjit18egglog_integration5testss_29test_egglog_rules_application
FNDA:1,_RNvNtNtCsbIMKQJJAEYn_7mathjit18egglog_integration5testss_30test_egglog_optimizer_creation
FNDA:1,_RNvNtNtCsbIMKQJJAEYn_7mathjit18egglog_integration5testss_34test_complex_expression_conversion
FNDA:1,_RNvNtNtCsbIMKQJJAEYn_7mathjit18egglog_integration5testss_34test_jit_repr_to_egglog_conversion
FNDA:0,_RNCNvMNtCsbIMKQJJAEYn_7mathjit18egglog_integrationNtB4_15EgglogOptimizer3new0B6_
FNDA:0,_RNvMNtCsbIMKQJJAEYn_7mathjit18egglog_integrationNtB2_15EgglogOptimizer15optimize_exp_ln
FNDA:0,_RNvMNtCsbIMKQJJAEYn_7mathjit18egglog_integrationNtB2_15EgglogOptimizer15optimize_ln_exp
FNDA:9,_RNvMNtCsbIMKQJJAEYn_7mathjit18egglog_integrationNtB2_15EgglogOptimizer16collect_patterns
FNDA:0,_RNvMNtCsbIMKQJJAEYn_7mathjit18egglog_integrationNtB2_15EgglogOptimizer16optimize_mul_one
FNDA:0,_RNvMNtCsbIMKQJJAEYn_7mathjit18egglog_integrationNtB2_15EgglogOptimizer16optimize_pow_one
FNDA:0,_RNvMNtCsbIMKQJJAEYn_7mathjit18egglog_integrationNtB2_15EgglogOptimizer17optimize_add_same
FNDA:6,_RNvMNtCsbIMKQJJAEYn_7mathjit18egglog_integrationNtB2_15EgglogOptimizer17optimize_add_zero
FNDA:0,_RNvMNtCsbIMKQJJAEYn_7mathjit18egglog_integrationNtB2_15EgglogOptimizer17optimize_mul_zero
FNDA:0,_RNvMNtCsbIMKQJJAEYn_7mathjit18egglog_integrationNtB2_15EgglogOptimizer17optimize_pow_zero
FNDA:3,_RNvMNtCsbIMKQJJAEYn_7mathjit18egglog_integrationNtB2_15EgglogOptimizer17parse_sexpr_parts
FNDA:23,_RNvMNtCsbIMKQJJAEYn_7mathjit18egglog_integrationNtB2_15EgglogOptimizer18jit_repr_to_egglog
FNDA:2,_RNvMNtCsbIMKQJJAEYn_7mathjit18egglog_integrationNtB2_15EgglogOptimizer26apply_pattern_optimization
FNDA:3,_RNvMNtCsbIMKQJJAEYn_7mathjit18egglog_integrationNtB2_15EgglogOptimizer29extract_optimization_patterns
FNDA:10,_RNvMNtCsbIMKQJJAEYn_7mathjit18egglog_integrationNtB2_15EgglogOptimizer30apply_optimization_recursively
FNDA:3,_RNvMNtCsbIMKQJJAEYn_7mathjit18egglog_integrationNtB2_15EgglogOptimizer30apply_pattern_based_extraction
FNDA:3,_RNvMNtCsbIMKQJJAEYn_7mathjit18egglog_integrationNtB2_15EgglogOptimizer30expressions_structurally_equal
FNDA:7,_RNvMNtCsbIMKQJJAEYn_7mathjit18egglog_integrationNtB2_15EgglogOptimizer3new
FNDA:3,_RNvMNtCsbIMKQJJAEYn_7mathjit18egglog_integrationNtB2_15EgglogOptimizer8optimize
FNDA:2,_RNvNtCsbIMKQJJAEYn_7mathjit18egglog_integration20optimize_with_egglog
FNDA:0,_RNCNvMNtCsbIMKQJJAEYn_7mathjit18egglog_integrationNtB4_15EgglogOptimizer18egglog_to_jit_repr0B6_
FNDA:0,_RNvMNtCsbIMKQJJAEYn_7mathjit18egglog_integrationNtB2_15EgglogOptimizer18egglog_to_jit_repr
FNDA:0,_RNCNvMNtCs45Qm4wG2YD4_7mathjit18egglog_integrationNtB4_15EgglogOptimizer3new0B6_
FNDA:0,_RNvMNtCs45Qm4wG2YD4_7mathjit18egglog_integrationNtB2_15EgglogOptimizer15optimize_exp_ln
FNDA:0,_RNvMNtCs45Qm4wG2YD4_7mathjit18egglog_integrationNtB2_15EgglogOptimizer15optimize_ln_exp
FNDA:74,_RNvMNtCs45Qm4wG2YD4_7mathjit18egglog_integrationNtB2_15EgglogOptimizer16collect_patterns
FNDA:0,_RNvMNtCs45Qm4wG2YD4_7mathjit18egglog_integrationNtB2_15EgglogOptimizer16optimize_mul_one
FNDA:0,_RNvMNtCs45Qm4wG2YD4_7mathjit18egglog_integrationNtB2_15EgglogOptimizer16optimize_pow_one
FNDA:0,_RNvMNtCs45Qm4wG2YD4_7mathjit18egglog_integrationNtB2_15EgglogOptimizer17optimize_add_same
FNDA:0,_RNvMNtCs45Qm4wG2YD4_7mathjit18egglog_integrationNtB2_15EgglogOptimizer17optimize_add_zero
FNDA:0,_RNvMNtCs45Qm4wG2YD4_7mathjit18egglog_integrationNtB2_15EgglogOptimizer17optimize_mul_zero
FNDA:0,_RNvMNtCs45Qm4wG2YD4_7mathjit18egglog_integrationNtB2_15EgglogOptimizer17optimize_pow_zero
FNDA:74,_RNvMNtCs45Qm4wG2YD4_7mathjit18egglog_integrationNtB2_15EgglogOptimizer18jit_repr_to_egglog
FNDA:0,_RNvMNtCs45Qm4wG2YD4_7mathjit18egglog_integrationNtB2_15EgglogOptimizer26apply_pattern_optimization
FNDA:19,_RNvMNtCs45Qm4wG2YD4_7mathjit18egglog_integrationNtB2_15EgglogOptimizer29extract_optimization_patterns
FNDA:0,_RNvMNtCs45Qm4wG2YD4_7mathjit18egglog_integrationNtB2_15EgglogOptimizer30apply_optimization_recursively
FNDA:19,_RNvMNtCs45Qm4wG2YD4_7mathjit18egglog_integrationNtB2_15EgglogOptimizer30apply_pattern_based_extraction
FNDA:12,_RNvMNtCs45Qm4wG2YD4_7mathjit18egglog_integrationNtB2_15EgglogOptimizer30expressions_structurally_equal
FNDA:19,_RNvMNtCs45Qm4wG2YD4_7mathjit18egglog_integrationNtB2_15EgglogOptimizer3new
FNDA:19,_RNvMNtCs45Qm4wG2YD4_7mathjit18egglog_integrationNtB2_15EgglogOptimizer8optimize
FNDA:19,_RNvNtCs45Qm4wG2YD4_7mathjit18egglog_integration20optimize_with_egglog
FNDA:0,_RNCNvMNtCs45Qm4wG2YD4_7mathjit18egglog_integrationNtB4_15EgglogOptimizer18egglog_to_jit_repr0B6_
FNDA:0,_RNvMNtCs45Qm4wG2YD4_7mathjit18egglog_integrationNtB2_15EgglogOptimizer17parse_sexpr_parts
FNDA:0,_RNvMNtCs45Qm4wG2YD4_7mathjit18egglog_integrationNtB2_15EgglogOptimizer18egglog_to_jit_repr
FNF:28
FNH:18
DA:57,26
DA:58,26
DA:62,26
DA:63,26
DA:64,26
DA:65,26
DA:66,26
DA:67,26
DA:68,26
DA:69,26
DA:70,26
DA:71,26
DA:72,26
DA:73,26
DA:74,26
DA:75,26
DA:76,26
DA:77,26
DA:78,26
DA:79,26
DA:80,26
DA:81,26
DA:82,26
DA:83,26
DA:84,26
DA:85,26
DA:86,26
DA:87,26
DA:88,26
DA:89,26
DA:90,26
DA:91,26
DA:92,26
DA:93,26
DA:94,26
DA:95,26
DA:96,26
DA:97,26
DA:98,26
DA:99,26
DA:100,26
DA:101,26
DA:102,26
DA:103,26
DA:104,26
DA:105,26
DA:106,26
DA:107,26
DA:108,26
DA:109,26
DA:110,26
DA:111,26
DA:112,26
DA:113,26
DA:114,26
DA:115,26
DA:116,26
DA:117,26
DA:118,26
DA:119,26
DA:120,26
DA:121,26
DA:122,26
DA:123,26
DA:124,26
DA:125,26
DA:126,26
DA:127,26
DA:128,26
DA:129,26
DA:130,26
DA:131,26
DA:132,26
DA:133,26
DA:134,26
DA:135,26
DA:136,26
DA:138,26
DA:139,0
DA:140,0
DA:142,26
DA:143,26
DA:144,26
DA:145,26
DA:146,26
DA:147,26
DA:150,22
DA:152,22
DA:155,22
DA:158,22
DA:159,22
DA:161,22
DA:164,22
DA:167,22
DA:170,22
DA:171,22
DA:172,0
DA:174,0
DA:175,0
DA:176,0
DA:180,0
DA:182,0
DA:183,0
DA:184,0
DA:188,0
DA:190,0
DA:191,0
DA:192,0
DA:195,22
DA:199,22
DA:200,22
DA:201,22
DA:202,22
DA:203,22
DA:206,83
DA:207,83
DA:209,15
DA:211,15
DA:212,0
DA:213,0
DA:214,15
DA:215,2
DA:216,2
DA:217,13
DA:220,15
DA:221,0
DA:222,15
DA:224,15
DA:225,15
DA:229,6
DA:231,6
DA:232,0
DA:233,0
DA:234,6
DA:235,0
DA:236,0
DA:237,6
DA:240,6
DA:241,0
DA:242,0
DA:243,6
DA:244,0
DA:245,0
DA:246,6
DA:248,6
DA:249,6
DA:253,0
DA:254,0
DA:255,0
DA:256,0
DA:257,0
DA:258,0
DA:259,0
DA:262,15
DA:263,15
DA:264,0
DA:265,0
DA:266,15
DA:267,15
DA:268,15
DA:272,2
DA:273,2
DA:274,0
DA:275,2
DA:276,0
DA:277,0
DA:278,2
DA:280,2
DA:281,2
DA:285,0
DA:286,0
DA:287,0
DA:288,0
DA:290,0
DA:291,0
DA:292,0
DA:293,0
DA:294,0
DA:295,0
DA:298,45
DA:300,83
DA:303,22
DA:304,22
DA:305,22
DA:306,22
DA:307,22
DA:308,22
DA:311,24
DA:312,2
DA:315,22
DA:316,22
DA:319,2
DA:320,2
DA:321,2
DA:322,2
DA:323,2
DA:325,2
DA:328,2
DA:330,2
DA:332,0
DA:334,0
DA:337,0
DA:339,0
DA:340,0
DA:341,0
DA:342,0
DA:344,2
DA:347,10
DA:348,10
DA:349,10
DA:350,10
DA:351,10
DA:352,10
DA:353,2
DA:354,2
DA:355,2
DA:356,2
DA:358,0
DA:359,0
DA:360,0
DA:361,0
DA:363,0
DA:364,0
DA:365,0
DA:366,0
DA:368,0
DA:369,0
DA:370,0
DA:371,0
DA:373,0
DA:374,0
DA:375,0
DA:376,0
DA:378,0
DA:379,0
DA:380,0
DA:382,0
DA:383,0
DA:384,0
DA:386,0
DA:387,0
DA:388,0
DA:390,0
DA:391,0
DA:392,0
DA:394,0
DA:395,0
DA:396,0
DA:398,0
DA:399,0
DA:400,0
DA:404,8
DA:407,10
DA:410,15
DA:411,15
DA:412,0
DA:413,0
DA:414,11
DA:415,0
DA:416,0
DA:417,0
DA:418,0
DA:419,0
DA:420,0
DA:421,0
DA:423,0
DA:424,0
DA:425,0
DA:426,0
DA:427,0
DA:428,0
DA:429,4
DA:431,15
DA:434,6
DA:435,6
DA:436,2
DA:438,2
DA:439,2
DA:442,0
DA:443,0
DA:444,2
DA:446,2
DA:448,0
DA:453,4
DA:456,6
DA:458,0
DA:459,0
DA:460,0
DA:462,0
DA:463,0
DA:466,0
DA:467,0
DA:468,0
DA:469,0
DA:470,0
DA:472,0
DA:477,0
DA:480,0
DA:482,0
DA:483,0
DA:484,0
DA:486,0
DA:487,0
DA:490,0
DA:491,0
DA:493,0
DA:495,0
DA:500,0
DA:503,0
DA:505,0
DA:506,0
DA:507,0
DA:509,0
DA:510,0
DA:513,0
DA:514,0
DA:515,0
DA:517,0
DA:519,0
DA:524,0
DA:527,0
DA:529,0
DA:530,0
DA:531,0
DA:533,0
DA:536,0
DA:537,0
DA:539,0
DA:544,0
DA:547,0
DA:549,0
DA:550,0
DA:551,0
DA:553,0
DA:556,0
DA:557,0
DA:559,0
DA:564,0
DA:567,0
DA:569,0
DA:570,0
DA:571,0
DA:573,0
DA:574,0
DA:577,0
DA:578,0
DA:580,0
DA:585,0
DA:588,0
DA:590,0
DA:591,0
DA:592,0
DA:594,0
DA:595,0
DA:598,0
DA:599,0
DA:601,0
DA:606,0
DA:609,0
DA:612,97
DA:613,97
DA:614,10
DA:616,10
DA:617,10
DA:619,0
DA:622,0
DA:623,44
DA:624,18
DA:625,18
DA:626,18
DA:627,18
DA:629,0
DA:630,0
DA:631,0
DA:632,0
DA:634,6
DA:635,6
DA:636,6
DA:637,6
DA:639,0
DA:640,0
DA:641,0
DA:642,0
DA:644,3
DA:645,3
DA:646,3
DA:647,3
DA:649,0
DA:650,0
DA:651,0
DA:653,0
DA:654,0
DA:655,0
DA:657,15
DA:658,15
DA:659,15
DA:661,1
DA:662,1
DA:663,1
DA:665,0
DA:666,0
DA:667,0
DA:669,0
DA:670,0
DA:671,0
DA:674,97
DA:677,0
DA:681,0
DA:683,0
DA:684,0
DA:685,0
DA:686,0
DA:687,0
DA:690,0
DA:691,0
DA:693,0
DA:694,0
DA:695,0
DA:696,0
DA:697,0
DA:699,0
DA:700,0
DA:701,0
DA:702,0
DA:703,0
DA:704,0
DA:705,0
DA:706,0
DA:707,0
DA:708,0
DA:709,0
DA:711,0
DA:712,0
DA:713,0
DA:714,0
DA:715,0
DA:716,0
DA:718,0
DA:719,0
DA:721,0
DA:722,0
DA:723,0
DA:724,0
DA:725,0
DA:726,0
DA:727,0
DA:728,0
DA:729,0
DA:731,0
DA:732,0
DA:733,0
DA:734,0
DA:735,0
DA:736,0
DA:737,0
DA:738,0
DA:739,0
DA:741,0
DA:742,0
DA:743,0
DA:744,0
DA:745,0
DA:746,0
DA:747,0
DA:748,0
DA:749,0
DA:751,0
DA:752,0
DA:753,0
DA:754,0
DA:755,0
DA:756,0
DA:757,0
DA:758,0
DA:759,0
DA:761,0
DA:762,0
DA:763,0
DA:764,0
DA:765,0
DA:766,0
DA:767,0
DA:768,0
DA:769,0
DA:771,0
DA:772,0
DA:773,0
DA:774,0
DA:775,0
DA:776,0
DA:777,0
DA:778,0
DA:780,0
DA:781,0
DA:782,0
DA:783,0
DA:784,0
DA:785,0
DA:786,0
DA:787,0
DA:789,0
DA:790,0
DA:791,0
DA:792,0
DA:793,0
DA:794,0
DA:795,0
DA:796,0
DA:798,0
DA:799,0
DA:800,0
DA:801,0
DA:802,0
DA:803,0
DA:804,0
DA:805,0
DA:807,0
DA:808,0
DA:809,0
DA:810,0
DA:811,0
DA:812,0
DA:813,0
DA:814,0
DA:816,0
DA:817,0
DA:818,0
DA:819,0
DA:820,0
DA:821,0
DA:822,0
DA:823,0
DA:825,0
DA:826,0
DA:827,0
DA:828,0
DA:830,0
DA:833,3
DA:834,3
DA:835,3
DA:836,3
DA:837,3
DA:838,3
DA:840,3
DA:841,3
DA:843,41
DA:844,38
DA:846,38
DA:847,0
DA:848,0
DA:849,0
DA:850,38
DA:852,0
DA:853,0
DA:854,2
DA:855,2
DA:856,2
DA:857,6
DA:858,4
DA:859,4
DA:860,4
DA:861,4
DA:862,4
DA:863,0
DA:865,4
DA:866,0
DA:867,0
DA:868,4
DA:870,28
DA:873,38
DA:877,3
DA:878,3
DA:879,3
DA:880,3
DA:881,3
DA:882,0
DA:884,3
DA:885,3
DA:905,21
DA:906,21
DA:907,21
DA:908,21
DA:916,1
DA:917,1
DA:919,1
DA:922,1
DA:925,1
DA:928,1
DA:931,1
DA:932,1
DA:933,1
DA:936,1
DA:937,1
DA:938,1
DA:941,1
DA:942,1
DA:943,1
DA:945,1
DA:948,1
DA:950,1
DA:951,1
DA:958,1
DA:966,1
DA:969,1
DA:972,1
DA:975,1
DA:976,1
DA:977,1
DA:980,1
DA:981,1
DA:982,1
DA:983,1
DA:984,1
DA:986,1
DA:989,1
DA:992,1
DA:995,1
DA:998,1
DA:999,1
DA:1002,1
DA:1005,1
DA:1008,1
DA:1011,1
DA:1014,1
DA:1015,1
DA:1017,1
DA:1018,1
DA:1020,1
DA:1021,1
DA:1022,1
DA:1023,1
DA:1025,1
BRF:0
BRH:0
LF:635
LH:285
end_of_record
SF:/home/chad/git/mathjit/src/error.rs
FN:44,_RNvXNtCsbIMKQJJAEYn_7mathjit5errorNtB2_12MathJITErrorNtNtCs264BKr10cB_4core3fmt7Display3fmt
FN:73,_RNvXs0_NtCsbIMKQJJAEYn_7mathjit5errorNtB5_12MathJITErrorINtNtCs264BKr10cB_4core7convert4FromNtNtCs26ZtgXyxV3x_5alloc6string6StringE4from
FN:79,_RNvXs1_NtCsbIMKQJJAEYn_7mathjit5errorNtB5_12MathJITErrorINtNtCs264BKr10cB_4core7convert4FromReE4from
FN:65,_RNvXs_NtCsbIMKQJJAEYn_7mathjit5errorNtB4_12MathJITErrorNtNtCs264BKr10cB_4core5error5Error6source
FN:163,_RNvNtNtCsbIMKQJJAEYn_7mathjit5error5testss_16test_error_clone
FN:131,_RNvNtNtCsbIMKQJJAEYn_7mathjit5error5testss_17test_error_source
FN:112,_RNvNtNtCsbIMKQJJAEYn_7mathjit5error5testss_22test_jit_error_display
FN:187,_RNvNtNtCsbIMKQJJAEYn_7mathjit5error5testss_22test_result_error_case
FN:176,_RNvNtNtCsbIMKQJJAEYn_7mathjit5error5testss_22test_result_type_alias
FN:146,_RNvNtNtCsbIMKQJJAEYn_7mathjit5error5testss_24test_from_str_conversion
FN:155,_RNvNtNtCsbIMKQJJAEYn_7mathjit5error5testss_27test_error_debug_formatting
FN:137,_RNvNtNtCsbIMKQJJAEYn_7mathjit5error5testss_27test_from_string_conversion
FN:90,_RNvNtNtCsbIMKQJJAEYn_7mathjit5error5testss_29test_error_display_formatting
FN:122,_RNvNtNtCsbIMKQJJAEYn_7mathjit5error5testss_31test_optimization_error_display
FN:188,_RNvNvNtNtCsbIMKQJJAEYn_7mathjit5error5testss_22test_result_error_case16failing_function
FN:177,_RNvNvNtNtCsbIMKQJJAEYn_7mathjit5error5testss_22test_result_type_alias13test_function
FN:44,_RNvXNtCs45Qm4wG2YD4_7mathjit5errorNtB2_12MathJITErrorNtNtCs264BKr10cB_4core3fmt7Display3fmt
FN:73,_RNvXs0_NtCs45Qm4wG2YD4_7mathjit5errorNtB5_12MathJITErrorINtNtCs264BKr10cB_4core7convert4FromNtNtCs26ZtgXyxV3x_5alloc6string6StringE4from
FN:79,_RNvXs1_NtCs45Qm4wG2YD4_7mathjit5errorNtB5_12MathJITErrorINtNtCs264BKr10cB_4core7convert4FromReE4from
FN:65,_RNvXs_NtCs45Qm4wG2YD4_7mathjit5errorNtB4_12MathJITErrorNtNtCs264BKr10cB_4core5error5Error6source
FNDA:7,_RNvXNtCsbIMKQJJAEYn_7mathjit5errorNtB2_12MathJITErrorNtNtCs264BKr10cB_4core3fmt7Display3fmt
FNDA:1,_RNvXs0_NtCsbIMKQJJAEYn_7mathjit5errorNtB5_12MathJITErrorINtNtCs264BKr10cB_4core7convert4FromNtNtCs26ZtgXyxV3x_5alloc6string6StringE4from
FNDA:1,_RNvXs1_NtCsbIMKQJJAEYn_7mathjit5errorNtB5_12MathJITErrorINtNtCs264BKr10cB_4core7convert4FromReE4from
FNDA:1,_RNvXs_NtCsbIMKQJJAEYn_7mathjit5errorNtB4_12MathJITErrorNtNtCs264BKr10cB_4core5error5Error6source
FNDA:1,_RNvNtNtCsbIMKQJJAEYn_7mathjit5error5testss_16test_error_clone
FNDA:1,_RNvNtNtCsbIMKQJJAEYn_7mathjit5error5testss_17test_error_source
FNDA:1,_RNvNtNtCsbIMKQJJAEYn_7mathjit5error5testss_22test_jit_error_display
FNDA:1,_RNvNtNtCsbIMKQJJAEYn_7mathjit5error5testss_22test_result_error_case
FNDA:1,_RNvNtNtCsbIMKQJJAEYn_7mathjit5error5testss_22test_result_type_alias
FNDA:1,_RNvNtNtCsbIMKQJJAEYn_7mathjit5error5testss_24test_from_str_conversion
FNDA:1,_RNvNtNtCsbIMKQJJAEYn_7mathjit5error5testss_27test_error_debug_formatting
FNDA:1,_RNvNtNtCsbIMKQJJAEYn_7mathjit5error5testss_27test_from_string_conversion
FNDA:1,_RNvNtNtCsbIMKQJJAEYn_7mathjit5error5testss_29test_error_display_formatting
FNDA:1,_RNvNtNtCsbIMKQJJAEYn_7mathjit5error5testss_31test_optimization_error_display
FNDA:1,_RNvNvNtNtCsbIMKQJJAEYn_7mathjit5error5testss_22test_result_error_case16failing_function
FNDA:1,_RNvNvNtNtCsbIMKQJJAEYn_7mathjit5error5testss_22test_result_type_alias13test_function
FNDA:0,_RNvXNtCs45Qm4wG2YD4_7mathjit5errorNtB2_12MathJITErrorNtNtCs264BKr10cB_4core3fmt7Display3fmt
FNDA:0,_RNvXs0_NtCs45Qm4wG2YD4_7mathjit5errorNtB5_12MathJITErrorINtNtCs264BKr10cB_4core7convert4FromNtNtCs26ZtgXyxV3x_5alloc6string6StringE4from
FNDA:0,_RNvXs1_NtCs45Qm4wG2YD4_7mathjit5errorNtB5_12MathJITErrorINtNtCs264BKr10cB_4core7convert4FromReE4from
FNDA:0,_RNvXs_NtCs45Qm4wG2YD4_7mathjit5errorNtB4_12MathJITErrorNtNtCs264BKr10cB_4core5error5Error6source
FNF:16
FNH:16
DA:44,7
DA:45,7
DA:47,1
DA:49,0
DA:52,1
DA:54,1
DA:55,1
DA:56,1
DA:57,1
DA:58,0
DA:59,1
DA:61,7
DA:65,1
DA:66,1
DA:67,1
DA:73,1
DA:74,1
DA:75,1
DA:79,1
DA:80,1
DA:81,1
DA:90,1
DA:91,1
DA:92,1
DA:94,1
DA:95,1
DA:96,1
DA:100,1
DA:101,1
DA:103,1
DA:104,1
DA:106,1
DA:107,1
DA:108,1
DA:112,1
DA:113,1
DA:114,1
DA:115,1
DA:118,1
DA:122,1
DA:123,1
DA:124,1
DA:125,1
DA:128,1
DA:131,1
DA:132,1
DA:133,1
DA:134,1
DA:137,1
DA:138,1
DA:139,1
DA:140,1
DA:141,0
DA:143,1
DA:146,1
DA:147,1
DA:148,1
DA:149,1
DA:150,0
DA:152,1
DA:155,1
DA:156,1
DA:157,1
DA:158,1
DA:159,1
DA:160,1
DA:163,1
DA:164,1
DA:165,1
DA:167,1
DA:168,1
DA:169,1
DA:171,0
DA:173,1
DA:176,1
DA:177,1
DA:178,1
DA:179,1
DA:181,1
DA:182,1
DA:183,1
DA:184,1
DA:187,1
DA:188,1
DA:189,1
DA:190,1
DA:192,1
DA:193,1
DA:194,1
DA:195,1
DA:196,0
DA:198,1
BRF:0
BRH:0
LF:92
LH:86
end_of_record
SF:/home/chad/git/mathjit/src/final_tagless.rs
FN:886,_RINvMs6_NtCsbIMKQJJAEYn_7mathjit13final_taglessNtB6_7ASTEval11var_by_namedEB8_
FN:454,_RINvMs_NtCsbIMKQJJAEYn_7mathjit13final_taglessNtB5_10DirectEval14eval_with_varsdEB7_
FN:460,_RINvMs_NtCsbIMKQJJAEYn_7mathjit13final_taglessNtB5_10DirectEval21eval_two_vars_genericdEB7_
FN:448,_RINvMs_NtCsbIMKQJJAEYn_7mathjit13final_taglessNtB5_10DirectEval3vardEB7_
FN:561,_RINvXs0_NtCsbIMKQJJAEYn_7mathjit13final_taglessNtB6_10DirectEvalNtB6_8MathExpr2lndEB8_
FN:517,_RINvXs0_NtCsbIMKQJJAEYn_7mathjit13final_taglessNtB6_10DirectEvalNtB6_8MathExpr3adddddEB8_
FN:577,_RINvXs0_NtCsbIMKQJJAEYn_7mathjit13final_taglessNtB6_10DirectEvalNtB6_8MathExpr3cosdEB8_
FN:544,_RINvXs0_NtCsbIMKQJJAEYn_7mathjit13final_taglessNtB6_10DirectEvalNtB6_8MathExpr3divdddEB8_
FN:565,_RINvXs0_NtCsbIMKQJJAEYn_7mathjit13final_taglessNtB6_10DirectEvalNtB6_8MathExpr3expdEB8_
FN:535,_RINvXs0_NtCsbIMKQJJAEYn_7mathjit13final_taglessNtB6_10DirectEvalNtB6_8MathExpr3muldddEB8_
FN:557,_RINvXs0_NtCsbIMKQJJAEYn_7mathjit13final_taglessNtB6_10DirectEvalNtB6_8MathExpr3negdEB8_
FN:573,_RINvXs0_NtCsbIMKQJJAEYn_7mathjit13final_taglessNtB6_10DirectEvalNtB6_8MathExpr3sindEB8_
FN:526,_RINvXs0_NtCsbIMKQJJAEYn_7mathjit13final_taglessNtB6_10DirectEvalNtB6_8MathExpr3subdddEB8_
FN:569,_RINvXs0_NtCsbIMKQJJAEYn_7mathjit13final_taglessNtB6_10DirectEvalNtB6_8MathExpr4sqrtdEB8_
FN:509,_RINvXs0_NtCsbIMKQJJAEYn_7mathjit13final_taglessNtB6_10DirectEvalNtB6_8MathExpr8constantdEB8_
FN:703,_RINvXs3_NtCsbIMKQJJAEYn_7mathjit13final_taglessNtB6_11PrettyPrintNtB6_8MathExpr3adddddEB8_
FN:721,_RINvXs3_NtCsbIMKQJJAEYn_7mathjit13final_taglessNtB6_11PrettyPrintNtB6_8MathExpr3muldddEB8_
FN:739,_RINvXs3_NtCsbIMKQJJAEYn_7mathjit13final_taglessNtB6_11PrettyPrintNtB6_8MathExpr3powdEB8_
FN:699,_RINvXs3_NtCsbIMKQJJAEYn_7mathjit13final_taglessNtB6_11PrettyPrintNtB6_8MathExpr3vardEB8_
FN:695,_RINvXs3_NtCsbIMKQJJAEYn_7mathjit13final_taglessNtB6_11PrettyPrintNtB6_8MathExpr8constantdEB8_
FN:585,_RINvYNtNtCsbIMKQJJAEYn_7mathjit13final_tagless10DirectEvalNtB5_15StatisticalExpr8logisticdEB7_
FN:466,_RNCINvMs_NtCsbIMKQJJAEYn_7mathjit13final_taglessNtB7_10DirectEval21eval_two_vars_genericdE0B9_
FN:469,_RNCINvMs_NtCsbIMKQJJAEYn_7mathjit13final_taglessNtB7_10DirectEval21eval_two_vars_genericdEs0_0B9_
FN:468,_RNCINvMs_NtCsbIMKQJJAEYn_7mathjit13final_taglessNtB7_10DirectEval21eval_two_vars_genericdEs_0B9_
FN:862,_RNvMs5_NtCsbIMKQJJAEYn_7mathjit13final_taglessINtB5_7ASTReprdE13variable_nameB7_
FN:854,_RNvMs5_NtCsbIMKQJJAEYn_7mathjit13final_taglessINtB5_7ASTReprdE14variable_indexB7_
FN:836,_RNvMs5_NtCsbIMKQJJAEYn_7mathjit13final_taglessINtB5_7ASTReprdE16count_operationsB7_
FN:1183,_RINvNvNtNtCsbIMKQJJAEYn_7mathjit13final_tagless5testss_16test_direct_eval6linearNtB6_10DirectEvalEB8_
FN:1203,_RINvNvNtNtCsbIMKQJJAEYn_7mathjit13final_tagless5testss_17test_pretty_print9quadraticNtB6_11PrettyPrintEB8_
FN:1193,_RINvNvNtNtCsbIMKQJJAEYn_7mathjit13final_tagless5testss_26test_statistical_extension13logistic_exprNtB6_10DirectEvalEB8_
FN:1182,_RNvNtNtCsbIMKQJJAEYn_7mathjit13final_tagless5testss_16test_direct_eval
FN:1202,_RNvNtNtCsbIMKQJJAEYn_7mathjit13final_tagless5testss_17test_pretty_print
FN:1225,_RNvNtNtCsbIMKQJJAEYn_7mathjit13final_tagless5testss_22test_horner_polynomial
FN:1295,_RNvNtNtCsbIMKQJJAEYn_7mathjit13final_tagless5testss_23test_pretty_print_basic
FN:1258,_RNvNtNtCsbIMKQJJAEYn_7mathjit13final_tagless5testss_24test_division_operations
FN:1235,_RNvNtNtCsbIMKQJJAEYn_7mathjit13final_tagless5testss_24test_horner_pretty_print
FN:1330,_RNvNtNtCsbIMKQJJAEYn_7mathjit13final_tagless5testss_25test_mixed_variable_types
FN:1243,_RNvNtNtCsbIMKQJJAEYn_7mathjit13final_tagless5testss_26test_polynomial_from_roots
FN:1192,_RNvNtNtCsbIMKQJJAEYn_7mathjit13final_tagless5testss_26test_statistical_extension
FN:1341,_RNvNtNtCsbIMKQJJAEYn_7mathjit13final_tagless5testss_26test_variable_index_access
FN:1272,_RNvNtNtCsbIMKQJJAEYn_7mathjit13final_tagless5testss_29test_transcendental_functions
FN:1311,_RNvNtNtCsbIMKQJJAEYn_7mathjit13final_tagless5testss_32test_efficient_variable_indexing
FN:1351,_RNvNtNtCsbIMKQJJAEYn_7mathjit13final_tagless5testss_33test_out_of_bounds_variable_index
FN:687,_RNvMs2_NtCsbIMKQJJAEYn_7mathjit13final_taglessNtB5_11PrettyPrint3var
FN:501,_RNvMs_NtCsbIMKQJJAEYn_7mathjit13final_taglessNtB4_10DirectEval13eval_two_vars
FN:972,_RNvXs7_NtCsbIMKQJJAEYn_7mathjit13final_taglessNtB5_7ASTEvalNtB5_11ASTMathExpr2ln
FN:948,_RNvXs7_NtCsbIMKQJJAEYn_7mathjit13final_taglessNtB5_7ASTEvalNtB5_11ASTMathExpr3add
FN:988,_RNvXs7_NtCsbIMKQJJAEYn_7mathjit13final_taglessNtB5_7ASTEvalNtB5_11ASTMathExpr3cos
FN:976,_RNvXs7_NtCsbIMKQJJAEYn_7mathjit13final_taglessNtB5_7ASTEvalNtB5_11ASTMathExpr3exp
FN:956,_RNvXs7_NtCsbIMKQJJAEYn_7mathjit13final_taglessNtB5_7ASTEvalNtB5_11ASTMathExpr3mul
FN:964,_RNvXs7_NtCsbIMKQJJAEYn_7mathjit13final_taglessNtB5_7ASTEvalNtB5_11ASTMathExpr3pow
FN:984,_RNvXs7_NtCsbIMKQJJAEYn_7mathjit13final_taglessNtB5_7ASTEvalNtB5_11ASTMathExpr3sin
FN:952,_RNvXs7_NtCsbIMKQJJAEYn_7mathjit13final_taglessNtB5_7ASTEvalNtB5_11ASTMathExpr3sub
FN:944,_RNvXs7_NtCsbIMKQJJAEYn_7mathjit13final_taglessNtB5_7ASTEvalNtB5_11ASTMathExpr3var
FN:940,_RNvXs7_NtCsbIMKQJJAEYn_7mathjit13final_taglessNtB5_7ASTEvalNtB5_11ASTMathExpr8constant
FN:880,_RINvMs6_NtCsbIMKQJJAEYn_7mathjit13final_taglessNtB6_7ASTEval3varpEB8_
FN:259,_RINvNtNtCsbIMKQJJAEYn_7mathjit13final_tagless10polynomial11horner_exprppEB6_
FN:337,_RINvNtNtCsbIMKQJJAEYn_7mathjit13final_tagless10polynomial17horner_derivativeppEB6_
FN:553,_RINvXs0_NtCsbIMKQJJAEYn_7mathjit13final_taglessNtB6_10DirectEvalNtB6_8MathExpr3powpEB8_
FN:513,_RINvXs0_NtCsbIMKQJJAEYn_7mathjit13final_taglessNtB6_10DirectEvalNtB6_8MathExpr3varpEB8_
FN:747,_RINvXs3_NtCsbIMKQJJAEYn_7mathjit13final_taglessNtB6_11PrettyPrintNtB6_8MathExpr2lnpEB8_
FN:763,_RINvXs3_NtCsbIMKQJJAEYn_7mathjit13final_taglessNtB6_11PrettyPrintNtB6_8MathExpr3cospEB8_
FN:730,_RINvXs3_NtCsbIMKQJJAEYn_7mathjit13final_taglessNtB6_11PrettyPrintNtB6_8MathExpr3divpppEB8_
FN:751,_RINvXs3_NtCsbIMKQJJAEYn_7mathjit13final_taglessNtB6_11PrettyPrintNtB6_8MathExpr3exppEB8_
FN:743,_RINvXs3_NtCsbIMKQJJAEYn_7mathjit13final_taglessNtB6_11PrettyPrintNtB6_8MathExpr3negpEB8_
FN:759,_RINvXs3_NtCsbIMKQJJAEYn_7mathjit13final_taglessNtB6_11PrettyPrintNtB6_8MathExpr3sinpEB8_
FN:712,_RINvXs3_NtCsbIMKQJJAEYn_7mathjit13final_taglessNtB6_11PrettyPrintNtB6_8MathExpr3subpppEB8_
FN:755,_RINvXs3_NtCsbIMKQJJAEYn_7mathjit13final_taglessNtB6_11PrettyPrintNtB6_8MathExpr4sqrtpEB8_
FN:1052,_RINvXs8_NtCsbIMKQJJAEYn_7mathjit13final_taglessNtB6_7ASTEvalNtB6_8MathExpr2lnpEB8_
FN:1006,_RINvXs8_NtCsbIMKQJJAEYn_7mathjit13final_taglessNtB6_7ASTEvalNtB6_8MathExpr3addpppEB8_
FN:1068,_RINvXs8_NtCsbIMKQJJAEYn_7mathjit13final_taglessNtB6_7ASTEvalNtB6_8MathExpr3cospEB8_
FN:1035,_RINvXs8_NtCsbIMKQJJAEYn_7mathjit13final_taglessNtB6_7ASTEvalNtB6_8MathExpr3divpppEB8_
FN:1056,_RINvXs8_NtCsbIMKQJJAEYn_7mathjit13final_taglessNtB6_7ASTEvalNtB6_8MathExpr3exppEB8_
FN:1026,_RINvXs8_NtCsbIMKQJJAEYn_7mathjit13final_taglessNtB6_7ASTEvalNtB6_8MathExpr3mulpppEB8_
FN:1048,_RINvXs8_NtCsbIMKQJJAEYn_7mathjit13final_taglessNtB6_7ASTEvalNtB6_8MathExpr3negpEB8_
FN:1044,_RINvXs8_NtCsbIMKQJJAEYn_7mathjit13final_taglessNtB6_7ASTEvalNtB6_8MathExpr3powpEB8_
FN:1064,_RINvXs8_NtCsbIMKQJJAEYn_7mathjit13final_taglessNtB6_7ASTEvalNtB6_8MathExpr3sinpEB8_
FN:1017,_RINvXs8_NtCsbIMKQJJAEYn_7mathjit13final_taglessNtB6_7ASTEvalNtB6_8MathExpr3subpppEB8_
FN:1002,_RINvXs8_NtCsbIMKQJJAEYn_7mathjit13final_taglessNtB6_7ASTEvalNtB6_8MathExpr3varpEB8_
FN:1060,_RINvXs8_NtCsbIMKQJJAEYn_7mathjit13final_taglessNtB6_7ASTEvalNtB6_8MathExpr4sqrtpEB8_
FN:998,_RINvXs8_NtCsbIMKQJJAEYn_7mathjit13final_taglessNtB6_7ASTEvalNtB6_8MathExpr8constantpEB8_
FN:602,_RINvYpNtNtCsbIMKQJJAEYn_7mathjit13final_tagless15StatisticalExpr7sigmoidpEB8_
FN:594,_RINvYpNtNtCsbIMKQJJAEYn_7mathjit13final_tagless15StatisticalExpr8softpluspEB8_
FN:350,_RNCINvNtNtCsbIMKQJJAEYn_7mathjit13final_tagless10polynomial17horner_derivativeppE0B8_
FN:960,_RNvXs7_NtCsbIMKQJJAEYn_7mathjit13final_taglessNtB5_7ASTEvalNtB5_11ASTMathExpr3div
FN:968,_RNvXs7_NtCsbIMKQJJAEYn_7mathjit13final_taglessNtB5_7ASTEvalNtB5_11ASTMathExpr3neg
FN:980,_RNvXs7_NtCsbIMKQJJAEYn_7mathjit13final_taglessNtB5_7ASTEvalNtB5_11ASTMathExpr4sqrt
FN:1156,_RNvXsa_NtCsbIMKQJJAEYn_7mathjit13final_taglessNtB5_7ASTEvalNtB5_14ASTMathExprf642ln
FN:1132,_RNvXsa_NtCsbIMKQJJAEYn_7mathjit13final_taglessNtB5_7ASTEvalNtB5_14ASTMathExprf643add
FN:1172,_RNvXsa_NtCsbIMKQJJAEYn_7mathjit13final_taglessNtB5_7ASTEvalNtB5_14ASTMathExprf643cos
FN:1144,_RNvXsa_NtCsbIMKQJJAEYn_7mathjit13final_taglessNtB5_7ASTEvalNtB5_14ASTMathExprf643div
FN:1160,_RNvXsa_NtCsbIMKQJJAEYn_7mathjit13final_taglessNtB5_7ASTEvalNtB5_14ASTMathExprf643exp
FN:1140,_RNvXsa_NtCsbIMKQJJAEYn_7mathjit13final_taglessNtB5_7ASTEvalNtB5_14ASTMathExprf643mul
FN:1152,_RNvXsa_NtCsbIMKQJJAEYn_7mathjit13final_taglessNtB5_7ASTEvalNtB5_14ASTMathExprf643neg
FN:1148,_RNvXsa_NtCsbIMKQJJAEYn_7mathjit13final_taglessNtB5_7ASTEvalNtB5_14ASTMathExprf643pow
FN:1168,_RNvXsa_NtCsbIMKQJJAEYn_7mathjit13final_taglessNtB5_7ASTEvalNtB5_14ASTMathExprf643sin
FN:1136,_RNvXsa_NtCsbIMKQJJAEYn_7mathjit13final_taglessNtB5_7ASTEvalNtB5_14ASTMathExprf643sub
FN:1128,_RNvXsa_NtCsbIMKQJJAEYn_7mathjit13final_taglessNtB5_7ASTEvalNtB5_14ASTMathExprf643var
FN:1164,_RNvXsa_NtCsbIMKQJJAEYn_7mathjit13final_taglessNtB5_7ASTEvalNtB5_14ASTMathExprf644sqrt
FN:1124,_RNvXsa_NtCsbIMKQJJAEYn_7mathjit13final_taglessNtB5_7ASTEvalNtB5_14ASTMathExprf648constant
FN:300,_RINvNtNtCsbIMKQJJAEYn_7mathjit13final_tagless10polynomial10from_rootsNtB4_10DirectEvaldEB6_
FN:226,_RINvNtNtCsbIMKQJJAEYn_7mathjit13final_tagless10polynomial6hornerNtB4_10DirectEvaldEB6_
FN:226,_RINvNtNtCsbIMKQJJAEYn_7mathjit13final_tagless10polynomial6hornerNtB4_11PrettyPrintdEB6_
FN:234,_RNCINvNtNtCsbIMKQJJAEYn_7mathjit13final_tagless10polynomial6hornerNtB6_10DirectEvaldE0B8_
FN:234,_RNCINvNtNtCsbIMKQJJAEYn_7mathjit13final_tagless10polynomial6hornerNtB6_11PrettyPrintdE0B8_
FN:687,_RNvMs2_NtCs45Qm4wG2YD4_7mathjit13final_taglessNtB5_11PrettyPrint3var
FN:501,_RNvMs_NtCs45Qm4wG2YD4_7mathjit13final_taglessNtB4_10DirectEval13eval_two_vars
FN:972,_RNvXs7_NtCs45Qm4wG2YD4_7mathjit13final_taglessNtB5_7ASTEvalNtB5_11ASTMathExpr2ln
FN:948,_RNvXs7_NtCs45Qm4wG2YD4_7mathjit13final_taglessNtB5_7ASTEvalNtB5_11ASTMathExpr3add
FN:988,_RNvXs7_NtCs45Qm4wG2YD4_7mathjit13final_taglessNtB5_7ASTEvalNtB5_11ASTMathExpr3cos
FN:960,_RNvXs7_NtCs45Qm4wG2YD4_7mathjit13final_taglessNtB5_7ASTEvalNtB5_11ASTMathExpr3div
FN:976,_RNvXs7_NtCs45Qm4wG2YD4_7mathjit13final_taglessNtB5_7ASTEvalNtB5_11ASTMathExpr3exp
FN:956,_RNvXs7_NtCs45Qm4wG2YD4_7mathjit13final_taglessNtB5_7ASTEvalNtB5_11ASTMathExpr3mul
FN:968,_RNvXs7_NtCs45Qm4wG2YD4_7mathjit13final_taglessNtB5_7ASTEvalNtB5_11ASTMathExpr3neg
FN:964,_RNvXs7_NtCs45Qm4wG2YD4_7mathjit13final_taglessNtB5_7ASTEvalNtB5_11ASTMathExpr3pow
FN:984,_RNvXs7_NtCs45Qm4wG2YD4_7mathjit13final_taglessNtB5_7ASTEvalNtB5_11ASTMathExpr3sin
FN:952,_RNvXs7_NtCs45Qm4wG2YD4_7mathjit13final_taglessNtB5_7ASTEvalNtB5_11ASTMathExpr3sub
FN:944,_RNvXs7_NtCs45Qm4wG2YD4_7mathjit13final_taglessNtB5_7ASTEvalNtB5_11ASTMathExpr3var
FN:980,_RNvXs7_NtCs45Qm4wG2YD4_7mathjit13final_taglessNtB5_7ASTEvalNtB5_11ASTMathExpr4sqrt
FN:940,_RNvXs7_NtCs45Qm4wG2YD4_7mathjit13final_taglessNtB5_7ASTEvalNtB5_11ASTMathExpr8constant
FN:1156,_RNvXsa_NtCs45Qm4wG2YD4_7mathjit13final_taglessNtB5_7ASTEvalNtB5_14ASTMathExprf642ln
FN:1132,_RNvXsa_NtCs45Qm4wG2YD4_7mathjit13final_taglessNtB5_7ASTEvalNtB5_14ASTMathExprf643add
FN:1172,_RNvXsa_NtCs45Qm4wG2YD4_7mathjit13final_taglessNtB5_7ASTEvalNtB5_14ASTMathExprf643cos
FN:1144,_RNvXsa_NtCs45Qm4wG2YD4_7mathjit13final_taglessNtB5_7ASTEvalNtB5_14ASTMathExprf643div
FN:1160,_RNvXsa_NtCs45Qm4wG2YD4_7mathjit13final_taglessNtB5_7ASTEvalNtB5_14ASTMathExprf643exp
FN:1140,_RNvXsa_NtCs45Qm4wG2YD4_7mathjit13final_taglessNtB5_7ASTEvalNtB5_14ASTMathExprf643mul
FN:1152,_RNvXsa_NtCs45Qm4wG2YD4_7mathjit13final_taglessNtB5_7ASTEvalNtB5_14ASTMathExprf643neg
FN:1148,_RNvXsa_NtCs45Qm4wG2YD4_7mathjit13final_taglessNtB5_7ASTEvalNtB5_14ASTMathExprf643pow
FN:1168,_RNvXsa_NtCs45Qm4wG2YD4_7mathjit13final_taglessNtB5_7ASTEvalNtB5_14ASTMathExprf643sin
FN:1136,_RNvXsa_NtCs45Qm4wG2YD4_7mathjit13final_taglessNtB5_7ASTEvalNtB5_14ASTMathExprf643sub
FN:1128,_RNvXsa_NtCs45Qm4wG2YD4_7mathjit13final_taglessNtB5_7ASTEvalNtB5_14ASTMathExprf643var
FN:1164,_RNvXsa_NtCs45Qm4wG2YD4_7mathjit13final_taglessNtB5_7ASTEvalNtB5_14ASTMathExprf644sqrt
FN:1124,_RNvXsa_NtCs45Qm4wG2YD4_7mathjit13final_taglessNtB5_7ASTEvalNtB5_14ASTMathExprf648constant
FN:886,_RINvMs6_NtCs45Qm4wG2YD4_7mathjit13final_taglessNtB6_7ASTEval11var_by_namedEB8_
FN:460,_RINvMs_NtCs45Qm4wG2YD4_7mathjit13final_taglessNtB5_10DirectEval21eval_two_vars_genericdEB7_
FN:466,_RNCINvMs_NtCs45Qm4wG2YD4_7mathjit13final_taglessNtB7_10DirectEval21eval_two_vars_genericdE0B9_
FN:469,_RNCINvMs_NtCs45Qm4wG2YD4_7mathjit13final_taglessNtB7_10DirectEval21eval_two_vars_genericdEs0_0B9_
FN:468,_RNCINvMs_NtCs45Qm4wG2YD4_7mathjit13final_taglessNtB7_10DirectEval21eval_two_vars_genericdEs_0B9_
FN:836,_RNvMs5_NtCs45Qm4wG2YD4_7mathjit13final_taglessINtB5_7ASTReprdE16count_operationsB7_
FN:880,_RINvMs6_NtCs45Qm4wG2YD4_7mathjit13final_taglessNtB6_7ASTEval3varpEB8_
FN:454,_RINvMs_NtCs45Qm4wG2YD4_7mathjit13final_taglessNtB5_10DirectEval14eval_with_varspEB7_
FN:448,_RINvMs_NtCs45Qm4wG2YD4_7mathjit13final_taglessNtB5_10DirectEval3varpEB7_
FN:300,_RINvNtNtCs45Qm4wG2YD4_7mathjit13final_tagless10polynomial10from_rootsppEB6_
FN:259,_RINvNtNtCs45Qm4wG2YD4_7mathjit13final_tagless10polynomial11horner_exprppEB6_
FN:337,_RINvNtNtCs45Qm4wG2YD4_7mathjit13final_tagless10polynomial17horner_derivativeppEB6_
FN:226,_RINvNtNtCs45Qm4wG2YD4_7mathjit13final_tagless10polynomial6hornerppEB6_
FN:561,_RINvXs0_NtCs45Qm4wG2YD4_7mathjit13final_taglessNtB6_10DirectEvalNtB6_8MathExpr2lnpEB8_
FN:517,_RINvXs0_NtCs45Qm4wG2YD4_7mathjit13final_taglessNtB6_10DirectEvalNtB6_8MathExpr3addpppEB8_
FN:577,_RINvXs0_NtCs45Qm4wG2YD4_7mathjit13final_taglessNtB6_10DirectEvalNtB6_8MathExpr3cospEB8_
FN:544,_RINvXs0_NtCs45Qm4wG2YD4_7mathjit13final_taglessNtB6_10DirectEvalNtB6_8MathExpr3divpppEB8_
FN:565,_RINvXs0_NtCs45Qm4wG2YD4_7mathjit13final_taglessNtB6_10DirectEvalNtB6_8MathExpr3exppEB8_
FN:535,_RINvXs0_NtCs45Qm4wG2YD4_7mathjit13final_taglessNtB6_10DirectEvalNtB6_8MathExpr3mulpppEB8_
FN:557,_RINvXs0_NtCs45Qm4wG2YD4_7mathjit13final_taglessNtB6_10DirectEvalNtB6_8MathExpr3negpEB8_
FN:553,_RINvXs0_NtCs45Qm4wG2YD4_7mathjit13final_taglessNtB6_10DirectEvalNtB6_8MathExpr3powpEB8_
FN:573,_RINvXs0_NtCs45Qm4wG2YD4_7mathjit13final_taglessNtB6_10DirectEvalNtB6_8MathExpr3sinpEB8_
FN:526,_RINvXs0_NtCs45Qm4wG2YD4_7mathjit13final_taglessNtB6_10DirectEvalNtB6_8MathExpr3subpppEB8_
FN:513,_RINvXs0_NtCs45Qm4wG2YD4_7mathjit13final_taglessNtB6_10DirectEvalNtB6_8MathExpr3varpEB8_
FN:569,_RINvXs0_NtCs45Qm4wG2YD4_7mathjit13final_taglessNtB6_10DirectEvalNtB6_8MathExpr4sqrtpEB8_
FN:509,_RINvXs0_NtCs45Qm4wG2YD4_7mathjit13final_taglessNtB6_10DirectEvalNtB6_8MathExpr8constantpEB8_
FN:747,_RINvXs3_NtCs45Qm4wG2YD4_7mathjit13final_taglessNtB6_11PrettyPrintNtB6_8MathExpr2lnpEB8_
FN:703,_RINvXs3_NtCs45Qm4wG2YD4_7mathjit13final_taglessNtB6_11PrettyPrintNtB6_8MathExpr3addpppEB8_
FN:763,_RINvXs3_NtCs45Qm4wG2YD4_7mathjit13final_taglessNtB6_11PrettyPrintNtB6_8MathExpr3cospEB8_
FN:730,_RINvXs3_NtCs45Qm4wG2YD4_7mathjit13final_taglessNtB6_11PrettyPrintNtB6_8MathExpr3divpppEB8_
FN:751,_RINvXs3_NtCs45Qm4wG2YD4_7mathjit13final_taglessNtB6_11PrettyPrintNtB6_8MathExpr3exppEB8_
FN:721,_RINvXs3_NtCs45Qm4wG2YD4_7mathjit13final_taglessNtB6_11PrettyPrintNtB6_8MathExpr3mulpppEB8_
FN:743,_RINvXs3_NtCs45Qm4wG2YD4_7mathjit13final_taglessNtB6_11PrettyPrintNtB6_8MathExpr3negpEB8_
FN:739,_RINvXs3_NtCs45Qm4wG2YD4_7mathjit13final_taglessNtB6_11PrettyPrintNtB6_8MathExpr3powpEB8_
FN:759,_RINvXs3_NtCs45Qm4wG2YD4_7mathjit13final_taglessNtB6_11PrettyPrintNtB6_8MathExpr3sinpEB8_
FN:712,_RINvXs3_NtCs45Qm4wG2YD4_7mathjit13final_taglessNtB6_11PrettyPrintNtB6_8MathExpr3subpppEB8_
FN:699,_RINvXs3_NtCs45Qm4wG2YD4_7mathjit13final_taglessNtB6_11PrettyPrintNtB6_8MathExpr3varpEB8_
FN:755,_RINvXs3_NtCs45Qm4wG2YD4_7mathjit13final_taglessNtB6_11PrettyPrintNtB6_8MathExpr4sqrtpEB8_
FN:695,_RINvXs3_NtCs45Qm4wG2YD4_7mathjit13final_taglessNtB6_11PrettyPrintNtB6_8MathExpr8constantpEB8_
FN:1052,_RINvXs8_NtCs45Qm4wG2YD4_7mathjit13final_taglessNtB6_7ASTEvalNtB6_8MathExpr2lnpEB8_
FN:1006,_RINvXs8_NtCs45Qm4wG2YD4_7mathjit13final_taglessNtB6_7ASTEvalNtB6_8MathExpr3addpppEB8_
FN:1068,_RINvXs8_NtCs45Qm4wG2YD4_7mathjit13final_taglessNtB6_7ASTEvalNtB6_8MathExpr3cospEB8_
FN:1035,_RINvXs8_NtCs45Qm4wG2YD4_7mathjit13final_taglessNtB6_7ASTEvalNtB6_8MathExpr3divpppEB8_
FN:1056,_RINvXs8_NtCs45Qm4wG2YD4_7mathjit13final_taglessNtB6_7ASTEvalNtB6_8MathExpr3exppEB8_
FN:1026,_RINvXs8_NtCs45Qm4wG2YD4_7mathjit13final_taglessNtB6_7ASTEvalNtB6_8MathExpr3mulpppEB8_
FN:1048,_RINvXs8_NtCs45Qm4wG2YD4_7mathjit13final_taglessNtB6_7ASTEvalNtB6_8MathExpr3negpEB8_
FN:1044,_RINvXs8_NtCs45Qm4wG2YD4_7mathjit13final_taglessNtB6_7ASTEvalNtB6_8MathExpr3powpEB8_
FN:1064,_RINvXs8_NtCs45Qm4wG2YD4_7mathjit13final_taglessNtB6_7ASTEvalNtB6_8MathExpr3sinpEB8_
FN:1017,_RINvXs8_NtCs45Qm4wG2YD4_7mathjit13final_taglessNtB6_7ASTEvalNtB6_8MathExpr3subpppEB8_
FN:1002,_RINvXs8_NtCs45Qm4wG2YD4_7mathjit13final_taglessNtB6_7ASTEvalNtB6_8MathExpr3varpEB8_
FN:1060,_RINvXs8_NtCs45Qm4wG2YD4_7mathjit13final_taglessNtB6_7ASTEvalNtB6_8MathExpr4sqrtpEB8_
FN:998,_RINvXs8_NtCs45Qm4wG2YD4_7mathjit13final_taglessNtB6_7ASTEvalNtB6_8MathExpr8constantpEB8_
FN:602,_RINvYpNtNtCs45Qm4wG2YD4_7mathjit13final_tagless15StatisticalExpr7sigmoidpEB8_
FN:585,_RINvYpNtNtCs45Qm4wG2YD4_7mathjit13final_tagless15StatisticalExpr8logisticpEB8_
FN:594,_RINvYpNtNtCs45Qm4wG2YD4_7mathjit13final_tagless15StatisticalExpr8softpluspEB8_
FN:350,_RNCINvNtNtCs45Qm4wG2YD4_7mathjit13final_tagless10polynomial17horner_derivativeppE0B8_
FN:234,_RNCINvNtNtCs45Qm4wG2YD4_7mathjit13final_tagless10polynomial6hornerppE0B8_
FN:862,_RNvMs5_NtCs45Qm4wG2YD4_7mathjit13final_taglessINtB5_7ASTReprpE13variable_nameB7_
FN:854,_RNvMs5_NtCs45Qm4wG2YD4_7mathjit13final_taglessINtB5_7ASTReprpE14variable_indexB7_
FNDA:99,_RINvMs6_NtCsbIMKQJJAEYn_7mathjit13final_taglessNtB6_7ASTEval11var_by_namedEB8_
FNDA:4,_RINvMs_NtCsbIMKQJJAEYn_7mathjit13final_taglessNtB5_10DirectEval14eval_with_varsdEB7_
FNDA:66,_RINvMs_NtCsbIMKQJJAEYn_7mathjit13final_taglessNtB5_10DirectEval21eval_two_vars_genericdEB7_
FNDA:13,_RINvMs_NtCsbIMKQJJAEYn_7mathjit13final_taglessNtB5_10DirectEval3vardEB7_
FNDA:2,_RINvXs0_NtCsbIMKQJJAEYn_7mathjit13final_taglessNtB6_10DirectEvalNtB6_8MathExpr2lndEB8_
FNDA:12,_RINvXs0_NtCsbIMKQJJAEYn_7mathjit13final_taglessNtB6_10DirectEvalNtB6_8MathExpr3adddddEB8_
FNDA:2,_RINvXs0_NtCsbIMKQJJAEYn_7mathjit13final_taglessNtB6_10DirectEvalNtB6_8MathExpr3cosdEB8_
FNDA:4,_RINvXs0_NtCsbIMKQJJAEYn_7mathjit13final_taglessNtB6_10DirectEvalNtB6_8MathExpr3divdddEB8_
FNDA:3,_RINvXs0_NtCsbIMKQJJAEYn_7mathjit13final_taglessNtB6_10DirectEvalNtB6_8MathExpr3expdEB8_
FNDA:16,_RINvXs0_NtCsbIMKQJJAEYn_7mathjit13final_taglessNtB6_10DirectEvalNtB6_8MathExpr3muldddEB8_
FNDA:4,_RINvXs0_NtCsbIMKQJJAEYn_7mathjit13final_taglessNtB6_10DirectEvalNtB6_8MathExpr3negdEB8_
FNDA:2,_RINvXs0_NtCsbIMKQJJAEYn_7mathjit13final_taglessNtB6_10DirectEvalNtB6_8MathExpr3sindEB8_
FNDA:7,_RINvXs0_NtCsbIMKQJJAEYn_7mathjit13final_taglessNtB6_10DirectEvalNtB6_8MathExpr3subdddEB8_
FNDA:1,_RINvXs0_NtCsbIMKQJJAEYn_7mathjit13final_taglessNtB6_10DirectEvalNtB6_8MathExpr4sqrtdEB8_
FNDA:31,_RINvXs0_NtCsbIMKQJJAEYn_7mathjit13final_taglessNtB6_10DirectEvalNtB6_8MathExpr8constantdEB8_
FNDA:7,_RINvXs3_NtCsbIMKQJJAEYn_7mathjit13final_taglessNtB6_11PrettyPrintNtB6_8MathExpr3adddddEB8_
FNDA:6,_RINvXs3_NtCsbIMKQJJAEYn_7mathjit13final_taglessNtB6_11PrettyPrintNtB6_8MathExpr3muldddEB8_
FNDA:1,_RINvXs3_NtCsbIMKQJJAEYn_7mathjit13final_taglessNtB6_11PrettyPrintNtB6_8MathExpr3powdEB8_
FNDA:1,_RINvXs3_NtCsbIMKQJJAEYn_7mathjit13final_taglessNtB6_11PrettyPrintNtB6_8MathExpr3vardEB8_
FNDA:12,_RINvXs3_NtCsbIMKQJJAEYn_7mathjit13final_taglessNtB6_11PrettyPrintNtB6_8MathExpr8constantdEB8_
FNDA:1,_RINvYNtNtCsbIMKQJJAEYn_7mathjit13final_tagless10DirectEvalNtB5_15StatisticalExpr8logisticdEB7_
FNDA:1,_RNCINvMs_NtCsbIMKQJJAEYn_7mathjit13final_taglessNtB7_10DirectEval21eval_two_vars_genericdE0B9_
FNDA:0,_RNCINvMs_NtCsbIMKQJJAEYn_7mathjit13final_taglessNtB7_10DirectEval21eval_two_vars_genericdEs0_0B9_
FNDA:0,_RNCINvMs_NtCsbIMKQJJAEYn_7mathjit13final_taglessNtB7_10DirectEval21eval_two_vars_genericdEs_0B9_
FNDA:1,_RNvMs5_NtCsbIMKQJJAEYn_7mathjit13final_taglessINtB5_7ASTReprdE13variable_nameB7_
FNDA:2,_RNvMs5_NtCsbIMKQJJAEYn_7mathjit13final_taglessINtB5_7ASTReprdE14variable_indexB7_
FNDA:626,_RNvMs5_NtCsbIMKQJJAEYn_7mathjit13final_taglessINtB5_7ASTReprdE16count_operationsB7_
FNDA:1,_RINvNvNtNtCsbIMKQJJAEYn_7mathjit13final_tagless5testss_16test_direct_eval6linearNtB6_10DirectEvalEB8_
FNDA:1,_RINvNvNtNtCsbIMKQJJAEYn_7mathjit13final_tagless5testss_17test_pretty_print9quadraticNtB6_11PrettyPrintEB8_
FNDA:1,_RINvNvNtNtCsbIMKQJJAEYn_7mathjit13final_tagless5testss_26test_statistical_extension13logistic_exprNtB6_10DirectEvalEB8_
FNDA:1,_RNvNtNtCsbIMKQJJAEYn_7mathjit13final_tagless5testss_16test_direct_eval
FNDA:1,_RNvNtNtCsbIMKQJJAEYn_7mathjit13final_tagless5testss_17test_pretty_print
FNDA:1,_RNvNtNtCsbIMKQJJAEYn_7mathjit13final_tagless5testss_22test_horner_polynomial
FNDA:1,_RNvNtNtCsbIMKQJJAEYn_7mathjit13final_tagless5testss_23test_pretty_print_basic
FNDA:1,_RNvNtNtCsbIMKQJJAEYn_7mathjit13final_tagless5testss_24test_division_operations
FNDA:1,_RNvNtNtCsbIMKQJJAEYn_7mathjit13final_tagless5testss_24test_horner_pretty_print
FNDA:1,_RNvNtNtCsbIMKQJJAEYn_7mathjit13final_tagless5testss_25test_mixed_variable_types
FNDA:1,_RNvNtNtCsbIMKQJJAEYn_7mathjit13final_tagless5testss_26test_polynomial_from_roots
[...]
DA:208,5
DA:209,5
DA:210,5
DA:211,5
DA:212,5
DA:213,5
DA:214,5
DA:215,5
DA:216,5
DA:217,5
DA:218,5
DA:219,5
DA:220,5
DA:221,5
DA:222,5
DA:223,5
DA:224,5
DA:225,5
DA:226,5
DA:230,27
DA:231,27
DA:232,7
DA:234,7
DA:235,7
DA:237,0
DA:240,0
DA:242,0
DA:243,0
DA:244,0
DA:245,0
DA:248,8
DA:250,8
DA:251,8
DA:252,2
DA:253,0
DA:256,6
DA:257,6
DA:258,6
DA:259,6
DA:261,0
DA:262,0
DA:263,0
DA:264,0
DA:266,2
DA:267,2
DA:268,2
DA:269,2
DA:271,0
DA:272,0
DA:273,0
DA:274,0
DA:276,2
DA:277,2
DA:278,2
DA:279,2
DA:281,0
DA:282,0
DA:283,0
DA:285,0
DA:286,0
DA:287,0
DA:289,0
DA:290,0
DA:291,0
DA:293,1
DA:294,1
DA:295,1
DA:297,1
DA:298,1
DA:299,1
DA:301,0
DA:302,0
DA:303,0
DA:306,27
DA:309,1
DA:310,1
DA:311,1
DA:312,1
DA:313,1
DA:314,1
DA:315,1
DA:317,1
DA:318,0
DA:319,0
DA:320,0
DA:321,0
DA:324,1
DA:327,1
DA:328,1
DA:329,1
DA:330,1
DA:331,1
DA:332,1
DA:333,1
DA:334,1
DA:335,1
DA:336,1
DA:337,1
DA:338,1
DA:339,1
DA:340,0
DA:341,0
DA:343,1
DA:344,0
DA:345,0
DA:346,0
DA:347,0
DA:348,1
DA:350,1
DA:351,1
DA:355,2
DA:356,2
DA:358,2
DA:360,1
DA:361,1
DA:363,0
DA:364,0
DA:365,0
DA:366,0
DA:369,1
DA:370,1
DA:371,1
DA:372,1
DA:373,1
DA:375,2
DA:378,24
DA:379,24
DA:380,24
DA:383,145
DA:384,134
DA:387,134
DA:388,134
DA:391,134
DA:393,134
DA:394,134
DA:395,0
DA:398,134
DA:401,20
DA:402,20
DA:405,0
DA:415,114
DA:418,134
DA:419,13
DA:420,121
DA:422,121
DA:425,24
DA:426,24
DA:429,1263
DA:430,1263
DA:432,150
DA:433,150
DA:434,150
DA:436,150
DA:437,48
DA:438,9
DA:439,127
DA:442,289
DA:443,289
DA:444,289
DA:446,289
DA:447,17
DA:448,142
DA:449,12
DA:450,140
DA:451,267
DA:454,2
DA:455,2
DA:456,2
DA:458,2
DA:459,2
DA:460,0
DA:461,0
DA:464,42
DA:465,42
DA:466,42
DA:468,42
DA:469,0
DA:470,42
DA:473,67
DA:474,67
DA:475,67
DA:477,67
DA:478,64
DA:479,64
DA:480,0
DA:481,66
DA:485,0
DA:486,0
DA:487,0
DA:489,10
DA:490,10
DA:491,10
DA:492,0
DA:493,10
DA:496,19
DA:497,19
DA:498,19
DA:499,0
DA:500,19
DA:503,0
DA:504,0
DA:505,0
DA:506,0
DA:507,0
DA:510,0
DA:511,0
DA:512,0
DA:513,0
DA:514,0
DA:517,0
DA:518,0
DA:519,0
DA:523,684
DA:526,1263
DA:529,1155
DA:532,1155
DA:533,127
DA:534,127
DA:535,127
DA:536,127
DA:538,265
DA:539,265
DA:540,265
DA:541,265
DA:543,0
DA:544,0
DA:545,0
DA:546,0
DA:548,42
DA:549,42
DA:550,42
DA:551,42
DA:553,65
DA:554,65
DA:555,65
DA:556,65
DA:558,0
DA:559,0
DA:560,0
DA:562,4
DA:563,4
DA:564,4
DA:566,19
DA:567,19
DA:568,19
DA:570,0
DA:571,0
DA:572,0
DA:574,0
DA:575,0
DA:576,0
DA:578,0
DA:579,0
DA:580,0
DA:583,633
DA:586,1155
DA:589,1123
DA:590,1123
DA:591,125
DA:592,125
DA:593,125
DA:595,125
DA:596,0
DA:597,125
DA:600,260
DA:601,260
DA:602,260
DA:604,260
DA:605,0
DA:606,260
DA:609,0
DA:610,0
DA:611,0
DA:613,0
DA:614,0
DA:615,0
DA:618,40
DA:619,40
DA:620,40
DA:622,40
DA:623,0
DA:624,0
DA:626,40
DA:629,62
DA:630,62
DA:631,62
DA:633,62
DA:634,0
DA:635,0
DA:637,62
DA:641,0
DA:642,0
DA:643,0
DA:644,0
DA:645,0
DA:648,0
DA:649,0
DA:650,0
DA:651,0
DA:652,0
DA:655,15
DA:656,15
DA:657,15
DA:658,0
DA:659,15
DA:662,0
DA:663,0
DA:664,0
DA:665,0
DA:666,0
DA:669,0
DA:670,0
DA:671,0
DA:672,0
DA:673,0
DA:676,0
DA:677,0
DA:678,0
DA:679,0
DA:680,0
DA:684,621
DA:687,1123
DA:699,0
DA:705,0
DA:706,0
DA:711,0
DA:721,0
DA:726,1155
DA:727,1155
DA:728,127
DA:729,127
DA:730,127
DA:732,127
DA:734,34
DA:735,2
DA:737,1
DA:739,124
DA:740,0
DA:741,0
DA:742,0
DA:744,40
DA:745,40
DA:747,0
DA:748,0
DA:749,0
DA:751,40
DA:756,0
DA:758,84
DA:761,0
DA:762,0
DA:763,0
DA:765,0
DA:767,0
DA:769,0
DA:771,0
DA:772,0
DA:775,0
DA:776,0
DA:779,265
DA:780,265
DA:781,265
DA:783,265
DA:785,130
DA:786,4
DA:789,5
DA:790,130
DA:792,5
DA:793,130
DA:795,0
DA:797,261
DA:798,60
DA:799,60
DA:800,60
DA:802,5
DA:803,5
DA:804,5
DA:807,1
DA:808,1
DA:810,1
DA:811,1
DA:815,0
DA:818,0
DA:819,0
DA:820,0
DA:821,0
DA:824,20
DA:825,20
DA:827,0
DA:828,0
DA:829,0
DA:831,20
DA:834,175
DA:837,42
DA:838,42
DA:839,42
DA:841,42
DA:843,42
DA:845,0
DA:847,40
DA:848,0
DA:851,0
DA:852,0
DA:854,40
DA:857,65
DA:858,65
DA:859,65
DA:861,65
DA:863,62
DA:865,62
DA:867,0
DA:868,0
DA:871,0
DA:873,62
DA:874,62
DA:877,0
DA:878,0
DA:881,0
DA:882,0
DA:883,0
DA:885,3
DA:888,0
DA:889,0
DA:891,0
DA:893,0
DA:895,0
DA:897,0
DA:899,0
DA:900,0
DA:901,0
DA:902,0
DA:905,0
DA:906,0
DA:909,4
DA:910,4
DA:912,0
DA:914,0
DA:916,0
DA:917,0
DA:920,4
DA:922,0
DA:923,0
DA:924,0
DA:925,0
DA:928,0
DA:929,0
DA:930,0
DA:931,0
DA:934,0
DA:935,0
DA:936,0
DA:939,0
DA:940,0
DA:943,19
DA:944,19
DA:946,19
DA:948,0
DA:950,0
DA:952,0
DA:954,5
DA:955,5
DA:956,5
DA:957,5
DA:960,0
DA:961,0
DA:962,0
DA:963,0
DA:966,0
DA:967,14
DA:970,0
DA:971,0
DA:973,0
DA:975,0
DA:977,0
DA:978,0
DA:981,0
DA:982,0
DA:985,0
DA:986,0
DA:987,0
DA:990,0
DA:991,0
DA:994,0
DA:995,0
DA:997,0
DA:999,0
DA:1001,0
DA:1002,0
DA:1005,0
DA:1006,0
DA:1009,0
DA:1011,0
DA:1012,0
DA:1015,0
DA:1016,0
DA:1018,0
DA:1020,0
DA:1022,0
DA:1024,0
DA:1025,0
DA:1028,0
DA:1030,0
DA:1031,0
DA:1035,633
DA:1038,1155
DA:1041,893
DA:1042,893
DA:1043,64
DA:1044,0
DA:1045,124
DA:1046,119
DA:1047,119
DA:1049,149
DA:1050,149
DA:1052,0
DA:1053,0
DA:1055,0
DA:1056,0
DA:1058,2
DA:1059,2
DA:1061,0
DA:1062,0
DA:1063,5
DA:1064,0
DA:1065,0
DA:1066,0
DA:1067,430
DA:1069,893
DA:1088,30
DA:1089,30
DA:1090,30
DA:1091,30
DA:1092,30
DA:1093,30
DA:1094,30
DA:1095,30
DA:1096,30
DA:1133,1
DA:1134,1
DA:1135,1
DA:1136,1
DA:1139,1
DA:1140,1
DA:1143,1
DA:1144,1
DA:1146,1
DA:1147,1
DA:1148,0
DA:1150,1
DA:1153,1
DA:1154,1
DA:1157,1
DA:1158,1
DA:1160,1
DA:1161,1
DA:1162,0
DA:1164,1
DA:1167,1
DA:1168,1
DA:1171,1
DA:1172,1
DA:1174,1
DA:1175,1
DA:1176,0
DA:1178,1
DA:1181,1
DA:1182,1
DA:1185,1
DA:1186,1
DA:1188,1
DA:1189,1
DA:1190,0
DA:1192,1
DA:1195,1
DA:1196,1
DA:1197,1
DA:1199,1
DA:1200,1
DA:1201,1
DA:1202,1
DA:1203,1
DA:1205,1
DA:1206,1
DA:1207,1
DA:1209,0
DA:1211,1
DA:1214,1
DA:1215,1
DA:1216,1
DA:1219,1
DA:1220,1
DA:1223,1
DA:1224,1
DA:1225,1
DA:1226,1
DA:1228,1
DA:1229,1
DA:1232,151
DA:1233,150
DA:1234,150
DA:1236,1
DA:1237,1
DA:1238,1
DA:1241,1
DA:1242,1
DA:1245,1
DA:1246,1
DA:1248,1
DA:1249,1
DA:1250,1
DA:1251,1
DA:1254,1
DA:1256,1
DA:1257,1
DA:1258,1
DA:1261,1
DA:1262,1
DA:1264,60
DA:1265,59
DA:1266,59
DA:1267,59
DA:1268,59
DA:1269,59
DA:1270,59
DA:1271,59
DA:1272,59
DA:1273,1
DA:1276,1
DA:1277,1
DA:1278,0
DA:1279,0
DA:1280,0
DA:1281,1
DA:1282,1
DA:1283,1
DA:1284,0
DA:1286,1
DA:1289,1
DA:1290,1
DA:1291,1
DA:1294,1
DA:1295,1
DA:1298,1
DA:1299,1
DA:1300,1
DA:1302,1
DA:1303,1
DA:1305,1
DA:1306,1
DA:1307,1
DA:1310,1
DA:1311,1
DA:1312,1
DA:1313,1
DA:1314,1
DA:1315,1
DA:1316,1
DA:1317,1
DA:1320,1
DA:1321,1
DA:1324,1
DA:1325,1
DA:1326,1
DA:1327,0
DA:1329,1
DA:1332,1
DA:1333,1
DA:1334,1
DA:1335,1
DA:1336,1
DA:1337,1
DA:1338,1
DA:1339,1
DA:1341,1
DA:1343,1
DA:1344,1
DA:1345,1
DA:1348,1
DA:1351,1
DA:1352,1
DA:1353,1
DA:1354,1
DA:1355,0
DA:1356,0
DA:1357,0
DA:1358,0
DA:1360,1
BRF:0
BRH:0
LF:775
LH:494
end_of_record
SF:/home/chad/git/mathjit/src/symbolic_ad.rs
FN:670,_RNvNtNtCsbIMKQJJAEYn_7mathjit11symbolic_ad5testss_15test_chain_rule
FN:650,_RNvNtNtCsbIMKQJJAEYn_7mathjit11symbolic_ad5testss_17test_product_rule
FN:717,_RNvNtNtCsbIMKQJJAEYn_7mathjit11symbolic_ad5testss_18test_full_pipeline
FN:751,_RNvNtNtCsbIMKQJJAEYn_7mathjit11symbolic_ad5testss_24test_cache_functionality
FN:589,_RNvNtNtCsbIMKQJJAEYn_7mathjit11symbolic_ad5testss_25test_symbolic_ad_creation
FN:688,_RNvNtNtCsbIMKQJJAEYn_7mathjit11symbolic_ad5testss_26test_convenience_functions
FN:603,_RNvNtNtCsbIMKQJJAEYn_7mathjit11symbolic_ad5testss_27test_basic_derivative_rules
FN:632,_RNvNtNtCsbIMKQJJAEYn_7mathjit11symbolic_ad5testss_32test_arithmetic_derivative_rules
FN:491,_RNvMs0_NtCsbIMKQJJAEYn_7mathjit11symbolic_adNtB5_10SymbolicAD11cache_stats
FN:485,_RNvMs0_NtCsbIMKQJJAEYn_7mathjit11symbolic_adNtB5_10SymbolicAD11clear_cache
FN:156,_RNvMs0_NtCsbIMKQJJAEYn_7mathjit11symbolic_adNtB5_10SymbolicAD11with_config
FN:284,_RNvMs0_NtCsbIMKQJJAEYn_7mathjit11symbolic_adNtB5_10SymbolicAD19symbolic_derivative
FN:166,_RNvMs0_NtCsbIMKQJJAEYn_7mathjit11symbolic_adNtB5_10SymbolicAD24compute_with_derivatives
FN:300,_RNvMs0_NtCsbIMKQJJAEYn_7mathjit11symbolic_adNtB5_10SymbolicAD28compute_derivative_recursive
FN:433,_RNvMs0_NtCsbIMKQJJAEYn_7mathjit11symbolic_adNtB5_10SymbolicAD35optimize_with_subexpression_sharing
FN:151,_RNvMs0_NtCsbIMKQJJAEYn_7mathjit11symbolic_adNtB5_10SymbolicAD3new
FN:116,_RNvMs_NtCsbIMKQJJAEYn_7mathjit11symbolic_adNtB4_15SymbolicADStats13total_time_us
FN:96,_RNvMs_NtCsbIMKQJJAEYn_7mathjit11symbolic_adNtB4_15SymbolicADStats27function_optimization_ratio
FN:50,_RNvXNtCsbIMKQJJAEYn_7mathjit11symbolic_adNtB2_16SymbolicADConfigNtNtCs264BKr10cB_4core7default7Default7default
FN:516,_RNCNvNtNtCsbIMKQJJAEYn_7mathjit11symbolic_ad11convenience8gradient0B7_
FN:556,_RNvNtNtCsbIMKQJJAEYn_7mathjit11symbolic_ad11convenience19bivariate_quadratic
FN:511,_RNvNtNtCsbIMKQJJAEYn_7mathjit11symbolic_ad11convenience8gradient
FN:541,_RNvNtNtCsbIMKQJJAEYn_7mathjit11symbolic_ad11convenience9quadratic
FN:530,_RNCNvNtNtCsbIMKQJJAEYn_7mathjit11symbolic_ad11convenience7hessian0B7_
FN:480,_RNvMs0_NtCsbIMKQJJAEYn_7mathjit11symbolic_adNtB5_10SymbolicAD10set_config
FN:475,_RNvMs0_NtCsbIMKQJJAEYn_7mathjit11symbolic_adNtB5_10SymbolicAD6config
FN:134,_RNvMs_NtCsbIMKQJJAEYn_7mathjit11symbolic_adNtB4_15SymbolicADStats16operations_after
FN:128,_RNvMs_NtCsbIMKQJJAEYn_7mathjit11symbolic_adNtB4_15SymbolicADStats17operations_before
FN:122,_RNvMs_NtCsbIMKQJJAEYn_7mathjit11symbolic_adNtB4_15SymbolicADStats18optimization_ratio
FN:106,_RNvMs_NtCsbIMKQJJAEYn_7mathjit11symbolic_adNtB4_15SymbolicADStats24total_optimization_ratio
FN:525,_RNvNtNtCsbIMKQJJAEYn_7mathjit11symbolic_ad11convenience7hessian
FN:500,_RNvXs1_NtCsbIMKQJJAEYn_7mathjit11symbolic_adNtB5_10SymbolicADNtNtCs264BKr10cB_4core7default7Default7default
FN:530,_RNCNvNtNtCs45Qm4wG2YD4_7mathjit11symbolic_ad11convenience7hessian0B7_
FN:516,_RNCNvNtNtCs45Qm4wG2YD4_7mathjit11symbolic_ad11convenience8gradient0B7_
FNDA:1,_RNvNtNtCsbIMKQJJAEYn_7mathjit11symbolic_ad5testss_15test_chain_rule
FNDA:1,_RNvNtNtCsbIMKQJJAEYn_7mathjit11symbolic_ad5testss_17test_product_rule
FNDA:1,_RNvNtNtCsbIMKQJJAEYn_7mathjit11symbolic_ad5testss_18test_full_pipeline
FNDA:1,_RNvNtNtCsbIMKQJJAEYn_7mathjit11symbolic_ad5testss_24test_cache_functionality
FNDA:1,_RNvNtNtCsbIMKQJJAEYn_7mathjit11symbolic_ad5testss_25test_symbolic_ad_creation
FNDA:1,_RNvNtNtCsbIMKQJJAEYn_7mathjit11symbolic_ad5testss_26test_convenience_functions
FNDA:1,_RNvNtNtCsbIMKQJJAEYn_7mathjit11symbolic_ad5testss_27test_basic_derivative_rules
FNDA:1,_RNvNtNtCsbIMKQJJAEYn_7mathjit11symbolic_ad5testss_32test_arithmetic_derivative_rules
FNDA:3,_RNvMs0_NtCsbIMKQJJAEYn_7mathjit11symbolic_adNtB5_10SymbolicAD11cache_stats
FNDA:1,_RNvMs0_NtCsbIMKQJJAEYn_7mathjit11symbolic_adNtB5_10SymbolicAD11clear_cache
FNDA:10,_RNvMs0_NtCsbIMKQJJAEYn_7mathjit11symbolic_adNtB5_10SymbolicAD11with_config
FNDA:12,_RNvMs0_NtCsbIMKQJJAEYn_7mathjit11symbolic_adNtB5_10SymbolicAD19symbolic_derivative
FNDA:3,_RNvMs0_NtCsbIMKQJJAEYn_7mathjit11symbolic_adNtB5_10SymbolicAD24compute_with_derivatives
FNDA:54,_RNvMs0_NtCsbIMKQJJAEYn_7mathjit11symbolic_adNtB5_10SymbolicAD28compute_derivative_recursive
FNDA:3,_RNvMs0_NtCsbIMKQJJAEYn_7mathjit11symbolic_adNtB5_10SymbolicAD35optimize_with_subexpression_sharing
FNDA:7,_RNvMs0_NtCsbIMKQJJAEYn_7mathjit11symbolic_adNtB5_10SymbolicAD3new
FNDA:1,_RNvMs_NtCsbIMKQJJAEYn_7mathjit11symbolic_adNtB4_15SymbolicADStats13total_time_us
FNDA:1,_RNvMs_NtCsbIMKQJJAEYn_7mathjit11symbolic_adNtB4_15SymbolicADStats27function_optimization_ratio
FNDA:10,_RNvXNtCsbIMKQJJAEYn_7mathjit11symbolic_adNtB2_16SymbolicADConfigNtNtCs264BKr10cB_4core7default7Default7default
FNDA:3,_RNCNvNtNtCsbIMKQJJAEYn_7mathjit11symbolic_ad11convenience8gradient0B7_
FNDA:1,_RNvNtNtCsbIMKQJJAEYn_7mathjit11symbolic_ad11convenience19bivariate_quadratic
FNDA:2,_RNvNtNtCsbIMKQJJAEYn_7mathjit11symbolic_ad11convenience8gradient
FNDA:1,_RNvNtNtCsbIMKQJJAEYn_7mathjit11symbolic_ad11convenience9quadratic
FNDA:0,_RNCNvNtNtCsbIMKQJJAEYn_7mathjit11symbolic_ad11convenience7hessian0B7_
FNDA:0,_RNvMs0_NtCsbIMKQJJAEYn_7mathjit11symbolic_adNtB5_10SymbolicAD10set_config
FNDA:0,_RNvMs0_NtCsbIMKQJJAEYn_7mathjit11symbolic_adNtB5_10SymbolicAD6config
FNDA:0,_RNvMs_NtCsbIMKQJJAEYn_7mathjit11symbolic_adNtB4_15SymbolicADStats16operations_after
FNDA:0,_RNvMs_NtCsbIMKQJJAEYn_7mathjit11symbolic_adNtB4_15SymbolicADStats17operations_before
FNDA:0,_RNvMs_NtCsbIMKQJJAEYn_7mathjit11symbolic_adNtB4_15SymbolicADStats18optimization_ratio
FNDA:0,_RNvMs_NtCsbIMKQJJAEYn_7mathjit11symbolic_adNtB4_15SymbolicADStats24total_optimization_ratio
FNDA:0,_RNvNtNtCsbIMKQJJAEYn_7mathjit11symbolic_ad11convenience7hessian
FNDA:0,_RNvXs1_NtCsbIMKQJJAEYn_7mathjit11symbolic_adNtB5_10SymbolicADNtNtCs264BKr10cB_4core7default7Default7default
FNDA:0,_RNCNvNtNtCs45Qm4wG2YD4_7mathjit11symbolic_ad11convenience7hessian0B7_
FNDA:0,_RNCNvNtNtCs45Qm4wG2YD4_7mathjit11symbolic_ad11convenience8gradient0B7_
FNF:32
FNH:23
DA:50,10
DA:51,10
DA:52,10
DA:53,10
DA:54,10
DA:55,10
DA:56,10
DA:57,10
DA:58,10
DA:96,1
DA:97,1
DA:98,0
DA:100,1
DA:102,1
DA:106,0
DA:107,0
DA:108,0
DA:110,0
DA:112,0
DA:116,1
DA:117,1
DA:118,1
DA:122,0
DA:123,0
DA:124,0
DA:128,0
DA:129,0
DA:130,0
DA:134,0
DA:135,0
DA:136,0
DA:151,7
DA:152,7
DA:153,7
DA:156,10
DA:157,10
DA:158,10
DA:159,10
DA:160,10
DA:161,10
DA:162,10
DA:163,10
DA:166,3
DA:167,3
DA:168,3
DA:169,3
DA:170,3
DA:171,3
DA:172,3
DA:173,3
DA:176,3
DA:177,3
DA:178,3
DA:180,0
DA:182,3
DA:185,3
DA:186,3
DA:187,3
DA:190,3
DA:193,7
DA:194,4
DA:195,4
DA:199,3
DA:200,0
DA:201,0
DA:202,0
DA:203,0
DA:204,0
DA:205,0
DA:208,3
DA:211,3
DA:212,3
DA:213,3
DA:214,3
DA:215,3
DA:216,3
DA:217,3
DA:218,3
DA:219,3
DA:221,3
DA:224,3
DA:226,3
DA:227,3
DA:228,3
DA:229,3
DA:230,3
DA:231,3
DA:232,3
DA:233,3
DA:234,3
DA:235,0
DA:236,0
DA:238,0
DA:239,0
DA:240,0
DA:241,0
DA:243,0
DA:244,0
DA:245,0
DA:246,0
DA:247,0
DA:250,0
DA:252,0
DA:253,0
DA:254,0
DA:255,0
DA:256,0
DA:257,0
DA:259,3
DA:262,3
DA:263,3
DA:264,3
DA:265,3
DA:266,3
DA:267,3
DA:268,3
DA:269,3
DA:270,3
DA:271,3
DA:272,3
DA:274,3
DA:275,3
DA:276,3
DA:277,3
DA:278,3
DA:279,3
DA:280,3
DA:281,3
DA:284,12
DA:286,12
DA:287,12
DA:288,1
DA:289,11
DA:291,11
DA:294,11
DA:296,11
DA:297,12
DA:300,54
DA:301,54
DA:303,14
DA:306,0
DA:309,0
DA:310,0
DA:311,0
DA:312,0
DA:314,0
DA:315,0
DA:317,0
DA:322,18
DA:323,18
DA:324,13
DA:326,5
DA:331,7
DA:332,7
DA:333,7
DA:334,7
DA:338,0
DA:339,0
DA:340,0
DA:341,0
DA:345,7
DA:346,7
DA:347,7
DA:349,7
DA:350,7
DA:352,7
DA:356,0
DA:357,0
DA:358,0
DA:360,0
DA:361,0
DA:362,0
DA:364,0
DA:366,0
DA:370,7
DA:371,7
DA:372,7
DA:375,7
DA:376,7
DA:378,7
DA:379,7
DA:381,7
DA:382,7
DA:384,7
DA:388,0
DA:389,0
DA:390,0
DA:394,0
DA:395,0
DA:396,0
DA:400,0
DA:401,0
DA:402,0
DA:403,0
DA:407,0
DA:408,0
DA:409,0
DA:410,0
DA:411,0
DA:412,0
DA:416,1
DA:417,1
DA:418,1
DA:419,1
DA:423,0
DA:424,0
DA:425,0
DA:426,0
DA:427,0
DA:430,54
DA:433,3
DA:434,3
DA:435,3
DA:436,3
DA:437,3
DA:438,3
DA:439,3
DA:440,3
DA:441,3
DA:442,3
DA:443,3
DA:447,3
DA:449,3
DA:450,7
DA:451,4
DA:454,3
DA:455,3
DA:456,0
DA:457,0
DA:458,0
DA:463,3
DA:465,3
DA:466,3
DA:467,3
DA:468,3
DA:469,3
DA:470,3
DA:471,3
DA:475,0
DA:476,0
DA:477,0
DA:480,0
DA:481,0
DA:482,0
DA:485,1
DA:486,1
DA:487,1
DA:491,3
DA:492,3
DA:493,3
DA:494,3
DA:495,3
DA:496,3
DA:500,0
DA:501,0
DA:502,0
DA:511,2
DA:512,2
DA:513,2
DA:514,2
DA:515,2
DA:516,3
DA:518,2
DA:519,2
DA:521,2
DA:522,2
DA:525,0
DA:526,0
DA:527,0
DA:528,0
DA:529,0
DA:530,0
DA:531,0
DA:533,0
DA:534,0
DA:536,0
DA:537,0
DA:541,1
DA:542,1
DA:543,1
DA:545,1
DA:546,1
DA:547,1
DA:548,1
DA:550,1
DA:552,1
DA:556,1
DA:557,1
DA:558,1
DA:560,1
DA:561,1
DA:562,1
DA:564,1
DA:565,1
DA:566,1
DA:567,1
DA:568,1
DA:569,1
DA:570,1
DA:572,1
DA:574,1
DA:576,1
DA:578,1
DA:580,1
DA:589,1
DA:590,1
DA:591,1
DA:593,1
DA:594,1
DA:595,1
DA:596,1
DA:597,1
DA:598,1
DA:599,1
DA:600,1
DA:603,1
DA:604,1
DA:607,1
DA:608,1
DA:609,1
DA:610,1
DA:611,0
DA:615,1
DA:616,1
DA:617,1
DA:618,1
DA:619,0
DA:623,1
DA:624,1
DA:625,1
DA:626,1
DA:627,0
DA:629,1
DA:632,1
DA:633,1
DA:636,1
DA:637,1
DA:640,1
DA:641,1
DA:642,1
DA:643,0
DA:645,0
DA:647,1
DA:650,1
DA:651,1
DA:654,1
DA:655,1
DA:656,1
DA:659,1
DA:662,1
DA:663,1
DA:665,0
DA:667,1
DA:670,1
DA:671,1
DA:674,1
DA:675,1
DA:677,1
DA:678,1
DA:679,1
DA:680,0
DA:681,0
DA:683,0
DA:685,1
DA:688,1
DA:690,1
DA:691,1
DA:693,1
DA:696,1
DA:697,1
DA:698,1
DA:701,1
DA:702,1
DA:704,1
DA:705,1
DA:709,1
DA:710,1
DA:712,1
DA:713,1
DA:714,1
DA:717,1
DA:718,1
DA:721,1
DA:722,1
DA:723,1
DA:726,1
DA:729,1
DA:732,1
DA:733,1
DA:735,1
DA:736,1
DA:739,1
DA:740,1
DA:743,1
DA:744,1
DA:745,1
DA:747,1
DA:748,1
DA:751,1
DA:752,1
DA:754,1
DA:757,1
DA:758,1
DA:761,1
DA:762,1
DA:764,1
DA:767,1
DA:768,1
DA:769,1
DA:770,1
BRF:0
BRH:0
LF:412
LH:298
end_of_record
SF:/home/chad/git/mathjit/src/transcendental.rs
FN:124,_RNvNtCsbIMKQJJAEYn_7mathjit14transcendental10cos_approxB3_
FN:54,_RNvNtCsbIMKQJJAEYn_7mathjit14transcendental10exp_approxB3_
FN:90,_RNvNtCsbIMKQJJAEYn_7mathjit14transcendental10sin_approxB3_
FN:248,_RNvNtCsbIMKQJJAEYn_7mathjit14transcendental15generate_cos_ir
FN:210,_RNvNtCsbIMKQJJAEYn_7mathjit14transcendental15generate_exp_ir
FN:230,_RNvNtCsbIMKQJJAEYn_7mathjit14transcendental15generate_sin_ir
FN:17,_RNvNtCsbIMKQJJAEYn_7mathjit14transcendental15ln_1plus_approxB3_
FN:189,_RNvNtCsbIMKQJJAEYn_7mathjit14transcendental20generate_ln_1plus_ir
FN:175,_RNvNtCsbIMKQJJAEYn_7mathjit14transcendental20generate_rational_ir
FN:155,_RNvNtCsbIMKQJJAEYn_7mathjit14transcendental22generate_polynomial_ir
FN:124,_RNvNtCs45Qm4wG2YD4_7mathjit14transcendental10cos_approxB3_
FN:54,_RNvNtCs45Qm4wG2YD4_7mathjit14transcendental10exp_approxB3_
FN:90,_RNvNtCs45Qm4wG2YD4_7mathjit14transcendental10sin_approxB3_
FN:17,_RNvNtCs45Qm4wG2YD4_7mathjit14transcendental15ln_1plus_approxB3_
FNDA:0,_RNvNtCsbIMKQJJAEYn_7mathjit14transcendental10cos_approxB3_
FNDA:0,_RNvNtCsbIMKQJJAEYn_7mathjit14transcendental10exp_approxB3_
FNDA:0,_RNvNtCsbIMKQJJAEYn_7mathjit14transcendental10sin_approxB3_
FNDA:0,_RNvNtCsbIMKQJJAEYn_7mathjit14transcendental15generate_cos_ir
FNDA:0,_RNvNtCsbIMKQJJAEYn_7mathjit14transcendental15generate_exp_ir
FNDA:0,_RNvNtCsbIMKQJJAEYn_7mathjit14transcendental15generate_sin_ir
FNDA:0,_RNvNtCsbIMKQJJAEYn_7mathjit14transcendental15ln_1plus_approxB3_
FNDA:0,_RNvNtCsbIMKQJJAEYn_7mathjit14transcendental20generate_ln_1plus_ir
FNDA:0,_RNvNtCsbIMKQJJAEYn_7mathjit14transcendental20generate_rational_ir
FNDA:0,_RNvNtCsbIMKQJJAEYn_7mathjit14transcendental22generate_polynomial_ir
FNDA:0,_RNvNtCs45Qm4wG2YD4_7mathjit14transcendental10cos_approxB3_
FNDA:0,_RNvNtCs45Qm4wG2YD4_7mathjit14transcendental10exp_approxB3_
FNDA:0,_RNvNtCs45Qm4wG2YD4_7mathjit14transcendental10sin_approxB3_
FNDA:0,_RNvNtCs45Qm4wG2YD4_7mathjit14transcendental15ln_1plus_approxB3_
FNF:10
FNH:0
DA:17,0
DA:19,0
DA:20,0
DA:21,0
DA:22,0
DA:23,0
DA:24,0
DA:25,0
DA:28,0
DA:29,0
DA:30,0
DA:31,0
DA:32,0
DA:33,0
DA:34,0
DA:37,0
DA:38,0
DA:39,0
DA:40,0
DA:43,0
DA:44,0
DA:45,0
DA:46,0
DA:48,0
DA:49,0
DA:54,0
DA:56,0
DA:57,0
DA:58,0
DA:59,0
DA:60,0
DA:61,0
DA:64,0
DA:65,0
DA:66,0
DA:67,0
DA:68,0
DA:69,0
DA:70,0
DA:73,0
DA:74,0
DA:75,0
DA:76,0
DA:79,0
DA:80,0
DA:81,0
DA:82,0
DA:84,0
DA:85,0
DA:90,0
DA:92,0
DA:93,0
DA:94,0
DA:95,0
DA:96,0
DA:97,0
DA:98,0
DA:99,0
DA:100,0
DA:101,0
DA:104,0
DA:107,0
DA:108,0
DA:109,0
DA:110,0
DA:113,0
DA:114,0
DA:115,0
DA:116,0
DA:118,0
DA:119,0
DA:124,0
DA:126,0
DA:127,0
DA:128,0
DA:129,0
DA:130,0
DA:131,0
DA:132,0
DA:133,0
DA:136,0
DA:139,0
DA:140,0
DA:141,0
DA:142,0
DA:145,0
DA:146,0
DA:147,0
DA:148,0
DA:150,0
DA:151,0
DA:155,0
DA:156,0
DA:157,0
DA:158,0
DA:161,0
DA:164,0
DA:165,0
DA:166,0
DA:167,0
DA:168,0
DA:170,0
DA:171,0
DA:175,0
DA:176,0
DA:177,0
DA:178,0
DA:179,0
DA:180,0
DA:181,0
DA:182,0
DA:183,0
DA:184,0
DA:189,0
DA:190,0
DA:191,0
DA:192,0
DA:193,0
DA:194,0
DA:195,0
DA:196,0
DA:197,0
DA:198,0
DA:199,0
DA:200,0
DA:201,0
DA:202,0
DA:203,0
DA:204,0
DA:205,0
DA:210,0
DA:211,0
DA:212,0
DA:213,0
DA:214,0
DA:215,0
DA:216,0
DA:217,0
DA:218,0
DA:219,0
DA:220,0
DA:221,0
DA:222,0
DA:223,0
DA:224,0
DA:225,0
DA:230,0
DA:231,0
DA:232,0
DA:233,0
DA:234,0
DA:235,0
DA:236,0
DA:237,0
DA:238,0
DA:239,0
DA:240,0
DA:241,0
DA:242,0
DA:243,0
DA:248,0
DA:249,0
DA:250,0
DA:251,0
DA:252,0
DA:253,0
DA:254,0
DA:255,0
DA:256,0
DA:257,0
DA:258,0
DA:259,0
BRF:0
BRH:0
LF:172
LH:0
end_of_record