SF:/home/chad/git/mathjit/src/autodiff.rs
FN:65,_RINvMNtCsd1KmODxPpX_7mathjit8autodiffNtB3_9ForwardAD19differentiate_multipEB5_
FN:175,_RINvMs2_NtCsd1KmODxPpX_7mathjit8autodiffNtB6_13HigherOrderAD17second_derivativepEB8_
FN:239,_RINvNtNtCsd1KmODxPpX_7mathjit8autodiff11convenience7hessianpEB6_
FN:223,_RINvNtNtCsd1KmODxPpX_7mathjit8autodiff11convenience8jacobianpEB6_
FN:180,_RNCINvMs2_NtCsd1KmODxPpX_7mathjit8autodiffNtB8_13HigherOrderAD17second_derivativepE0Ba_
FN:230,_RNCINvNtNtCsd1KmODxPpX_7mathjit8autodiff11convenience8jacobianpE0B8_
FN:170,_RNvMs2_NtCsd1KmODxPpX_7mathjit8autodiffNtB5_13HigherOrderAD3new
FN:155,_RNvXs1_NtCsd1KmODxPpX_7mathjit8autodiffNtB5_9ReverseADNtNtCs264BKr10cB_4core7default7Default7default
FN:202,_RNvXs3_NtCsd1KmODxPpX_7mathjit8autodiffNtB5_13HigherOrderADNtNtCs264BKr10cB_4core7default7Default7default
FN:96,_RNvXs_NtCsd1KmODxPpX_7mathjit8autodiffNtB4_9ForwardADNtNtCs264BKr10cB_4core7default7Default7default
FN:281,_RNvNtNtCsd1KmODxPpX_7mathjit8autodiff5testss_22test_forward_ad_simple
FN:294,_RNvNtNtCsd1KmODxPpX_7mathjit8autodiff5testss_22test_reverse_ad_simple
FN:307,_RNvNtNtCsd1KmODxPpX_7mathjit8autodiff5testss_25test_polynomial_functions
FN:329,_RNvNtNtCsd1KmODxPpX_7mathjit8autodiff5testss_28test_multi_variable_gradient
FN:42,_RNvMNtCsd1KmODxPpX_7mathjit8autodiffNtB2_9ForwardAD3new
FN:111,_RNvMs0_NtCsd1KmODxPpX_7mathjit8autodiffNtB5_9ReverseAD3new
FN:213,_RINvNtNtCsd1KmODxPpX_7mathjit8autodiff11convenience8gradientNCNvNtB4_5testss_28test_multi_variable_gradient0EB6_
FN:47,_RINvMNtCsd1KmODxPpX_7mathjit8autodiffNtB3_9ForwardAD13differentiateNCNvNtB3_5testss_22test_forward_ad_simple0EB5_
FN:47,_RINvMNtCsd1KmODxPpX_7mathjit8autodiffNtB3_9ForwardAD13differentiateNCNvNtB3_5testss_25test_polynomial_functions0EB5_
FN:118,_RINvMs0_NtCsd1KmODxPpX_7mathjit8autodiffNtB6_9ReverseAD13differentiateNCNvNtB6_5testss_22test_reverse_ad_simple0EB8_
FN:131,_RINvMs0_NtCsd1KmODxPpX_7mathjit8autodiffNtB6_9ReverseAD19differentiate_multiNCNvNtB6_5testss_28test_multi_variable_gradient0EB8_
FN:285,_RNCNvNtNtCsd1KmODxPpX_7mathjit8autodiff5testss_22test_forward_ad_simple0B7_
FN:298,_RNCNvNtNtCsd1KmODxPpX_7mathjit8autodiff5testss_22test_reverse_ad_simple0B7_
FN:311,_RNCNvNtNtCsd1KmODxPpX_7mathjit8autodiff5testss_25test_polynomial_functions0B7_
FN:333,_RNCNvNtNtCsd1KmODxPpX_7mathjit8autodiff5testss_28test_multi_variable_gradient0B7_
FN:213,_RINvNtNtCs1pYHhsRKoT5_7mathjit8autodiff11convenience8gradientNCINvB2_8jacobianNCNvNtCs5O6kLjWf84s_25test_autodiff_integration14autodiff_testss_25test_jacobian_computation0E0EB1k_
FN:213,_RINvNtNtCs1pYHhsRKoT5_7mathjit8autodiff11convenience8gradientNCNvNtCs5O6kLjWf84s_25test_autodiff_integration14autodiff_testss_27test_performance_comparison0EB13_
FN:213,_RINvNtNtCs1pYHhsRKoT5_7mathjit8autodiff11convenience8gradientNCNvNtCs5O6kLjWf84s_25test_autodiff_integration14autodiff_testss_28test_multi_variable_gradient0EB13_
FN:223,_RINvNtNtCs1pYHhsRKoT5_7mathjit8autodiff11convenience8jacobianNCNvNtCs5O6kLjWf84s_25test_autodiff_integration14autodiff_testss_25test_jacobian_computation0EB13_
FN:230,_RNCINvNtNtCs1pYHhsRKoT5_7mathjit8autodiff11convenience8jacobianNCNvNtCs5O6kLjWf84s_25test_autodiff_integration14autodiff_testss_25test_jacobian_computation0E0B15_
FN:47,_RINvMNtCs1pYHhsRKoT5_7mathjit8autodiffNtB3_9ForwardAD13differentiateNCNvNtCs5O6kLjWf84s_25test_autodiff_integration14autodiff_testss_26test_optimization_use_case0EB1a_
FN:47,_RINvMNtCs1pYHhsRKoT5_7mathjit8autodiffNtB3_9ForwardAD13differentiateNCNvNtCs5O6kLjWf84s_25test_autodiff_integration14autodiff_testss_32test_forward_ad_basic_operations0EB1a_
FN:118,_RINvMs0_NtCs1pYHhsRKoT5_7mathjit8autodiffNtB6_9ReverseAD13differentiateNCNvNtCs5O6kLjWf84s_25test_autodiff_integration14autodiff_testss_32test_reverse_ad_basic_operations0EB1d_
FN:131,_RINvMs0_NtCs1pYHhsRKoT5_7mathjit8autodiffNtB6_9ReverseAD19differentiate_multiNCINvNtB6_11convenience8jacobianNCNvNtCs5O6kLjWf84s_25test_autodiff_integration14autodiff_testss_25test_jacobian_computation0E0EB1P_
FN:131,_RINvMs0_NtCs1pYHhsRKoT5_7mathjit8autodiffNtB6_9ReverseAD19differentiate_multiNCNvNtCs5O6kLjWf84s_25test_autodiff_integration14autodiff_testss_27test_performance_comparison0EB1j_
FN:131,_RINvMs0_NtCs1pYHhsRKoT5_7mathjit8autodiffNtB6_9ReverseAD19differentiate_multiNCNvNtCs5O6kLjWf84s_25test_autodiff_integration14autodiff_testss_28test_multi_variable_gradient0EB1j_
FN:175,_RINvMs2_NtCs1pYHhsRKoT5_7mathjit8autodiffNtB6_13HigherOrderAD17second_derivativeNCNvNtCs5O6kLjWf84s_25test_autodiff_integration14autodiff_testss_29test_higher_order_derivatives0EB1m_
FN:180,_RNCINvMs2_NtCs1pYHhsRKoT5_7mathjit8autodiffNtB8_13HigherOrderAD17second_derivativeNCNvNtCs5O6kLjWf84s_25test_autodiff_integration14autodiff_testss_29test_higher_order_derivatives0E0B1o_
FN:42,_RNvMNtCs1pYHhsRKoT5_7mathjit8autodiffNtB2_9ForwardAD3new
FN:111,_RNvMs0_NtCs1pYHhsRKoT5_7mathjit8autodiffNtB5_9ReverseAD3new
FN:170,_RNvMs2_NtCs1pYHhsRKoT5_7mathjit8autodiffNtB5_13HigherOrderAD3new
FN:155,_RNvXs1_NtCs1pYHhsRKoT5_7mathjit8autodiffNtB5_9ReverseADNtNtCs264BKr10cB_4core7default7Default7default
FN:202,_RNvXs3_NtCs1pYHhsRKoT5_7mathjit8autodiffNtB5_13HigherOrderADNtNtCs264BKr10cB_4core7default7Default7default
FN:96,_RNvXs_NtCs1pYHhsRKoT5_7mathjit8autodiffNtB4_9ForwardADNtNtCs264BKr10cB_4core7default7Default7default
FN:47,_RINvMNtCs1pYHhsRKoT5_7mathjit8autodiffNtB3_9ForwardAD13differentiateNCNvCs3sG9JyvPUp0_23test_egglog_integrations_25test_autodiff_integration0EB18_
FN:131,_RINvMs0_NtCs1pYHhsRKoT5_7mathjit8autodiffNtB6_9ReverseAD19differentiate_multiNCNvCs3sG9JyvPUp0_23test_egglog_integrations_25test_autodiff_integrations_0EB1h_
FN:213,_RINvNtNtCs1pYHhsRKoT5_7mathjit8autodiff11convenience8gradientNCNvCs3sG9JyvPUp0_23test_egglog_integrations_25test_autodiff_integrations_0EB11_
FN:47,_RINvMNtCs1pYHhsRKoT5_7mathjit8autodiffNtB3_9ForwardAD13differentiatepEB5_
FN:65,_RINvMNtCs1pYHhsRKoT5_7mathjit8autodiffNtB3_9ForwardAD19differentiate_multipEB5_
FN:118,_RINvMs0_NtCs1pYHhsRKoT5_7mathjit8autodiffNtB6_9ReverseAD13differentiatepEB8_
FN:131,_RINvMs0_NtCs1pYHhsRKoT5_7mathjit8autodiffNtB6_9ReverseAD19differentiate_multipEB8_
FN:175,_RINvMs2_NtCs1pYHhsRKoT5_7mathjit8autodiffNtB6_13HigherOrderAD17second_derivativepEB8_
FN:239,_RINvNtNtCs1pYHhsRKoT5_7mathjit8autodiff11convenience7hessianpEB6_
FN:213,_RINvNtNtCs1pYHhsRKoT5_7mathjit8autodiff11convenience8gradientpEB6_
FN:223,_RINvNtNtCs1pYHhsRKoT5_7mathjit8autodiff11convenience8jacobianpEB6_
FN:180,_RNCINvMs2_NtCs1pYHhsRKoT5_7mathjit8autodiffNtB8_13HigherOrderAD17second_derivativepE0Ba_
FN:230,_RNCINvNtNtCs1pYHhsRKoT5_7mathjit8autodiff11convenience8jacobianpE0B8_
FNDA:0,_RINvMNtCsd1KmODxPpX_7mathjit8autodiffNtB3_9ForwardAD19differentiate_multipEB5_
FNDA:0,_RINvMs2_NtCsd1KmODxPpX_7mathjit8autodiffNtB6_13HigherOrderAD17second_derivativepEB8_
FNDA:0,_RINvNtNtCsd1KmODxPpX_7mathjit8autodiff11convenience7hessianpEB6_
FNDA:0,_RINvNtNtCsd1KmODxPpX_7mathjit8autodiff11convenience8jacobianpEB6_
FNDA:0,_RNCINvMs2_NtCsd1KmODxPpX_7mathjit8autodiffNtB8_13HigherOrderAD17second_derivativepE0Ba_
FNDA:0,_RNCINvNtNtCsd1KmODxPpX_7mathjit8autodiff11convenience8jacobianpE0B8_
FNDA:0,_RNvMs2_NtCsd1KmODxPpX_7mathjit8autodiffNtB5_13HigherOrderAD3new
FNDA:0,_RNvXs1_NtCsd1KmODxPpX_7mathjit8autodiffNtB5_9ReverseADNtNtCs264BKr10cB_4core7default7Default7default
FNDA:0,_RNvXs3_NtCsd1KmODxPpX_7mathjit8autodiffNtB5_13HigherOrderADNtNtCs264BKr10cB_4core7default7Default7default
FNDA:0,_RNvXs_NtCsd1KmODxPpX_7mathjit8autodiffNtB4_9ForwardADNtNtCs264BKr10cB_4core7default7Default7default
FNDA:1,_RNvNtNtCsd1KmODxPpX_7mathjit8autodiff5testss_22test_forward_ad_simple
FNDA:1,_RNvNtNtCsd1KmODxPpX_7mathjit8autodiff5testss_22test_reverse_ad_simple
FNDA:1,_RNvNtNtCsd1KmODxPpX_7mathjit8autodiff5testss_25test_polynomial_functions
FNDA:1,_RNvNtNtCsd1KmODxPpX_7mathjit8autodiff5testss_28test_multi_variable_gradient
FNDA:2,_RNvMNtCsd1KmODxPpX_7mathjit8autodiffNtB2_9ForwardAD3new
FNDA:2,_RNvMs0_NtCsd1KmODxPpX_7mathjit8autodiffNtB5_9ReverseAD3new
FNDA:1,_RINvNtNtCsd1KmODxPpX_7mathjit8autodiff11convenience8gradientNCNvNtB4_5testss_28test_multi_variable_gradient0EB6_
FNDA:1,_RINvMNtCsd1KmODxPpX_7mathjit8autodiffNtB3_9ForwardAD13differentiateNCNvNtB3_5testss_22test_forward_ad_simple0EB5_
FNDA:1,_RINvMNtCsd1KmODxPpX_7mathjit8autodiffNtB3_9ForwardAD13differentiateNCNvNtB3_5testss_25test_polynomial_functions0EB5_
FNDA:1,_RINvMs0_NtCsd1KmODxPpX_7mathjit8autodiffNtB6_9ReverseAD13differentiateNCNvNtB6_5testss_22test_reverse_ad_simple0EB8_
FNDA:1,_RINvMs0_NtCsd1KmODxPpX_7mathjit8autodiffNtB6_9ReverseAD19differentiate_multiNCNvNtB6_5testss_28test_multi_variable_gradient0EB8_
FNDA:1,_RNCNvNtNtCsd1KmODxPpX_7mathjit8autodiff5testss_22test_forward_ad_simple0B7_
FNDA:3,_RNCNvNtNtCsd1KmODxPpX_7mathjit8autodiff5testss_22test_reverse_ad_simple0B7_
FNDA:1,_RNCNvNtNtCsd1KmODxPpX_7mathjit8autodiff5testss_25test_polynomial_functions0B7_
FNDA:5,_RNCNvNtNtCsd1KmODxPpX_7mathjit8autodiff5testss_28test_multi_variable_gradient0B7_
FNDA:2,_RINvNtNtCs1pYHhsRKoT5_7mathjit8autodiff11convenience8gradientNCINvB2_8jacobianNCNvNtCs5O6kLjWf84s_25test_autodiff_integration14autodiff_testss_25test_jacobian_computation0E0EB1k_
FNDA:101,_RINvNtNtCs1pYHhsRKoT5_7mathjit8autodiff11convenience8gradientNCNvNtCs5O6kLjWf84s_25test_autodiff_integration14autodiff_testss_27test_performance_comparison0EB13_
FNDA:1,_RINvNtNtCs1pYHhsRKoT5_7mathjit8autodiff11convenience8gradientNCNvNtCs5O6kLjWf84s_25test_autodiff_integration14autodiff_testss_28test_multi_variable_gradient0EB13_
FNDA:1,_RINvNtNtCs1pYHhsRKoT5_7mathjit8autodiff11convenience8jacobianNCNvNtCs5O6kLjWf84s_25test_autodiff_integration14autodiff_testss_25test_jacobian_computation0EB13_
FNDA:10,_RNCINvNtNtCs1pYHhsRKoT5_7mathjit8autodiff11convenience8jacobianNCNvNtCs5O6kLjWf84s_25test_autodiff_integration14autodiff_testss_25test_jacobian_computation0E0B15_
FNDA:6,_RINvMNtCs1pYHhsRKoT5_7mathjit8autodiffNtB3_9ForwardAD13differentiateNCNvNtCs5O6kLjWf84s_25test_autodiff_integration14autodiff_testss_26test_optimization_use_case0EB1a_
FNDA:1,_RINvMNtCs1pYHhsRKoT5_7mathjit8autodiffNtB3_9ForwardAD13differentiateNCNvNtCs5O6kLjWf84s_25test_autodiff_integration14autodiff_testss_32test_forward_ad_basic_operations0EB1a_
FNDA:1,_RINvMs0_NtCs1pYHhsRKoT5_7mathjit8autodiffNtB6_9ReverseAD13differentiateNCNvNtCs5O6kLjWf84s_25test_autodiff_integration14autodiff_testss_32test_reverse_ad_basic_operations0EB1d_
FNDA:2,_RINvMs0_NtCs1pYHhsRKoT5_7mathjit8autodiffNtB6_9ReverseAD19differentiate_multiNCINvNtB6_11convenience8jacobianNCNvNtCs5O6kLjWf84s_25test_autodiff_integration14autodiff_testss_25test_jacobian_computation0E0EB1P_
FNDA:101,_RINvMs0_NtCs1pYHhsRKoT5_7mathjit8autodiffNtB6_9ReverseAD19differentiate_multiNCNvNtCs5O6kLjWf84s_25test_autodiff_integration14autodiff_testss_27test_performance_comparison0EB1j_
FNDA:1,_RINvMs0_NtCs1pYHhsRKoT5_7mathjit8autodiffNtB6_9ReverseAD19differentiate_multiNCNvNtCs5O6kLjWf84s_25test_autodiff_integration14autodiff_testss_28test_multi_variable_gradient0EB1j_
FNDA:1,_RINvMs2_NtCs1pYHhsRKoT5_7mathjit8autodiffNtB6_13HigherOrderAD17second_derivativeNCNvNtCs5O6kLjWf84s_25test_autodiff_integration14autodiff_testss_29test_higher_order_derivatives0EB1m_
FNDA:3,_RNCINvMs2_NtCs1pYHhsRKoT5_7mathjit8autodiffNtB8_13HigherOrderAD17second_derivativeNCNvNtCs5O6kLjWf84s_25test_autodiff_integration14autodiff_testss_29test_higher_order_derivatives0E0B1o_
FNDA:3,_RNvMNtCs1pYHhsRKoT5_7mathjit8autodiffNtB2_9ForwardAD3new
FNDA:106,_RNvMs0_NtCs1pYHhsRKoT5_7mathjit8autodiffNtB5_9ReverseAD3new
FNDA:1,_RNvMs2_NtCs1pYHhsRKoT5_7mathjit8autodiffNtB5_13HigherOrderAD3new
FNDA:0,_RNvXs1_NtCs1pYHhsRKoT5_7mathjit8autodiffNtB5_9ReverseADNtNtCs264BKr10cB_4core7default7Default7default
FNDA:0,_RNvXs3_NtCs1pYHhsRKoT5_7mathjit8autodiffNtB5_13HigherOrderADNtNtCs264BKr10cB_4core7default7Default7default
FNDA:0,_RNvXs_NtCs1pYHhsRKoT5_7mathjit8autodiffNtB4_9ForwardADNtNtCs264BKr10cB_4core7default7Default7default
FNDA:1,_RINvMNtCs1pYHhsRKoT5_7mathjit8autodiffNtB3_9ForwardAD13differentiateNCNvCs3sG9JyvPUp0_23test_egglog_integrations_25test_autodiff_integration0EB18_
FNDA:1,_RINvMs0_NtCs1pYHhsRKoT5_7mathjit8autodiffNtB6_9ReverseAD19differentiate_multiNCNvCs3sG9JyvPUp0_23test_egglog_integrations_25test_autodiff_integrations_0EB1h_
FNDA:1,_RINvNtNtCs1pYHhsRKoT5_7mathjit8autodiff11convenience8gradientNCNvCs3sG9JyvPUp0_23test_egglog_integrations_25test_autodiff_integrations_0EB11_
FNDA:0,_RINvMNtCs1pYHhsRKoT5_7mathjit8autodiffNtB3_9ForwardAD13differentiatepEB5_
FNDA:0,_RINvMNtCs1pYHhsRKoT5_7mathjit8autodiffNtB3_9ForwardAD19differentiate_multipEB5_
FNDA:0,_RINvMs0_NtCs1pYHhsRKoT5_7mathjit8autodiffNtB6_9ReverseAD13differentiatepEB8_
FNDA:0,_RINvMs0_NtCs1pYHhsRKoT5_7mathjit8autodiffNtB6_9ReverseAD19differentiate_multipEB8_
FNDA:0,_RINvMs2_NtCs1pYHhsRKoT5_7mathjit8autodiffNtB6_13HigherOrderAD17second_derivativepEB8_
FNDA:0,_RINvNtNtCs1pYHhsRKoT5_7mathjit8autodiff11convenience7hessianpEB6_
FNDA:0,_RINvNtNtCs1pYHhsRKoT5_7mathjit8autodiff11convenience8gradientpEB6_
FNDA:0,_RINvNtNtCs1pYHhsRKoT5_7mathjit8autodiff11convenience8jacobianpEB6_
FNDA:0,_RNCINvMs2_NtCs1pYHhsRKoT5_7mathjit8autodiffNtB8_13HigherOrderAD17second_derivativepE0Ba_
FNDA:0,_RNCINvNtNtCs1pYHhsRKoT5_7mathjit8autodiff11convenience8jacobianpE0B8_
FNF:24
FNH:19
DA:42,5
DA:43,5
DA:44,5
DA:47,10
DA:48,10
DA:49,10
DA:52,10
DA:55,10
DA:58,10
DA:59,10
DA:61,10
DA:62,10
DA:65,0
DA:66,0
DA:67,0
DA:69,0
DA:70,0
DA:71,0
DA:72,0
DA:73,0
DA:76,0
DA:77,0
DA:78,0
DA:79,0
DA:80,0
DA:81,0
DA:84,0
DA:87,0
DA:88,0
DA:90,0
DA:91,0
DA:96,0
DA:97,0
DA:98,0
DA:111,108
DA:112,108
DA:113,108
DA:118,2
DA:119,2
DA:120,2
DA:123,2
DA:124,2
DA:125,2
DA:127,2
DA:128,2
DA:131,106
DA:132,106
DA:133,106
DA:135,106
DA:136,106
DA:137,106
DA:139,1020
DA:140,1020
DA:141,1020
DA:142,1020
DA:143,1020
DA:144,1020
DA:145,1020
DA:146,1020
DA:147,1020
DA:149,106
DA:150,106
DA:155,0
DA:156,0
DA:157,0
DA:170,1
DA:171,1
DA:172,1
DA:175,1
DA:176,1
DA:177,1
DA:180,3
DA:181,3
DA:182,3
DA:183,3
DA:184,3
DA:187,1
DA:188,1
DA:189,1
DA:192,1
DA:193,1
DA:194,1
DA:196,1
DA:197,1
DA:202,0
DA:203,0
DA:204,0
DA:213,106
DA:214,106
DA:215,106
DA:217,106
DA:218,106
DA:219,106
DA:220,106
DA:223,1
DA:224,1
DA:225,1
DA:227,1
DA:229,2
DA:230,10
DA:231,2
DA:232,2
DA:235,1
DA:236,1
DA:239,0
DA:240,0
DA:241,0
DA:243,0
DA:244,0
DA:245,0
DA:248,0
DA:249,0
DA:250,0
DA:251,0
DA:252,0
DA:253,0
DA:254,0
DA:255,0
DA:256,0
DA:257,0
DA:258,0
DA:259,0
DA:260,0
DA:261,0
DA:262,0
DA:263,0
DA:264,0
DA:265,0
DA:266,0
DA:267,0
DA:268,0
DA:271,0
DA:272,0
DA:281,1
DA:282,1
DA:285,1
DA:286,1
DA:288,1
DA:289,1
DA:290,1
DA:294,1
DA:295,1
DA:298,3
DA:299,1
DA:301,1
DA:302,1
DA:303,1
DA:307,1
DA:308,1
DA:311,1
DA:312,1
DA:313,1
DA:314,1
DA:315,1
DA:316,1
DA:317,1
DA:319,1
DA:323,1
DA:324,1
DA:325,1
DA:329,1
DA:333,5
DA:334,1
DA:336,1
DA:337,1
DA:338,1
BRF:0
BRH:0
LF:172
LH:115
end_of_record
SF:/home/chad/git/mathjit/src/backends/cranelift.rs
FN:357,_RNvMs1_NtNtCsd1KmODxPpX_7mathjit8backends9craneliftNtB5_11JITFunction15call_data_param
FN:369,_RNvMs1_NtNtCsd1KmODxPpX_7mathjit8backends9craneliftNtB5_11JITFunction16call_data_params
FN:229,_RNvXNtNtCsd1KmODxPpX_7mathjit8backends9craneliftNtB2_8JITErrorNtNtCs264BKr10cB_4core3fmt7Display3fmt
FN:242,_RNvXs0_NtNtCsd1KmODxPpX_7mathjit8backends9craneliftNtNtB9_5error12MathJITErrorINtNtCs264BKr10cB_4core7convert4FromNtB5_8JITErrorE4from
FN:534,_RNCNvMs2_NtNtCsd1KmODxPpX_7mathjit8backends9craneliftNtB7_11JITCompiler16compile_two_vars0Bb_
FN:571,_RNCNvMs2_NtNtCsd1KmODxPpX_7mathjit8backends9craneliftNtB7_11JITCompiler16compile_two_varss0_0Bb_
FN:567,_RNCNvMs2_NtNtCsd1KmODxPpX_7mathjit8backends9craneliftNtB7_11JITCompiler16compile_two_varss_0Bb_
FN:627,_RNCNvMs2_NtNtCsd1KmODxPpX_7mathjit8backends9craneliftNtB7_11JITCompiler18compile_multi_vars0Bb_
FN:663,_RNCNvMs2_NtNtCsd1KmODxPpX_7mathjit8backends9craneliftNtB7_11JITCompiler18compile_multi_varss0_0Bb_
FN:659,_RNCNvMs2_NtNtCsd1KmODxPpX_7mathjit8backends9craneliftNtB7_11JITCompiler18compile_multi_varss_0Bb_
FN:455,_RNCNvMs2_NtNtCsd1KmODxPpX_7mathjit8backends9craneliftNtB7_11JITCompiler18compile_single_var0Bb_
FN:489,_RNCNvMs2_NtNtCsd1KmODxPpX_7mathjit8backends9craneliftNtB7_11JITCompiler18compile_single_vars0_0Bb_
FN:485,_RNCNvMs2_NtNtCsd1KmODxPpX_7mathjit8backends9craneliftNtB7_11JITCompiler18compile_single_vars_0Bb_
FN:415,_RNCNvMs2_NtNtCsd1KmODxPpX_7mathjit8backends9craneliftNtB7_11JITCompiler3new0Bb_
FN:420,_RNCNvMs2_NtNtCsd1KmODxPpX_7mathjit8backends9craneliftNtB7_11JITCompiler3news0_0Bb_
FN:422,_RNCNvMs2_NtNtCsd1KmODxPpX_7mathjit8backends9craneliftNtB7_11JITCompiler3news1_0Bb_
FN:418,_RNCNvMs2_NtNtCsd1KmODxPpX_7mathjit8backends9craneliftNtB7_11JITCompiler3news_0Bb_
FN:695,_RNCNvNtNtCsd1KmODxPpX_7mathjit8backends9cranelift20generate_ir_for_expr0B7_
FN:772,_RNvNtNtNtCsd1KmODxPpX_7mathjit8backends9cranelift5testss_26test_jit_compiler_creation
FN:778,_RNvNtNtNtCsd1KmODxPpX_7mathjit8backends9cranelift5testss_27test_simple_jit_compilation
FN:794,_RNvNtNtNtCsd1KmODxPpX_7mathjit8backends9cranelift5testss_33test_two_variable_jit_compilation
FN:810,_RNvNtNtNtCsd1KmODxPpX_7mathjit8backends9cranelift5testss_35test_multi_variable_jit_compilation
FN:289,_RNvMs1_NtNtCsd1KmODxPpX_7mathjit8backends9craneliftNtB5_11JITFunction11call_single
FN:301,_RNvMs1_NtNtCsd1KmODxPpX_7mathjit8backends9craneliftNtB5_11JITFunction13call_two_vars
FN:313,_RNvMs1_NtNtCsd1KmODxPpX_7mathjit8backends9craneliftNtB5_11JITFunction15call_multi_vars
FN:510,_RNvMs2_NtNtCsd1KmODxPpX_7mathjit8backends9craneliftNtB5_11JITCompiler16compile_two_vars
FN:592,_RNvMs2_NtNtCsd1KmODxPpX_7mathjit8backends9craneliftNtB5_11JITCompiler18compile_multi_vars
FN:435,_RNvMs2_NtNtCsd1KmODxPpX_7mathjit8backends9craneliftNtB5_11JITCompiler18compile_single_var
FN:411,_RNvMs2_NtNtCsd1KmODxPpX_7mathjit8backends9craneliftNtB5_11JITCompiler3new
FN:90,_RNvNtNtCsd1KmODxPpX_7mathjit8backends9cranelift15generate_cos_ir
FN:69,_RNvNtNtCsd1KmODxPpX_7mathjit8backends9cranelift15generate_exp_ir
FN:105,_RNvNtNtCsd1KmODxPpX_7mathjit8backends9cranelift15generate_sin_ir
FN:685,_RNvNtNtCsd1KmODxPpX_7mathjit8backends9cranelift20generate_ir_for_expr
FN:49,_RNvNtNtCsd1KmODxPpX_7mathjit8backends9cranelift20generate_ln_1plus_ir
FN:36,_RNvNtNtCsd1KmODxPpX_7mathjit8backends9cranelift20generate_rational_ir
FN:17,_RNvNtNtCsd1KmODxPpX_7mathjit8backends9cranelift22generate_polynomial_ir
FN:115,_RNvNtNtCsd1KmODxPpX_7mathjit8backends9cranelift25generate_integer_power_ir
FN:534,_RNCNvMs2_NtNtCs1pYHhsRKoT5_7mathjit8backends9craneliftNtB7_11JITCompiler16compile_two_vars0Bb_
FN:571,_RNCNvMs2_NtNtCs1pYHhsRKoT5_7mathjit8backends9craneliftNtB7_11JITCompiler16compile_two_varss0_0Bb_
FN:567,_RNCNvMs2_NtNtCs1pYHhsRKoT5_7mathjit8backends9craneliftNtB7_11JITCompiler16compile_two_varss_0Bb_
FN:627,_RNCNvMs2_NtNtCs1pYHhsRKoT5_7mathjit8backends9craneliftNtB7_11JITCompiler18compile_multi_vars0Bb_
FN:663,_RNCNvMs2_NtNtCs1pYHhsRKoT5_7mathjit8backends9craneliftNtB7_11JITCompiler18compile_multi_varss0_0Bb_
FN:659,_RNCNvMs2_NtNtCs1pYHhsRKoT5_7mathjit8backends9craneliftNtB7_11JITCompiler18compile_multi_varss_0Bb_
FN:455,_RNCNvMs2_NtNtCs1pYHhsRKoT5_7mathjit8backends9craneliftNtB7_11JITCompiler18compile_single_var0Bb_
FN:489,_RNCNvMs2_NtNtCs1pYHhsRKoT5_7mathjit8backends9craneliftNtB7_11JITCompiler18compile_single_vars0_0Bb_
FN:485,_RNCNvMs2_NtNtCs1pYHhsRKoT5_7mathjit8backends9craneliftNtB7_11JITCompiler18compile_single_vars_0Bb_
FN:415,_RNCNvMs2_NtNtCs1pYHhsRKoT5_7mathjit8backends9craneliftNtB7_11JITCompiler3new0Bb_
FN:420,_RNCNvMs2_NtNtCs1pYHhsRKoT5_7mathjit8backends9craneliftNtB7_11JITCompiler3news0_0Bb_
FN:422,_RNCNvMs2_NtNtCs1pYHhsRKoT5_7mathjit8backends9craneliftNtB7_11JITCompiler3news1_0Bb_
FN:418,_RNCNvMs2_NtNtCs1pYHhsRKoT5_7mathjit8backends9craneliftNtB7_11JITCompiler3news_0Bb_
FN:695,_RNCNvNtNtCs1pYHhsRKoT5_7mathjit8backends9cranelift20generate_ir_for_expr0B7_
FN:289,_RNvMs1_NtNtCs1pYHhsRKoT5_7mathjit8backends9craneliftNtB5_11JITFunction11call_single
FN:301,_RNvMs1_NtNtCs1pYHhsRKoT5_7mathjit8backends9craneliftNtB5_11JITFunction13call_two_vars
FN:357,_RNvMs1_NtNtCs1pYHhsRKoT5_7mathjit8backends9craneliftNtB5_11JITFunction15call_data_param
FN:313,_RNvMs1_NtNtCs1pYHhsRKoT5_7mathjit8backends9craneliftNtB5_11JITFunction15call_multi_vars
FN:369,_RNvMs1_NtNtCs1pYHhsRKoT5_7mathjit8backends9craneliftNtB5_11JITFunction16call_data_params
FN:510,_RNvMs2_NtNtCs1pYHhsRKoT5_7mathjit8backends9craneliftNtB5_11JITCompiler16compile_two_vars
FN:592,_RNvMs2_NtNtCs1pYHhsRKoT5_7mathjit8backends9craneliftNtB5_11JITCompiler18compile_multi_vars
FN:435,_RNvMs2_NtNtCs1pYHhsRKoT5_7mathjit8backends9craneliftNtB5_11JITCompiler18compile_single_var
FN:411,_RNvMs2_NtNtCs1pYHhsRKoT5_7mathjit8backends9craneliftNtB5_11JITCompiler3new
FN:90,_RNvNtNtCs1pYHhsRKoT5_7mathjit8backends9cranelift15generate_cos_ir
FN:69,_RNvNtNtCs1pYHhsRKoT5_7mathjit8backends9cranelift15generate_exp_ir
FN:105,_RNvNtNtCs1pYHhsRKoT5_7mathjit8backends9cranelift15generate_sin_ir
FN:685,_RNvNtNtCs1pYHhsRKoT5_7mathjit8backends9cranelift20generate_ir_for_expr
FN:49,_RNvNtNtCs1pYHhsRKoT5_7mathjit8backends9cranelift20generate_ln_1plus_ir
FN:36,_RNvNtNtCs1pYHhsRKoT5_7mathjit8backends9cranelift20generate_rational_ir
FN:17,_RNvNtNtCs1pYHhsRKoT5_7mathjit8backends9cranelift22generate_polynomial_ir
FN:115,_RNvNtNtCs1pYHhsRKoT5_7mathjit8backends9cranelift25generate_integer_power_ir
FN:229,_RNvXNtNtCs1pYHhsRKoT5_7mathjit8backends9craneliftNtB2_8JITErrorNtNtCs264BKr10cB_4core3fmt7Display3fmt
FN:242,_RNvXs0_NtNtCs1pYHhsRKoT5_7mathjit8backends9craneliftNtNtB9_5error12MathJITErrorINtNtCs264BKr10cB_4core7convert4FromNtB5_8JITErrorE4from
FNDA:0,_RNvMs1_NtNtCsd1KmODxPpX_7mathjit8backends9craneliftNtB5_11JITFunction15call_data_param
FNDA:0,_RNvMs1_NtNtCsd1KmODxPpX_7mathjit8backends9craneliftNtB5_11JITFunction16call_data_params
FNDA:0,_RNvXNtNtCsd1KmODxPpX_7mathjit8backends9craneliftNtB2_8JITErrorNtNtCs264BKr10cB_4core3fmt7Display3fmt
FNDA:0,_RNvXs0_NtNtCsd1KmODxPpX_7mathjit8backends9craneliftNtNtB9_5error12MathJITErrorINtNtCs264BKr10cB_4core7convert4FromNtB5_8JITErrorE4from
FNDA:0,_RNCNvMs2_NtNtCsd1KmODxPpX_7mathjit8backends9craneliftNtB7_11JITCompiler16compile_two_vars0Bb_
FNDA:0,_RNCNvMs2_NtNtCsd1KmODxPpX_7mathjit8backends9craneliftNtB7_11JITCompiler16compile_two_varss0_0Bb_
FNDA:0,_RNCNvMs2_NtNtCsd1KmODxPpX_7mathjit8backends9craneliftNtB7_11JITCompiler16compile_two_varss_0Bb_
FNDA:0,_RNCNvMs2_NtNtCsd1KmODxPpX_7mathjit8backends9craneliftNtB7_11JITCompiler18compile_multi_vars0Bb_
FNDA:0,_RNCNvMs2_NtNtCsd1KmODxPpX_7mathjit8backends9craneliftNtB7_11JITCompiler18compile_multi_varss0_0Bb_
FNDA:0,_RNCNvMs2_NtNtCsd1KmODxPpX_7mathjit8backends9craneliftNtB7_11JITCompiler18compile_multi_varss_0Bb_
FNDA:0,_RNCNvMs2_NtNtCsd1KmODxPpX_7mathjit8backends9craneliftNtB7_11JITCompiler18compile_single_var0Bb_
FNDA:0,_RNCNvMs2_NtNtCsd1KmODxPpX_7mathjit8backends9craneliftNtB7_11JITCompiler18compile_single_vars0_0Bb_
FNDA:0,_RNCNvMs2_NtNtCsd1KmODxPpX_7mathjit8backends9craneliftNtB7_11JITCompiler18compile_single_vars_0Bb_
FNDA:0,_RNCNvMs2_NtNtCsd1KmODxPpX_7mathjit8backends9craneliftNtB7_11JITCompiler3new0Bb_
FNDA:0,_RNCNvMs2_NtNtCsd1KmODxPpX_7mathjit8backends9craneliftNtB7_11JITCompiler3news0_0Bb_
FNDA:0,_RNCNvMs2_NtNtCsd1KmODxPpX_7mathjit8backends9craneliftNtB7_11JITCompiler3news1_0Bb_
FNDA:0,_RNCNvMs2_NtNtCsd1KmODxPpX_7mathjit8backends9craneliftNtB7_11JITCompiler3news_0Bb_
FNDA:0,_RNCNvNtNtCsd1KmODxPpX_7mathjit8backends9cranelift20generate_ir_for_expr0B7_
FNDA:1,_RNvNtNtNtCsd1KmODxPpX_7mathjit8backends9cranelift5testss_26test_jit_compiler_creation
FNDA:1,_RNvNtNtNtCsd1KmODxPpX_7mathjit8backends9cranelift5testss_27test_simple_jit_compilation
FNDA:1,_RNvNtNtNtCsd1KmODxPpX_7mathjit8backends9cranelift5testss_33test_two_variable_jit_compilation
FNDA:1,_RNvNtNtNtCsd1KmODxPpX_7mathjit8backends9cranelift5testss_35test_multi_variable_jit_compilation
FNDA:2,_RNvMs1_NtNtCsd1KmODxPpX_7mathjit8backends9craneliftNtB5_11JITFunction11call_single
FNDA:1,_RNvMs1_NtNtCsd1KmODxPpX_7mathjit8backends9craneliftNtB5_11JITFunction13call_two_vars
FNDA:1,_RNvMs1_NtNtCsd1KmODxPpX_7mathjit8backends9craneliftNtB5_11JITFunction15call_multi_vars
FNDA:1,_RNvMs2_NtNtCsd1KmODxPpX_7mathjit8backends9craneliftNtB5_11JITCompiler16compile_two_vars
FNDA:1,_RNvMs2_NtNtCsd1KmODxPpX_7mathjit8backends9craneliftNtB5_11JITCompiler18compile_multi_vars
FNDA:2,_RNvMs2_NtNtCsd1KmODxPpX_7mathjit8backends9craneliftNtB5_11JITCompiler18compile_single_var
FNDA:5,_RNvMs2_NtNtCsd1KmODxPpX_7mathjit8backends9craneliftNtB5_11JITCompiler3new
FNDA:0,_RNvNtNtCsd1KmODxPpX_7mathjit8backends9cranelift15generate_cos_ir
FNDA:0,_RNvNtNtCsd1KmODxPpX_7mathjit8backends9cranelift15generate_exp_ir
FNDA:0,_RNvNtNtCsd1KmODxPpX_7mathjit8backends9cranelift15generate_sin_ir
FNDA:20,_RNvNtNtCsd1KmODxPpX_7mathjit8backends9cranelift20generate_ir_for_expr
FNDA:0,_RNvNtNtCsd1KmODxPpX_7mathjit8backends9cranelift20generate_ln_1plus_ir
FNDA:0,_RNvNtNtCsd1KmODxPpX_7mathjit8backends9cranelift20generate_rational_ir
FNDA:0,_RNvNtNtCsd1KmODxPpX_7mathjit8backends9cranelift22generate_polynomial_ir
FNDA:0,_RNvNtNtCsd1KmODxPpX_7mathjit8backends9cranelift25generate_integer_power_ir
FNDA:0,_RNCNvMs2_NtNtCs1pYHhsRKoT5_7mathjit8backends9craneliftNtB7_11JITCompiler16compile_two_vars0Bb_
FNDA:0,_RNCNvMs2_NtNtCs1pYHhsRKoT5_7mathjit8backends9craneliftNtB7_11JITCompiler16compile_two_varss0_0Bb_
FNDA:0,_RNCNvMs2_NtNtCs1pYHhsRKoT5_7mathjit8backends9craneliftNtB7_11JITCompiler16compile_two_varss_0Bb_
FNDA:0,_RNCNvMs2_NtNtCs1pYHhsRKoT5_7mathjit8backends9craneliftNtB7_11JITCompiler18compile_multi_vars0Bb_
FNDA:0,_RNCNvMs2_NtNtCs1pYHhsRKoT5_7mathjit8backends9craneliftNtB7_11JITCompiler18compile_multi_varss0_0Bb_
FNDA:0,_RNCNvMs2_NtNtCs1pYHhsRKoT5_7mathjit8backends9craneliftNtB7_11JITCompiler18compile_multi_varss_0Bb_
FNDA:0,_RNCNvMs2_NtNtCs1pYHhsRKoT5_7mathjit8backends9craneliftNtB7_11JITCompiler18compile_single_var0Bb_
FNDA:0,_RNCNvMs2_NtNtCs1pYHhsRKoT5_7mathjit8backends9craneliftNtB7_11JITCompiler18compile_single_vars0_0Bb_
FNDA:0,_RNCNvMs2_NtNtCs1pYHhsRKoT5_7mathjit8backends9craneliftNtB7_11JITCompiler18compile_single_vars_0Bb_
FNDA:0,_RNCNvMs2_NtNtCs1pYHhsRKoT5_7mathjit8backends9craneliftNtB7_11JITCompiler3new0Bb_
FNDA:0,_RNCNvMs2_NtNtCs1pYHhsRKoT5_7mathjit8backends9craneliftNtB7_11JITCompiler3news0_0Bb_
FNDA:0,_RNCNvMs2_NtNtCs1pYHhsRKoT5_7mathjit8backends9craneliftNtB7_11JITCompiler3news1_0Bb_
FNDA:0,_RNCNvMs2_NtNtCs1pYHhsRKoT5_7mathjit8backends9craneliftNtB7_11JITCompiler3news_0Bb_
FNDA:0,_RNCNvNtNtCs1pYHhsRKoT5_7mathjit8backends9cranelift20generate_ir_for_expr0B7_
FNDA:0,_RNvMs1_NtNtCs1pYHhsRKoT5_7mathjit8backends9craneliftNtB5_11JITFunction11call_single
FNDA:0,_RNvMs1_NtNtCs1pYHhsRKoT5_7mathjit8backends9craneliftNtB5_11JITFunction13call_two_vars
FNDA:0,_RNvMs1_NtNtCs1pYHhsRKoT5_7mathjit8backends9craneliftNtB5_11JITFunction15call_data_param
FNDA:0,_RNvMs1_NtNtCs1pYHhsRKoT5_7mathjit8backends9craneliftNtB5_11JITFunction15call_multi_vars
FNDA:0,_RNvMs1_NtNtCs1pYHhsRKoT5_7mathjit8backends9craneliftNtB5_11JITFunction16call_data_params
FNDA:0,_RNvMs2_NtNtCs1pYHhsRKoT5_7mathjit8backends9craneliftNtB5_11JITCompiler16compile_two_vars
FNDA:0,_RNvMs2_NtNtCs1pYHhsRKoT5_7mathjit8backends9craneliftNtB5_11JITCompiler18compile_multi_vars
FNDA:0,_RNvMs2_NtNtCs1pYHhsRKoT5_7mathjit8backends9craneliftNtB5_11JITCompiler18compile_single_var
FNDA:0,_RNvMs2_NtNtCs1pYHhsRKoT5_7mathjit8backends9craneliftNtB5_11JITCompiler3new
FNDA:0,_RNvNtNtCs1pYHhsRKoT5_7mathjit8backends9cranelift15generate_cos_ir
FNDA:0,_RNvNtNtCs1pYHhsRKoT5_7mathjit8backends9cranelift15generate_exp_ir
FNDA:0,_RNvNtNtCs1pYHhsRKoT5_7mathjit8backends9cranelift15generate_sin_ir
FNDA:0,_RNvNtNtCs1pYHhsRKoT5_7mathjit8backends9cranelift20generate_ir_for_expr
FNDA:0,_RNvNtNtCs1pYHhsRKoT5_7mathjit8backends9cranelift20generate_ln_1plus_ir
FNDA:0,_RNvNtNtCs1pYHhsRKoT5_7mathjit8backends9cranelift20generate_rational_ir
FNDA:0,_RNvNtNtCs1pYHhsRKoT5_7mathjit8backends9cranelift22generate_polynomial_ir
FNDA:0,_RNvNtNtCs1pYHhsRKoT5_7mathjit8backends9cranelift25generate_integer_power_ir
FNDA:0,_RNvXNtNtCs1pYHhsRKoT5_7mathjit8backends9craneliftNtB2_8JITErrorNtNtCs264BKr10cB_4core3fmt7Display3fmt
FNDA:0,_RNvXs0_NtNtCs1pYHhsRKoT5_7mathjit8backends9craneliftNtNtB9_5error12MathJITErrorINtNtCs264BKr10cB_4core7convert4FromNtB5_8JITErrorE4from
FNF:37
FNH:12
DA:17,0
DA:18,0
DA:19,0
DA:20,0
DA:23,0
DA:26,0
DA:27,0
DA:28,0
DA:29,0
DA:30,0
DA:32,0
DA:33,0
DA:36,0
DA:37,0
DA:38,0
DA:39,0
DA:40,0
DA:41,0
DA:42,0
DA:43,0
DA:44,0
DA:45,0
DA:49,0
DA:50,0
DA:51,0
DA:52,0
DA:53,0
DA:54,0
DA:55,0
DA:56,0
DA:57,0
DA:58,0
DA:59,0
DA:60,0
DA:61,0
DA:62,0
DA:63,0
DA:64,0
DA:65,0
DA:69,0
DA:70,0
DA:71,0
DA:72,0
DA:73,0
DA:74,0
DA:75,0
DA:76,0
DA:77,0
DA:78,0
DA:79,0
DA:80,0
DA:81,0
DA:82,0
DA:83,0
DA:84,0
DA:85,0
DA:86,0
DA:90,0
DA:91,0
DA:92,0
DA:93,0
DA:94,0
DA:95,0
DA:96,0
DA:97,0
DA:98,0
DA:99,0
DA:100,0
DA:101,0
DA:105,0
DA:107,0
DA:108,0
DA:110,0
DA:111,0
DA:112,0
DA:115,0
DA:116,0
DA:117,0
DA:118,0
DA:120,0
DA:121,0
DA:123,0
DA:125,0
DA:126,0
DA:127,0
DA:130,0
DA:131,0
DA:134,0
DA:135,0
DA:138,0
DA:139,0
DA:140,0
DA:143,0
DA:144,0
DA:145,0
DA:148,0
DA:149,0
DA:150,0
DA:151,0
DA:154,0
DA:155,0
DA:156,0
DA:159,0
DA:160,0
DA:161,0
DA:162,0
DA:164,0
DA:166,0
DA:168,0
DA:169,0
DA:170,0
DA:171,0
DA:174,0
DA:175,0
DA:176,0
DA:177,0
DA:180,0
DA:181,0
DA:182,0
DA:183,0
DA:187,0
DA:188,0
DA:189,0
DA:191,0
DA:192,0
DA:193,0
DA:194,0
DA:195,0
DA:196,0
DA:198,0
DA:202,0
DA:204,0
DA:205,0
DA:206,0
DA:210,0
DA:213,0
DA:229,0
DA:230,0
DA:231,0
DA:232,0
DA:233,0
DA:234,0
DA:236,0
DA:242,0
DA:243,0
DA:244,0
DA:289,2
DA:290,2
DA:292,2
DA:293,2
DA:294,2
DA:296,0
DA:298,2
DA:301,1
DA:302,1
DA:304,1
DA:305,1
DA:306,1
DA:308,0
DA:310,1
DA:313,1
DA:314,1
DA:315,1
DA:316,1
DA:317,1
DA:318,0
DA:320,0
DA:323,1
DA:325,0
DA:326,0
DA:327,0
DA:330,0
DA:331,0
DA:332,0
DA:335,1
DA:336,1
DA:337,1
DA:340,0
DA:341,0
DA:342,0
DA:345,0
DA:346,0
DA:347,0
DA:349,0
DA:352,0
DA:354,1
DA:357,0
DA:358,0
DA:360,0
DA:361,0
DA:362,0
DA:364,0
DA:366,0
DA:369,0
DA:370,0
DA:371,0
DA:372,0
DA:373,0
DA:374,0
DA:376,0
DA:379,0
DA:381,0
DA:382,0
DA:383,0
DA:386,0
DA:387,0
DA:388,0
DA:391,0
DA:392,0
DA:393,0
DA:395,0
DA:398,0
DA:400,0
DA:411,5
DA:412,5
DA:413,5
DA:414,5
DA:415,5
DA:416,5
DA:417,5
DA:418,5
DA:419,5
DA:420,5
DA:421,5
DA:422,5
DA:424,5
DA:425,5
DA:426,5
DA:428,5
DA:429,5
DA:430,5
DA:431,5
DA:432,5
DA:435,2
DA:436,2
DA:437,2
DA:438,2
DA:439,2
DA:440,2
DA:443,2
DA:444,2
DA:447,2
DA:452,2
DA:453,2
DA:454,2
DA:455,2
DA:458,2
DA:459,2
DA:461,2
DA:462,2
DA:463,2
DA:464,2
DA:465,2
DA:468,2
DA:471,2
DA:472,2
DA:475,2
DA:478,2
DA:479,2
DA:483,2
DA:484,2
DA:485,2
DA:487,2
DA:488,2
DA:489,2
DA:491,2
DA:493,2
DA:494,2
DA:495,2
DA:496,2
DA:497,2
DA:498,2
DA:499,2
DA:501,2
DA:502,2
DA:503,2
DA:504,2
DA:505,2
DA:506,2
DA:507,2
DA:510,1
DA:511,1
DA:512,1
DA:513,1
DA:514,1
DA:515,1
DA:516,1
DA:519,1
DA:520,1
DA:523,1
DA:526,1
DA:531,1
DA:532,1
DA:533,1
DA:534,1
DA:537,1
DA:538,1
DA:540,1
DA:541,1
DA:542,1
DA:543,1
DA:544,1
DA:547,1
DA:548,1
DA:549,1
DA:552,1
DA:553,1
DA:554,1
DA:557,1
DA:560,1
DA:561,1
DA:565,1
DA:566,1
DA:567,1
DA:569,1
DA:570,1
DA:571,1
DA:573,1
DA:575,1
DA:576,1
DA:577,1
DA:578,1
DA:579,1
DA:580,1
DA:581,1
DA:583,1
DA:584,1
DA:585,1
DA:586,1
DA:587,1
DA:588,1
DA:589,1
DA:592,1
DA:593,1
DA:594,1
DA:595,1
DA:596,1
DA:597,1
DA:599,1
DA:600,0
DA:601,0
DA:602,0
DA:603,1
DA:605,1
DA:606,0
DA:607,0
DA:608,0
DA:609,0
DA:610,1
DA:613,1
DA:614,4
DA:615,3
DA:616,3
DA:617,3
DA:618,3
DA:619,1
DA:624,1
DA:625,1
DA:626,1
DA:627,1
DA:630,1
DA:631,1
DA:633,1
DA:634,1
DA:635,1
DA:636,1
DA:637,1
DA:640,1
DA:643,1
DA:644,3
DA:645,3
DA:646,3
DA:649,1
DA:652,1
DA:653,1
DA:657,1
DA:658,1
DA:659,1
DA:661,1
DA:662,1
DA:663,1
DA:665,1
DA:667,1
DA:668,1
DA:669,1
DA:670,1
DA:671,1
DA:672,1
DA:673,1
DA:675,1
DA:676,1
DA:677,1
DA:678,1
DA:679,1
DA:680,1
DA:681,1
DA:685,20
DA:686,20
DA:687,20
DA:688,20
DA:689,20
DA:690,20
DA:691,5
DA:692,7
DA:693,7
DA:694,7
DA:695,7
DA:696,5
DA:697,5
DA:698,5
DA:699,5
DA:701,0
DA:702,0
DA:703,0
DA:704,0
DA:706,3
DA:707,3
DA:708,3
DA:709,3
DA:711,0
DA:712,0
DA:713,0
DA:714,0
DA:716,0
DA:717,0
DA:718,0
DA:720,0
DA:721,0
DA:722,0
DA:725,0
DA:726,0
DA:727,0
DA:728,0
DA:729,0
DA:730,0
DA:734,0
DA:735,0
DA:736,0
DA:737,0
DA:738,0
DA:740,0
DA:741,0
DA:743,0
DA:744,0
DA:745,0
DA:747,0
DA:748,0
DA:749,0
DA:751,0
DA:752,0
DA:753,0
DA:755,0
DA:756,0
DA:757,0
DA:759,0
DA:760,0
DA:761,0
DA:764,20
DA:772,1
DA:773,1
DA:774,1
DA:775,1
DA:778,1
DA:781,1
DA:782,1
DA:783,1
DA:786,1
DA:787,1
DA:789,1
DA:790,1
DA:791,1
DA:794,1
DA:797,1
DA:798,1
DA:799,1
DA:802,1
DA:803,1
DA:805,1
DA:806,1
DA:807,1
DA:810,1
DA:813,1
DA:814,1
DA:815,1
DA:818,1
DA:819,1
DA:820,1
DA:821,1
DA:823,1
DA:824,1
DA:825,1
BRF:0
BRH:0
LF:505
LH:251
end_of_record
SF:/home/chad/git/mathjit/src/backends/mod.rs
FN:45,_RNvXNtCsd1KmODxPpX_7mathjit8backendsNtB2_11BackendTypeNtNtCs264BKr10cB_4core7default7Default7default
FNDA:0,_RNvXNtCsd1KmODxPpX_7mathjit8backendsNtB2_11BackendTypeNtNtCs264BKr10cB_4core7default7Default7default
FNF:1
FNH:0
DA:45,0
DA:47,0
DA:51,0
BRF:0
BRH:0
LF:3
LH:0
end_of_record
SF:/home/chad/git/mathjit/src/backends/rust_codegen.rs
FN:289,_RNCNvMs1_NtNtCsd1KmODxPpX_7mathjit8backends12rust_codegenNtB7_12RustCompiler13compile_dylib0Bb_
FN:308,_RNCNvMs1_NtNtCsd1KmODxPpX_7mathjit8backends12rust_codegenNtB7_12RustCompiler13compile_dylibs_0Bb_
FN:27,_RNvMNtNtCsd1KmODxPpX_7mathjit8backends12rust_codegenNtB2_12RustOptLevel7as_flag
FN:281,_RNvMs1_NtNtCsd1KmODxPpX_7mathjit8backends12rust_codegenNtB5_12RustCompiler13compile_dylib
FN:275,_RNvMs1_NtNtCsd1KmODxPpX_7mathjit8backends12rust_codegenNtB5_12RustCompiler16with_extra_flags
FN:57,_RNvMs_NtNtCsd1KmODxPpX_7mathjit8backends12rust_codegenNtB4_17RustCodeGenerator13with_settings
FN:238,_RNvXs0_NtNtCsd1KmODxPpX_7mathjit8backends12rust_codegenNtB5_17RustCodeGeneratorNtNtCs264BKr10cB_4core7default7Default7default
FN:348,_RNvXs2_NtNtCsd1KmODxPpX_7mathjit8backends12rust_codegenNtB5_12RustCompilerNtNtCs264BKr10cB_4core7default7Default7default
FN:322,_RNvMs1_NtNtCsd1KmODxPpX_7mathjit8backends12rust_codegenNtB5_12RustCompiler12is_available
FN:331,_RNvMs1_NtNtCsd1KmODxPpX_7mathjit8backends12rust_codegenNtB5_12RustCompiler12version_info
FN:266,_RNvMs1_NtNtCsd1KmODxPpX_7mathjit8backends12rust_codegenNtB5_12RustCompiler14with_opt_level
FN:254,_RNvMs1_NtNtCsd1KmODxPpX_7mathjit8backends12rust_codegenNtB5_12RustCompiler3new
FN:98,_RNvMs_NtNtCsd1KmODxPpX_7mathjit8backends12rust_codegenNtB4_17RustCodeGenerator15generate_module
FN:65,_RNvMs_NtNtCsd1KmODxPpX_7mathjit8backends12rust_codegenNtB4_17RustCodeGenerator17generate_function
FN:120,_RNvMs_NtNtCsd1KmODxPpX_7mathjit8backends12rust_codegenNtB4_17RustCodeGenerator19generate_expression
FN:201,_RNvMs_NtNtCsd1KmODxPpX_7mathjit8backends12rust_codegenNtB4_17RustCodeGenerator22generate_integer_power
FN:48,_RNvMs_NtNtCsd1KmODxPpX_7mathjit8backends12rust_codegenNtB4_17RustCodeGenerator3new
FN:418,_RNvNtNtNtCsd1KmODxPpX_7mathjit8backends12rust_codegen5testss_22test_module_generation
FN:359,_RNvNtNtNtCsd1KmODxPpX_7mathjit8backends12rust_codegen5testss_25test_rust_code_generation
FN:455,_RNvNtNtNtCsd1KmODxPpX_7mathjit8backends12rust_codegen5testss_27test_rust_compiler_creation
FN:405,_RNvNtNtNtCsd1KmODxPpX_7mathjit8backends12rust_codegen5testss_29test_transcendental_functions
FN:392,_RNvNtNtNtCsd1KmODxPpX_7mathjit8backends12rust_codegen5testss_31test_integer_power_optimization
FN:443,_RNvNtNtNtCsd1KmODxPpX_7mathjit8backends12rust_codegen5testss_31test_rust_compiler_availability
FN:372,_RNvNtNtNtCsd1KmODxPpX_7mathjit8backends12rust_codegen5testss_34test_complex_expression_generation
FN:326,_RNCNvMs1_NtNtCsd1KmODxPpX_7mathjit8backends12rust_codegenNtB7_12RustCompiler12is_available0Bb_
FN:335,_RNCNvMs1_NtNtCsd1KmODxPpX_7mathjit8backends12rust_codegenNtB7_12RustCompiler12version_info0Bb_
FN:326,_RNCNvMs1_NtNtCs1pYHhsRKoT5_7mathjit8backends12rust_codegenNtB7_12RustCompiler12is_available0Bb_
FN:335,_RNCNvMs1_NtNtCs1pYHhsRKoT5_7mathjit8backends12rust_codegenNtB7_12RustCompiler12version_info0Bb_
FN:289,_RNCNvMs1_NtNtCs1pYHhsRKoT5_7mathjit8backends12rust_codegenNtB7_12RustCompiler13compile_dylib0Bb_
FN:308,_RNCNvMs1_NtNtCs1pYHhsRKoT5_7mathjit8backends12rust_codegenNtB7_12RustCompiler13compile_dylibs_0Bb_
FNDA:0,_RNCNvMs1_NtNtCsd1KmODxPpX_7mathjit8backends12rust_codegenNtB7_12RustCompiler13compile_dylib0Bb_
FNDA:0,_RNCNvMs1_NtNtCsd1KmODxPpX_7mathjit8backends12rust_codegenNtB7_12RustCompiler13compile_dylibs_0Bb_
FNDA:0,_RNvMNtNtCsd1KmODxPpX_7mathjit8backends12rust_codegenNtB2_12RustOptLevel7as_flag
FNDA:0,_RNvMs1_NtNtCsd1KmODxPpX_7mathjit8backends12rust_codegenNtB5_12RustCompiler13compile_dylib
FNDA:0,_RNvMs1_NtNtCsd1KmODxPpX_7mathjit8backends12rust_codegenNtB5_12RustCompiler16with_extra_flags
FNDA:0,_RNvMs_NtNtCsd1KmODxPpX_7mathjit8backends12rust_codegenNtB4_17RustCodeGenerator13with_settings
FNDA:0,_RNvXs0_NtNtCsd1KmODxPpX_7mathjit8backends12rust_codegenNtB5_17RustCodeGeneratorNtNtCs264BKr10cB_4core7default7Default7default
FNDA:0,_RNvXs2_NtNtCsd1KmODxPpX_7mathjit8backends12rust_codegenNtB5_12RustCompilerNtNtCs264BKr10cB_4core7default7Default7default
FNDA:1,_RNvMs1_NtNtCsd1KmODxPpX_7mathjit8backends12rust_codegenNtB5_12RustCompiler12is_available
FNDA:1,_RNvMs1_NtNtCsd1KmODxPpX_7mathjit8backends12rust_codegenNtB5_12RustCompiler12version_info
FNDA:1,_RNvMs1_NtNtCsd1KmODxPpX_7mathjit8backends12rust_codegenNtB5_12RustCompiler14with_opt_level
FNDA:1,_RNvMs1_NtNtCsd1KmODxPpX_7mathjit8backends12rust_codegenNtB5_12RustCompiler3new
FNDA:1,_RNvMs_NtNtCsd1KmODxPpX_7mathjit8backends12rust_codegenNtB4_17RustCodeGenerator15generate_module
FNDA:8,_RNvMs_NtNtCsd1KmODxPpX_7mathjit8backends12rust_codegenNtB4_17RustCodeGenerator17generate_function
FNDA:34,_RNvMs_NtNtCsd1KmODxPpX_7mathjit8backends12rust_codegenNtB4_17RustCodeGenerator19generate_expression
FNDA:3,_RNvMs_NtNtCsd1KmODxPpX_7mathjit8backends12rust_codegenNtB4_17RustCodeGenerator22generate_integer_power
FNDA:7,_RNvMs_NtNtCsd1KmODxPpX_7mathjit8backends12rust_codegenNtB4_17RustCodeGenerator3new
FNDA:1,_RNvNtNtNtCsd1KmODxPpX_7mathjit8backends12rust_codegen5testss_22test_module_generation
FNDA:1,_RNvNtNtNtCsd1KmODxPpX_7mathjit8backends12rust_codegen5testss_25test_rust_code_generation
FNDA:1,_RNvNtNtNtCsd1KmODxPpX_7mathjit8backends12rust_codegen5testss_27test_rust_compiler_creation
FNDA:1,_RNvNtNtNtCsd1KmODxPpX_7mathjit8backends12rust_codegen5testss_29test_transcendental_functions
FNDA:1,_RNvNtNtNtCsd1KmODxPpX_7mathjit8backends12rust_codegen5testss_31test_integer_power_optimization
FNDA:1,_RNvNtNtNtCsd1KmODxPpX_7mathjit8backends12rust_codegen5testss_31test_rust_compiler_availability
FNDA:1,_RNvNtNtNtCsd1KmODxPpX_7mathjit8backends12rust_codegen5testss_34test_complex_expression_generation
FNDA:1,_RNCNvMs1_NtNtCsd1KmODxPpX_7mathjit8backends12rust_codegenNtB7_12RustCompiler12is_available0Bb_
FNDA:0,_RNCNvMs1_NtNtCsd1KmODxPpX_7mathjit8backends12rust_codegenNtB7_12RustCompiler12version_info0Bb_
FNDA:0,_RNCNvMs1_NtNtCs1pYHhsRKoT5_7mathjit8backends12rust_codegenNtB7_12RustCompiler12is_available0Bb_
FNDA:0,_RNCNvMs1_NtNtCs1pYHhsRKoT5_7mathjit8backends12rust_codegenNtB7_12RustCompiler12version_info0Bb_
FNDA:0,_RNCNvMs1_NtNtCs1pYHhsRKoT5_7mathjit8backends12rust_codegenNtB7_12RustCompiler13compile_dylib0Bb_
FNDA:0,_RNCNvMs1_NtNtCs1pYHhsRKoT5_7mathjit8backends12rust_codegenNtB7_12RustCompiler13compile_dylibs_0Bb_
FNF:26
FNH:17
DA:27,0
DA:28,0
DA:29,0
DA:30,0
DA:31,0
DA:32,0
DA:34,0
DA:48,7
DA:49,7
DA:50,7
DA:51,7
DA:52,7
DA:53,7
DA:57,0
DA:58,0
DA:59,0
DA:60,0
DA:61,0
DA:62,0
DA:65,8
DA:66,8
DA:68,8
DA:69,8
DA:70,8
DA:71,8
DA:72,8
DA:73,8
DA:74,8
DA:75,8
DA:76,8
DA:77,8
DA:78,8
DA:79,8
DA:80,8
DA:81,8
DA:82,8
DA:83,8
DA:84,8
DA:85,8
DA:86,8
DA:87,8
DA:88,8
DA:89,8
DA:90,8
DA:91,8
DA:92,8
DA:93,8
DA:94,8
DA:95,8
DA:98,1
DA:99,1
DA:100,1
DA:101,1
DA:102,1
DA:103,1
DA:104,1
DA:105,1
DA:106,1
DA:107,1
DA:110,3
DA:111,2
DA:112,2
DA:113,2
DA:116,1
DA:117,1
DA:120,34
DA:121,34
DA:122,10
DA:124,10
DA:125,10
DA:127,0
DA:130,10
DA:132,10
DA:133,10
DA:134,1
DA:135,0
DA:138,6
DA:139,6
DA:140,6
DA:141,6
DA:143,0
DA:144,0
DA:145,0
DA:146,0
DA:148,3
DA:149,3
DA:150,3
DA:151,3
DA:153,0
DA:154,0
DA:155,0
DA:156,0
DA:158,3
DA:159,3
DA:160,3
DA:163,3
DA:164,3
DA:165,3
DA:166,3
DA:167,0
DA:168,0
DA:170,0
DA:172,0
DA:173,0
DA:174,0
DA:176,0
DA:177,0
DA:178,0
DA:180,0
DA:181,0
DA:182,0
DA:184,1
DA:185,1
DA:186,1
DA:188,1
DA:189,1
DA:190,1
DA:192,0
DA:193,0
DA:194,0
DA:197,34
DA:201,3
DA:202,0
DA:203,0
DA:204,0
DA:205,0
DA:206,2
DA:207,1
DA:209,0
DA:210,0
DA:213,0
DA:214,0
DA:216,0
DA:218,0
DA:219,0
DA:220,0
DA:221,0
DA:222,0
DA:224,0
DA:226,0
DA:227,0
DA:231,0
DA:234,3
DA:238,0
DA:239,0
DA:240,0
DA:254,1
DA:255,1
DA:256,1
DA:257,1
DA:258,1
DA:259,1
DA:260,1
DA:261,1
DA:262,1
DA:266,1
DA:267,1
DA:268,1
DA:269,1
DA:270,1
DA:271,1
DA:275,0
DA:276,0
DA:277,0
DA:278,0
DA:281,0
DA:282,0
DA:283,0
DA:284,0
DA:285,0
DA:286,0
DA:288,0
DA:289,0
DA:292,0
DA:293,0
DA:296,0
DA:297,0
DA:298,0
DA:301,0
DA:302,0
DA:303,0
DA:306,0
DA:307,0
DA:308,0
DA:310,0
DA:311,0
DA:312,0
DA:313,0
DA:314,0
DA:315,0
DA:317,0
DA:318,0
DA:322,1
DA:323,1
DA:324,1
DA:325,1
DA:326,1
DA:327,1
DA:328,1
DA:331,1
DA:332,1
DA:333,1
DA:334,1
DA:335,1
DA:337,1
DA:338,1
DA:340,0
DA:341,0
DA:342,0
DA:344,1
DA:348,0
DA:349,0
DA:350,0
DA:359,1
DA:360,1
DA:363,1
DA:364,1
DA:366,1
DA:367,1
DA:368,1
DA:369,1
DA:372,1
DA:373,1
DA:376,1
DA:377,1
DA:378,1
DA:379,1
DA:381,1
DA:384,1
DA:386,1
DA:387,1
DA:388,1
DA:389,1
DA:392,1
DA:393,1
DA:396,1
DA:397,1
DA:400,1
DA:401,1
DA:402,1
DA:405,1
DA:406,1
DA:409,1
DA:410,1
DA:412,1
DA:413,1
DA:414,1
DA:415,1
DA:418,1
DA:419,1
DA:421,1
DA:422,1
DA:423,1
DA:424,1
DA:425,1
DA:426,1
DA:427,1
DA:428,1
DA:429,1
DA:432,1
DA:433,1
DA:434,1
DA:436,1
DA:437,1
DA:438,1
DA:439,1
DA:440,1
DA:443,1
DA:445,1
DA:446,1
DA:448,1
DA:449,1
DA:450,1
DA:451,1
DA:452,1
DA:455,1
DA:456,1
DA:457,1
DA:459,1
DA:460,1
DA:461,1
BRF:0
BRH:0
LF:285
LH:186
end_of_record
SF:/home/chad/git/mathjit/src/egglog_integration.rs
FN:143,_RNvMNtCsd1KmODxPpX_7mathjit18egglog_integrationNtB2_15EgglogOptimizer18egglog_to_jit_repr
FN:212,_RNvNtNtCsd1KmODxPpX_7mathjit18egglog_integration5testss_23test_basic_optimization
FN:180,_RNvNtNtCsd1KmODxPpX_7mathjit18egglog_integration5testss_30test_egglog_optimizer_creation
FN:232,_RNvNtNtCsd1KmODxPpX_7mathjit18egglog_integration5testss_34test_complex_expression_conversion
FN:189,_RNvNtNtCsd1KmODxPpX_7mathjit18egglog_integration5testss_34test_jit_repr_to_egglog_conversion
FN:68,_RNvMNtCsd1KmODxPpX_7mathjit18egglog_integrationNtB2_15EgglogOptimizer18jit_repr_to_egglog
FN:125,_RNvMNtCsd1KmODxPpX_7mathjit18egglog_integrationNtB2_15EgglogOptimizer22extract_optimized_expr
FN:31,_RNvMNtCsd1KmODxPpX_7mathjit18egglog_integrationNtB2_15EgglogOptimizer3new
FN:42,_RNvMNtCsd1KmODxPpX_7mathjit18egglog_integrationNtB2_15EgglogOptimizer8optimize
FN:169,_RNvNtCsd1KmODxPpX_7mathjit18egglog_integration20optimize_with_egglog
FN:53,_RNCNvMNtCsd1KmODxPpX_7mathjit18egglog_integrationNtB4_15EgglogOptimizer8optimize0B6_
FN:58,_RNCNvMNtCsd1KmODxPpX_7mathjit18egglog_integrationNtB4_15EgglogOptimizer8optimizes_0B6_
FN:53,_RNCNvMNtCs1pYHhsRKoT5_7mathjit18egglog_integrationNtB4_15EgglogOptimizer8optimize0B6_
FN:58,_RNCNvMNtCs1pYHhsRKoT5_7mathjit18egglog_integrationNtB4_15EgglogOptimizer8optimizes_0B6_
FN:143,_RNvMNtCs1pYHhsRKoT5_7mathjit18egglog_integrationNtB2_15EgglogOptimizer18egglog_to_jit_repr
FN:68,_RNvMNtCs1pYHhsRKoT5_7mathjit18egglog_integrationNtB2_15EgglogOptimizer18jit_repr_to_egglog
FN:125,_RNvMNtCs1pYHhsRKoT5_7mathjit18egglog_integrationNtB2_15EgglogOptimizer22extract_optimized_expr
FN:31,_RNvMNtCs1pYHhsRKoT5_7mathjit18egglog_integrationNtB2_15EgglogOptimizer3new
FN:42,_RNvMNtCs1pYHhsRKoT5_7mathjit18egglog_integrationNtB2_15EgglogOptimizer8optimize
FN:169,_RNvNtCs1pYHhsRKoT5_7mathjit18egglog_integration20optimize_with_egglog
FNDA:0,_RNvMNtCsd1KmODxPpX_7mathjit18egglog_integrationNtB2_15EgglogOptimizer18egglog_to_jit_repr
FNDA:1,_RNvNtNtCsd1KmODxPpX_7mathjit18egglog_integration5testss_23test_basic_optimization
FNDA:1,_RNvNtNtCsd1KmODxPpX_7mathjit18egglog_integration5testss_30test_egglog_optimizer_creation
FNDA:1,_RNvNtNtCsd1KmODxPpX_7mathjit18egglog_integration5testss_34test_complex_expression_conversion
FNDA:1,_RNvNtNtCsd1KmODxPpX_7mathjit18egglog_integration5testss_34test_jit_repr_to_egglog_conversion
FNDA:23,_RNvMNtCsd1KmODxPpX_7mathjit18egglog_integrationNtB2_15EgglogOptimizer18jit_repr_to_egglog
FNDA:0,_RNvMNtCsd1KmODxPpX_7mathjit18egglog_integrationNtB2_15EgglogOptimizer22extract_optimized_expr
FNDA:7,_RNvMNtCsd1KmODxPpX_7mathjit18egglog_integrationNtB2_15EgglogOptimizer3new
FNDA:4,_RNvMNtCsd1KmODxPpX_7mathjit18egglog_integrationNtB2_15EgglogOptimizer8optimize
FNDA:4,_RNvNtCsd1KmODxPpX_7mathjit18egglog_integration20optimize_with_egglog
FNDA:4,_RNCNvMNtCsd1KmODxPpX_7mathjit18egglog_integrationNtB4_15EgglogOptimizer8optimize0B6_
FNDA:0,_RNCNvMNtCsd1KmODxPpX_7mathjit18egglog_integrationNtB4_15EgglogOptimizer8optimizes_0B6_
FNDA:13,_RNCNvMNtCs1pYHhsRKoT5_7mathjit18egglog_integrationNtB4_15EgglogOptimizer8optimize0B6_
FNDA:0,_RNCNvMNtCs1pYHhsRKoT5_7mathjit18egglog_integrationNtB4_15EgglogOptimizer8optimizes_0B6_
FNDA:0,_RNvMNtCs1pYHhsRKoT5_7mathjit18egglog_integrationNtB2_15EgglogOptimizer18egglog_to_jit_repr
FNDA:54,_RNvMNtCs1pYHhsRKoT5_7mathjit18egglog_integrationNtB2_15EgglogOptimizer18jit_repr_to_egglog
FNDA:0,_RNvMNtCs1pYHhsRKoT5_7mathjit18egglog_integrationNtB2_15EgglogOptimizer22extract_optimized_expr
FNDA:13,_RNvMNtCs1pYHhsRKoT5_7mathjit18egglog_integrationNtB2_15EgglogOptimizer3new
FNDA:13,_RNvMNtCs1pYHhsRKoT5_7mathjit18egglog_integrationNtB2_15EgglogOptimizer8optimize
FNDA:13,_RNvNtCs1pYHhsRKoT5_7mathjit18egglog_integration20optimize_with_egglog
FNF:12
FNH:9
DA:31,20
DA:34,20
DA:35,20
DA:36,20
DA:37,20
DA:38,20
DA:39,20
DA:42,17
DA:44,17
DA:47,17
DA:48,17
DA:50,17
DA:51,17
DA:52,17
DA:53,17
DA:56,0
DA:57,0
DA:58,0
DA:63,0
DA:64,17
DA:68,77
DA:69,77
DA:70,10
DA:71,33
DA:72,13
DA:73,13
DA:74,13
DA:75,13
DA:77,0
DA:78,0
DA:79,0
DA:80,0
DA:82,5
DA:83,5
DA:84,5
DA:85,5
DA:87,0
DA:88,0
DA:89,0
DA:90,0
DA:92,4
DA:93,4
DA:94,4
DA:95,4
DA:97,0
DA:98,0
DA:99,0
DA:101,4
DA:102,4
DA:103,4
DA:105,7
DA:106,7
DA:107,7
DA:109,1
DA:110,1
DA:111,1
DA:113,0
DA:114,0
DA:115,0
DA:117,0
DA:118,0
DA:119,0
DA:122,77
DA:125,0
DA:130,0
DA:137,0
DA:138,0
DA:139,0
DA:140,0
DA:143,0
DA:146,0
DA:147,0
DA:148,0
DA:149,0
DA:169,17
DA:170,17
DA:171,17
DA:172,17
DA:180,1
DA:181,1
DA:183,1
DA:186,1
DA:189,1
DA:192,1
DA:195,1
DA:196,1
DA:197,1
DA:200,1
DA:201,1
DA:202,1
DA:205,1
DA:206,1
DA:207,1
DA:209,1
DA:212,1
DA:214,1
DA:215,1
DA:221,1
DA:229,1
DA:232,1
DA:235,1
DA:238,1
DA:239,1
DA:240,1
DA:243,1
DA:244,1
DA:245,1
DA:246,1
DA:247,1
DA:249,1
BRF:0
BRH:0
LF:112
LH:76
end_of_record
SF:/home/chad/git/mathjit/src/error.rs
FN:41,_RNvXNtCsd1KmODxPpX_7mathjit5errorNtB2_12MathJITErrorNtNtCs264BKr10cB_4core3fmt7Display3fmt
FN:68,_RNvXs0_NtCsd1KmODxPpX_7mathjit5errorNtB5_12MathJITErrorINtNtCs264BKr10cB_4core7convert4FromNtNtCs26ZtgXyxV3x_5alloc6string6StringE4from
FN:74,_RNvXs1_NtCsd1KmODxPpX_7mathjit5errorNtB5_12MathJITErrorINtNtCs264BKr10cB_4core7convert4FromReE4from
FN:60,_RNvXs_NtCsd1KmODxPpX_7mathjit5errorNtB4_12MathJITErrorNtNtCs264BKr10cB_4core5error5Error6source
FN:158,_RNvNtNtCsd1KmODxPpX_7mathjit5error5testss_16test_error_clone
FN:126,_RNvNtNtCsd1KmODxPpX_7mathjit5error5testss_17test_error_source
FN:107,_RNvNtNtCsd1KmODxPpX_7mathjit5error5testss_22test_jit_error_display
FN:182,_RNvNtNtCsd1KmODxPpX_7mathjit5error5testss_22test_result_error_case
FN:171,_RNvNtNtCsd1KmODxPpX_7mathjit5error5testss_22test_result_type_alias
FN:141,_RNvNtNtCsd1KmODxPpX_7mathjit5error5testss_24test_from_str_conversion
FN:150,_RNvNtNtCsd1KmODxPpX_7mathjit5error5testss_27test_error_debug_formatting
FN:132,_RNvNtNtCsd1KmODxPpX_7mathjit5error5testss_27test_from_string_conversion
FN:85,_RNvNtNtCsd1KmODxPpX_7mathjit5error5testss_29test_error_display_formatting
FN:117,_RNvNtNtCsd1KmODxPpX_7mathjit5error5testss_31test_optimization_error_display
FN:183,_RNvNvNtNtCsd1KmODxPpX_7mathjit5error5testss_22test_result_error_case16failing_function
FN:172,_RNvNvNtNtCsd1KmODxPpX_7mathjit5error5testss_22test_result_type_alias13test_function
FN:41,_RNvXNtCs1pYHhsRKoT5_7mathjit5errorNtB2_12MathJITErrorNtNtCs264BKr10cB_4core3fmt7Display3fmt
FN:68,_RNvXs0_NtCs1pYHhsRKoT5_7mathjit5errorNtB5_12MathJITErrorINtNtCs264BKr10cB_4core7convert4FromNtNtCs26ZtgXyxV3x_5alloc6string6StringE4from
FN:74,_RNvXs1_NtCs1pYHhsRKoT5_7mathjit5errorNtB5_12MathJITErrorINtNtCs264BKr10cB_4core7convert4FromReE4from
FN:60,_RNvXs_NtCs1pYHhsRKoT5_7mathjit5errorNtB4_12MathJITErrorNtNtCs264BKr10cB_4core5error5Error6source
FNDA:7,_RNvXNtCsd1KmODxPpX_7mathjit5errorNtB2_12MathJITErrorNtNtCs264BKr10cB_4core3fmt7Display3fmt
FNDA:1,_RNvXs0_NtCsd1KmODxPpX_7mathjit5errorNtB5_12MathJITErrorINtNtCs264BKr10cB_4core7convert4FromNtNtCs26ZtgXyxV3x_5alloc6string6StringE4from
FNDA:1,_RNvXs1_NtCsd1KmODxPpX_7mathjit5errorNtB5_12MathJITErrorINtNtCs264BKr10cB_4core7convert4FromReE4from
FNDA:1,_RNvXs_NtCsd1KmODxPpX_7mathjit5errorNtB4_12MathJITErrorNtNtCs264BKr10cB_4core5error5Error6source
FNDA:1,_RNvNtNtCsd1KmODxPpX_7mathjit5error5testss_16test_error_clone
FNDA:1,_RNvNtNtCsd1KmODxPpX_7mathjit5error5testss_17test_error_source
FNDA:1,_RNvNtNtCsd1KmODxPpX_7mathjit5error5testss_22test_jit_error_display
FNDA:1,_RNvNtNtCsd1KmODxPpX_7mathjit5error5testss_22test_result_error_case
FNDA:1,_RNvNtNtCsd1KmODxPpX_7mathjit5error5testss_22test_result_type_alias
FNDA:1,_RNvNtNtCsd1KmODxPpX_7mathjit5error5testss_24test_from_str_conversion
FNDA:1,_RNvNtNtCsd1KmODxPpX_7mathjit5error5testss_27test_error_debug_formatting
FNDA:1,_RNvNtNtCsd1KmODxPpX_7mathjit5error5testss_27test_from_string_conversion
FNDA:1,_RNvNtNtCsd1KmODxPpX_7mathjit5error5testss_29test_error_display_formatting
FNDA:1,_RNvNtNtCsd1KmODxPpX_7mathjit5error5testss_31test_optimization_error_display
FNDA:1,_RNvNvNtNtCsd1KmODxPpX_7mathjit5error5testss_22test_result_error_case16failing_function
FNDA:1,_RNvNvNtNtCsd1KmODxPpX_7mathjit5error5testss_22test_result_type_alias13test_function
FNDA:0,_RNvXNtCs1pYHhsRKoT5_7mathjit5errorNtB2_12MathJITErrorNtNtCs264BKr10cB_4core3fmt7Display3fmt
FNDA:0,_RNvXs0_NtCs1pYHhsRKoT5_7mathjit5errorNtB5_12MathJITErrorINtNtCs264BKr10cB_4core7convert4FromNtNtCs26ZtgXyxV3x_5alloc6string6StringE4from
FNDA:0,_RNvXs1_NtCs1pYHhsRKoT5_7mathjit5errorNtB5_12MathJITErrorINtNtCs264BKr10cB_4core7convert4FromReE4from
FNDA:0,_RNvXs_NtCs1pYHhsRKoT5_7mathjit5errorNtB4_12MathJITErrorNtNtCs264BKr10cB_4core5error5Error6source
FNF:16
FNH:16
DA:41,7
DA:42,7
DA:44,1
DA:47,1
DA:49,1
DA:50,1
DA:51,1
DA:52,1
DA:53,0
DA:54,1
DA:56,7
DA:60,1
DA:61,1
DA:62,1
DA:68,1
DA:69,1
DA:70,1
DA:74,1
DA:75,1
DA:76,1
DA:85,1
DA:86,1
DA:87,1
DA:89,1
DA:90,1
DA:91,1
DA:95,1
DA:96,1
DA:98,1
DA:99,1
DA:101,1
DA:102,1
DA:103,1
DA:107,1
DA:108,1
DA:109,1
DA:110,1
DA:113,1
DA:117,1
DA:118,1
DA:119,1
DA:120,1
DA:123,1
DA:126,1
DA:127,1
DA:128,1
DA:129,1
DA:132,1
DA:133,1
DA:134,1
DA:135,1
DA:136,0
DA:138,1
DA:141,1
DA:142,1
DA:143,1
DA:144,1
DA:145,0
DA:147,1
DA:150,1
DA:151,1
DA:152,1
DA:153,1
DA:154,1
DA:155,1
DA:158,1
DA:159,1
DA:160,1
DA:162,1
DA:163,1
DA:164,1
DA:166,0
DA:168,1
DA:171,1
DA:172,1
DA:173,1
DA:174,1
DA:176,1
DA:177,1
DA:178,1
DA:179,1
DA:182,1
DA:183,1
DA:184,1
DA:185,1
DA:187,1
DA:188,1
DA:189,1
DA:190,1
DA:191,0
DA:193,1
BRF:0
BRH:0
LF:91
LH:86
end_of_record
SF:/home/chad/git/mathjit/src/final_tagless.rs
FN:270,_RINvNtNtCsd1KmODxPpX_7mathjit13final_tagless10polynomial11horner_exprppEB6_
FN:348,_RINvNtNtCsd1KmODxPpX_7mathjit13final_tagless10polynomial17horner_derivativeppEB6_
FN:545,_RINvXs0_NtCsd1KmODxPpX_7mathjit13final_taglessNtB6_10DirectEvalNtB6_8MathExpr3powpEB8_
FN:505,_RINvXs0_NtCsd1KmODxPpX_7mathjit13final_taglessNtB6_10DirectEvalNtB6_8MathExpr3varpEB8_
FN:739,_RINvXs3_NtCsd1KmODxPpX_7mathjit13final_taglessNtB6_11PrettyPrintNtB6_8MathExpr2lnpEB8_
FN:755,_RINvXs3_NtCsd1KmODxPpX_7mathjit13final_taglessNtB6_11PrettyPrintNtB6_8MathExpr3cospEB8_
FN:722,_RINvXs3_NtCsd1KmODxPpX_7mathjit13final_taglessNtB6_11PrettyPrintNtB6_8MathExpr3divpppEB8_
FN:743,_RINvXs3_NtCsd1KmODxPpX_7mathjit13final_taglessNtB6_11PrettyPrintNtB6_8MathExpr3exppEB8_
FN:735,_RINvXs3_NtCsd1KmODxPpX_7mathjit13final_taglessNtB6_11PrettyPrintNtB6_8MathExpr3negpEB8_
FN:751,_RINvXs3_NtCsd1KmODxPpX_7mathjit13final_taglessNtB6_11PrettyPrintNtB6_8MathExpr3sinpEB8_
FN:704,_RINvXs3_NtCsd1KmODxPpX_7mathjit13final_taglessNtB6_11PrettyPrintNtB6_8MathExpr3subpppEB8_
FN:747,_RINvXs3_NtCsd1KmODxPpX_7mathjit13final_taglessNtB6_11PrettyPrintNtB6_8MathExpr4sqrtpEB8_
FN:1007,_RINvXs8_NtCsd1KmODxPpX_7mathjit13final_taglessNtB6_7ASTEvalNtB6_8MathExpr2lnpEB8_
FN:961,_RINvXs8_NtCsd1KmODxPpX_7mathjit13final_taglessNtB6_7ASTEvalNtB6_8MathExpr3addpppEB8_
FN:1023,_RINvXs8_NtCsd1KmODxPpX_7mathjit13final_taglessNtB6_7ASTEvalNtB6_8MathExpr3cospEB8_
FN:990,_RINvXs8_NtCsd1KmODxPpX_7mathjit13final_taglessNtB6_7ASTEvalNtB6_8MathExpr3divpppEB8_
FN:1011,_RINvXs8_NtCsd1KmODxPpX_7mathjit13final_taglessNtB6_7ASTEvalNtB6_8MathExpr3exppEB8_
FN:981,_RINvXs8_NtCsd1KmODxPpX_7mathjit13final_taglessNtB6_7ASTEvalNtB6_8MathExpr3mulpppEB8_
FN:1003,_RINvXs8_NtCsd1KmODxPpX_7mathjit13final_taglessNtB6_7ASTEvalNtB6_8MathExpr3negpEB8_
FN:999,_RINvXs8_NtCsd1KmODxPpX_7mathjit13final_taglessNtB6_7ASTEvalNtB6_8MathExpr3powpEB8_
FN:1019,_RINvXs8_NtCsd1KmODxPpX_7mathjit13final_taglessNtB6_7ASTEvalNtB6_8MathExpr3sinpEB8_
FN:972,_RINvXs8_NtCsd1KmODxPpX_7mathjit13final_taglessNtB6_7ASTEvalNtB6_8MathExpr3subpppEB8_
FN:957,_RINvXs8_NtCsd1KmODxPpX_7mathjit13final_taglessNtB6_7ASTEvalNtB6_8MathExpr3varpEB8_
FN:1015,_RINvXs8_NtCsd1KmODxPpX_7mathjit13final_taglessNtB6_7ASTEvalNtB6_8MathExpr4sqrtpEB8_
FN:953,_RINvXs8_NtCsd1KmODxPpX_7mathjit13final_taglessNtB6_7ASTEvalNtB6_8MathExpr8constantpEB8_
FN:594,_RINvYpNtNtCsd1KmODxPpX_7mathjit13final_tagless15StatisticalExpr7sigmoidpEB8_
FN:586,_RINvYpNtNtCsd1KmODxPpX_7mathjit13final_tagless15StatisticalExpr8softpluspEB8_
FN:361,_RNCINvNtNtCsd1KmODxPpX_7mathjit13final_tagless10polynomial17horner_derivativeppE0B8_
FN:818,_RNvMs5_NtCsd1KmODxPpX_7mathjit13final_taglessINtB5_7ASTReprpE13variable_nameB7_
FN:914,_RNvXs7_NtCsd1KmODxPpX_7mathjit13final_taglessNtB5_7ASTEvalNtB5_11ASTMathExpr3div
FN:930,_RNvXs7_NtCsd1KmODxPpX_7mathjit13final_taglessNtB5_7ASTEvalNtB5_11ASTMathExpr3exp
FN:922,_RNvXs7_NtCsd1KmODxPpX_7mathjit13final_taglessNtB5_7ASTEvalNtB5_11ASTMathExpr3neg
FN:934,_RNvXs7_NtCsd1KmODxPpX_7mathjit13final_taglessNtB5_7ASTEvalNtB5_11ASTMathExpr4sqrt
FN:311,_RINvNtNtCsd1KmODxPpX_7mathjit13final_tagless10polynomial10from_rootsNtB4_10DirectEvaldEB6_
FN:226,_RINvNtNtCsd1KmODxPpX_7mathjit13final_tagless10polynomial6hornerNtB4_10DirectEvaldEB6_
FN:226,_RINvNtNtCsd1KmODxPpX_7mathjit13final_tagless10polynomial6hornerNtB4_11PrettyPrintdEB6_
FN:1036,_RNvNtNtCsd1KmODxPpX_7mathjit13final_tagless5testss_16test_direct_eval
FN:1056,_RNvNtNtCsd1KmODxPpX_7mathjit13final_tagless5testss_17test_pretty_print
FN:1079,_RNvNtNtCsd1KmODxPpX_7mathjit13final_tagless5testss_22test_horner_polynomial
FN:1149,_RNvNtNtCsd1KmODxPpX_7mathjit13final_tagless5testss_23test_pretty_print_basic
FN:1112,_RNvNtNtCsd1KmODxPpX_7mathjit13final_tagless5testss_24test_division_operations
FN:1089,_RNvNtNtCsd1KmODxPpX_7mathjit13final_tagless5testss_24test_horner_pretty_print
FN:1097,_RNvNtNtCsd1KmODxPpX_7mathjit13final_tagless5testss_26test_polynomial_from_roots
FN:1046,_RNvNtNtCsd1KmODxPpX_7mathjit13final_tagless5testss_26test_statistical_extension
FN:1126,_RNvNtNtCsd1KmODxPpX_7mathjit13final_tagless5testss_29test_transcendental_functions
FN:679,_RNvMs2_NtCsd1KmODxPpX_7mathjit13final_taglessNtB5_11PrettyPrint3var
FN:465,_RNvMs_NtCsd1KmODxPpX_7mathjit13final_taglessNtB4_10DirectEval13eval_two_vars
FN:926,_RNvXs7_NtCsd1KmODxPpX_7mathjit13final_taglessNtB5_7ASTEvalNtB5_11ASTMathExpr2ln
FN:902,_RNvXs7_NtCsd1KmODxPpX_7mathjit13final_taglessNtB5_7ASTEvalNtB5_11ASTMathExpr3add
FN:942,_RNvXs7_NtCsd1KmODxPpX_7mathjit13final_taglessNtB5_7ASTEvalNtB5_11ASTMathExpr3cos
FN:910,_RNvXs7_NtCsd1KmODxPpX_7mathjit13final_taglessNtB5_7ASTEvalNtB5_11ASTMathExpr3mul
FN:918,_RNvXs7_NtCsd1KmODxPpX_7mathjit13final_taglessNtB5_7ASTEvalNtB5_11ASTMathExpr3pow
FN:938,_RNvXs7_NtCsd1KmODxPpX_7mathjit13final_taglessNtB5_7ASTEvalNtB5_11ASTMathExpr3sin
FN:906,_RNvXs7_NtCsd1KmODxPpX_7mathjit13final_taglessNtB5_7ASTEvalNtB5_11ASTMathExpr3sub
FN:898,_RNvXs7_NtCsd1KmODxPpX_7mathjit13final_taglessNtB5_7ASTEvalNtB5_11ASTMathExpr3var
FN:894,_RNvXs7_NtCsd1KmODxPpX_7mathjit13final_taglessNtB5_7ASTEvalNtB5_11ASTMathExpr8constant
FN:1037,_RINvNvNtNtCsd1KmODxPpX_7mathjit13final_tagless5testss_16test_direct_eval6linearNtB6_10DirectEvalEB8_
FN:1057,_RINvNvNtNtCsd1KmODxPpX_7mathjit13final_tagless5testss_17test_pretty_print9quadraticNtB6_11PrettyPrintEB8_
FN:1047,_RINvNvNtNtCsd1KmODxPpX_7mathjit13final_tagless5testss_26test_statistical_extension13logistic_exprNtB6_10DirectEvalEB8_
FN:838,_RINvMs6_NtCsd1KmODxPpX_7mathjit13final_taglessNtB6_7ASTEval3vardEB8_
FN:459,_RINvMs_NtCsd1KmODxPpX_7mathjit13final_taglessNtB5_10DirectEval3vardEB7_
FN:553,_RINvXs0_NtCsd1KmODxPpX_7mathjit13final_taglessNtB6_10DirectEvalNtB6_8MathExpr2lndEB8_
FN:509,_RINvXs0_NtCsd1KmODxPpX_7mathjit13final_taglessNtB6_10DirectEvalNtB6_8MathExpr3adddddEB8_
FN:569,_RINvXs0_NtCsd1KmODxPpX_7mathjit13final_taglessNtB6_10DirectEvalNtB6_8MathExpr3cosdEB8_
FN:536,_RINvXs0_NtCsd1KmODxPpX_7mathjit13final_taglessNtB6_10DirectEvalNtB6_8MathExpr3divdddEB8_
FN:557,_RINvXs0_NtCsd1KmODxPpX_7mathjit13final_taglessNtB6_10DirectEvalNtB6_8MathExpr3expdEB8_
FN:527,_RINvXs0_NtCsd1KmODxPpX_7mathjit13final_taglessNtB6_10DirectEvalNtB6_8MathExpr3muldddEB8_
FN:549,_RINvXs0_NtCsd1KmODxPpX_7mathjit13final_taglessNtB6_10DirectEvalNtB6_8MathExpr3negdEB8_
FN:565,_RINvXs0_NtCsd1KmODxPpX_7mathjit13final_taglessNtB6_10DirectEvalNtB6_8MathExpr3sindEB8_
FN:518,_RINvXs0_NtCsd1KmODxPpX_7mathjit13final_taglessNtB6_10DirectEvalNtB6_8MathExpr3subdddEB8_
FN:561,_RINvXs0_NtCsd1KmODxPpX_7mathjit13final_taglessNtB6_10DirectEvalNtB6_8MathExpr4sqrtdEB8_
FN:501,_RINvXs0_NtCsd1KmODxPpX_7mathjit13final_taglessNtB6_10DirectEvalNtB6_8MathExpr8constantdEB8_
FN:695,_RINvXs3_NtCsd1KmODxPpX_7mathjit13final_taglessNtB6_11PrettyPrintNtB6_8MathExpr3adddddEB8_
FN:713,_RINvXs3_NtCsd1KmODxPpX_7mathjit13final_taglessNtB6_11PrettyPrintNtB6_8MathExpr3muldddEB8_
FN:731,_RINvXs3_NtCsd1KmODxPpX_7mathjit13final_taglessNtB6_11PrettyPrintNtB6_8MathExpr3powdEB8_
FN:691,_RINvXs3_NtCsd1KmODxPpX_7mathjit13final_taglessNtB6_11PrettyPrintNtB6_8MathExpr3vardEB8_
FN:687,_RINvXs3_NtCsd1KmODxPpX_7mathjit13final_taglessNtB6_11PrettyPrintNtB6_8MathExpr8constantdEB8_
FN:577,_RINvYNtNtCsd1KmODxPpX_7mathjit13final_tagless10DirectEvalNtB5_15StatisticalExpr8logisticdEB7_
FN:800,_RNvMs5_NtCsd1KmODxPpX_7mathjit13final_taglessINtB5_7ASTReprdE16count_operationsB7_
FN:838,_RINvMs6_NtCs1pYHhsRKoT5_7mathjit13final_taglessNtB6_7ASTEval3vardECs3sG9JyvPUp0_23test_egglog_integration
FN:679,_RNvMs2_NtCs1pYHhsRKoT5_7mathjit13final_taglessNtB5_11PrettyPrint3var
FN:465,_RNvMs_NtCs1pYHhsRKoT5_7mathjit13final_taglessNtB4_10DirectEval13eval_two_vars
FN:926,_RNvXs7_NtCs1pYHhsRKoT5_7mathjit13final_taglessNtB5_7ASTEvalNtB5_11ASTMathExpr2ln
FN:902,_RNvXs7_NtCs1pYHhsRKoT5_7mathjit13final_taglessNtB5_7ASTEvalNtB5_11ASTMathExpr3add
FN:942,_RNvXs7_NtCs1pYHhsRKoT5_7mathjit13final_taglessNtB5_7ASTEvalNtB5_11ASTMathExpr3cos
FN:914,_RNvXs7_NtCs1pYHhsRKoT5_7mathjit13final_taglessNtB5_7ASTEvalNtB5_11ASTMathExpr3div
FN:930,_RNvXs7_NtCs1pYHhsRKoT5_7mathjit13final_taglessNtB5_7ASTEvalNtB5_11ASTMathExpr3exp
FN:910,_RNvXs7_NtCs1pYHhsRKoT5_7mathjit13final_taglessNtB5_7ASTEvalNtB5_11ASTMathExpr3mul
FN:922,_RNvXs7_NtCs1pYHhsRKoT5_7mathjit13final_taglessNtB5_7ASTEvalNtB5_11ASTMathExpr3neg
FN:918,_RNvXs7_NtCs1pYHhsRKoT5_7mathjit13final_taglessNtB5_7ASTEvalNtB5_11ASTMathExpr3pow
FN:938,_RNvXs7_NtCs1pYHhsRKoT5_7mathjit13final_taglessNtB5_7ASTEvalNtB5_11ASTMathExpr3sin
FN:906,_RNvXs7_NtCs1pYHhsRKoT5_7mathjit13final_taglessNtB5_7ASTEvalNtB5_11ASTMathExpr3sub
FN:898,_RNvXs7_NtCs1pYHhsRKoT5_7mathjit13final_taglessNtB5_7ASTEvalNtB5_11ASTMathExpr3var
FN:934,_RNvXs7_NtCs1pYHhsRKoT5_7mathjit13final_taglessNtB5_7ASTEvalNtB5_11ASTMathExpr4sqrt
FN:894,_RNvXs7_NtCs1pYHhsRKoT5_7mathjit13final_taglessNtB5_7ASTEvalNtB5_11ASTMathExpr8constant
FN:800,_RNvMs5_NtCs1pYHhsRKoT5_7mathjit13final_taglessINtB5_7ASTReprdE16count_operationsB7_
FN:838,_RINvMs6_NtCs1pYHhsRKoT5_7mathjit13final_taglessNtB6_7ASTEval3varpEB8_
FN:459,_RINvMs_NtCs1pYHhsRKoT5_7mathjit13final_taglessNtB5_10DirectEval3varpEB7_
FN:311,_RINvNtNtCs1pYHhsRKoT5_7mathjit13final_tagless10polynomial10from_rootsppEB6_
FN:270,_RINvNtNtCs1pYHhsRKoT5_7mathjit13final_tagless10polynomial11horner_exprppEB6_
FN:348,_RINvNtNtCs1pYHhsRKoT5_7mathjit13final_tagless10polynomial17horner_derivativeppEB6_
FN:226,_RINvNtNtCs1pYHhsRKoT5_7mathjit13final_tagless10polynomial6hornerppEB6_
FN:553,_RINvXs0_NtCs1pYHhsRKoT5_7mathjit13final_taglessNtB6_10DirectEvalNtB6_8MathExpr2lnpEB8_
FN:509,_RINvXs0_NtCs1pYHhsRKoT5_7mathjit13final_taglessNtB6_10DirectEvalNtB6_8MathExpr3addpppEB8_
FN:569,_RINvXs0_NtCs1pYHhsRKoT5_7mathjit13final_taglessNtB6_10DirectEvalNtB6_8MathExpr3cospEB8_
FN:536,_RINvXs0_NtCs1pYHhsRKoT5_7mathjit13final_taglessNtB6_10DirectEvalNtB6_8MathExpr3divpppEB8_
FN:557,_RINvXs0_NtCs1pYHhsRKoT5_7mathjit13final_taglessNtB6_10DirectEvalNtB6_8MathExpr3exppEB8_
FN:527,_RINvXs0_NtCs1pYHhsRKoT5_7mathjit13final_taglessNtB6_10DirectEvalNtB6_8MathExpr3mulpppEB8_
FN:549,_RINvXs0_NtCs1pYHhsRKoT5_7mathjit13final_taglessNtB6_10DirectEvalNtB6_8MathExpr3negpEB8_
FN:545,_RINvXs0_NtCs1pYHhsRKoT5_7mathjit13final_taglessNtB6_10DirectEvalNtB6_8MathExpr3powpEB8_
FN:565,_RINvXs0_NtCs1pYHhsRKoT5_7mathjit13final_taglessNtB6_10DirectEvalNtB6_8MathExpr3sinpEB8_
FN:518,_RINvXs0_NtCs1pYHhsRKoT5_7mathjit13final_taglessNtB6_10DirectEvalNtB6_8MathExpr3subpppEB8_
FN:505,_RINvXs0_NtCs1pYHhsRKoT5_7mathjit13final_taglessNtB6_10DirectEvalNtB6_8MathExpr3varpEB8_
FN:561,_RINvXs0_NtCs1pYHhsRKoT5_7mathjit13final_taglessNtB6_10DirectEvalNtB6_8MathExpr4sqrtpEB8_
FN:501,_RINvXs0_NtCs1pYHhsRKoT5_7mathjit13final_taglessNtB6_10DirectEvalNtB6_8MathExpr8constantpEB8_
FN:739,_RINvXs3_NtCs1pYHhsRKoT5_7mathjit13final_taglessNtB6_11PrettyPrintNtB6_8MathExpr2lnpEB8_
FN:695,_RINvXs3_NtCs1pYHhsRKoT5_7mathjit13final_taglessNtB6_11PrettyPrintNtB6_8MathExpr3addpppEB8_
FN:755,_RINvXs3_NtCs1pYHhsRKoT5_7mathjit13final_taglessNtB6_11PrettyPrintNtB6_8MathExpr3cospEB8_
FN:722,_RINvXs3_NtCs1pYHhsRKoT5_7mathjit13final_taglessNtB6_11PrettyPrintNtB6_8MathExpr3divpppEB8_
FN:743,_RINvXs3_NtCs1pYHhsRKoT5_7mathjit13final_taglessNtB6_11PrettyPrintNtB6_8MathExpr3exppEB8_
FN:713,_RINvXs3_NtCs1pYHhsRKoT5_7mathjit13final_taglessNtB6_11PrettyPrintNtB6_8MathExpr3mulpppEB8_
FN:735,_RINvXs3_NtCs1pYHhsRKoT5_7mathjit13final_taglessNtB6_11PrettyPrintNtB6_8MathExpr3negpEB8_
FN:731,_RINvXs3_NtCs1pYHhsRKoT5_7mathjit13final_taglessNtB6_11PrettyPrintNtB6_8MathExpr3powpEB8_
FN:751,_RINvXs3_NtCs1pYHhsRKoT5_7mathjit13final_taglessNtB6_11PrettyPrintNtB6_8MathExpr3sinpEB8_
FN:704,_RINvXs3_NtCs1pYHhsRKoT5_7mathjit13final_taglessNtB6_11PrettyPrintNtB6_8MathExpr3subpppEB8_
FN:691,_RINvXs3_NtCs1pYHhsRKoT5_7mathjit13final_taglessNtB6_11PrettyPrintNtB6_8MathExpr3varpEB8_
FN:747,_RINvXs3_NtCs1pYHhsRKoT5_7mathjit13final_taglessNtB6_11PrettyPrintNtB6_8MathExpr4sqrtpEB8_
FN:687,_RINvXs3_NtCs1pYHhsRKoT5_7mathjit13final_taglessNtB6_11PrettyPrintNtB6_8MathExpr8constantpEB8_
FN:1007,_RINvXs8_NtCs1pYHhsRKoT5_7mathjit13final_taglessNtB6_7ASTEvalNtB6_8MathExpr2lnpEB8_
FN:961,_RINvXs8_NtCs1pYHhsRKoT5_7mathjit13final_taglessNtB6_7ASTEvalNtB6_8MathExpr3addpppEB8_
FN:1023,_RINvXs8_NtCs1pYHhsRKoT5_7mathjit13final_taglessNtB6_7ASTEvalNtB6_8MathExpr3cospEB8_
FN:990,_RINvXs8_NtCs1pYHhsRKoT5_7mathjit13final_taglessNtB6_7ASTEvalNtB6_8MathExpr3divpppEB8_
FN:1011,_RINvXs8_NtCs1pYHhsRKoT5_7mathjit13final_taglessNtB6_7ASTEvalNtB6_8MathExpr3exppEB8_
FN:981,_RINvXs8_NtCs1pYHhsRKoT5_7mathjit13final_taglessNtB6_7ASTEvalNtB6_8MathExpr3mulpppEB8_
FN:1003,_RINvXs8_NtCs1pYHhsRKoT5_7mathjit13final_taglessNtB6_7ASTEvalNtB6_8MathExpr3negpEB8_
FN:999,_RINvXs8_NtCs1pYHhsRKoT5_7mathjit13final_taglessNtB6_7ASTEvalNtB6_8MathExpr3powpEB8_
FN:1019,_RINvXs8_NtCs1pYHhsRKoT5_7mathjit13final_taglessNtB6_7ASTEvalNtB6_8MathExpr3sinpEB8_
FN:972,_RINvXs8_NtCs1pYHhsRKoT5_7mathjit13final_taglessNtB6_7ASTEvalNtB6_8MathExpr3subpppEB8_
FN:957,_RINvXs8_NtCs1pYHhsRKoT5_7mathjit13final_taglessNtB6_7ASTEvalNtB6_8MathExpr3varpEB8_
FN:1015,_RINvXs8_NtCs1pYHhsRKoT5_7mathjit13final_taglessNtB6_7ASTEvalNtB6_8MathExpr4sqrtpEB8_
FN:953,_RINvXs8_NtCs1pYHhsRKoT5_7mathjit13final_taglessNtB6_7ASTEvalNtB6_8MathExpr8constantpEB8_
FN:594,_RINvYpNtNtCs1pYHhsRKoT5_7mathjit13final_tagless15StatisticalExpr7sigmoidpEB8_
FN:577,_RINvYpNtNtCs1pYHhsRKoT5_7mathjit13final_tagless15StatisticalExpr8logisticpEB8_
FN:586,_RINvYpNtNtCs1pYHhsRKoT5_7mathjit13final_tagless15StatisticalExpr8softpluspEB8_
FN:361,_RNCINvNtNtCs1pYHhsRKoT5_7mathjit13final_tagless10polynomial17horner_derivativeppE0B8_
FN:818,_RNvMs5_NtCs1pYHhsRKoT5_7mathjit13final_taglessINtB5_7ASTReprpE13variable_nameB7_
FN:838,_RINvMs6_NtCs1pYHhsRKoT5_7mathjit13final_taglessNtB6_7ASTEval3vardECsaedju43cs9t_21test_rust_compilation
FNDA:0,_RINvNtNtCsd1KmODxPpX_7mathjit13final_tagless10polynomial11horner_exprppEB6_
FNDA:0,_RINvNtNtCsd1KmODxPpX_7mathjit13final_tagless10polynomial17horner_derivativeppEB6_
FNDA:0,_RINvXs0_NtCsd1KmODxPpX_7mathjit13final_taglessNtB6_10DirectEvalNtB6_8MathExpr3powpEB8_
FNDA:0,_RINvXs0_NtCsd1KmODxPpX_7mathjit13final_taglessNtB6_10DirectEvalNtB6_8MathExpr3varpEB8_
FNDA:0,_RINvXs3_NtCsd1KmODxPpX_7mathjit13final_taglessNtB6_11PrettyPrintNtB6_8MathExpr2lnpEB8_
FNDA:0,_RINvXs3_NtCsd1KmODxPpX_7mathjit13final_taglessNtB6_11PrettyPrintNtB6_8MathExpr3cospEB8_
FNDA:0,_RINvXs3_NtCsd1KmODxPpX_7mathjit13final_taglessNtB6_11PrettyPrintNtB6_8MathExpr3divpppEB8_
FNDA:0,_RINvXs3_NtCsd1KmODxPpX_7mathjit13final_taglessNtB6_11PrettyPrintNtB6_8MathExpr3exppEB8_
FNDA:0,_RINvXs3_NtCsd1KmODxPpX_7mathjit13final_taglessNtB6_11PrettyPrintNtB6_8MathExpr3negpEB8_
FNDA:0,_RINvXs3_NtCsd1KmODxPpX_7mathjit13final_taglessNtB6_11PrettyPrintNtB6_8MathExpr3sinpEB8_
FNDA:0,_RINvXs3_NtCsd1KmODxPpX_7mathjit13final_taglessNtB6_11PrettyPrintNtB6_8MathExpr3subpppEB8_
FNDA:0,_RINvXs3_NtCsd1KmODxPpX_7mathjit13final_taglessNtB6_11PrettyPrintNtB6_8MathExpr4sqrtpEB8_
FNDA:0,_RINvXs8_NtCsd1KmODxPpX_7mathjit13final_taglessNtB6_7ASTEvalNtB6_8MathExpr2lnpEB8_
FNDA:0,_RINvXs8_NtCsd1KmODxPpX_7mathjit13final_taglessNtB6_7ASTEvalNtB6_8MathExpr3addpppEB8_
FNDA:0,_RINvXs8_NtCsd1KmODxPpX_7mathjit13final_taglessNtB6_7ASTEvalNtB6_8MathExpr3cospEB8_
FNDA:0,_RINvXs8_NtCsd1KmODxPpX_7mathjit13final_taglessNtB6_7ASTEvalNtB6_8MathExpr3divpppEB8_
FNDA:0,_RINvXs8_NtCsd1KmODxPpX_7mathjit13final_taglessNtB6_7ASTEvalNtB6_8MathExpr3exppEB8_
FNDA:0,_RINvXs8_NtCsd1KmODxPpX_7mathjit13final_taglessNtB6_7ASTEvalNtB6_8MathExpr3mulpppEB8_
FNDA:0,_RINvXs8_NtCsd1KmODxPpX_7mathjit13final_taglessNtB6_7ASTEvalNtB6_8MathExpr3negpEB8_
FNDA:0,_RINvXs8_NtCsd1KmODxPpX_7mathjit13final_taglessNtB6_7ASTEvalNtB6_8MathExpr3powpEB8_
FNDA:0,_RINvXs8_NtCsd1KmODxPpX_7mathjit13final_taglessNtB6_7ASTEvalNtB6_8MathExpr3sinpEB8_
FNDA:0,_RINvXs8_NtCsd1KmODxPpX_7mathjit13final_taglessNtB6_7ASTEvalNtB6_8MathExpr3subpppEB8_
FNDA:0,_RINvXs8_NtCsd1KmODxPpX_7mathjit13final_taglessNtB6_7ASTEvalNtB6_8MathExpr3varpEB8_
FNDA:0,_RINvXs8_NtCsd1KmODxPpX_7mathjit13final_taglessNtB6_7ASTEvalNtB6_8MathExpr4sqrtpEB8_
FNDA:0,_RINvXs8_NtCsd1KmODxPpX_7mathjit13final_taglessNtB6_7ASTEvalNtB6_8MathExpr8constantpEB8_
FNDA:0,_RINvYpNtNtCsd1KmODxPpX_7mathjit13final_tagless15StatisticalExpr7sigmoidpEB8_
FNDA:0,_RINvYpNtNtCsd1KmODxPpX_7mathjit13final_tagless15StatisticalExpr8softpluspEB8_
FNDA:0,_RNCINvNtNtCsd1KmODxPpX_7mathjit13final_tagless10polynomial17horner_derivativeppE0B8_
FNDA:0,_RNvMs5_NtCsd1KmODxPpX_7mathjit13final_taglessINtB5_7ASTReprpE13variable_nameB7_
FNDA:0,_RNvXs7_NtCsd1KmODxPpX_7mathjit13final_taglessNtB5_7ASTEvalNtB5_11ASTMathExpr3div
FNDA:0,_RNvXs7_NtCsd1KmODxPpX_7mathjit13final_taglessNtB5_7ASTEvalNtB5_11ASTMathExpr3exp
FNDA:0,_RNvXs7_NtCsd1KmODxPpX_7mathjit13final_taglessNtB5_7ASTEvalNtB5_11ASTMathExpr3neg
FNDA:0,_RNvXs7_NtCsd1KmODxPpX_7mathjit13final_taglessNtB5_7ASTEvalNtB5_11ASTMathExpr4sqrt
FNDA:2,_RINvNtNtCsd1KmODxPpX_7mathjit13final_tagless10polynomial10from_rootsNtB4_10DirectEvaldEB6_
FNDA:1,_RINvNtNtCsd1KmODxPpX_7mathjit13final_tagless10polynomial6hornerNtB4_10DirectEvaldEB6_
FNDA:1,_RINvNtNtCsd1KmODxPpX_7mathjit13final_tagless10polynomial6hornerNtB4_11PrettyPrintdEB6_
FNDA:1,_RNvNtNtCsd1KmODxPpX_7mathjit13final_tagless5testss_16test_direct_eval
FNDA:1,_RNvNtNtCsd1KmODxPpX_7mathjit13final_tagless5testss_17test_pretty_print
FNDA:1,_RNvNtNtCsd1KmODxPpX_7mathjit13final_tagless5testss_22test_horner_polynomial
FNDA:1,_RNvNtNtCsd1KmODxPpX_7mathjit13final_tagless5testss_23test_pretty_print_basic
FNDA:1,_RNvNtNtCsd1KmODxPpX_7mathjit13final_tagless5testss_24test_division_operations
FNDA:1,_RNvNtNtCsd1KmODxPpX_7mathjit13final_tagless5testss_24test_horner_pretty_print
FNDA:1,_RNvNtNtCsd1KmODxPpX_7mathjit13final_tagless5testss_26test_polynomial_from_roots
FNDA:1,_RNvNtNtCsd1KmODxPpX_7mathjit13final_tagless5testss_26test_statistical_extension
FNDA:1,_RNvNtNtCsd1KmODxPpX_7mathjit13final_tagless5testss_29test_transcendental_functions
FNDA:4,_RNvMs2_NtCsd1KmODxPpX_7mathjit13final_taglessNtB5_11PrettyPrint3var
FNDA:10,_RNvMs_NtCsd1KmODxPpX_7mathjit13final_taglessNtB4_10DirectEval13eval_two_vars
FNDA:1,_RNvXs7_NtCsd1KmODxPpX_7mathjit13final_taglessNtB5_7ASTEvalNtB5_11ASTMathExpr2ln
FNDA:85,_RNvXs7_NtCsd1KmODxPpX_7mathjit13final_taglessNtB5_7ASTEvalNtB5_11ASTMathExpr3add
FNDA:1,_RNvXs7_NtCsd1KmODxPpX_7mathjit13final_taglessNtB5_7ASTEvalNtB5_11ASTMathExpr3cos
FNDA:67,_RNvXs7_NtCsd1KmODxPpX_7mathjit13final_taglessNtB5_7ASTEvalNtB5_11ASTMathExpr3mul
FNDA:5,_RNvXs7_NtCsd1KmODxPpX_7mathjit13final_taglessNtB5_7ASTEvalNtB5_11ASTMathExpr3pow
FNDA:61,_RNvXs7_NtCsd1KmODxPpX_7mathjit13final_taglessNtB5_7ASTEvalNtB5_11ASTMathExpr3sin
FNDA:1,_RNvXs7_NtCsd1KmODxPpX_7mathjit13final_taglessNtB5_7ASTEvalNtB5_11ASTMathExpr3sub
FNDA:7,_RNvXs7_NtCsd1KmODxPpX_7mathjit13final_taglessNtB5_7ASTEvalNtB5_11ASTMathExpr3var
FNDA:96,_RNvXs7_NtCsd1KmODxPpX_7mathjit13final_taglessNtB5_7ASTEvalNtB5_11ASTMathExpr8constant
FNDA:1,_RINvNvNtNtCsd1KmODxPpX_7mathjit13final_tagless5testss_16test_direct_eval6linearNtB6_10DirectEvalEB8_
FNDA:1,_RINvNvNtNtCsd1KmODxPpX_7mathjit13final_tagless5testss_17test_pretty_print9quadraticNtB6_11PrettyPrintEB8_
FNDA:1,_RINvNvNtNtCsd1KmODxPpX_7mathjit13final_tagless5testss_26test_statistical_extension13logistic_exprNtB6_10DirectEvalEB8_
FNDA:85,_RINvMs6_NtCsd1KmODxPpX_7mathjit13final_taglessNtB6_7ASTEval3vardEB8_
FNDA:13,_RINvMs_NtCsd1KmODxPpX_7mathjit13final_taglessNtB5_10DirectEval3vardEB7_
FNDA:2,_RINvXs0_NtCsd1KmODxPpX_7mathjit13final_taglessNtB6_10DirectEvalNtB6_8MathExpr2lndEB8_
FNDA:11,_RINvXs0_NtCsd1KmODxPpX_7mathjit13final_taglessNtB6_10DirectEvalNtB6_8MathExpr3adddddEB8_
FNDA:2,_RINvXs0_NtCsd1KmODxPpX_7mathjit13final_taglessNtB6_10DirectEvalNtB6_8MathExpr3cosdEB8_
FNDA:4,_RINvXs0_NtCsd1KmODxPpX_7mathjit13final_taglessNtB6_10DirectEvalNtB6_8MathExpr3divdddEB8_
FNDA:3,_RINvXs0_NtCsd1KmODxPpX_7mathjit13final_taglessNtB6_10DirectEvalNtB6_8MathExpr3expdEB8_
FNDA:15,_RINvXs0_NtCsd1KmODxPpX_7mathjit13final_taglessNtB6_10DirectEvalNtB6_8MathExpr3muldddEB8_
FNDA:4,_RINvXs0_NtCsd1KmODxPpX_7mathjit13final_taglessNtB6_10DirectEvalNtB6_8MathExpr3negdEB8_
FNDA:2,_RINvXs0_NtCsd1KmODxPpX_7mathjit13final_taglessNtB6_10DirectEvalNtB6_8MathExpr3sindEB8_
FNDA:7,_RINvXs0_NtCsd1KmODxPpX_7mathjit13final_taglessNtB6_10DirectEvalNtB6_8MathExpr3subdddEB8_
FNDA:1,_RINvXs0_NtCsd1KmODxPpX_7mathjit13final_taglessNtB6_10DirectEvalNtB6_8MathExpr4sqrtdEB8_
FNDA:30,_RINvXs0_NtCsd1KmODxPpX_7mathjit13final_taglessNtB6_10DirectEvalNtB6_8MathExpr8constantdEB8_
FNDA:6,_RINvXs3_NtCsd1KmODxPpX_7mathjit13final_taglessNtB6_11PrettyPrintNtB6_8MathExpr3adddddEB8_
FNDA:5,_RINvXs3_NtCsd1KmODxPpX_7mathjit13final_taglessNtB6_11PrettyPrintNtB6_8MathExpr3muldddEB8_
FNDA:1,_RINvXs3_NtCsd1KmODxPpX_7mathjit13final_taglessNtB6_11PrettyPrintNtB6_8MathExpr3powdEB8_
FNDA:1,_RINvXs3_NtCsd1KmODxPpX_7mathjit13final_taglessNtB6_11PrettyPrintNtB6_8MathExpr3vardEB8_
FNDA:11,_RINvXs3_NtCsd1KmODxPpX_7mathjit13final_taglessNtB6_11PrettyPrintNtB6_8MathExpr8constantdEB8_
FNDA:1,_RINvYNtNtCsd1KmODxPpX_7mathjit13final_tagless10DirectEvalNtB5_15StatisticalExpr8logisticdEB7_
FNDA:325,_RNvMs5_NtCsd1KmODxPpX_7mathjit13final_taglessINtB5_7ASTReprdE16count_operationsB7_
FNDA:18,_RINvMs6_NtCs1pYHhsRKoT5_7mathjit13final_taglessNtB6_7ASTEval3vardECs3sG9JyvPUp0_23test_egglog_integration
FNDA:0,_RNvMs2_NtCs1pYHhsRKoT5_7mathjit13final_taglessNtB5_11PrettyPrint3var
FNDA:0,_RNvMs_NtCs1pYHhsRKoT5_7mathjit13final_taglessNtB4_10DirectEval13eval_two_vars
FNDA:4,_RNvXs7_NtCs1pYHhsRKoT5_7mathjit13final_taglessNtB5_7ASTEvalNtB5_11ASTMathExpr2ln
FNDA:12,_RNvXs7_NtCs1pYHhsRKoT5_7mathjit13final_taglessNtB5_7ASTEvalNtB5_11ASTMathExpr3add
FNDA:1,_RNvXs7_NtCs1pYHhsRKoT5_7mathjit13final_taglessNtB5_7ASTEvalNtB5_11ASTMathExpr3cos
FNDA:0,_RNvXs7_NtCs1pYHhsRKoT5_7mathjit13final_taglessNtB5_7ASTEvalNtB5_11ASTMathExpr3div
FNDA:6,_RNvXs7_NtCs1pYHhsRKoT5_7mathjit13final_taglessNtB5_7ASTEvalNtB5_11ASTMathExpr3exp
FNDA:8,_RNvXs7_NtCs1pYHhsRKoT5_7mathjit13final_taglessNtB5_7ASTEvalNtB5_11ASTMathExpr3mul
FNDA:0,_RNvXs7_NtCs1pYHhsRKoT5_7mathjit13final_taglessNtB5_7ASTEvalNtB5_11ASTMathExpr3neg
FNDA:4,_RNvXs7_NtCs1pYHhsRKoT5_7mathjit13final_taglessNtB5_7ASTEvalNtB5_11ASTMathExpr3pow
FNDA:1,_RNvXs7_NtCs1pYHhsRKoT5_7mathjit13final_taglessNtB5_7ASTEvalNtB5_11ASTMathExpr3sin
FNDA:1,_RNvXs7_NtCs1pYHhsRKoT5_7mathjit13final_taglessNtB5_7ASTEvalNtB5_11ASTMathExpr3sub
FNDA:0,_RNvXs7_NtCs1pYHhsRKoT5_7mathjit13final_taglessNtB5_7ASTEvalNtB5_11ASTMathExpr3var
FNDA:0,_RNvXs7_NtCs1pYHhsRKoT5_7mathjit13final_taglessNtB5_7ASTEvalNtB5_11ASTMathExpr4sqrt
FNDA:16,_RNvXs7_NtCs1pYHhsRKoT5_7mathjit13final_taglessNtB5_7ASTEvalNtB5_11ASTMathExpr8constant
FNDA:8,_RNvMs5_NtCs1pYHhsRKoT5_7mathjit13final_taglessINtB5_7ASTReprdE16count_operationsB7_
FNDA:0,_RINvMs6_NtCs1pYHhsRKoT5_7mathjit13final_taglessNtB6_7ASTEval3varpEB8_
FNDA:0,_RINvMs_NtCs1pYHhsRKoT5_7mathjit13final_taglessNtB5_10DirectEval3varpEB7_
FNDA:0,_RINvNtNtCs1pYHhsRKoT5_7mathjit13final_tagless10polynomial10from_rootsppEB6_
FNDA:0,_RINvNtNtCs1pYHhsRKoT5_7mathjit13final_tagless10polynomial11horner_exprppEB6_
FNDA:0,_RINvNtNtCs1pYHhsRKoT5_7mathjit13final_tagless10polynomial17horner_derivativeppEB6_
FNDA:0,_RINvNtNtCs1pYHhsRKoT5_7mathjit13final_tagless10polynomial6hornerppEB6_
FNDA:0,_RINvXs0_NtCs1pYHhsRKoT5_7mathjit13final_taglessNtB6_10DirectEvalNtB6_8MathExpr2lnpEB8_
FNDA:0,_RINvXs0_NtCs1pYHhsRKoT5_7mathjit13final_taglessNtB6_10DirectEvalNtB6_8MathExpr3addpppEB8_
FNDA:0,_RINvXs0_NtCs1pYHhsRKoT5_7mathjit13final_taglessNtB6_10DirectEvalNtB6_8MathExpr3cospEB8_
FNDA:0,_RINvXs0_NtCs1pYHhsRKoT5_7mathjit13final_taglessNtB6_10DirectEvalNtB6_8MathExpr3divpppEB8_
FNDA:0,_RINvXs0_NtCs1pYHhsRKoT5_7mathjit13final_taglessNtB6_10DirectEvalNtB6_8MathExpr3exppEB8_
FNDA:0,_RINvXs0_NtCs1pYHhsRKoT5_7mathjit13final_taglessNtB6_10DirectEvalNtB6_8MathExpr3mulpppEB8_
FNDA:0,_RINvXs0_NtCs1pYHhsRKoT5_7mathjit13final_taglessNtB6_10DirectEvalNtB6_8MathExpr3negpEB8_
FNDA:0,_RINvXs0_NtCs1pYHhsRKoT5_7mathjit13final_taglessNtB6_10DirectEvalNtB6_8MathExpr3powpEB8_
FNDA:0,_RINvXs0_NtCs1pYHhsRKoT5_7mathjit13final_taglessNtB6_10DirectEvalNtB6_8MathExpr3sinpEB8_
FNDA:0,_RINvXs0_NtCs1pYHhsRKoT5_7mathjit13final_taglessNtB6_10DirectEvalNtB6_8MathExpr3subpppEB8_
FNDA:0,_RINvXs0_NtCs1pYHhsRKoT5_7mathjit13final_taglessNtB6_10DirectEvalNtB6_8MathExpr3varpEB8_
FNDA:0,_RINvXs0_NtCs1pYHhsRKoT5_7mathjit13final_taglessNtB6_10DirectEvalNtB6_8MathExpr4sqrtpEB8_
FNDA:0,_RINvXs0_NtCs1pYHhsRKoT5_7mathjit13final_taglessNtB6_10DirectEvalNtB6_8MathExpr8constantpEB8_
FNDA:0,_RINvXs3_NtCs1pYHhsRKoT5_7mathjit13final_taglessNtB6_11PrettyPrintNtB6_8MathExpr2lnpEB8_
FNDA:0,_RINvXs3_NtCs1pYHhsRKoT5_7mathjit13final_taglessNtB6_11PrettyPrintNtB6_8MathExpr3addpppEB8_
FNDA:0,_RINvXs3_NtCs1pYHhsRKoT5_7mathjit13final_taglessNtB6_11PrettyPrintNtB6_8MathExpr3cospEB8_
FNDA:0,_RINvXs3_NtCs1pYHhsRKoT5_7mathjit13final_taglessNtB6_11PrettyPrintNtB6_8MathExpr3divpppEB8_
FNDA:0,_RINvXs3_NtCs1pYHhsRKoT5_7mathjit13final_taglessNtB6_11PrettyPrintNtB6_8MathExpr3exppEB8_
FNDA:0,_RINvXs3_NtCs1pYHhsRKoT5_7mathjit13final_taglessNtB6_11PrettyPrintNtB6_8MathExpr3mulpppEB8_
FNDA:0,_RINvXs3_NtCs1pYHhsRKoT5_7mathjit13final_taglessNtB6_11PrettyPrintNtB6_8MathExpr3negpEB8_
FNDA:0,_RINvXs3_NtCs1pYHhsRKoT5_7mathjit13final_taglessNtB6_11PrettyPrintNtB6_8MathExpr3powpEB8_
FNDA:0,_RINvXs3_NtCs1pYHhsRKoT5_7mathjit13final_taglessNtB6_11PrettyPrintNtB6_8MathExpr3sinpEB8_
FNDA:0,_RINvXs3_NtCs1pYHhsRKoT5_7mathjit13final_taglessNtB6_11PrettyPrintNtB6_8MathExpr3subpppEB8_
FNDA:0,_RINvXs3_NtCs1pYHhsRKoT5_7mathjit13final_taglessNtB6_11PrettyPrintNtB6_8MathExpr3varpEB8_
FNDA:0,_RINvXs3_NtCs1pYHhsRKoT5_7mathjit13final_taglessNtB6_11PrettyPrintNtB6_8MathExpr4sqrtpEB8_
FNDA:0,_RINvXs3_NtCs1pYHhsRKoT5_7mathjit13final_taglessNtB6_11PrettyPrintNtB6_8MathExpr8constantpEB8_
FNDA:0,_RINvXs8_NtCs1pYHhsRKoT5_7mathjit13final_taglessNtB6_7ASTEvalNtB6_8MathExpr2lnpEB8_
FNDA:0,_RINvXs8_NtCs1pYHhsRKoT5_7mathjit13final_taglessNtB6_7ASTEvalNtB6_8MathExpr3addpppEB8_
FNDA:0,_RINvXs8_NtCs1pYHhsRKoT5_7mathjit13final_taglessNtB6_7ASTEvalNtB6_8MathExpr3cospEB8_
FNDA:0,_RINvXs8_NtCs1pYHhsRKoT5_7mathjit13final_taglessNtB6_7ASTEvalNtB6_8MathExpr3divpppEB8_
FNDA:0,_RINvXs8_NtCs1pYHhsRKoT5_7mathjit13final_taglessNtB6_7ASTEvalNtB6_8MathExpr3exppEB8_
FNDA:0,_RINvXs8_NtCs1pYHhsRKoT5_7mathjit13final_taglessNtB6_7ASTEvalNtB6_8MathExpr3mulpppEB8_
FNDA:0,_RINvXs8_NtCs1pYHhsRKoT5_7mathjit13final_taglessNtB6_7ASTEvalNtB6_8MathExpr3negpEB8_
FNDA:0,_RINvXs8_NtCs1pYHhsRKoT5_7mathjit13final_taglessNtB6_7ASTEvalNtB6_8MathExpr3powpEB8_
FNDA:0,_RINvXs8_NtCs1pYHhsRKoT5_7mathjit13final_taglessNtB6_7ASTEvalNtB6_8MathExpr3sinpEB8_
FNDA:0,_RINvXs8_NtCs1pYHhsRKoT5_7mathjit13final_taglessNtB6_7ASTEvalNtB6_8MathExpr3subpppEB8_
FNDA:0,_RINvXs8_NtCs1pYHhsRKoT5_7mathjit13final_taglessNtB6_7ASTEvalNtB6_8MathExpr3varpEB8_
FNDA:0,_RINvXs8_NtCs1pYHhsRKoT5_7mathjit13final_taglessNtB6_7ASTEvalNtB6_8MathExpr4sqrtpEB8_
FNDA:0,_RINvXs8_NtCs1pYHhsRKoT5_7mathjit13final_taglessNtB6_7ASTEvalNtB6_8MathExpr8constantpEB8_
FNDA:0,_RINvYpNtNtCs1pYHhsRKoT5_7mathjit13final_tagless15StatisticalExpr7sigmoidpEB8_
FNDA:0,_RINvYpNtNtCs1pYHhsRKoT5_7mathjit13final_tagless15StatisticalExpr8logisticpEB8_
FNDA:0,_RINvYpNtNtCs1pYHhsRKoT5_7mathjit13final_tagless15StatisticalExpr8softpluspEB8_
FNDA:0,_RNCINvNtNtCs1pYHhsRKoT5_7mathjit13final_tagless10polynomial17horner_derivativeppE0B8_
FNDA:0,_RNvMs5_NtCs1pYHhsRKoT5_7mathjit13final_taglessINtB5_7ASTReprpE13variable_nameB7_
FNDA:2,_RINvMs6_NtCs1pYHhsRKoT5_7mathjit13final_taglessNtB6_7ASTEval3vardECsaedju43cs9t_21test_rust_compilation
FNF:78
FNH:46
DA:226,2
DA:227,2
DA:228,2
DA:229,2
DA:231,2
DA:232,0
DA:233,2
DA:235,2
DA:236,0
DA:237,2
DA:240,2
DA:243,4
DA:244,4
DA:245,4
DA:247,2
DA:248,2
DA:270,0
DA:271,0
DA:272,0
DA:273,0
DA:275,0
DA:276,0
DA:277,0
DA:279,0
DA:280,0
DA:281,0
DA:284,0
DA:287,0
DA:288,0
DA:289,0
DA:291,0
DA:292,0
DA:311,2
DA:312,2
DA:313,2
DA:314,2
DA:316,2
DA:317,0
DA:318,2
DA:320,2
DA:322,2
DA:323,2
DA:324,2
DA:325,2
DA:327,2
DA:328,2
DA:348,0
DA:349,0
DA:350,0
DA:351,0
DA:353,0
DA:354,0
DA:355,0
DA:358,0
DA:359,0
DA:361,0
DA:362,0
DA:365,0
DA:366,0
DA:459,13
DA:460,13
DA:461,13
DA:465,10
DA:466,10
DA:467,3
DA:468,3
DA:469,3
DA:470,1
DA:471,0
DA:473,2
DA:474,2
DA:476,0
DA:477,0
DA:479,2
DA:480,2
DA:482,0
DA:483,0
DA:485,0
DA:486,0
DA:488,0
DA:489,0
DA:490,0
DA:491,0
DA:492,0
DA:493,0
DA:495,10
DA:501,30
DA:502,30
DA:503,30
DA:505,0
DA:506,0
DA:507,0
DA:509,11
DA:510,11
DA:511,11
DA:512,11
DA:513,11
DA:515,11
DA:516,11
DA:518,7
DA:519,7
DA:520,7
DA:521,7
DA:522,7
DA:524,7
DA:525,7
DA:527,15
DA:528,15
DA:529,15
DA:530,15
DA:531,15
DA:533,15
DA:534,15
DA:536,4
DA:537,4
DA:538,4
DA:539,4
DA:540,4
DA:542,4
DA:543,4
DA:545,0
DA:546,0
DA:547,0
DA:549,4
DA:550,4
DA:551,4
DA:553,2
DA:554,2
DA:555,2
DA:557,3
DA:558,3
DA:559,3
DA:561,1
DA:562,1
DA:563,1
DA:565,2
DA:566,2
DA:567,2
DA:569,2
DA:570,2
DA:571,2
DA:577,1
DA:578,1
DA:579,1
DA:580,1
DA:581,1
DA:582,1
DA:583,1
DA:586,0
DA:587,0
DA:588,0
DA:589,0
DA:590,0
DA:591,0
DA:594,0
DA:595,0
DA:596,0
DA:679,4
DA:680,4
DA:681,4
DA:687,11
DA:688,11
DA:689,11
DA:691,1
DA:692,1
DA:693,1
DA:695,6
DA:696,6
DA:697,6
DA:698,6
DA:699,6
DA:701,6
DA:702,6
DA:704,0
DA:705,0
DA:706,0
DA:707,0
[...]
FN:110,_RNvMs_NtCsd1KmODxPpX_7mathjit8symbolicNtB4_17SymbolicOptimizer11with_config
FN:119,_RNvMs_NtCsd1KmODxPpX_7mathjit8symbolicNtB4_17SymbolicOptimizer13with_strategy
FN:178,_RNvMs_NtCsd1KmODxPpX_7mathjit8symbolicNtB4_17SymbolicOptimizer16record_execution
FN:812,_RNvMs_NtCsd1KmODxPpX_7mathjit8symbolicNtB4_17SymbolicOptimizer17expressions_equal
FN:359,_RNvMs_NtCsd1KmODxPpX_7mathjit8symbolicNtB4_17SymbolicOptimizer18recommend_strategy
FN:134,_RNvMs_NtCsd1KmODxPpX_7mathjit8symbolicNtB4_17SymbolicOptimizer20compilation_strategy
FN:205,_RNvMs_NtCsd1KmODxPpX_7mathjit8symbolicNtB4_17SymbolicOptimizer20generate_rust_source
FN:200,_RNvMs_NtCsd1KmODxPpX_7mathjit8symbolicNtB4_17SymbolicOptimizer20get_expression_stats
FN:528,_RNvMs_NtCsd1KmODxPpX_7mathjit8symbolicNtB4_17SymbolicOptimizer21apply_algebraic_rules
FN:430,_RNvMs_NtCsd1KmODxPpX_7mathjit8symbolicNtB4_17SymbolicOptimizer22apply_arithmetic_rules
FN:586,_RNvMs_NtCsd1KmODxPpX_7mathjit8symbolicNtB4_17SymbolicOptimizer22apply_constant_folding
FN:239,_RNvMs_NtCsd1KmODxPpX_7mathjit8symbolicNtB4_17SymbolicOptimizer24generate_rust_expression
FN:128,_RNvMs_NtCsd1KmODxPpX_7mathjit8symbolicNtB4_17SymbolicOptimizer24set_compilation_strategy
FN:691,_RNvMs_NtCsd1KmODxPpX_7mathjit8symbolicNtB4_17SymbolicOptimizer25apply_egglog_optimization
FN:139,_RNvMs_NtCsd1KmODxPpX_7mathjit8symbolicNtB4_17SymbolicOptimizer27choose_compilation_approach
FN:700,_RNvMs_NtCsd1KmODxPpX_7mathjit8symbolicNtB4_17SymbolicOptimizer30apply_enhanced_algebraic_rules
FN:101,_RNvMs_NtCsd1KmODxPpX_7mathjit8symbolicNtB4_17SymbolicOptimizer3new
FN:382,_RNvMs_NtCsd1KmODxPpX_7mathjit8symbolicNtB4_17SymbolicOptimizer8optimize
FN:68,_RNvXNtCsd1KmODxPpX_7mathjit8symbolicNtB2_19CompilationStrategyNtNtCs264BKr10cB_4core7default7Default7default
FN:858,_RNvXs0_NtCsd1KmODxPpX_7mathjit8symbolicNtB5_18OptimizationConfigNtNtCs264BKr10cB_4core7default7Default7default
FN:182,_RNCNvMs_NtCsd1KmODxPpX_7mathjit8symbolicNtB6_17SymbolicOptimizer16record_execution0B8_
FN:156,_RNCNvMs_NtCsd1KmODxPpX_7mathjit8symbolicNtB6_17SymbolicOptimizer27choose_compilation_approach0B8_
FN:110,_RNvMs_NtCs1pYHhsRKoT5_7mathjit8symbolicNtB4_17SymbolicOptimizer11with_config
FN:119,_RNvMs_NtCs1pYHhsRKoT5_7mathjit8symbolicNtB4_17SymbolicOptimizer13with_strategy
FN:178,_RNvMs_NtCs1pYHhsRKoT5_7mathjit8symbolicNtB4_17SymbolicOptimizer16record_execution
FN:812,_RNvMs_NtCs1pYHhsRKoT5_7mathjit8symbolicNtB4_17SymbolicOptimizer17expressions_equal
FN:310,_RNvMs_NtCs1pYHhsRKoT5_7mathjit8symbolicNtB4_17SymbolicOptimizer18compile_rust_dylib
FN:359,_RNvMs_NtCs1pYHhsRKoT5_7mathjit8symbolicNtB4_17SymbolicOptimizer18recommend_strategy
FN:134,_RNvMs_NtCs1pYHhsRKoT5_7mathjit8symbolicNtB4_17SymbolicOptimizer20compilation_strategy
FN:205,_RNvMs_NtCs1pYHhsRKoT5_7mathjit8symbolicNtB4_17SymbolicOptimizer20generate_rust_source
FN:200,_RNvMs_NtCs1pYHhsRKoT5_7mathjit8symbolicNtB4_17SymbolicOptimizer20get_expression_stats
FN:528,_RNvMs_NtCs1pYHhsRKoT5_7mathjit8symbolicNtB4_17SymbolicOptimizer21apply_algebraic_rules
FN:430,_RNvMs_NtCs1pYHhsRKoT5_7mathjit8symbolicNtB4_17SymbolicOptimizer22apply_arithmetic_rules
FN:586,_RNvMs_NtCs1pYHhsRKoT5_7mathjit8symbolicNtB4_17SymbolicOptimizer22apply_constant_folding
FN:239,_RNvMs_NtCs1pYHhsRKoT5_7mathjit8symbolicNtB4_17SymbolicOptimizer24generate_rust_expression
FN:128,_RNvMs_NtCs1pYHhsRKoT5_7mathjit8symbolicNtB4_17SymbolicOptimizer24set_compilation_strategy
FN:691,_RNvMs_NtCs1pYHhsRKoT5_7mathjit8symbolicNtB4_17SymbolicOptimizer25apply_egglog_optimization
FN:139,_RNvMs_NtCs1pYHhsRKoT5_7mathjit8symbolicNtB4_17SymbolicOptimizer27choose_compilation_approach
FN:700,_RNvMs_NtCs1pYHhsRKoT5_7mathjit8symbolicNtB4_17SymbolicOptimizer30apply_enhanced_algebraic_rules
FN:101,_RNvMs_NtCs1pYHhsRKoT5_7mathjit8symbolicNtB4_17SymbolicOptimizer3new
FN:382,_RNvMs_NtCs1pYHhsRKoT5_7mathjit8symbolicNtB4_17SymbolicOptimizer8optimize
FN:68,_RNvXNtCs1pYHhsRKoT5_7mathjit8symbolicNtB2_19CompilationStrategyNtNtCs264BKr10cB_4core7default7Default7default
FN:858,_RNvXs0_NtCs1pYHhsRKoT5_7mathjit8symbolicNtB5_18OptimizationConfigNtNtCs264BKr10cB_4core7default7Default7default
FN:182,_RNCNvMs_NtCs1pYHhsRKoT5_7mathjit8symbolicNtB6_17SymbolicOptimizer16record_execution0B8_
FN:318,_RNCNvMs_NtCs1pYHhsRKoT5_7mathjit8symbolicNtB6_17SymbolicOptimizer18compile_rust_dylib0B8_
FN:343,_RNCNvMs_NtCs1pYHhsRKoT5_7mathjit8symbolicNtB6_17SymbolicOptimizer18compile_rust_dylibs_0B8_
FN:156,_RNCNvMs_NtCs1pYHhsRKoT5_7mathjit8symbolicNtB6_17SymbolicOptimizer27choose_compilation_approach0B8_
FNDA:0,_RNCNvMs_NtCsd1KmODxPpX_7mathjit8symbolicNtB6_17SymbolicOptimizer18compile_rust_dylib0B8_
FNDA:0,_RNCNvMs_NtCsd1KmODxPpX_7mathjit8symbolicNtB6_17SymbolicOptimizer18compile_rust_dylibs_0B8_
FNDA:0,_RNvMs_NtCsd1KmODxPpX_7mathjit8symbolicNtB4_17SymbolicOptimizer18compile_rust_dylib
FNDA:1,_RNvNtNtCsd1KmODxPpX_7mathjit8symbolic5testss_21test_constant_folding
FNDA:1,_RNvNtNtCsd1KmODxPpX_7mathjit8symbolic5testss_23test_power_optimization
FNDA:1,_RNvNtNtCsd1KmODxPpX_7mathjit8symbolic5testss_25test_execution_statistics
FNDA:1,_RNvNtNtCsd1KmODxPpX_7mathjit8symbolic5testss_27test_rust_source_generation
FNDA:1,_RNvNtNtCsd1KmODxPpX_7mathjit8symbolic5testss_28test_strategy_recommendation
FNDA:1,_RNvNtNtCsd1KmODxPpX_7mathjit8symbolic5testss_31test_egglog_optimization_config
FNDA:1,_RNvNtNtCsd1KmODxPpX_7mathjit8symbolic5testss_32test_symbolic_optimizer_creation
FNDA:1,_RNvNtNtCsd1KmODxPpX_7mathjit8symbolic5testss_32test_transcendental_optimization
FNDA:1,_RNvNtNtCsd1KmODxPpX_7mathjit8symbolic5testss_34test_compilation_strategy_creation
FNDA:1,_RNvNtNtCsd1KmODxPpX_7mathjit8symbolic5testss_35test_compilation_approach_selection
FNDA:1,_RNvNtNtCsd1KmODxPpX_7mathjit8symbolic5testss_37test_arithmetic_identity_optimization
FNDA:1,_RNvNtNtCsd1KmODxPpX_7mathjit8symbolic5testss_38test_optimization_pipeline_integration
FNDA:2,_RNvMs_NtCsd1KmODxPpX_7mathjit8symbolicNtB4_17SymbolicOptimizer11with_config
FNDA:1,_RNvMs_NtCsd1KmODxPpX_7mathjit8symbolicNtB4_17SymbolicOptimizer13with_strategy
FNDA:13,_RNvMs_NtCsd1KmODxPpX_7mathjit8symbolicNtB4_17SymbolicOptimizer16record_execution
FNDA:25,_RNvMs_NtCsd1KmODxPpX_7mathjit8symbolicNtB4_17SymbolicOptimizer17expressions_equal
FNDA:2,_RNvMs_NtCsd1KmODxPpX_7mathjit8symbolicNtB4_17SymbolicOptimizer18recommend_strategy
FNDA:2,_RNvMs_NtCsd1KmODxPpX_7mathjit8symbolicNtB4_17SymbolicOptimizer20compilation_strategy
FNDA:2,_RNvMs_NtCsd1KmODxPpX_7mathjit8symbolicNtB4_17SymbolicOptimizer20generate_rust_source
FNDA:1,_RNvMs_NtCsd1KmODxPpX_7mathjit8symbolicNtB4_17SymbolicOptimizer20get_expression_stats
FNDA:31,_RNvMs_NtCsd1KmODxPpX_7mathjit8symbolicNtB4_17SymbolicOptimizer21apply_algebraic_rules
FNDA:44,_RNvMs_NtCsd1KmODxPpX_7mathjit8symbolicNtB4_17SymbolicOptimizer22apply_arithmetic_rules
FNDA:31,_RNvMs_NtCsd1KmODxPpX_7mathjit8symbolicNtB4_17SymbolicOptimizer22apply_constant_folding
FNDA:6,_RNvMs_NtCsd1KmODxPpX_7mathjit8symbolicNtB4_17SymbolicOptimizer24generate_rust_expression
FNDA:2,_RNvMs_NtCsd1KmODxPpX_7mathjit8symbolicNtB4_17SymbolicOptimizer24set_compilation_strategy
FNDA:3,_RNvMs_NtCsd1KmODxPpX_7mathjit8symbolicNtB4_17SymbolicOptimizer25apply_egglog_optimization
FNDA:15,_RNvMs_NtCsd1KmODxPpX_7mathjit8symbolicNtB4_17SymbolicOptimizer27choose_compilation_approach
FNDA:9,_RNvMs_NtCsd1KmODxPpX_7mathjit8symbolicNtB4_17SymbolicOptimizer30apply_enhanced_algebraic_rules
FNDA:12,_RNvMs_NtCsd1KmODxPpX_7mathjit8symbolicNtB4_17SymbolicOptimizer3new
FNDA:8,_RNvMs_NtCsd1KmODxPpX_7mathjit8symbolicNtB4_17SymbolicOptimizer8optimize
FNDA:14,_RNvXNtCsd1KmODxPpX_7mathjit8symbolicNtB2_19CompilationStrategyNtNtCs264BKr10cB_4core7default7Default7default
FNDA:15,_RNvXs0_NtCsd1KmODxPpX_7mathjit8symbolicNtB5_18OptimizationConfigNtNtCs264BKr10cB_4core7default7Default7default
FNDA:1,_RNCNvMs_NtCsd1KmODxPpX_7mathjit8symbolicNtB6_17SymbolicOptimizer16record_execution0B8_
FNDA:2,_RNCNvMs_NtCsd1KmODxPpX_7mathjit8symbolicNtB6_17SymbolicOptimizer27choose_compilation_approach0B8_
FNDA:5,_RNvMs_NtCs1pYHhsRKoT5_7mathjit8symbolicNtB4_17SymbolicOptimizer11with_config
FNDA:2,_RNvMs_NtCs1pYHhsRKoT5_7mathjit8symbolicNtB4_17SymbolicOptimizer13with_strategy
FNDA:10,_RNvMs_NtCs1pYHhsRKoT5_7mathjit8symbolicNtB4_17SymbolicOptimizer16record_execution
FNDA:34,_RNvMs_NtCs1pYHhsRKoT5_7mathjit8symbolicNtB4_17SymbolicOptimizer17expressions_equal
FNDA:1,_RNvMs_NtCs1pYHhsRKoT5_7mathjit8symbolicNtB4_17SymbolicOptimizer18compile_rust_dylib
FNDA:0,_RNvMs_NtCs1pYHhsRKoT5_7mathjit8symbolicNtB4_17SymbolicOptimizer18recommend_strategy
FNDA:0,_RNvMs_NtCs1pYHhsRKoT5_7mathjit8symbolicNtB4_17SymbolicOptimizer20compilation_strategy
FNDA:4,_RNvMs_NtCs1pYHhsRKoT5_7mathjit8symbolicNtB4_17SymbolicOptimizer20generate_rust_source
FNDA:2,_RNvMs_NtCs1pYHhsRKoT5_7mathjit8symbolicNtB4_17SymbolicOptimizer20get_expression_stats
FNDA:54,_RNvMs_NtCs1pYHhsRKoT5_7mathjit8symbolicNtB4_17SymbolicOptimizer21apply_algebraic_rules
FNDA:68,_RNvMs_NtCs1pYHhsRKoT5_7mathjit8symbolicNtB4_17SymbolicOptimizer22apply_arithmetic_rules
FNDA:54,_RNvMs_NtCs1pYHhsRKoT5_7mathjit8symbolicNtB4_17SymbolicOptimizer22apply_constant_folding
FNDA:24,_RNvMs_NtCs1pYHhsRKoT5_7mathjit8symbolicNtB4_17SymbolicOptimizer24generate_rust_expression
FNDA:2,_RNvMs_NtCs1pYHhsRKoT5_7mathjit8symbolicNtB4_17SymbolicOptimizer24set_compilation_strategy
FNDA:13,_RNvMs_NtCs1pYHhsRKoT5_7mathjit8symbolicNtB4_17SymbolicOptimizer25apply_egglog_optimization
FNDA:11,_RNvMs_NtCs1pYHhsRKoT5_7mathjit8symbolicNtB4_17SymbolicOptimizer27choose_compilation_approach
FNDA:54,_RNvMs_NtCs1pYHhsRKoT5_7mathjit8symbolicNtB4_17SymbolicOptimizer30apply_enhanced_algebraic_rules
FNDA:3,_RNvMs_NtCs1pYHhsRKoT5_7mathjit8symbolicNtB4_17SymbolicOptimizer3new
FNDA:7,_RNvMs_NtCs1pYHhsRKoT5_7mathjit8symbolicNtB4_17SymbolicOptimizer8optimize
FNDA:8,_RNvXNtCs1pYHhsRKoT5_7mathjit8symbolicNtB2_19CompilationStrategyNtNtCs264BKr10cB_4core7default7Default7default
FNDA:10,_RNvXs0_NtCs1pYHhsRKoT5_7mathjit8symbolicNtB5_18OptimizationConfigNtNtCs264BKr10cB_4core7default7Default7default
FNDA:0,_RNCNvMs_NtCs1pYHhsRKoT5_7mathjit8symbolicNtB6_17SymbolicOptimizer16record_execution0B8_
FNDA:0,_RNCNvMs_NtCs1pYHhsRKoT5_7mathjit8symbolicNtB6_17SymbolicOptimizer18compile_rust_dylib0B8_
FNDA:0,_RNCNvMs_NtCs1pYHhsRKoT5_7mathjit8symbolicNtB6_17SymbolicOptimizer18compile_rust_dylibs_0B8_
FNDA:2,_RNCNvMs_NtCs1pYHhsRKoT5_7mathjit8symbolicNtB6_17SymbolicOptimizer27choose_compilation_approach0B8_
FNF:37
FNH:35
DA:68,22
DA:69,22
DA:70,22
DA:101,15
DA:102,15
DA:103,15
DA:104,15
DA:105,15
DA:106,15
DA:107,15
DA:110,7
DA:111,7
DA:112,7
DA:113,7
DA:114,7
DA:115,7
DA:116,7
DA:119,3
DA:120,3
DA:121,3
DA:122,3
DA:123,3
DA:124,3
DA:125,3
DA:128,4
DA:129,4
DA:130,4
DA:134,2
DA:135,2
DA:136,2
DA:139,26
DA:140,26
DA:141,26
DA:142,26
DA:143,26
DA:144,26
DA:145,3
DA:146,0
DA:148,23
DA:149,23
DA:151,23
DA:152,23
DA:153,23
DA:154,23
DA:156,4
DA:159,4
DA:162,23
DA:164,10
DA:165,6
DA:167,4
DA:168,4
DA:171,13
DA:175,26
DA:178,23
DA:179,23
DA:180,23
DA:181,23
DA:182,23
DA:183,1
DA:184,1
DA:185,1
DA:186,1
DA:187,1
DA:188,1
DA:189,1
DA:191,23
DA:193,23
DA:194,23
DA:195,23
DA:196,23
DA:200,3
DA:201,3
DA:202,3
DA:205,6
DA:206,6
DA:208,6
DA:209,6
DA:210,6
DA:211,6
DA:212,6
DA:213,6
DA:214,6
DA:215,6
DA:216,6
DA:217,6
DA:218,6
DA:219,6
DA:220,6
DA:221,6
DA:222,6
DA:223,6
DA:224,6
DA:225,6
DA:226,6
DA:227,6
DA:228,6
DA:229,6
DA:230,6
DA:231,6
DA:232,6
DA:233,6
DA:234,6
DA:235,6
DA:239,30
DA:240,30
DA:241,8
DA:243,8
DA:244,8
DA:246,0
DA:249,9
DA:251,9
DA:252,9
DA:253,2
DA:254,0
DA:257,6
DA:258,6
DA:259,6
DA:260,6
DA:262,0
DA:263,0
DA:264,0
DA:265,0
DA:267,3
DA:268,3
DA:269,3
DA:270,3
DA:272,0
DA:273,0
DA:274,0
DA:275,0
DA:277,2
DA:278,2
DA:279,2
DA:280,2
DA:282,0
DA:283,0
DA:284,0
DA:286,0
DA:287,0
DA:288,0
DA:290,0
DA:291,0
DA:292,0
DA:294,1
DA:295,1
DA:296,1
DA:298,1
DA:299,1
DA:300,1
DA:302,0
DA:303,0
DA:304,0
DA:307,30
DA:310,1
DA:311,1
DA:312,1
DA:313,1
DA:314,1
DA:315,1
DA:316,1
DA:318,1
DA:319,0
DA:320,0
DA:323,1
DA:324,0
DA:325,0
DA:326,1
DA:327,0
DA:331,1
DA:332,1
DA:333,1
DA:334,1
DA:335,1
DA:336,1
DA:337,1
DA:338,1
DA:339,1
DA:340,1
DA:341,1
DA:342,1
DA:343,1
DA:344,0
DA:345,0
DA:347,1
DA:348,0
DA:349,0
DA:350,0
DA:351,0
DA:352,1
DA:354,1
DA:355,1
DA:359,2
DA:360,2
DA:362,2
DA:364,1
DA:365,1
DA:367,0
DA:368,0
DA:369,0
DA:370,0
DA:373,1
DA:374,1
DA:375,1
DA:376,1
DA:377,1
DA:379,2
DA:382,15
DA:383,15
DA:384,15
DA:387,28
DA:388,28
DA:391,28
DA:392,28
DA:394,28
DA:395,28
DA:396,0
DA:399,28
DA:402,16
DA:403,0
DA:406,16
DA:416,12
DA:419,28
DA:420,15
DA:421,13
DA:423,13
DA:426,15
DA:427,15
DA:430,112
DA:431,112
DA:433,20
DA:434,20
DA:435,20
DA:437,20
DA:438,10
DA:439,1
DA:440,13
DA:443,10
DA:444,10
DA:445,10
DA:447,10
DA:448,8
DA:449,0
DA:450,5
DA:451,0
DA:452,7
DA:455,2
DA:456,2
DA:457,2
DA:459,2
DA:460,2
DA:461,0
DA:462,0
DA:465,0
DA:466,0
DA:467,0
DA:469,0
DA:470,0
DA:471,0
DA:474,4
DA:475,4
DA:476,4
DA:478,4
DA:479,1
DA:480,1
DA:481,0
DA:482,3
DA:486,0
DA:487,0
DA:488,0
DA:490,5
DA:491,5
DA:492,5
DA:493,1
DA:494,4
DA:497,7
DA:498,7
DA:499,7
DA:500,0
DA:501,7
DA:504,0
DA:505,0
DA:506,0
DA:507,0
DA:508,0
DA:511,0
DA:512,0
DA:513,0
DA:514,0
DA:515,0
DA:518,0
DA:519,0
DA:520,0
DA:523,64
DA:525,112
DA:528,85
DA:531,85
DA:532,13
DA:533,13
DA:534,13
DA:535,13
DA:537,7
DA:538,7
DA:539,7
DA:540,7
DA:542,0
DA:543,0
DA:544,0
DA:545,0
DA:547,0
DA:548,0
DA:549,0
DA:550,0
DA:552,3
DA:553,3
DA:554,3
DA:555,3
DA:557,0
DA:558,0
DA:559,0
DA:561,4
DA:562,4
DA:563,4
DA:565,7
DA:566,7
DA:567,7
DA:569,0
DA:570,0
DA:571,0
DA:573,0
DA:574,0
DA:575,0
DA:577,0
DA:578,0
DA:579,0
DA:581,51
DA:583,85
DA:586,85
DA:587,85
DA:588,13
DA:589,13
DA:590,13
DA:592,13
DA:593,1
DA:594,12
DA:597,7
DA:598,7
DA:599,7
DA:601,7
DA:602,0
DA:603,7
DA:606,0
DA:607,0
DA:608,0
DA:610,0
DA:611,0
DA:612,0
DA:615,0
DA:616,0
DA:617,0
DA:619,0
DA:620,0
DA:621,0
DA:623,0
DA:626,3
DA:627,3
DA:628,3
DA:630,3
DA:631,0
DA:632,0
DA:634,3
DA:638,0
DA:639,0
DA:640,0
DA:641,0
DA:642,0
DA:645,4
DA:646,4
DA:647,0
DA:648,0
DA:649,4
DA:652,7
DA:653,7
DA:654,7
DA:655,0
DA:656,7
DA:659,0
DA:660,0
DA:661,0
DA:662,0
DA:663,0
DA:666,0
DA:667,0
DA:668,0
DA:669,0
DA:670,0
DA:673,0
DA:674,0
DA:675,0
DA:676,0
DA:677,0
DA:680,51
DA:682,85
DA:691,16
DA:694,16
DA:695,16
DA:700,63
DA:701,63
DA:703,10
DA:704,10
DA:705,10
DA:708,10
DA:710,0
DA:712,10
DA:715,5
DA:716,5
DA:717,5
DA:720,5
DA:722,1
DA:723,1
DA:724,1
DA:727,1
DA:728,1
DA:730,1
DA:731,1
DA:735,0
DA:738,0
DA:739,0
DA:740,0
DA:741,0
DA:743,3
DA:748,4
DA:749,4
DA:750,4
DA:751,0
DA:752,0
DA:753,0
DA:754,0
DA:756,4
DA:758,4
DA:760,0
DA:765,0
DA:766,0
DA:767,0
DA:768,0
DA:770,0
DA:771,0
DA:772,0
DA:773,0
DA:775,3
DA:776,3
DA:777,3
DA:778,3
DA:780,0
DA:781,0
DA:782,0
DA:784,7
DA:785,7
DA:786,7
DA:787,0
DA:789,0
DA:791,7
DA:794,0
DA:795,0
DA:796,0
DA:798,0
DA:799,0
DA:800,0
DA:802,0
DA:803,0
DA:804,0
DA:807,34
DA:809,63
DA:812,59
DA:813,59
DA:814,7
DA:815,21
DA:816,12
DA:817,12
DA:819,4
DA:820,4
DA:822,0
DA:823,0
DA:825,0
DA:826,0
DA:828,1
DA:829,1
DA:831,0
DA:832,0
DA:833,1
DA:834,0
DA:835,0
DA:836,0
DA:837,13
DA:839,59
DA:858,25
DA:859,25
DA:860,25
DA:861,25
DA:862,25
DA:863,25
DA:864,25
DA:865,25
DA:866,25
DA:903,1
DA:904,1
DA:905,1
DA:906,1
DA:909,1
DA:910,1
DA:913,1
DA:914,1
DA:916,1
DA:917,1
DA:918,0
DA:920,1
DA:923,1
DA:924,1
DA:927,1
DA:928,1
DA:930,1
DA:931,1
DA:932,0
DA:934,1
DA:937,1
DA:938,1
DA:941,1
DA:942,1
DA:944,1
DA:945,1
DA:946,0
DA:948,1
DA:951,1
DA:952,1
DA:955,1
DA:956,1
DA:958,1
DA:959,1
DA:960,0
DA:962,1
DA:965,1
DA:967,1
DA:968,1
DA:969,1
DA:974,1
DA:975,1
DA:976,1
DA:977,1
DA:978,1
DA:979,1
DA:980,1
DA:981,1
DA:984,1
DA:985,1
DA:986,1
DA:989,1
DA:990,1
DA:993,1
DA:994,1
DA:995,1
DA:996,1
DA:999,6
DA:1000,5
DA:1001,5
DA:1002,4
DA:1003,1
DA:1004,5
DA:1008,1
DA:1009,1
DA:1012,1
DA:1013,1
DA:1014,1
DA:1017,1
DA:1018,1
DA:1021,1
DA:1022,1
DA:1024,1
DA:1025,1
DA:1026,1
DA:1027,1
DA:1030,1
DA:1032,1
DA:1033,1
DA:1034,1
DA:1037,1
DA:1038,1
DA:1040,60
DA:1041,59
DA:1042,59
DA:1043,59
DA:1044,59
DA:1045,59
DA:1046,59
DA:1047,59
DA:1048,59
DA:1049,1
DA:1052,1
DA:1053,1
DA:1054,1
DA:1055,0
DA:1056,0
DA:1058,1
DA:1061,1
DA:1062,1
DA:1063,1
DA:1066,1
DA:1067,1
DA:1070,1
DA:1071,1
DA:1072,1
DA:1074,1
DA:1075,1
DA:1076,1
DA:1077,1
DA:1079,1
DA:1080,1
DA:1081,1
DA:1084,1
DA:1086,1
DA:1087,1
DA:1090,1
DA:1091,1
DA:1092,1
DA:1093,1
DA:1094,1
DA:1095,1
DA:1096,1
DA:1097,1
DA:1100,1
DA:1101,1
DA:1104,1
DA:1107,1
DA:1108,0
DA:1109,1
DA:1111,1
DA:1114,1
DA:1118,1
DA:1119,1
DA:1120,1
DA:1122,1
DA:1123,1
DA:1124,1
DA:1128,1
DA:1131,1
DA:1132,1
DA:1133,1
DA:1134,0
DA:1135,0
DA:1137,0
DA:1141,1
DA:1142,1
DA:1143,1
DA:1144,1
DA:1145,1
DA:1146,1
BRF:0
BRH:0
LF:659
LH:471
end_of_record
SF:/home/chad/git/mathjit/src/transcendental.rs
FN:122,_RNvNtCsd1KmODxPpX_7mathjit14transcendental10cos_approxB3_
FN:52,_RNvNtCsd1KmODxPpX_7mathjit14transcendental10exp_approxB3_
FN:88,_RNvNtCsd1KmODxPpX_7mathjit14transcendental10sin_approxB3_
FN:240,_RNvNtCsd1KmODxPpX_7mathjit14transcendental15generate_cos_ir
FN:204,_RNvNtCsd1KmODxPpX_7mathjit14transcendental15generate_exp_ir
FN:223,_RNvNtCsd1KmODxPpX_7mathjit14transcendental15generate_sin_ir
FN:15,_RNvNtCsd1KmODxPpX_7mathjit14transcendental15ln_1plus_approxB3_
FN:184,_RNvNtCsd1KmODxPpX_7mathjit14transcendental20generate_ln_1plus_ir
FN:171,_RNvNtCsd1KmODxPpX_7mathjit14transcendental20generate_rational_ir
FN:152,_RNvNtCsd1KmODxPpX_7mathjit14transcendental22generate_polynomial_ir
FN:122,_RNvNtCs1pYHhsRKoT5_7mathjit14transcendental10cos_approxB3_
FN:52,_RNvNtCs1pYHhsRKoT5_7mathjit14transcendental10exp_approxB3_
FN:88,_RNvNtCs1pYHhsRKoT5_7mathjit14transcendental10sin_approxB3_
FN:15,_RNvNtCs1pYHhsRKoT5_7mathjit14transcendental15ln_1plus_approxB3_
FNDA:0,_RNvNtCsd1KmODxPpX_7mathjit14transcendental10cos_approxB3_
FNDA:0,_RNvNtCsd1KmODxPpX_7mathjit14transcendental10exp_approxB3_
FNDA:0,_RNvNtCsd1KmODxPpX_7mathjit14transcendental10sin_approxB3_
FNDA:0,_RNvNtCsd1KmODxPpX_7mathjit14transcendental15generate_cos_ir
FNDA:0,_RNvNtCsd1KmODxPpX_7mathjit14transcendental15generate_exp_ir
FNDA:0,_RNvNtCsd1KmODxPpX_7mathjit14transcendental15generate_sin_ir
FNDA:0,_RNvNtCsd1KmODxPpX_7mathjit14transcendental15ln_1plus_approxB3_
FNDA:0,_RNvNtCsd1KmODxPpX_7mathjit14transcendental20generate_ln_1plus_ir
FNDA:0,_RNvNtCsd1KmODxPpX_7mathjit14transcendental20generate_rational_ir
FNDA:0,_RNvNtCsd1KmODxPpX_7mathjit14transcendental22generate_polynomial_ir
FNDA:0,_RNvNtCs1pYHhsRKoT5_7mathjit14transcendental10cos_approxB3_
FNDA:0,_RNvNtCs1pYHhsRKoT5_7mathjit14transcendental10exp_approxB3_
FNDA:0,_RNvNtCs1pYHhsRKoT5_7mathjit14transcendental10sin_approxB3_
FNDA:0,_RNvNtCs1pYHhsRKoT5_7mathjit14transcendental15ln_1plus_approxB3_
FNF:10
FNH:0
DA:15,0
DA:17,0
DA:18,0
DA:19,0
DA:20,0
DA:21,0
DA:22,0
DA:23,0
DA:26,0
DA:27,0
DA:28,0
DA:29,0
DA:30,0
DA:31,0
DA:32,0
DA:35,0
DA:36,0
DA:37,0
DA:38,0
DA:41,0
DA:42,0
DA:43,0
DA:44,0
DA:46,0
DA:47,0
DA:52,0
DA:54,0
DA:55,0
DA:56,0
DA:57,0
DA:58,0
DA:59,0
DA:62,0
DA:63,0
DA:64,0
DA:65,0
DA:66,0
DA:67,0
DA:68,0
DA:71,0
DA:72,0
DA:73,0
DA:74,0
DA:77,0
DA:78,0
DA:79,0
DA:80,0
DA:82,0
DA:83,0
DA:88,0
DA:90,0
DA:91,0
DA:92,0
DA:93,0
DA:94,0
DA:95,0
DA:96,0
DA:97,0
DA:98,0
DA:99,0
DA:102,0
DA:105,0
DA:106,0
DA:107,0
DA:108,0
DA:111,0
DA:112,0
DA:113,0
DA:114,0
DA:116,0
DA:117,0
DA:122,0
DA:124,0
DA:125,0
DA:126,0
DA:127,0
DA:128,0
DA:129,0
DA:130,0
DA:131,0
DA:134,0
DA:137,0
DA:138,0
DA:139,0
DA:140,0
DA:143,0
DA:144,0
DA:145,0
DA:146,0
DA:148,0
DA:149,0
DA:152,0
DA:153,0
DA:154,0
DA:155,0
DA:158,0
DA:161,0
DA:162,0
DA:163,0
DA:164,0
DA:165,0
DA:167,0
DA:168,0
DA:171,0
DA:172,0
DA:173,0
DA:174,0
DA:175,0
DA:176,0
DA:177,0
DA:178,0
DA:179,0
DA:180,0
DA:184,0
DA:185,0
DA:186,0
DA:187,0
DA:188,0
DA:189,0
DA:190,0
DA:191,0
DA:192,0
DA:193,0
DA:194,0
DA:195,0
DA:196,0
DA:197,0
DA:198,0
DA:199,0
DA:200,0
DA:204,0
DA:205,0
DA:206,0
DA:207,0
DA:208,0
DA:209,0
DA:210,0
DA:211,0
DA:212,0
DA:213,0
DA:214,0
DA:215,0
DA:216,0
DA:217,0
DA:218,0
DA:219,0
DA:223,0
DA:224,0
DA:225,0
DA:226,0
DA:227,0
DA:228,0
DA:229,0
DA:230,0
DA:231,0
DA:232,0
DA:233,0
DA:234,0
DA:235,0
DA:236,0
DA:240,0
DA:241,0
DA:242,0
DA:243,0
DA:244,0
DA:245,0
DA:246,0
DA:247,0
DA:248,0
DA:249,0
DA:250,0
DA:251,0
BRF:0
BRH:0
LF:172
LH:0
end_of_record